java.sql.BatchUpdateException: Cannot add or update a child row: a foreign key constraint fails (`railwaydetails`.`stoppage`, CONSTRAINT `stoppage_ibfk_1` FOREIGN KEY (`stationId`) REFERENCES `station` (`ID`) ON DELETE CASCADE ON UPDATE CASCADE)
	at java.base/jdk.internal.reflect.NativeConstructorAccessorImpl.newInstance0(Native Method)
	at java.base/jdk.internal.reflect.NativeConstructorAccessorImpl.newInstance(NativeConstructorAccessorImpl.java:62)
	at java.base/jdk.internal.reflect.DelegatingConstructorAccessorImpl.newInstance(DelegatingConstructorAccessorImpl.java:45)
	at java.base/java.lang.reflect.Constructor.newInstance(Constructor.java:488)
	at com.mysql.jdbc.Util.handleNewInstance(Util.java:425)
	at com.mysql.jdbc.Util.getInstance(Util.java:408)
	at com.mysql.jdbc.SQLError.createBatchUpdateException(SQLError.java:1163)
	at com.mysql.jdbc.PreparedStatement.executeBatchSerially(PreparedStatement.java:1778)
	at com.mysql.jdbc.PreparedStatement.executeBatchInternal(PreparedStatement.java:1262)
	at com.mysql.jdbc.StatementImpl.executeBatch(StatementImpl.java:970)
	at DatabaseConnector.insertIntoStoppageBatch(DatabaseConnector.java:247)
	at FetchTrainDetails.putAllStoppagesInDatabase(FetchTrainDetails.java:629)
	at Scheduler.putStoppagesIntoDatabase(Scheduler.java:367)
	at Main.main(Main.java:260)
Caused by: com.mysql.jdbc.exceptions.jdbc4.MySQLIntegrityConstraintViolationException: Cannot add or update a child row: a foreign key constraint fails (`railwaydetails`.`stoppage`, CONSTRAINT `stoppage_ibfk_1` FOREIGN KEY (`stationId`) REFERENCES `station` (`ID`) ON DELETE CASCADE ON UPDATE CASCADE)
	at java.base/jdk.internal.reflect.NativeConstructorAccessorImpl.newInstance0(Native Method)
	at java.base/jdk.internal.reflect.NativeConstructorAccessorImpl.newInstance(NativeConstructorAccessorImpl.java:62)
	at java.base/jdk.internal.reflect.DelegatingConstructorAccessorImpl.newInstance(DelegatingConstructorAccessorImpl.java:45)
	at java.base/java.lang.reflect.Constructor.newInstance(Constructor.java:488)
	at com.mysql.jdbc.Util.handleNewInstance(Util.java:425)
	at com.mysql.jdbc.Util.getInstance(Util.java:408)
	at com.mysql.jdbc.SQLError.createSQLException(SQLError.java:936)
	at com.mysql.jdbc.MysqlIO.checkErrorPacket(MysqlIO.java:3973)
	at com.mysql.jdbc.MysqlIO.checkErrorPacket(MysqlIO.java:3909)
	at com.mysql.jdbc.MysqlIO.sendCommand(MysqlIO.java:2527)
	at com.mysql.jdbc.MysqlIO.sqlQueryDirect(MysqlIO.java:2680)
	at com.mysql.jdbc.ConnectionImpl.execSQL(ConnectionImpl.java:2484)
	at com.mysql.jdbc.PreparedStatement.executeInternal(PreparedStatement.java:1858)
	at com.mysql.jdbc.PreparedStatement.executeUpdateInternal(PreparedStatement.java:2079)
	at com.mysql.jdbc.PreparedStatement.executeBatchSerially(PreparedStatement.java:1756)
	... 6 more
java.sql.BatchUpdateException: Cannot add or update a child row: a foreign key constraint fails (`railwaydetails`.`stoppage`, CONSTRAINT `stoppage_ibfk_1` FOREIGN KEY (`stationId`) REFERENCES `station` (`ID`) ON DELETE CASCADE ON UPDATE CASCADE)
	at java.base/jdk.internal.reflect.NativeConstructorAccessorImpl.newInstance0(Native Method)
	at java.base/jdk.internal.reflect.NativeConstructorAccessorImpl.newInstance(NativeConstructorAccessorImpl.java:62)
	at java.base/jdk.internal.reflect.DelegatingConstructorAccessorImpl.newInstance(DelegatingConstructorAccessorImpl.java:45)
	at java.base/java.lang.reflect.Constructor.newInstance(Constructor.java:488)
	at com.mysql.jdbc.Util.handleNewInstance(Util.java:425)
	at com.mysql.jdbc.Util.getInstance(Util.java:408)
	at com.mysql.jdbc.SQLError.createBatchUpdateException(SQLError.java:1163)
	at com.mysql.jdbc.PreparedStatement.executeBatchSerially(PreparedStatement.java:1778)
	at com.mysql.jdbc.PreparedStatement.executeBatchInternal(PreparedStatement.java:1262)
	at com.mysql.jdbc.StatementImpl.executeBatch(StatementImpl.java:970)
	at DatabaseConnector.insertIntoStoppageBatch(DatabaseConnector.java:247)
	at FetchTrainDetails.putAllStoppagesInDatabase(FetchTrainDetails.java:629)
	at Scheduler.putStoppagesIntoDatabase(Scheduler.java:367)
	at Main.main(Main.java:260)
Caused by: com.mysql.jdbc.exceptions.jdbc4.MySQLIntegrityConstraintViolationException: Cannot add or update a child row: a foreign key constraint fails (`railwaydetails`.`stoppage`, CONSTRAINT `stoppage_ibfk_1` FOREIGN KEY (`stationId`) REFERENCES `station` (`ID`) ON DELETE CASCADE ON UPDATE CASCADE)
	at java.base/jdk.internal.reflect.NativeConstructorAccessorImpl.newInstance0(Native Method)
	at java.base/jdk.internal.reflect.NativeConstructorAccessorImpl.newInstance(NativeConstructorAccessorImpl.java:62)
	at java.base/jdk.internal.reflect.DelegatingConstructorAccessorImpl.newInstance(DelegatingConstructorAccessorImpl.java:45)
	at java.base/java.lang.reflect.Constructor.newInstance(Constructor.java:488)
	at com.mysql.jdbc.Util.handleNewInstance(Util.java:425)
	at com.mysql.jdbc.Util.getInstance(Util.java:408)
	at com.mysql.jdbc.SQLError.createSQLException(SQLError.java:936)
	at com.mysql.jdbc.MysqlIO.checkErrorPacket(MysqlIO.java:3973)
	at com.mysql.jdbc.MysqlIO.checkErrorPacket(MysqlIO.java:3909)
	at com.mysql.jdbc.MysqlIO.sendCommand(MysqlIO.java:2527)
	at com.mysql.jdbc.MysqlIO.sqlQueryDirect(MysqlIO.java:2680)
	at com.mysql.jdbc.ConnectionImpl.execSQL(ConnectionImpl.java:2484)
	at com.mysql.jdbc.PreparedStatement.executeInternal(PreparedStatement.java:1858)
	at com.mysql.jdbc.PreparedStatement.executeUpdateInternal(PreparedStatement.java:2079)
	at com.mysql.jdbc.PreparedStatement.executeBatchSerially(PreparedStatement.java:1756)
	... 6 more
java.sql.BatchUpdateException: Cannot add or update a child row: a foreign key constraint fails (`railwaydetails`.`stoppage`, CONSTRAINT `stoppage_ibfk_1` FOREIGN KEY (`stationId`) REFERENCES `station` (`ID`) ON DELETE CASCADE ON UPDATE CASCADE)
	at java.base/jdk.internal.reflect.NativeConstructorAccessorImpl.newInstance0(Native Method)
	at java.base/jdk.internal.reflect.NativeConstructorAccessorImpl.newInstance(NativeConstructorAccessorImpl.java:62)
	at java.base/jdk.internal.reflect.DelegatingConstructorAccessorImpl.newInstance(DelegatingConstructorAccessorImpl.java:45)
	at java.base/java.lang.reflect.Constructor.newInstance(Constructor.java:488)
	at com.mysql.jdbc.Util.handleNewInstance(Util.java:425)
	at com.mysql.jdbc.Util.getInstance(Util.java:408)
	at com.mysql.jdbc.SQLError.createBatchUpdateException(SQLError.java:1163)
	at com.mysql.jdbc.PreparedStatement.executeBatchSerially(PreparedStatement.java:1778)
	at com.mysql.jdbc.PreparedStatement.executeBatchInternal(PreparedStatement.java:1262)
	at com.mysql.jdbc.StatementImpl.executeBatch(StatementImpl.java:970)
	at DatabaseConnector.insertIntoStoppageBatch(DatabaseConnector.java:247)
	at FetchTrainDetails.putAllStoppagesInDatabase(FetchTrainDetails.java:629)
	at Scheduler.putStoppagesIntoDatabase(Scheduler.java:367)
	at Main.main(Main.java:260)
Caused by: com.mysql.jdbc.exceptions.jdbc4.MySQLIntegrityConstraintViolationException: Cannot add or update a child row: a foreign key constraint fails (`railwaydetails`.`stoppage`, CONSTRAINT `stoppage_ibfk_1` FOREIGN KEY (`stationId`) REFERENCES `station` (`ID`) ON DELETE CASCADE ON UPDATE CASCADE)
	at java.base/jdk.internal.reflect.NativeConstructorAccessorImpl.newInstance0(Native Method)
	at java.base/jdk.internal.reflect.NativeConstructorAccessorImpl.newInstance(NativeConstructorAccessorImpl.java:62)
	at java.base/jdk.internal.reflect.DelegatingConstructorAccessorImpl.newInstance(DelegatingConstructorAccessorImpl.java:45)
	at java.base/java.lang.reflect.Constructor.newInstance(Constructor.java:488)
	at com.mysql.jdbc.Util.handleNewInstance(Util.java:425)
	at com.mysql.jdbc.Util.getInstance(Util.java:408)
	at com.mysql.jdbc.SQLError.createSQLException(SQLError.java:936)
	at com.mysql.jdbc.MysqlIO.checkErrorPacket(MysqlIO.java:3973)
	at com.mysql.jdbc.MysqlIO.checkErrorPacket(MysqlIO.java:3909)
	at com.mysql.jdbc.MysqlIO.sendCommand(MysqlIO.java:2527)
	at com.mysql.jdbc.MysqlIO.sqlQueryDirect(MysqlIO.java:2680)
	at com.mysql.jdbc.ConnectionImpl.execSQL(ConnectionImpl.java:2484)
	at com.mysql.jdbc.PreparedStatement.executeInternal(PreparedStatement.java:1858)
	at com.mysql.jdbc.PreparedStatement.executeUpdateInternal(PreparedStatement.java:2079)
	at com.mysql.jdbc.PreparedStatement.executeBatchSerially(PreparedStatement.java:1756)
	... 6 more
java.sql.BatchUpdateException: Cannot add or update a child row: a foreign key constraint fails (`railwaydetails`.`stoppage`, CONSTRAINT `stoppage_ibfk_1` FOREIGN KEY (`stationId`) REFERENCES `station` (`ID`) ON DELETE CASCADE ON UPDATE CASCADE)
	at java.base/jdk.internal.reflect.NativeConstructorAccessorImpl.newInstance0(Native Method)
	at java.base/jdk.internal.reflect.NativeConstructorAccessorImpl.newInstance(NativeConstructorAccessorImpl.java:62)
	at java.base/jdk.internal.reflect.DelegatingConstructorAccessorImpl.newInstance(DelegatingConstructorAccessorImpl.java:45)
	at java.base/java.lang.reflect.Constructor.newInstance(Constructor.java:488)
	at com.mysql.jdbc.Util.handleNewInstance(Util.java:425)
	at com.mysql.jdbc.Util.getInstance(Util.java:408)
	at com.mysql.jdbc.SQLError.createBatchUpdateException(SQLError.java:1163)
	at com.mysql.jdbc.PreparedStatement.executeBatchSerially(PreparedStatement.java:1778)
	at com.mysql.jdbc.PreparedStatement.executeBatchInternal(PreparedStatement.java:1262)
	at com.mysql.jdbc.StatementImpl.executeBatch(StatementImpl.java:970)
	at DatabaseConnector.insertIntoStoppageBatch(DatabaseConnector.java:247)
	at FetchTrainDetails.putAllStoppagesInDatabase(FetchTrainDetails.java:629)
	at Scheduler.putStoppagesIntoDatabase(Scheduler.java:367)
	at Main.main(Main.java:260)
Caused by: com.mysql.jdbc.exceptions.jdbc4.MySQLIntegrityConstraintViolationException: Cannot add or update a child row: a foreign key constraint fails (`railwaydetails`.`stoppage`, CONSTRAINT `stoppage_ibfk_1` FOREIGN KEY (`stationId`) REFERENCES `station` (`ID`) ON DELETE CASCADE ON UPDATE CASCADE)
	at java.base/jdk.internal.reflect.NativeConstructorAccessorImpl.newInstance0(Native Method)
	at java.base/jdk.internal.reflect.NativeConstructorAccessorImpl.newInstance(NativeConstructorAccessorImpl.java:62)
	at java.base/jdk.internal.reflect.DelegatingConstructorAccessorImpl.newInstance(DelegatingConstructorAccessorImpl.java:45)
	at java.base/java.lang.reflect.Constructor.newInstance(Constructor.java:488)
	at com.mysql.jdbc.Util.handleNewInstance(Util.java:425)
	at com.mysql.jdbc.Util.getInstance(Util.java:408)
	at com.mysql.jdbc.SQLError.createSQLException(SQLError.java:936)
	at com.mysql.jdbc.MysqlIO.checkErrorPacket(MysqlIO.java:3973)
	at com.mysql.jdbc.MysqlIO.checkErrorPacket(MysqlIO.java:3909)
	at com.mysql.jdbc.MysqlIO.sendCommand(MysqlIO.java:2527)
	at com.mysql.jdbc.MysqlIO.sqlQueryDirect(MysqlIO.java:2680)
	at com.mysql.jdbc.ConnectionImpl.execSQL(ConnectionImpl.java:2484)
	at com.mysql.jdbc.PreparedStatement.executeInternal(PreparedStatement.java:1858)
	at com.mysql.jdbc.PreparedStatement.executeUpdateInternal(PreparedStatement.java:2079)
	at com.mysql.jdbc.PreparedStatement.executeBatchSerially(PreparedStatement.java:1756)
	... 6 more
java.sql.BatchUpdateException: Cannot add or update a child row: a foreign key constraint fails (`railwaydetails`.`stoppage`, CONSTRAINT `stoppage_ibfk_1` FOREIGN KEY (`stationId`) REFERENCES `station` (`ID`) ON DELETE CASCADE ON UPDATE CASCADE)
	at java.base/jdk.internal.reflect.NativeConstructorAccessorImpl.newInstance0(Native Method)
	at java.base/jdk.internal.reflect.NativeConstructorAccessorImpl.newInstance(NativeConstructorAccessorImpl.java:62)
	at java.base/jdk.internal.reflect.DelegatingConstructorAccessorImpl.newInstance(DelegatingConstructorAccessorImpl.java:45)
	at java.base/java.lang.reflect.Constructor.newInstance(Constructor.java:488)
	at com.mysql.jdbc.Util.handleNewInstance(Util.java:425)
	at com.mysql.jdbc.Util.getInstance(Util.java:408)
	at com.mysql.jdbc.SQLError.createBatchUpdateException(SQLError.java:1163)
	at com.mysql.jdbc.PreparedStatement.executeBatchSerially(PreparedStatement.java:1778)
	at com.mysql.jdbc.PreparedStatement.executeBatchInternal(PreparedStatement.java:1262)
	at com.mysql.jdbc.StatementImpl.executeBatch(StatementImpl.java:970)
	at DatabaseConnector.insertIntoStoppageBatch(DatabaseConnector.java:247)
	at FetchTrainDetails.putAllStoppagesInDatabase(FetchTrainDetails.java:629)
	at Scheduler.putStoppagesIntoDatabase(Scheduler.java:367)
	at Main.main(Main.java:260)
Caused by: com.mysql.jdbc.exceptions.jdbc4.MySQLIntegrityConstraintViolationException: Cannot add or update a child row: a foreign key constraint fails (`railwaydetails`.`stoppage`, CONSTRAINT `stoppage_ibfk_1` FOREIGN KEY (`stationId`) REFERENCES `station` (`ID`) ON DELETE CASCADE ON UPDATE CASCADE)
	at java.base/jdk.internal.reflect.NativeConstructorAccessorImpl.newInstance0(Native Method)
	at java.base/jdk.internal.reflect.NativeConstructorAccessorImpl.newInstance(NativeConstructorAccessorImpl.java:62)
	at java.base/jdk.internal.reflect.DelegatingConstructorAccessorImpl.newInstance(DelegatingConstructorAccessorImpl.java:45)
	at java.base/java.lang.reflect.Constructor.newInstance(Constructor.java:488)
	at com.mysql.jdbc.Util.handleNewInstance(Util.java:425)
	at com.mysql.jdbc.Util.getInstance(Util.java:408)
	at com.mysql.jdbc.SQLError.createSQLException(SQLError.java:936)
	at com.mysql.jdbc.MysqlIO.checkErrorPacket(MysqlIO.java:3973)
	at com.mysql.jdbc.MysqlIO.checkErrorPacket(MysqlIO.java:3909)
	at com.mysql.jdbc.MysqlIO.sendCommand(MysqlIO.java:2527)
	at com.mysql.jdbc.MysqlIO.sqlQueryDirect(MysqlIO.java:2680)
	at com.mysql.jdbc.ConnectionImpl.execSQL(ConnectionImpl.java:2484)
	at com.mysql.jdbc.PreparedStatement.executeInternal(PreparedStatement.java:1858)
	at com.mysql.jdbc.PreparedStatement.executeUpdateInternal(PreparedStatement.java:2079)
	at com.mysql.jdbc.PreparedStatement.executeBatchSerially(PreparedStatement.java:1756)
	... 6 more
java.sql.BatchUpdateException: Cannot add or update a child row: a foreign key constraint fails (`railwaydetails`.`stoppage`, CONSTRAINT `stoppage_ibfk_1` FOREIGN KEY (`stationId`) REFERENCES `station` (`ID`) ON DELETE CASCADE ON UPDATE CASCADE)
	at java.base/jdk.internal.reflect.NativeConstructorAccessorImpl.newInstance0(Native Method)
	at java.base/jdk.internal.reflect.NativeConstructorAccessorImpl.newInstance(NativeConstructorAccessorImpl.java:62)
	at java.base/jdk.internal.reflect.DelegatingConstructorAccessorImpl.newInstance(DelegatingConstructorAccessorImpl.java:45)
	at java.base/java.lang.reflect.Constructor.newInstance(Constructor.java:488)
	at com.mysql.jdbc.Util.handleNewInstance(Util.java:425)
	at com.mysql.jdbc.Util.getInstance(Util.java:408)
	at com.mysql.jdbc.SQLError.createBatchUpdateException(SQLError.java:1163)
	at com.mysql.jdbc.PreparedStatement.executeBatchSerially(PreparedStatement.java:1778)
	at com.mysql.jdbc.PreparedStatement.executeBatchInternal(PreparedStatement.java:1262)
	at com.mysql.jdbc.StatementImpl.executeBatch(StatementImpl.java:970)
	at DatabaseConnector.insertIntoStoppageBatch(DatabaseConnector.java:247)
	at FetchTrainDetails.putAllStoppagesInDatabase(FetchTrainDetails.java:629)
	at Scheduler.putStoppagesIntoDatabase(Scheduler.java:367)
	at Main.main(Main.java:260)
Caused by: com.mysql.jdbc.exceptions.jdbc4.MySQLIntegrityConstraintViolationException: Cannot add or update a child row: a foreign key constraint fails (`railwaydetails`.`stoppage`, CONSTRAINT `stoppage_ibfk_1` FOREIGN KEY (`stationId`) REFERENCES `station` (`ID`) ON DELETE CASCADE ON UPDATE CASCADE)
	at java.base/jdk.internal.reflect.NativeConstructorAccessorImpl.newInstance0(Native Method)
	at java.base/jdk.internal.reflect.NativeConstructorAccessorImpl.newInstance(NativeConstructorAccessorImpl.java:62)
	at java.base/jdk.internal.reflect.DelegatingConstructorAccessorImpl.newInstance(DelegatingConstructorAccessorImpl.java:45)
	at java.base/java.lang.reflect.Constructor.newInstance(Constructor.java:488)
	at com.mysql.jdbc.Util.handleNewInstance(Util.java:425)
	at com.mysql.jdbc.Util.getInstance(Util.java:408)
	at com.mysql.jdbc.SQLError.createSQLException(SQLError.java:936)
	at com.mysql.jdbc.MysqlIO.checkErrorPacket(MysqlIO.java:3973)
	at com.mysql.jdbc.MysqlIO.checkErrorPacket(MysqlIO.java:3909)
	at com.mysql.jdbc.MysqlIO.sendCommand(MysqlIO.java:2527)
	at com.mysql.jdbc.MysqlIO.sqlQueryDirect(MysqlIO.java:2680)
	at com.mysql.jdbc.ConnectionImpl.execSQL(ConnectionImpl.java:2484)
	at com.mysql.jdbc.PreparedStatement.executeInternal(PreparedStatement.java:1858)
	at com.mysql.jdbc.PreparedStatement.executeUpdateInternal(PreparedStatement.java:2079)
	at com.mysql.jdbc.PreparedStatement.executeBatchSerially(PreparedStatement.java:1756)
	... 6 more
java.sql.BatchUpdateException: Cannot add or update a child row: a foreign key constraint fails (`railwaydetails`.`stoppage`, CONSTRAINT `stoppage_ibfk_1` FOREIGN KEY (`stationId`) REFERENCES `station` (`ID`) ON DELETE CASCADE ON UPDATE CASCADE)
	at java.base/jdk.internal.reflect.NativeConstructorAccessorImpl.newInstance0(Native Method)
	at java.base/jdk.internal.reflect.NativeConstructorAccessorImpl.newInstance(NativeConstructorAccessorImpl.java:62)
	at java.base/jdk.internal.reflect.DelegatingConstructorAccessorImpl.newInstance(DelegatingConstructorAccessorImpl.java:45)
	at java.base/java.lang.reflect.Constructor.newInstance(Constructor.java:488)
	at com.mysql.jdbc.Util.handleNewInstance(Util.java:425)
	at com.mysql.jdbc.Util.getInstance(Util.java:408)
	at com.mysql.jdbc.SQLError.createBatchUpdateException(SQLError.java:1163)
	at com.mysql.jdbc.PreparedStatement.executeBatchSerially(PreparedStatement.java:1778)
	at com.mysql.jdbc.PreparedStatement.executeBatchInternal(PreparedStatement.java:1262)
	at com.mysql.jdbc.StatementImpl.executeBatch(StatementImpl.java:970)
	at DatabaseConnector.insertIntoStoppageBatch(DatabaseConnector.java:247)
	at FetchTrainDetails.putAllStoppagesInDatabase(FetchTrainDetails.java:629)
	at Scheduler.putStoppagesIntoDatabase(Scheduler.java:367)
	at Main.main(Main.java:260)
Caused by: com.mysql.jdbc.exceptions.jdbc4.MySQLIntegrityConstraintViolationException: Cannot add or update a child row: a foreign key constraint fails (`railwaydetails`.`stoppage`, CONSTRAINT `stoppage_ibfk_1` FOREIGN KEY (`stationId`) REFERENCES `station` (`ID`) ON DELETE CASCADE ON UPDATE CASCADE)
	at java.base/jdk.internal.reflect.NativeConstructorAccessorImpl.newInstance0(Native Method)
	at java.base/jdk.internal.reflect.NativeConstructorAccessorImpl.newInstance(NativeConstructorAccessorImpl.java:62)
	at java.base/jdk.internal.reflect.DelegatingConstructorAccessorImpl.newInstance(DelegatingConstructorAccessorImpl.java:45)
	at java.base/java.lang.reflect.Constructor.newInstance(Constructor.java:488)
	at com.mysql.jdbc.Util.handleNewInstance(Util.java:425)
	at com.mysql.jdbc.Util.getInstance(Util.java:408)
	at com.mysql.jdbc.SQLError.createSQLException(SQLError.java:936)
	at com.mysql.jdbc.MysqlIO.checkErrorPacket(MysqlIO.java:3973)
	at com.mysql.jdbc.MysqlIO.checkErrorPacket(MysqlIO.java:3909)
	at com.mysql.jdbc.MysqlIO.sendCommand(MysqlIO.java:2527)
	at com.mysql.jdbc.MysqlIO.sqlQueryDirect(MysqlIO.java:2680)
	at com.mysql.jdbc.ConnectionImpl.execSQL(ConnectionImpl.java:2484)
	at com.mysql.jdbc.PreparedStatement.executeInternal(PreparedStatement.java:1858)
	at com.mysql.jdbc.PreparedStatement.executeUpdateInternal(PreparedStatement.java:2079)
	at com.mysql.jdbc.PreparedStatement.executeBatchSerially(PreparedStatement.java:1756)
	... 6 more
java.sql.BatchUpdateException: Cannot add or update a child row: a foreign key constraint fails (`railwaydetails`.`stoppage`, CONSTRAINT `stoppage_ibfk_1` FOREIGN KEY (`stationId`) REFERENCES `station` (`ID`) ON DELETE CASCADE ON UPDATE CASCADE)
	at java.base/jdk.internal.reflect.NativeConstructorAccessorImpl.newInstance0(Native Method)
	at java.base/jdk.internal.reflect.NativeConstructorAccessorImpl.newInstance(NativeConstructorAccessorImpl.java:62)
	at java.base/jdk.internal.reflect.DelegatingConstructorAccessorImpl.newInstance(DelegatingConstructorAccessorImpl.java:45)
	at java.base/java.lang.reflect.Constructor.newInstance(Constructor.java:488)
	at com.mysql.jdbc.Util.handleNewInstance(Util.java:425)
	at com.mysql.jdbc.Util.getInstance(Util.java:408)
	at com.mysql.jdbc.SQLError.createBatchUpdateException(SQLError.java:1163)
	at com.mysql.jdbc.PreparedStatement.executeBatchSerially(PreparedStatement.java:1778)
	at com.mysql.jdbc.PreparedStatement.executeBatchInternal(PreparedStatement.java:1262)
	at com.mysql.jdbc.StatementImpl.executeBatch(StatementImpl.java:970)
	at DatabaseConnector.insertIntoStoppageBatch(DatabaseConnector.java:247)
	at FetchTrainDetails.putAllStoppagesInDatabase(FetchTrainDetails.java:629)
	at Scheduler.putStoppagesIntoDatabase(Scheduler.java:367)
	at Main.main(Main.java:260)
Caused by: com.mysql.jdbc.exceptions.jdbc4.MySQLIntegrityConstraintViolationException: Cannot add or update a child row: a foreign key constraint fails (`railwaydetails`.`stoppage`, CONSTRAINT `stoppage_ibfk_1` FOREIGN KEY (`stationId`) REFERENCES `station` (`ID`) ON DELETE CASCADE ON UPDATE CASCADE)
	at java.base/jdk.internal.reflect.NativeConstructorAccessorImpl.newInstance0(Native Method)
	at java.base/jdk.internal.reflect.NativeConstructorAccessorImpl.newInstance(NativeConstructorAccessorImpl.java:62)
	at java.base/jdk.internal.reflect.DelegatingConstructorAccessorImpl.newInstance(DelegatingConstructorAccessorImpl.java:45)
	at java.base/java.lang.reflect.Constructor.newInstance(Constructor.java:488)
	at com.mysql.jdbc.Util.handleNewInstance(Util.java:425)
	at com.mysql.jdbc.Util.getInstance(Util.java:408)
	at com.mysql.jdbc.SQLError.createSQLException(SQLError.java:936)
	at com.mysql.jdbc.MysqlIO.checkErrorPacket(MysqlIO.java:3973)
	at com.mysql.jdbc.MysqlIO.checkErrorPacket(MysqlIO.java:3909)
	at com.mysql.jdbc.MysqlIO.sendCommand(MysqlIO.java:2527)
	at com.mysql.jdbc.MysqlIO.sqlQueryDirect(MysqlIO.java:2680)
	at com.mysql.jdbc.ConnectionImpl.execSQL(ConnectionImpl.java:2484)
	at com.mysql.jdbc.PreparedStatement.executeInternal(PreparedStatement.java:1858)
	at com.mysql.jdbc.PreparedStatement.executeUpdateInternal(PreparedStatement.java:2079)
	at com.mysql.jdbc.PreparedStatement.executeBatchSerially(PreparedStatement.java:1756)
	... 6 more
java.sql.BatchUpdateException: Cannot add or update a child row: a foreign key constraint fails (`railwaydetails`.`stoppage`, CONSTRAINT `stoppage_ibfk_1` FOREIGN KEY (`stationId`) REFERENCES `station` (`ID`) ON DELETE CASCADE ON UPDATE CASCADE)
	at java.base/jdk.internal.reflect.NativeConstructorAccessorImpl.newInstance0(Native Method)
	at java.base/jdk.internal.reflect.NativeConstructorAccessorImpl.newInstance(NativeConstructorAccessorImpl.java:62)
	at java.base/jdk.internal.reflect.DelegatingConstructorAccessorImpl.newInstance(DelegatingConstructorAccessorImpl.java:45)
	at java.base/java.lang.reflect.Constructor.newInstance(Constructor.java:488)
	at com.mysql.jdbc.Util.handleNewInstance(Util.java:425)
	at com.mysql.jdbc.Util.getInstance(Util.java:408)
	at com.mysql.jdbc.SQLError.createBatchUpdateException(SQLError.java:1163)
	at com.mysql.jdbc.PreparedStatement.executeBatchSerially(PreparedStatement.java:1778)
	at com.mysql.jdbc.PreparedStatement.executeBatchInternal(PreparedStatement.java:1262)
	at com.mysql.jdbc.StatementImpl.executeBatch(StatementImpl.java:970)
	at DatabaseConnector.insertIntoStoppageBatch(DatabaseConnector.java:247)
	at FetchTrainDetails.putAllStoppagesInDatabase(FetchTrainDetails.java:629)
	at Scheduler.putStoppagesIntoDatabase(Scheduler.java:367)
	at Main.main(Main.java:260)
Caused by: com.mysql.jdbc.exceptions.jdbc4.MySQLIntegrityConstraintViolationException: Cannot add or update a child row: a foreign key constraint fails (`railwaydetails`.`stoppage`, CONSTRAINT `stoppage_ibfk_1` FOREIGN KEY (`stationId`) REFERENCES `station` (`ID`) ON DELETE CASCADE ON UPDATE CASCADE)
	at jdk.internal.reflect.GeneratedConstructorAccessor5.newInstance(Unknown Source)
	at java.base/jdk.internal.reflect.DelegatingConstructorAccessorImpl.newInstance(DelegatingConstructorAccessorImpl.java:45)
	at java.base/java.lang.reflect.Constructor.newInstance(Constructor.java:488)
	at com.mysql.jdbc.Util.handleNewInstance(Util.java:425)
	at com.mysql.jdbc.Util.getInstance(Util.java:408)
	at com.mysql.jdbc.SQLError.createSQLException(SQLError.java:936)
	at com.mysql.jdbc.MysqlIO.checkErrorPacket(MysqlIO.java:3973)
	at com.mysql.jdbc.MysqlIO.checkErrorPacket(MysqlIO.java:3909)
	at com.mysql.jdbc.MysqlIO.sendCommand(MysqlIO.java:2527)
	at com.mysql.jdbc.MysqlIO.sqlQueryDirect(MysqlIO.java:2680)
	at com.mysql.jdbc.ConnectionImpl.execSQL(ConnectionImpl.java:2484)
	at com.mysql.jdbc.PreparedStatement.executeInternal(PreparedStatement.java:1858)
	at com.mysql.jdbc.PreparedStatement.executeUpdateInternal(PreparedStatement.java:2079)
	at com.mysql.jdbc.PreparedStatement.executeBatchSerially(PreparedStatement.java:1756)
	... 6 more
java.sql.BatchUpdateException: Cannot add or update a child row: a foreign key constraint fails (`railwaydetails`.`stoppage`, CONSTRAINT `stoppage_ibfk_1` FOREIGN KEY (`stationId`) REFERENCES `station` (`ID`) ON DELETE CASCADE ON UPDATE CASCADE)
	at java.base/jdk.internal.reflect.NativeConstructorAccessorImpl.newInstance0(Native Method)
	at java.base/jdk.internal.reflect.NativeConstructorAccessorImpl.newInstance(NativeConstructorAccessorImpl.java:62)
	at java.base/jdk.internal.reflect.DelegatingConstructorAccessorImpl.newInstance(DelegatingConstructorAccessorImpl.java:45)
	at java.base/java.lang.reflect.Constructor.newInstance(Constructor.java:488)
	at com.mysql.jdbc.Util.handleNewInstance(Util.java:425)
	at com.mysql.jdbc.Util.getInstance(Util.java:408)
	at com.mysql.jdbc.SQLError.createBatchUpdateException(SQLError.java:1163)
	at com.mysql.jdbc.PreparedStatement.executeBatchSerially(PreparedStatement.java:1778)
	at com.mysql.jdbc.PreparedStatement.executeBatchInternal(PreparedStatement.java:1262)
	at com.mysql.jdbc.StatementImpl.executeBatch(StatementImpl.java:970)
	at DatabaseConnector.insertIntoStoppageBatch(DatabaseConnector.java:247)
	at FetchTrainDetails.putAllStoppagesInDatabase(FetchTrainDetails.java:629)
	at Scheduler.putStoppagesIntoDatabase(Scheduler.java:367)
	at Main.main(Main.java:260)
Caused by: com.mysql.jdbc.exceptions.jdbc4.MySQLIntegrityConstraintViolationException: Cannot add or update a child row: a foreign key constraint fails (`railwaydetails`.`stoppage`, CONSTRAINT `stoppage_ibfk_1` FOREIGN KEY (`stationId`) REFERENCES `station` (`ID`) ON DELETE CASCADE ON UPDATE CASCADE)
	at jdk.internal.reflect.GeneratedConstructorAccessor5.newInstance(Unknown Source)
	at java.base/jdk.internal.reflect.DelegatingConstructorAccessorImpl.newInstance(DelegatingConstructorAccessorImpl.java:45)
	at java.base/java.lang.reflect.Constructor.newInstance(Constructor.java:488)
	at com.mysql.jdbc.Util.handleNewInstance(Util.java:425)
	at com.mysql.jdbc.Util.getInstance(Util.java:408)
	at com.mysql.jdbc.SQLError.createSQLException(SQLError.java:936)
	at com.mysql.jdbc.MysqlIO.checkErrorPacket(MysqlIO.java:3973)
	at com.mysql.jdbc.MysqlIO.checkErrorPacket(MysqlIO.java:3909)
	at com.mysql.jdbc.MysqlIO.sendCommand(MysqlIO.java:2527)
	at com.mysql.jdbc.MysqlIO.sqlQueryDirect(MysqlIO.java:2680)
	at com.mysql.jdbc.ConnectionImpl.execSQL(ConnectionImpl.java:2484)
	at com.mysql.jdbc.PreparedStatement.executeInternal(PreparedStatement.java:1858)
	at com.mysql.jdbc.PreparedStatement.executeUpdateInternal(PreparedStatement.java:2079)
	at com.mysql.jdbc.PreparedStatement.executeBatchSerially(PreparedStatement.java:1756)
	... 6 more
java.sql.BatchUpdateException: Cannot add or update a child row: a foreign key constraint fails (`railwaydetails`.`stoppage`, CONSTRAINT `stoppage_ibfk_1` FOREIGN KEY (`stationId`) REFERENCES `station` (`ID`) ON DELETE CASCADE ON UPDATE CASCADE)
	at java.base/jdk.internal.reflect.NativeConstructorAccessorImpl.newInstance0(Native Method)
	at java.base/jdk.internal.reflect.NativeConstructorAccessorImpl.newInstance(NativeConstructorAccessorImpl.java:62)
	at java.base/jdk.internal.reflect.DelegatingConstructorAccessorImpl.newInstance(DelegatingConstructorAccessorImpl.java:45)
	at java.base/java.lang.reflect.Constructor.newInstance(Constructor.java:488)
	at com.mysql.jdbc.Util.handleNewInstance(Util.java:425)
	at com.mysql.jdbc.Util.getInstance(Util.java:408)
	at com.mysql.jdbc.SQLError.createBatchUpdateException(SQLError.java:1163)
	at com.mysql.jdbc.PreparedStatement.executeBatchSerially(PreparedStatement.java:1778)
	at com.mysql.jdbc.PreparedStatement.executeBatchInternal(PreparedStatement.java:1262)
	at com.mysql.jdbc.StatementImpl.executeBatch(StatementImpl.java:970)
	at DatabaseConnector.insertIntoStoppageBatch(DatabaseConnector.java:247)
	at FetchTrainDetails.putAllStoppagesInDatabase(FetchTrainDetails.java:629)
	at Scheduler.putStoppagesIntoDatabase(Scheduler.java:367)
	at Main.main(Main.java:260)
Caused by: com.mysql.jdbc.exceptions.jdbc4.MySQLIntegrityConstraintViolationException: Cannot add or update a child row: a foreign key constraint fails (`railwaydetails`.`stoppage`, CONSTRAINT `stoppage_ibfk_1` FOREIGN KEY (`stationId`) REFERENCES `station` (`ID`) ON DELETE CASCADE ON UPDATE CASCADE)
	at jdk.internal.reflect.GeneratedConstructorAccessor5.newInstance(Unknown Source)
	at java.base/jdk.internal.reflect.DelegatingConstructorAccessorImpl.newInstance(DelegatingConstructorAccessorImpl.java:45)
	at java.base/java.lang.reflect.Constructor.newInstance(Constructor.java:488)
	at com.mysql.jdbc.Util.handleNewInstance(Util.java:425)
	at com.mysql.jdbc.Util.getInstance(Util.java:408)
	at com.mysql.jdbc.SQLError.createSQLException(SQLError.java:936)
	at com.mysql.jdbc.MysqlIO.checkErrorPacket(MysqlIO.java:3973)
	at com.mysql.jdbc.MysqlIO.checkErrorPacket(MysqlIO.java:3909)
	at com.mysql.jdbc.MysqlIO.sendCommand(MysqlIO.java:2527)
	at com.mysql.jdbc.MysqlIO.sqlQueryDirect(MysqlIO.java:2680)
	at com.mysql.jdbc.ConnectionImpl.execSQL(ConnectionImpl.java:2484)
	at com.mysql.jdbc.PreparedStatement.executeInternal(PreparedStatement.java:1858)
	at com.mysql.jdbc.PreparedStatement.executeUpdateInternal(PreparedStatement.java:2079)
	at com.mysql.jdbc.PreparedStatement.executeBatchSerially(PreparedStatement.java:1756)
	... 6 more
java.sql.BatchUpdateException: Cannot add or update a child row: a foreign key constraint fails (`railwaydetails`.`stoppage`, CONSTRAINT `stoppage_ibfk_1` FOREIGN KEY (`stationId`) REFERENCES `station` (`ID`) ON DELETE CASCADE ON UPDATE CASCADE)
	at java.base/jdk.internal.reflect.NativeConstructorAccessorImpl.newInstance0(Native Method)
	at java.base/jdk.internal.reflect.NativeConstructorAccessorImpl.newInstance(NativeConstructorAccessorImpl.java:62)
	at java.base/jdk.internal.reflect.DelegatingConstructorAccessorImpl.newInstance(DelegatingConstructorAccessorImpl.java:45)
	at java.base/java.lang.reflect.Constructor.newInstance(Constructor.java:488)
	at com.mysql.jdbc.Util.handleNewInstance(Util.java:425)
	at com.mysql.jdbc.Util.getInstance(Util.java:408)
	at com.mysql.jdbc.SQLError.createBatchUpdateException(SQLError.java:1163)
	at com.mysql.jdbc.PreparedStatement.executeBatchSerially(PreparedStatement.java:1778)
	at com.mysql.jdbc.PreparedStatement.executeBatchInternal(PreparedStatement.java:1262)
	at com.mysql.jdbc.StatementImpl.executeBatch(StatementImpl.java:970)
	at DatabaseConnector.insertIntoStoppageBatch(DatabaseConnector.java:247)
	at FetchTrainDetails.putAllStoppagesInDatabase(FetchTrainDetails.java:629)
	at Scheduler.putStoppagesIntoDatabase(Scheduler.java:367)
	at Main.main(Main.java:260)
Caused by: com.mysql.jdbc.exceptions.jdbc4.MySQLIntegrityConstraintViolationException: Cannot add or update a child row: a foreign key constraint fails (`railwaydetails`.`stoppage`, CONSTRAINT `stoppage_ibfk_1` FOREIGN KEY (`stationId`) REFERENCES `station` (`ID`) ON DELETE CASCADE ON UPDATE CASCADE)
	at jdk.internal.reflect.GeneratedConstructorAccessor5.newInstance(Unknown Source)
	at java.base/jdk.internal.reflect.DelegatingConstructorAccessorImpl.newInstance(DelegatingConstructorAccessorImpl.java:45)
	at java.base/java.lang.reflect.Constructor.newInstance(Constructor.java:488)
	at com.mysql.jdbc.Util.handleNewInstance(Util.java:425)
	at com.mysql.jdbc.Util.getInstance(Util.java:408)
	at com.mysql.jdbc.SQLError.createSQLException(SQLError.java:936)
	at com.mysql.jdbc.MysqlIO.checkErrorPacket(MysqlIO.java:3973)
	at com.mysql.jdbc.MysqlIO.checkErrorPacket(MysqlIO.java:3909)
	at com.mysql.jdbc.MysqlIO.sendCommand(MysqlIO.java:2527)
	at com.mysql.jdbc.MysqlIO.sqlQueryDirect(MysqlIO.java:2680)
	at com.mysql.jdbc.ConnectionImpl.execSQL(ConnectionImpl.java:2484)
	at com.mysql.jdbc.PreparedStatement.executeInternal(PreparedStatement.java:1858)
	at com.mysql.jdbc.PreparedStatement.executeUpdateInternal(PreparedStatement.java:2079)
	at com.mysql.jdbc.PreparedStatement.executeBatchSerially(PreparedStatement.java:1756)
	... 6 more
java.sql.BatchUpdateException: Cannot add or update a child row: a foreign key constraint fails (`railwaydetails`.`stoppage`, CONSTRAINT `stoppage_ibfk_1` FOREIGN KEY (`stationId`) REFERENCES `station` (`ID`) ON DELETE CASCADE ON UPDATE CASCADE)
	at java.base/jdk.internal.reflect.NativeConstructorAccessorImpl.newInstance0(Native Method)
	at java.base/jdk.internal.reflect.NativeConstructorAccessorImpl.newInstance(NativeConstructorAccessorImpl.java:62)
	at java.base/jdk.internal.reflect.DelegatingConstructorAccessorImpl.newInstance(DelegatingConstructorAccessorImpl.java:45)
	at java.base/java.lang.reflect.Constructor.newInstance(Constructor.java:488)
	at com.mysql.jdbc.Util.handleNewInstance(Util.java:425)
	at com.mysql.jdbc.Util.getInstance(Util.java:408)
	at com.mysql.jdbc.SQLError.createBatchUpdateException(SQLError.java:1163)
	at com.mysql.jdbc.PreparedStatement.executeBatchSerially(PreparedStatement.java:1778)
	at com.mysql.jdbc.PreparedStatement.executeBatchInternal(PreparedStatement.java:1262)
	at com.mysql.jdbc.StatementImpl.executeBatch(StatementImpl.java:970)
	at DatabaseConnector.insertIntoStoppageBatch(DatabaseConnector.java:247)
	at FetchTrainDetails.putAllStoppagesInDatabase(FetchTrainDetails.java:629)
	at Scheduler.putStoppagesIntoDatabase(Scheduler.java:367)
	at Main.main(Main.java:260)
Caused by: com.mysql.jdbc.exceptions.jdbc4.MySQLIntegrityConstraintViolationException: Cannot add or update a child row: a foreign key constraint fails (`railwaydetails`.`stoppage`, CONSTRAINT `stoppage_ibfk_1` FOREIGN KEY (`stationId`) REFERENCES `station` (`ID`) ON DELETE CASCADE ON UPDATE CASCADE)
	at jdk.internal.reflect.GeneratedConstructorAccessor5.newInstance(Unknown Source)
	at java.base/jdk.internal.reflect.DelegatingConstructorAccessorImpl.newInstance(DelegatingConstructorAccessorImpl.java:45)
	at java.base/java.lang.reflect.Constructor.newInstance(Constructor.java:488)
	at com.mysql.jdbc.Util.handleNewInstance(Util.java:425)
	at com.mysql.jdbc.Util.getInstance(Util.java:408)
	at com.mysql.jdbc.SQLError.createSQLException(SQLError.java:936)
	at com.mysql.jdbc.MysqlIO.checkErrorPacket(MysqlIO.java:3973)
	at com.mysql.jdbc.MysqlIO.checkErrorPacket(MysqlIO.java:3909)
	at com.mysql.jdbc.MysqlIO.sendCommand(MysqlIO.java:2527)
	at com.mysql.jdbc.MysqlIO.sqlQueryDirect(MysqlIO.java:2680)
	at com.mysql.jdbc.ConnectionImpl.execSQL(ConnectionImpl.java:2484)
	at com.mysql.jdbc.PreparedStatement.executeInternal(PreparedStatement.java:1858)
	at com.mysql.jdbc.PreparedStatement.executeUpdateInternal(PreparedStatement.java:2079)
	at com.mysql.jdbc.PreparedStatement.executeBatchSerially(PreparedStatement.java:1756)
	... 6 more
java.sql.BatchUpdateException: Cannot add or update a child row: a foreign key constraint fails (`railwaydetails`.`stoppage`, CONSTRAINT `stoppage_ibfk_1` FOREIGN KEY (`stationId`) REFERENCES `station` (`ID`) ON DELETE CASCADE ON UPDATE CASCADE)
	at java.base/jdk.internal.reflect.NativeConstructorAccessorImpl.newInstance0(Native Method)
	at java.base/jdk.internal.reflect.NativeConstructorAccessorImpl.newInstance(NativeConstructorAccessorImpl.java:62)
	at java.base/jdk.internal.reflect.DelegatingConstructorAccessorImpl.newInstance(DelegatingConstructorAccessorImpl.java:45)
	at java.base/java.lang.reflect.Constructor.newInstance(Constructor.java:488)
	at com.mysql.jdbc.Util.handleNewInstance(Util.java:425)
	at com.mysql.jdbc.Util.getInstance(Util.java:408)
	at com.mysql.jdbc.SQLError.createBatchUpdateException(SQLError.java:1163)
	at com.mysql.jdbc.PreparedStatement.executeBatchSerially(PreparedStatement.java:1778)
	at com.mysql.jdbc.PreparedStatement.executeBatchInternal(PreparedStatement.java:1262)
	at com.mysql.jdbc.StatementImpl.executeBatch(StatementImpl.java:970)
	at DatabaseConnector.insertIntoStoppageBatch(DatabaseConnector.java:247)
	at FetchTrainDetails.putAllStoppagesInDatabase(FetchTrainDetails.java:629)
	at Scheduler.putStoppagesIntoDatabase(Scheduler.java:367)
	at Main.main(Main.java:260)
Caused by: com.mysql.jdbc.exceptions.jdbc4.MySQLIntegrityConstraintViolationException: Cannot add or update a child row: a foreign key constraint fails (`railwaydetails`.`stoppage`, CONSTRAINT `stoppage_ibfk_1` FOREIGN KEY (`stationId`) REFERENCES `station` (`ID`) ON DELETE CASCADE ON UPDATE CASCADE)
	at jdk.internal.reflect.GeneratedConstructorAccessor5.newInstance(Unknown Source)
	at java.base/jdk.internal.reflect.DelegatingConstructorAccessorImpl.newInstance(DelegatingConstructorAccessorImpl.java:45)
	at java.base/java.lang.reflect.Constructor.newInstance(Constructor.java:488)
	at com.mysql.jdbc.Util.handleNewInstance(Util.java:425)
	at com.mysql.jdbc.Util.getInstance(Util.java:408)
	at com.mysql.jdbc.SQLError.createSQLException(SQLError.java:936)
	at com.mysql.jdbc.MysqlIO.checkErrorPacket(MysqlIO.java:3973)
	at com.mysql.jdbc.MysqlIO.checkErrorPacket(MysqlIO.java:3909)
	at com.mysql.jdbc.MysqlIO.sendCommand(MysqlIO.java:2527)
	at com.mysql.jdbc.MysqlIO.sqlQueryDirect(MysqlIO.java:2680)
	at com.mysql.jdbc.ConnectionImpl.execSQL(ConnectionImpl.java:2484)
	at com.mysql.jdbc.PreparedStatement.executeInternal(PreparedStatement.java:1858)
	at com.mysql.jdbc.PreparedStatement.executeUpdateInternal(PreparedStatement.java:2079)
	at com.mysql.jdbc.PreparedStatement.executeBatchSerially(PreparedStatement.java:1756)
	... 6 more
java.sql.BatchUpdateException: Cannot add or update a child row: a foreign key constraint fails (`railwaydetails`.`stoppage`, CONSTRAINT `stoppage_ibfk_1` FOREIGN KEY (`stationId`) REFERENCES `station` (`ID`) ON DELETE CASCADE ON UPDATE CASCADE)
	at java.base/jdk.internal.reflect.NativeConstructorAccessorImpl.newInstance0(Native Method)
	at java.base/jdk.internal.reflect.NativeConstructorAccessorImpl.newInstance(NativeConstructorAccessorImpl.java:62)
	at java.base/jdk.internal.reflect.DelegatingConstructorAccessorImpl.newInstance(DelegatingConstructorAccessorImpl.java:45)
	at java.base/java.lang.reflect.Constructor.newInstance(Constructor.java:488)
	at com.mysql.jdbc.Util.handleNewInstance(Util.java:425)
	at com.mysql.jdbc.Util.getInstance(Util.java:408)
	at com.mysql.jdbc.SQLError.createBatchUpdateException(SQLError.java:1163)
	at com.mysql.jdbc.PreparedStatement.executeBatchSerially(PreparedStatement.java:1778)
	at com.mysql.jdbc.PreparedStatement.executeBatchInternal(PreparedStatement.java:1262)
	at com.mysql.jdbc.StatementImpl.executeBatch(StatementImpl.java:970)
	at DatabaseConnector.insertIntoStoppageBatch(DatabaseConnector.java:247)
	at FetchTrainDetails.putAllStoppagesInDatabase(FetchTrainDetails.java:629)
	at Scheduler.putStoppagesIntoDatabase(Scheduler.java:367)
	at Main.main(Main.java:260)
Caused by: com.mysql.jdbc.exceptions.jdbc4.MySQLIntegrityConstraintViolationException: Cannot add or update a child row: a foreign key constraint fails (`railwaydetails`.`stoppage`, CONSTRAINT `stoppage_ibfk_1` FOREIGN KEY (`stationId`) REFERENCES `station` (`ID`) ON DELETE CASCADE ON UPDATE CASCADE)
	at jdk.internal.reflect.GeneratedConstructorAccessor5.newInstance(Unknown Source)
	at java.base/jdk.internal.reflect.DelegatingConstructorAccessorImpl.newInstance(DelegatingConstructorAccessorImpl.java:45)
	at java.base/java.lang.reflect.Constructor.newInstance(Constructor.java:488)
	at com.mysql.jdbc.Util.handleNewInstance(Util.java:425)
	at com.mysql.jdbc.Util.getInstance(Util.java:408)
	at com.mysql.jdbc.SQLError.createSQLException(SQLError.java:936)
	at com.mysql.jdbc.MysqlIO.checkErrorPacket(MysqlIO.java:3973)
	at com.mysql.jdbc.MysqlIO.checkErrorPacket(MysqlIO.java:3909)
	at com.mysql.jdbc.MysqlIO.sendCommand(MysqlIO.java:2527)
	at com.mysql.jdbc.MysqlIO.sqlQueryDirect(MysqlIO.java:2680)
	at com.mysql.jdbc.ConnectionImpl.execSQL(ConnectionImpl.java:2484)
	at com.mysql.jdbc.PreparedStatement.executeInternal(PreparedStatement.java:1858)
	at com.mysql.jdbc.PreparedStatement.executeUpdateInternal(PreparedStatement.java:2079)
	at com.mysql.jdbc.PreparedStatement.executeBatchSerially(PreparedStatement.java:1756)
	... 6 more
java.sql.BatchUpdateException: Cannot add or update a child row: a foreign key constraint fails (`railwaydetails`.`stoppage`, CONSTRAINT `stoppage_ibfk_1` FOREIGN KEY (`stationId`) REFERENCES `station` (`ID`) ON DELETE CASCADE ON UPDATE CASCADE)
	at java.base/jdk.internal.reflect.NativeConstructorAccessorImpl.newInstance0(Native Method)
	at java.base/jdk.internal.reflect.NativeConstructorAccessorImpl.newInstance(NativeConstructorAccessorImpl.java:62)
	at java.base/jdk.internal.reflect.DelegatingConstructorAccessorImpl.newInstance(DelegatingConstructorAccessorImpl.java:45)
	at java.base/java.lang.reflect.Constructor.newInstance(Constructor.java:488)
	at com.mysql.jdbc.Util.handleNewInstance(Util.java:425)
	at com.mysql.jdbc.Util.getInstance(Util.java:408)
	at com.mysql.jdbc.SQLError.createBatchUpdateException(SQLError.java:1163)
	at com.mysql.jdbc.PreparedStatement.executeBatchSerially(PreparedStatement.java:1778)
	at com.mysql.jdbc.PreparedStatement.executeBatchInternal(PreparedStatement.java:1262)
	at com.mysql.jdbc.StatementImpl.executeBatch(StatementImpl.java:970)
	at DatabaseConnector.insertIntoStoppageBatch(DatabaseConnector.java:247)
	at FetchTrainDetails.putAllStoppagesInDatabase(FetchTrainDetails.java:629)
	at Scheduler.putStoppagesIntoDatabase(Scheduler.java:367)
	at Main.main(Main.java:260)
Caused by: com.mysql.jdbc.exceptions.jdbc4.MySQLIntegrityConstraintViolationException: Cannot add or update a child row: a foreign key constraint fails (`railwaydetails`.`stoppage`, CONSTRAINT `stoppage_ibfk_1` FOREIGN KEY (`stationId`) REFERENCES `station` (`ID`) ON DELETE CASCADE ON UPDATE CASCADE)
	at jdk.internal.reflect.GeneratedConstructorAccessor5.newInstance(Unknown Source)
	at java.base/jdk.internal.reflect.DelegatingConstructorAccessorImpl.newInstance(DelegatingConstructorAccessorImpl.java:45)
	at java.base/java.lang.reflect.Constructor.newInstance(Constructor.java:488)
	at com.mysql.jdbc.Util.handleNewInstance(Util.java:425)
	at com.mysql.jdbc.Util.getInstance(Util.java:408)
	at com.mysql.jdbc.SQLError.createSQLException(SQLError.java:936)
	at com.mysql.jdbc.MysqlIO.checkErrorPacket(MysqlIO.java:3973)
	at com.mysql.jdbc.MysqlIO.checkErrorPacket(MysqlIO.java:3909)
	at com.mysql.jdbc.MysqlIO.sendCommand(MysqlIO.java:2527)
	at com.mysql.jdbc.MysqlIO.sqlQueryDirect(MysqlIO.java:2680)
	at com.mysql.jdbc.ConnectionImpl.execSQL(ConnectionImpl.java:2484)
	at com.mysql.jdbc.PreparedStatement.executeInternal(PreparedStatement.java:1858)
	at com.mysql.jdbc.PreparedStatement.executeUpdateInternal(PreparedStatement.java:2079)
	at com.mysql.jdbc.PreparedStatement.executeBatchSerially(PreparedStatement.java:1756)
	... 6 more
