---------------------------------------------------------------------------------------------------------
2018/03/09 12:05:12
Avg speed: 100.0
Mode: Week wise
Train Day: 7
Max ratio: 1.3
***********************************************************************************
[0.0, 0.0, 2.6, 5.2, 7.800000000000001, 13.0, 15.600000000000001, 18.2, 19.5, 22.1, 26.0, 28.6, 31.200000000000003, 39.0, 41.6, 46.800000000000004, 52.0, 52.0, 55.9, 58.5, 59.800000000000004, 63.7, 66.3, 70.2, 79.3, 84.5, 89.7, 92.3, 98.8, 101.4, 105.3, 107.9, 111.8, 114.4, 117.0, 120.9, 126.10000000000001, 131.3, 135.20000000000002, 140.4, 146.9, 150.8, 157.3, 165.1, 165.1]
Station size: 43
Initializing graph
Adding edge bw stations source->pnbe 2018/03/09 12:05:31
Start Used memory is megabytes: 260
Adding edge bw stations pnbe->scy 2018/03/09 12:05:31
Start Used memory is megabytes: 262
Adding edge bw stations scy->pws 2018/03/09 12:06:43
Start Used memory is megabytes: 1281
Adding edge bw stations pws->dnr 2018/03/09 12:07:57
Start Used memory is megabytes: 509
Adding edge bw stations dnr->neo 2018/03/09 12:09:06
Start Used memory is megabytes: 938
Adding edge bw stations neo->gnhi 2018/03/09 12:10:08
Start Used memory is megabytes: 248
Adding edge bw stations gnhi->sde 2018/03/09 12:11:16
Start Used memory is megabytes: 689
Adding edge bw stations sde->patl 2018/03/09 12:12:29
Start Used memory is megabytes: 1128
Adding edge bw stations patl->bta 2018/03/09 12:13:43
Start Used memory is megabytes: 321
Adding edge bw stations bta->pail 2018/03/09 12:14:51
Start Used memory is megabytes: 761
Adding edge bw stations pail->kwr 2018/03/09 12:15:54
Start Used memory is megabytes: 1241
Adding edge bw stations kwr->kua 2018/03/09 12:16:59
Start Used memory is megabytes: 478
Adding edge bw stations kua->ara 2018/03/09 12:18:04
Start Used memory is megabytes: 919
Adding edge bw stations ara->jgwl 2018/03/09 12:18:56
Start Used memory is megabytes: 1518
Adding edge bw stations jgwl->krs 2018/03/09 12:20:03
Start Used memory is megabytes: 751
Adding edge bw stations krs->xsan 2018/03/09 12:21:04
Start Used memory is megabytes: 1272
Adding edge bw stations xsan->rnte 2018/03/09 12:22:04
Start Used memory is megabytes: 588
Adding edge bw stations rnte->bea 2018/03/09 12:23:21
Start Used memory is megabytes: 945
Adding edge bw stations bea->asjp 2018/03/09 12:24:26
Start Used memory is megabytes: 1335
Adding edge bw stations asjp->byn 2018/03/09 12:25:33
Start Used memory is megabytes: 568
Adding edge bw stations byn->skri 2018/03/09 12:26:46
Start Used memory is megabytes: 968
Adding edge bw stations skri->rpr 2018/03/09 12:27:47
Start Used memory is megabytes: 1453
Adding edge bw stations rpr->vkdh 2018/03/09 12:29:02
Start Used memory is megabytes: 687
Adding edge bw stations vkdh->dure 2018/03/09 12:30:18
Start Used memory is megabytes: 723
Adding edge bw stations dure->bue 2018/03/09 12:31:16
Start Used memory is megabytes: 1370
Adding edge bw stations bue->ndon 2018/03/09 12:32:27
Start Used memory is megabytes: 687
Adding edge bw stations ndon->bxr 2018/03/09 12:33:37
Start Used memory is megabytes: 1209
Adding edge bw stations bxr->pwxp 2018/03/09 12:35:00
Start Used memory is megabytes: 1104
Adding edge bw stations pwxp->csa 2018/03/09 12:36:08
Start Used memory is megabytes: 963
Adding edge bw stations csa->bqw 2018/03/09 12:37:29
Start Used memory is megabytes: 1388
Adding edge bw stations bqw->gmr 2018/03/09 12:38:48
Start Used memory is megabytes: 997
Adding edge bw stations gmr->kkrh 2018/03/09 12:40:11
Start Used memory is megabytes: 1455
Adding edge bw stations kkrh->bwh 2018/03/09 12:41:32
Start Used memory is megabytes: 1077
Adding edge bw stations bwh->usk 2018/03/09 12:42:53
Start Used memory is megabytes: 834
Adding edge bw stations usk->dln 2018/03/09 12:44:15
Start Used memory is megabytes: 1424
Adding edge bw stations dln->drv 2018/03/09 12:45:34
Start Used memory is megabytes: 1017
Adding edge bw stations drv->zna 2018/03/09 12:46:49
Start Used memory is megabytes: 1454
Adding edge bw stations zna->bhcl 2018/03/09 12:48:06
Start Used memory is megabytes: 1422
Adding edge bw stations bhcl->dha 2018/03/09 12:49:26
Start Used memory is megabytes: 1075
Adding edge bw stations dha->tlam 2018/03/09 12:50:40
Start Used memory is megabytes: 1480
Adding edge bw stations tlam->sld 2018/03/09 12:51:52
Start Used memory is megabytes: 1403
Adding edge bw stations sld->kca 2018/03/09 12:53:14
Start Used memory is megabytes: 1626
Adding edge bw stations kca->mgs 2018/03/09 12:54:24
Start Used memory is megabytes: 944
Adding edge bw stations mgs->dest 2018/03/09 12:55:44
Start Used memory is megabytes: 950
Edge size: 6344538
Finding shortest path bw : source >> dest
Best Path till now cost : 0.0 >> [source, pnbe:6:10:7]
Start Used memory is megabytes: 954
Best Path till now cost : 2.0 >> [source, pnbe:4:1:17, scy:4:1:19]
Start Used memory is megabytes: 990
Best Path till now cost : 4.0 >> [source, pnbe:5:11:45, scy:5:11:47, pws:5:11:49]
Start Used memory is megabytes: 1024
Best Path till now cost : 6.0 >> [source, pnbe:1:5:58, scy:1:6:0, pws:1:6:2, dnr:1:6:4]
Start Used memory is megabytes: 1076
Best Path till now cost : 10.0 >> [source, pnbe:5:10:1, scy:5:10:3, pws:5:10:5, dnr:5:10:7, neo:5:10:11]
Start Used memory is megabytes: 1134
Best Path till now cost : 12.0 >> [source, pnbe:5:10:1, scy:5:10:3, pws:5:10:5, dnr:5:10:7, neo:5:10:11, gnhi:5:10:13]
Start Used memory is megabytes: 1221
Best Path till now cost : 14.0 >> [source, pnbe:0:7:19, scy:0:7:21, pws:0:7:23, dnr:0:7:25, neo:0:7:29, gnhi:0:7:31, sde:0:7:33]
Start Used memory is megabytes: 1127
Best Path till now cost : 15.0 >> [source, pnbe:1:10:16, scy:1:10:18, pws:1:10:20, dnr:1:10:22, neo:1:10:26, gnhi:1:10:28, sde:1:10:30, patl:1:10:31]
Start Used memory is megabytes: 1109
Best Path till now cost : 17.0 >> [source, pnbe:4:5:52, scy:4:5:54, pws:4:5:56, dnr:4:5:58, neo:4:6:2, gnhi:4:6:4, sde:4:6:6, patl:4:6:7, bta:4:6:9]
Start Used memory is megabytes: 1184
Best Path till now cost : 20.0 >> [source, pnbe:2:21:45, scy:2:21:47, pws:2:21:49, dnr:2:21:51, neo:2:21:55, gnhi:2:21:57, sde:2:21:59, patl:2:22:0, bta:2:22:2, pail:2:22:5]
Start Used memory is megabytes: 1241
Best Path till now cost : 22.0 >> [source, pnbe:2:13:28, scy:2:13:30, pws:2:13:32, dnr:2:13:34, neo:2:13:38, gnhi:2:13:40, sde:2:13:42, patl:2:13:43, bta:2:13:45, pail:2:13:48, kwr:2:13:50]
Start Used memory is megabytes: 1320
Best Path till now cost : 24.0 >> [source, pnbe:4:7:14, scy:4:7:16, pws:4:7:18, dnr:4:7:20, neo:4:7:24, gnhi:4:7:26, sde:4:7:28, patl:4:7:29, bta:4:7:31, pail:4:7:34, kwr:4:7:36, kua:4:7:38]
Start Used memory is megabytes: 1323
Best Path till now cost : 30.0 >> [source, pnbe:4:7:15, scy:4:7:17, pws:4:7:19, dnr:4:7:21, neo:4:7:25, gnhi:4:7:27, sde:4:7:29, patl:4:7:30, bta:4:7:32, pail:4:7:35, kwr:4:7:37, kua:4:7:39, ara:4:7:45]
Start Used memory is megabytes: 1362
Best Path till now cost : 32.0 >> [source, pnbe:2:9:54, scy:2:9:56, pws:2:9:58, dnr:2:10:0, neo:2:10:4, gnhi:2:10:6, sde:2:10:8, patl:2:10:9, bta:2:10:11, pail:2:10:14, kwr:2:10:16, kua:2:10:18, ara:2:10:24, jgwl:2:10:26]
Start Used memory is megabytes: 1530
Best Path till now cost : 36.0 >> [source, pnbe:6:2:6, scy:6:2:8, pws:6:2:10, dnr:6:2:12, neo:6:2:16, gnhi:6:2:18, sde:6:2:20, patl:6:2:21, bta:6:2:23, pail:6:2:26, kwr:6:2:28, kua:6:2:30, ara:6:2:36, jgwl:6:2:38, krs:6:2:42]
Start Used memory is megabytes: 1460
Best Path till now cost : 40.0 >> [source, pnbe:0:1:10, scy:0:1:12, pws:0:1:14, dnr:0:1:16, neo:0:1:20, gnhi:0:1:22, sde:0:1:24, patl:0:1:25, bta:0:1:27, pail:0:1:30, kwr:0:1:32, kua:0:1:34, ara:0:1:40, jgwl:0:1:42, krs:0:1:46, xsan:0:1:50]
Start Used memory is megabytes: 1470
Best Path till now cost : 40.0 >> [source, pnbe:4:18:48, scy:4:18:50, pws:4:18:52, dnr:4:18:54, neo:4:18:58, gnhi:4:19:0, sde:4:19:2, patl:4:19:3, bta:4:19:5, pail:4:19:8, kwr:4:19:10, kua:4:19:12, ara:4:19:18, jgwl:4:19:20, krs:4:19:24, xsan:4:19:28, rnte:4:19:28]
Start Used memory is megabytes: 1480
Best Path till now cost : 43.0 >> [source, pnbe:2:6:54, scy:2:6:56, pws:2:6:58, dnr:2:7:0, neo:2:7:4, gnhi:2:7:6, sde:2:7:8, patl:2:7:9, bta:2:7:11, pail:2:7:14, kwr:2:7:16, kua:2:7:18, ara:2:7:24, jgwl:2:7:26, krs:2:7:30, xsan:2:7:34, rnte:2:7:34, bea:2:7:37]
Start Used memory is megabytes: 1342
Best Path till now cost : 45.0 >> [source, pnbe:3:18:54, scy:3:18:56, pws:3:18:58, dnr:3:19:0, neo:3:19:4, gnhi:3:19:6, sde:3:19:8, patl:3:19:9, bta:3:19:11, pail:3:19:14, kwr:3:19:16, kua:3:19:18, ara:3:19:24, jgwl:3:19:26, krs:3:19:30, xsan:3:19:34, rnte:3:19:34, bea:3:19:37, asjp:3:19:39]
Start Used memory is megabytes: 1361
Best Path till now cost : 46.0 >> [source, pnbe:1:0:41, scy:1:0:43, pws:1:0:45, dnr:1:0:47, neo:1:0:51, gnhi:1:0:53, sde:1:0:55, patl:1:0:56, bta:1:0:58, pail:1:1:1, kwr:1:1:3, kua:1:1:5, ara:1:1:11, jgwl:1:1:13, krs:1:1:17, xsan:1:1:21, rnte:1:1:21, bea:1:1:24, asjp:1:1:26, byn:1:1:27]
Start Used memory is megabytes: 1375
Best Path till now cost : 49.0 >> [source, pnbe:5:18:41, scy:5:18:43, pws:5:18:45, dnr:5:18:47, neo:5:18:51, gnhi:5:18:53, sde:5:18:55, patl:5:18:56, bta:5:18:58, pail:5:19:1, kwr:5:19:3, kua:5:19:5, ara:5:19:11, jgwl:5:19:13, krs:5:19:17, xsan:5:19:21, rnte:5:19:21, bea:5:19:24, asjp:5:19:26, byn:5:19:27, skri:5:19:30]
Start Used memory is megabytes: 1536
Best Path till now cost : 51.0 >> [source, pnbe:4:1:47, scy:4:1:49, pws:4:1:51, dnr:4:1:53, neo:4:1:57, gnhi:4:1:59, sde:4:2:1, patl:4:2:2, bta:4:2:4, pail:4:2:7, kwr:4:2:9, kua:4:2:11, ara:4:2:17, jgwl:4:2:19, krs:4:2:23, xsan:4:2:27, rnte:4:2:27, bea:4:2:30, asjp:4:2:32, byn:4:2:33, skri:4:2:36, rpr:4:2:38]
Start Used memory is megabytes: 1543
Best Path till now cost : 54.0 >> [source, pnbe:2:1:20, scy:2:1:22, pws:2:1:24, dnr:2:1:26, neo:2:1:30, gnhi:2:1:32, sde:2:1:34, patl:2:1:35, bta:2:1:37, pail:2:1:40, kwr:2:1:42, kua:2:1:44, ara:2:1:50, jgwl:2:1:52, krs:2:1:56, xsan:2:2:0, rnte:2:2:0, bea:2:2:3, asjp:2:2:5, byn:2:2:6, skri:2:2:9, rpr:2:2:11, vkdh:2:2:14]
Start Used memory is megabytes: 1639
Best Path till now cost : 61.0 >> [source, pnbe:6:13:45, scy:6:13:47, pws:6:13:49, dnr:6:13:51, neo:6:13:55, gnhi:6:13:57, sde:6:13:59, patl:6:14:0, bta:6:14:2, pail:6:14:5, kwr:6:14:7, kua:6:14:9, ara:6:14:15, jgwl:6:14:17, krs:6:14:21, xsan:6:14:25, rnte:6:14:25, bea:6:14:28, asjp:6:14:30, byn:6:14:31, skri:6:14:34, rpr:6:14:36, vkdh:6:14:39, dure:6:14:46]
Start Used memory is megabytes: 1400
Best Path till now cost : 65.0 >> [source, pnbe:0:20:46, scy:0:20:48, pws:0:20:50, dnr:0:20:52, neo:0:20:56, gnhi:0:20:58, sde:0:21:0, patl:0:21:1, bta:0:21:3, pail:0:21:6, kwr:0:21:8, kua:0:21:10, ara:0:21:16, jgwl:0:21:18, krs:0:21:22, xsan:0:21:26, rnte:0:21:26, bea:0:21:29, asjp:0:21:31, byn:0:21:32, skri:0:21:35, rpr:0:21:37, vkdh:0:21:40, dure:0:21:47, bue:0:21:51]
Start Used memory is megabytes: 1433
Best Path till now cost : 69.0 >> [source, pnbe:3:14:7, scy:3:14:9, pws:3:14:11, dnr:3:14:13, neo:3:14:17, gnhi:3:14:19, sde:3:14:21, patl:3:14:22, bta:3:14:24, pail:3:14:27, kwr:3:14:29, kua:3:14:31, ara:3:14:37, jgwl:3:14:39, krs:3:14:43, xsan:3:14:47, rnte:3:14:47, bea:3:14:50, asjp:3:14:52, byn:3:14:53, skri:3:14:56, rpr:3:14:58, vkdh:3:15:1, dure:3:15:8, bue:3:15:12, ndon:3:15:16]
Start Used memory is megabytes: 1543
Best Path till now cost : 71.0 >> [source, pnbe:2:0:52, scy:2:0:54, pws:2:0:56, dnr:2:0:58, neo:2:1:2, gnhi:2:1:4, sde:2:1:6, patl:2:1:7, bta:2:1:9, pail:2:1:12, kwr:2:1:14, kua:2:1:16, ara:2:1:22, jgwl:2:1:24, krs:2:1:28, xsan:2:1:32, rnte:2:1:32, bea:2:1:35, asjp:2:1:37, byn:2:1:38, skri:2:1:41, rpr:2:1:43, vkdh:2:1:46, dure:2:1:53, bue:2:1:57, ndon:2:2:1, bxr:2:2:3]
Start Used memory is megabytes: 1508
Best Path till now cost : 76.0 >> [source, pnbe:0:15:3, scy:0:15:5, pws:0:15:7, dnr:0:15:9, neo:0:15:13, gnhi:0:15:15, sde:0:15:17, patl:0:15:18, bta:0:15:20, pail:0:15:23, kwr:0:15:25, kua:0:15:27, ara:0:15:33, jgwl:0:15:35, krs:0:15:39, xsan:0:15:43, rnte:0:15:43, bea:0:15:46, asjp:0:15:48, byn:0:15:49, skri:0:15:52, rpr:0:15:54, vkdh:0:15:57, dure:0:16:4, bue:0:16:8, ndon:0:16:12, bxr:0:16:14, pwxp:0:16:19]
Start Used memory is megabytes: 1660
Best Path till now cost : 78.0 >> [source, pnbe:4:1:30, scy:4:1:32, pws:4:1:34, dnr:4:1:36, neo:4:1:40, gnhi:4:1:42, sde:4:1:44, patl:4:1:45, bta:4:1:47, pail:4:1:50, kwr:4:1:52, kua:4:1:54, ara:4:2:0, jgwl:4:2:2, krs:4:2:6, xsan:4:2:10, rnte:4:2:10, bea:4:2:13, asjp:4:2:15, byn:4:2:16, skri:4:2:19, rpr:4:2:21, vkdh:4:2:24, dure:4:2:31, bue:4:2:35, ndon:4:2:39, bxr:4:2:41, pwxp:4:2:46, csa:4:2:48]
Start Used memory is megabytes: 1631
Best Path till now cost : 81.0 >> [source, pnbe:6:20:40, scy:6:20:42, pws:6:20:44, dnr:6:20:46, neo:6:20:50, gnhi:6:20:52, sde:6:20:54, patl:6:20:55, bta:6:20:57, pail:6:21:0, kwr:6:21:2, kua:6:21:4, ara:6:21:10, jgwl:6:21:12, krs:6:21:16, xsan:6:21:20, rnte:6:21:20, bea:6:21:23, asjp:6:21:25, byn:6:21:26, skri:6:21:29, rpr:6:21:31, vkdh:6:21:34, dure:6:21:41, bue:6:21:45, ndon:6:21:49, bxr:6:21:51, pwxp:6:21:56, csa:6:21:58, bqw:6:22:1]
Start Used memory is megabytes: 1451
Best Path till now cost : 83.0 >> [source, pnbe:1:17:53, scy:1:17:55, pws:1:17:57, dnr:1:17:59, neo:1:18:3, gnhi:1:18:5, sde:1:18:7, patl:1:18:8, bta:1:18:10, pail:1:18:13, kwr:1:18:15, kua:1:18:17, ara:1:18:23, jgwl:1:18:25, krs:1:18:29, xsan:1:18:33, rnte:1:18:33, bea:1:18:36, asjp:1:18:38, byn:1:18:39, skri:1:18:42, rpr:1:18:44, vkdh:1:18:47, dure:1:18:54, bue:1:18:58, ndon:1:19:2, bxr:1:19:4, pwxp:1:19:9, csa:1:19:11, bqw:1:19:14, gmr:1:19:16]
Start Used memory is megabytes: 1407
Best Path till now cost : 86.0 >> [source, pnbe:4:22:57, scy:4:22:59, pws:4:23:1, dnr:4:23:3, neo:4:23:7, gnhi:4:23:9, sde:4:23:11, patl:4:23:12, bta:4:23:14, pail:4:23:17, kwr:4:23:19, kua:4:23:21, ara:4:23:27, jgwl:4:23:29, krs:4:23:33, xsan:4:23:37, rnte:4:23:37, bea:4:23:40, asjp:4:23:42, byn:4:23:43, skri:4:23:46, rpr:4:23:48, vkdh:4:23:51, dure:4:23:58, bue:5:0:2, ndon:5:0:6, bxr:5:0:8, pwxp:5:0:13, csa:5:0:15, bqw:5:0:18, gmr:5:0:20, kkrh:5:0:23]
Start Used memory is megabytes: 1376
Best Path till now cost : 88.0 >> [source, pnbe:4:21:29, scy:4:21:31, pws:4:21:33, dnr:4:21:35, neo:4:21:39, gnhi:4:21:41, sde:4:21:43, patl:4:21:44, bta:4:21:46, pail:4:21:49, kwr:4:21:51, kua:4:21:53, ara:4:21:59, jgwl:4:22:1, krs:4:22:5, xsan:4:22:9, rnte:4:22:9, bea:4:22:12, asjp:4:22:14, byn:4:22:15, skri:4:22:18, rpr:4:22:20, vkdh:4:22:23, dure:4:22:30, bue:4:22:34, ndon:4:22:38, bxr:4:22:40, pwxp:4:22:45, csa:4:22:47, bqw:4:22:50, gmr:4:22:52, kkrh:4:22:55, bwh:4:22:57]
Start Used memory is megabytes: 1399
Best Path till now cost : 90.0 >> [source, pnbe:2:1:37, scy:2:1:39, pws:2:1:41, dnr:2:1:43, neo:2:1:47, gnhi:2:1:49, sde:2:1:51, patl:2:1:52, bta:2:1:54, pail:2:1:57, kwr:2:1:59, kua:2:2:1, ara:2:2:7, jgwl:2:2:9, krs:2:2:13, xsan:2:2:17, rnte:2:2:17, bea:2:2:20, asjp:2:2:22, byn:2:2:23, skri:2:2:26, rpr:2:2:28, vkdh:2:2:31, dure:2:2:38, bue:2:2:42, ndon:2:2:46, bxr:2:2:48, pwxp:2:2:53, csa:2:2:55, bqw:2:2:58, gmr:2:3:0, kkrh:2:3:3, bwh:2:3:5, usk:2:3:7]
Start Used memory is megabytes: 1492
Best Path till now cost : 93.0 >> [source, pnbe:0:21:37, scy:0:21:39, pws:0:21:41, dnr:0:21:43, neo:0:21:47, gnhi:0:21:49, sde:0:21:51, patl:0:21:52, bta:0:21:54, pail:0:21:57, kwr:0:21:59, kua:0:22:1, ara:0:22:7, jgwl:0:22:9, krs:0:22:13, xsan:0:22:17, rnte:0:22:17, bea:0:22:20, asjp:0:22:22, byn:0:22:23, skri:0:22:26, rpr:0:22:28, vkdh:0:22:31, dure:0:22:38, bue:0:22:42, ndon:0:22:46, bxr:0:22:48, pwxp:0:22:53, csa:0:22:55, bqw:0:22:58, gmr:0:23:0, kkrh:0:23:3, bwh:0:23:5, usk:0:23:7, dln:0:23:10]
Start Used memory is megabytes: 1518
Best Path till now cost : 97.0 >> [source, pnbe:0:14:47, scy:0:14:49, pws:0:14:51, dnr:0:14:53, neo:0:14:57, gnhi:0:14:59, sde:0:15:1, patl:0:15:2, bta:0:15:4, pail:0:15:7, kwr:0:15:9, kua:0:15:11, ara:0:15:17, jgwl:0:15:19, krs:0:15:23, xsan:0:15:27, rnte:0:15:27, bea:0:15:30, asjp:0:15:32, byn:0:15:33, skri:0:15:36, rpr:0:15:38, vkdh:0:15:41, dure:0:15:48, bue:0:15:52, ndon:0:15:56, bxr:0:15:58, pwxp:0:16:3, csa:0:16:5, bqw:0:16:8, gmr:0:16:10, kkrh:0:16:13, bwh:0:16:15, usk:0:16:17, dln:0:16:20, drv:0:16:24]
Start Used memory is megabytes: 1615
Best Path till now cost : 101.0 >> [source, pnbe:3:12:33, scy:3:12:35, pws:3:12:37, dnr:3:12:39, neo:3:12:43, gnhi:3:12:45, sde:3:12:47, patl:3:12:48, bta:3:12:50, pail:3:12:53, kwr:3:12:55, kua:3:12:57, ara:3:13:3, jgwl:3:13:5, krs:3:13:9, xsan:3:13:13, rnte:3:13:13, bea:3:13:16, asjp:3:13:18, byn:3:13:19, skri:3:13:22, rpr:3:13:24, vkdh:3:13:27, dure:3:13:34, bue:3:13:38, ndon:3:13:42, bxr:3:13:44, pwxp:3:13:49, csa:3:13:51, bqw:3:13:54, gmr:3:13:56, kkrh:3:13:59, bwh:3:14:1, usk:3:14:3, dln:3:14:6, drv:3:14:10, zna:3:14:14]
Start Used memory is megabytes: 1509
Best Path till now cost : 104.0 >> [source, pnbe:3:12:33, scy:3:12:35, pws:3:12:37, dnr:3:12:39, neo:3:12:43, gnhi:3:12:45, sde:3:12:47, patl:3:12:48, bta:3:12:50, pail:3:12:53, kwr:3:12:55, kua:3:12:57, ara:3:13:3, jgwl:3:13:5, krs:3:13:9, xsan:3:13:13, rnte:3:13:13, bea:3:13:16, asjp:3:13:18, byn:3:13:19, skri:3:13:22, rpr:3:13:24, vkdh:3:13:27, dure:3:13:34, bue:3:13:38, ndon:3:13:42, bxr:3:13:44, pwxp:3:13:49, csa:3:13:51, bqw:3:13:54, gmr:3:13:56, kkrh:3:13:59, bwh:3:14:1, usk:3:14:3, dln:3:14:6, drv:3:14:10, zna:3:14:14, bhcl:3:14:17]
Start Used memory is megabytes: 1378
Best Path till now cost : 108.0 >> [source, pnbe:3:12:33, scy:3:12:35, pws:3:12:37, dnr:3:12:39, neo:3:12:43, gnhi:3:12:45, sde:3:12:47, patl:3:12:48, bta:3:12:50, pail:3:12:53, kwr:3:12:55, kua:3:12:57, ara:3:13:3, jgwl:3:13:5, krs:3:13:9, xsan:3:13:13, rnte:3:13:13, bea:3:13:16, asjp:3:13:18, byn:3:13:19, skri:3:13:22, rpr:3:13:24, vkdh:3:13:27, dure:3:13:34, bue:3:13:38, ndon:3:13:42, bxr:3:13:44, pwxp:3:13:49, csa:3:13:51, bqw:3:13:54, gmr:3:13:56, kkrh:3:13:59, bwh:3:14:1, usk:3:14:3, dln:3:14:6, drv:3:14:10, zna:3:14:14, bhcl:3:14:17, dha:3:14:21]
Start Used memory is megabytes: 1495
Best Path till now cost : 113.0 >> [source, pnbe:3:12:33, scy:3:12:35, pws:3:12:37, dnr:3:12:39, neo:3:12:43, gnhi:3:12:45, sde:3:12:47, patl:3:12:48, bta:3:12:50, pail:3:12:53, kwr:3:12:55, kua:3:12:57, ara:3:13:3, jgwl:3:13:5, krs:3:13:9, xsan:3:13:13, rnte:3:13:13, bea:3:13:16, asjp:3:13:18, byn:3:13:19, skri:3:13:22, rpr:3:13:24, vkdh:3:13:27, dure:3:13:34, bue:3:13:38, ndon:3:13:42, bxr:3:13:44, pwxp:3:13:49, csa:3:13:51, bqw:3:13:54, gmr:3:13:56, kkrh:3:13:59, bwh:3:14:1, usk:3:14:3, dln:3:14:6, drv:3:14:10, zna:3:14:14, bhcl:3:14:17, dha:3:14:21, tlam:3:14:26]
Start Used memory is megabytes: 1438
Best Path till now cost : 116.0 >> [source, pnbe:3:15:6, scy:3:15:8, pws:3:15:10, dnr:3:15:12, neo:3:15:16, gnhi:3:15:18, sde:3:15:20, patl:3:15:21, bta:3:15:23, pail:3:15:26, kwr:3:15:28, kua:3:15:30, ara:3:15:36, jgwl:3:15:38, krs:3:15:42, xsan:3:15:46, rnte:3:15:46, bea:3:15:49, asjp:3:15:51, byn:3:15:52, skri:3:15:55, rpr:3:15:57, vkdh:3:16:0, dure:3:16:7, bue:3:16:11, ndon:3:16:15, bxr:3:16:17, pwxp:3:16:22, csa:3:16:24, bqw:3:16:27, gmr:3:16:29, kkrh:3:16:32, bwh:3:16:34, usk:3:16:36, dln:3:16:39, drv:3:16:43, zna:3:16:47, bhcl:3:16:50, dha:3:16:54, tlam:3:16:59, sld:3:17:2]
Start Used memory is megabytes: 1575
Best Path till now cost : 121.0 >> [source, pnbe:0:22:57, scy:0:22:59, pws:0:23:1, dnr:0:23:3, neo:0:23:7, gnhi:0:23:9, sde:0:23:11, patl:0:23:12, bta:0:23:14, pail:0:23:17, kwr:0:23:19, kua:0:23:21, ara:0:23:27, jgwl:0:23:29, krs:0:23:33, xsan:0:23:37, rnte:0:23:37, bea:0:23:40, asjp:0:23:42, byn:0:23:43, skri:0:23:46, rpr:0:23:48, vkdh:0:23:51, dure:0:23:58, bue:1:0:2, ndon:1:0:6, bxr:1:0:8, pwxp:1:0:13, csa:1:0:15, bqw:1:0:18, gmr:1:0:20, kkrh:1:0:23, bwh:1:0:25, usk:1:0:27, dln:1:0:30, drv:1:0:34, zna:1:0:38, bhcl:1:0:41, dha:1:0:45, tlam:1:0:50, sld:1:0:53, kca:1:0:58]
Start Used memory is megabytes: 1605
Best Path till now cost : 127.0 >> [source, pnbe:0:15:10, scy:0:15:12, pws:0:15:14, dnr:0:15:16, neo:0:15:20, gnhi:0:15:22, sde:0:15:24, patl:0:15:25, bta:0:15:27, pail:0:15:30, kwr:0:15:32, kua:0:15:34, ara:0:15:40, jgwl:0:15:42, krs:0:15:46, xsan:0:15:50, rnte:0:15:50, bea:0:15:53, asjp:0:15:55, byn:0:15:56, skri:0:15:59, rpr:0:16:1, vkdh:0:16:4, dure:0:16:11, bue:0:16:15, ndon:0:16:19, bxr:0:16:21, pwxp:0:16:26, csa:0:16:28, bqw:0:16:31, gmr:0:16:33, kkrh:0:16:36, bwh:0:16:38, usk:0:16:40, dln:0:16:43, drv:0:16:47, zna:0:16:51, bhcl:0:16:54, dha:0:16:58, tlam:0:17:3, sld:0:17:6, kca:0:17:11, mgs:0:17:17]
Start Used memory is megabytes: 1628
Best Path till now cost : 127.0 >> [source, pnbe:1:21:49, scy:1:21:51, pws:1:21:53, dnr:1:21:55, neo:1:21:59, gnhi:1:22:1, sde:1:22:3, patl:1:22:4, bta:1:22:6, pail:1:22:9, kwr:1:22:11, kua:1:22:13, ara:1:22:19, jgwl:1:22:21, krs:1:22:25, xsan:1:22:29, rnte:1:22:29, bea:1:22:32, asjp:1:22:34, byn:1:22:35, skri:1:22:38, rpr:1:22:40, vkdh:1:22:43, dure:1:22:50, bue:1:22:54, ndon:1:22:58, bxr:1:23:0, pwxp:1:23:5, csa:1:23:7, bqw:1:23:10, gmr:1:23:12, kkrh:1:23:15, bwh:1:23:17, usk:1:23:19, dln:1:23:22, drv:1:23:26, zna:1:23:30, bhcl:1:23:33, dha:1:23:37, tlam:1:23:42, sld:1:23:45, kca:1:23:50, mgs:1:23:56, dest]
Start Used memory is megabytes: 1628
Accepted Path found :[source, pnbe:1:21:49, scy:1:21:51, pws:1:21:53, dnr:1:21:55, neo:1:21:59, gnhi:1:22:1, sde:1:22:3, patl:1:22:4, bta:1:22:6, pail:1:22:9, kwr:1:22:11, kua:1:22:13, ara:1:22:19, jgwl:1:22:21, krs:1:22:25, xsan:1:22:29, rnte:1:22:29, bea:1:22:32, asjp:1:22:34, byn:1:22:35, skri:1:22:38, rpr:1:22:40, vkdh:1:22:43, dure:1:22:50, bue:1:22:54, ndon:1:22:58, bxr:1:23:0, pwxp:1:23:5, csa:1:23:7, bqw:1:23:10, gmr:1:23:12, kkrh:1:23:15, bwh:1:23:17, usk:1:23:19, dln:1:23:22, drv:1:23:26, zna:1:23:30, bhcl:1:23:33, dha:1:23:37, tlam:1:23:42, sld:1:23:45, kca:1:23:50, mgs:1:23:56, dest] cost: 127.0
Accepted Path found :[source, pnbe:0:15:9, scy:0:15:11, pws:0:15:13, dnr:0:15:15, neo:0:15:19, gnhi:0:15:21, sde:0:15:23, patl:0:15:24, bta:0:15:26, pail:0:15:29, kwr:0:15:31, kua:0:15:33, ara:0:15:39, jgwl:0:15:41, krs:0:15:45, xsan:0:15:49, rnte:0:15:49, bea:0:15:52, asjp:0:15:54, byn:0:15:55, skri:0:15:58, rpr:0:16:0, vkdh:0:16:3, dure:0:16:10, bue:0:16:14, ndon:0:16:18, bxr:0:16:20, pwxp:0:16:25, csa:0:16:27, bqw:0:16:30, gmr:0:16:32, kkrh:0:16:35, bwh:0:16:37, usk:0:16:39, dln:0:16:42, drv:0:16:46, zna:0:16:50, bhcl:0:16:53, dha:0:16:57, tlam:0:17:2, sld:0:17:5, kca:0:17:10, mgs:0:17:16, dest] cost: 127.0
Accepted Path found :[source, pnbe:3:15:9, scy:3:15:11, pws:3:15:13, dnr:3:15:15, neo:3:15:19, gnhi:3:15:21, sde:3:15:23, patl:3:15:24, bta:3:15:26, pail:3:15:29, kwr:3:15:31, kua:3:15:33, ara:3:15:39, jgwl:3:15:41, krs:3:15:45, xsan:3:15:49, rnte:3:15:49, bea:3:15:52, asjp:3:15:54, byn:3:15:55, skri:3:15:58, rpr:3:16:0, vkdh:3:16:3, dure:3:16:10, bue:3:16:14, ndon:3:16:18, bxr:3:16:20, pwxp:3:16:25, csa:3:16:27, bqw:3:16:30, gmr:3:16:32, kkrh:3:16:35, bwh:3:16:37, usk:3:16:39, dln:3:16:42, drv:3:16:46, zna:3:16:50, bhcl:3:16:53, dha:3:16:57, tlam:3:17:2, sld:3:17:5, kca:3:17:10, mgs:3:17:16, dest] cost: 127.0
Accepted Path found :[source, pnbe:1:21:30, scy:1:21:32, pws:1:21:34, dnr:1:21:36, neo:1:21:40, gnhi:1:21:42, sde:1:21:44, patl:1:21:45, bta:1:21:47, pail:1:21:50, kwr:1:21:52, kua:1:21:54, ara:1:22:0, jgwl:1:22:2, krs:1:22:6, xsan:1:22:10, rnte:1:22:10, bea:1:22:13, asjp:1:22:15, byn:1:22:16, skri:1:22:19, rpr:1:22:21, vkdh:1:22:24, dure:1:22:31, bue:1:22:35, ndon:1:22:39, bxr:1:22:41, pwxp:1:22:46, csa:1:22:48, bqw:1:22:51, gmr:1:22:53, kkrh:1:22:56, bwh:1:22:58, usk:1:23:0, dln:1:23:3, drv:1:23:7, zna:1:23:11, bhcl:1:23:14, dha:1:23:18, tlam:1:23:23, sld:1:23:26, kca:1:23:31, mgs:1:23:37, dest] cost: 127.0
Accepted Path found :[source, pnbe:2:14:45, scy:2:14:47, pws:2:14:49, dnr:2:14:51, neo:2:14:55, gnhi:2:14:57, sde:2:14:59, patl:2:15:0, bta:2:15:2, pail:2:15:5, kwr:2:15:7, kua:2:15:9, ara:2:15:15, jgwl:2:15:17, krs:2:15:21, xsan:2:15:25, rnte:2:15:25, bea:2:15:28, asjp:2:15:30, byn:2:15:31, skri:2:15:34, rpr:2:15:36, vkdh:2:15:39, dure:2:15:46, bue:2:15:50, ndon:2:15:54, bxr:2:15:56, pwxp:2:16:1, csa:2:16:3, bqw:2:16:6, gmr:2:16:8, kkrh:2:16:11, bwh:2:16:13, usk:2:16:15, dln:2:16:18, drv:2:16:22, zna:2:16:26, bhcl:2:16:29, dha:2:16:33, tlam:2:16:38, sld:2:16:41, kca:2:16:46, mgs:2:16:52, dest] cost: 127.0
Accepted Path found :[source, pnbe:0:21:28, scy:0:21:30, pws:0:21:32, dnr:0:21:34, neo:0:21:38, gnhi:0:21:40, sde:0:21:42, patl:0:21:43, bta:0:21:45, pail:0:21:48, kwr:0:21:50, kua:0:21:52, ara:0:21:58, jgwl:0:22:0, krs:0:22:4, xsan:0:22:8, rnte:0:22:8, bea:0:22:11, asjp:0:22:13, byn:0:22:14, skri:0:22:17, rpr:0:22:19, vkdh:0:22:22, dure:0:22:29, bue:0:22:33, ndon:0:22:37, bxr:0:22:39, pwxp:0:22:44, csa:0:22:46, bqw:0:22:49, gmr:0:22:51, kkrh:0:22:54, bwh:0:22:56, usk:0:22:58, dln:0:23:1, drv:0:23:5, zna:0:23:9, bhcl:0:23:12, dha:0:23:16, tlam:0:23:21, sld:0:23:24, kca:0:23:29, mgs:0:23:35, dest] cost: 127.0
Accepted Path found :[source, pnbe:4:21:37, scy:4:21:39, pws:4:21:41, dnr:4:21:43, neo:4:21:47, gnhi:4:21:49, sde:4:21:51, patl:4:21:52, bta:4:21:54, pail:4:21:57, kwr:4:21:59, kua:4:22:1, ara:4:22:7, jgwl:4:22:9, krs:4:22:13, xsan:4:22:17, rnte:4:22:17, bea:4:22:20, asjp:4:22:22, byn:4:22:23, skri:4:22:26, rpr:4:22:28, vkdh:4:22:31, dure:4:22:38, bue:4:22:42, ndon:4:22:46, bxr:4:22:48, pwxp:4:22:53, csa:4:22:55, bqw:4:22:58, gmr:4:23:0, kkrh:4:23:3, bwh:4:23:5, usk:4:23:7, dln:4:23:10, drv:4:23:14, zna:4:23:18, bhcl:4:23:21, dha:4:23:25, tlam:4:23:30, sld:4:23:33, kca:4:23:38, mgs:4:23:44, dest] cost: 127.0
Accepted Path found :[source, pnbe:1:1:23, scy:1:1:25, pws:1:1:27, dnr:1:1:29, neo:1:1:33, gnhi:1:1:35, sde:1:1:37, patl:1:1:38, bta:1:1:40, pail:1:1:43, kwr:1:1:45, kua:1:1:47, ara:1:1:53, jgwl:1:1:55, krs:1:1:59, xsan:1:2:3, rnte:1:2:3, bea:1:2:6, asjp:1:2:8, byn:1:2:9, skri:1:2:12, rpr:1:2:14, vkdh:1:2:17, dure:1:2:24, bue:1:2:28, ndon:1:2:32, bxr:1:2:34, pwxp:1:2:39, csa:1:2:41, bqw:1:2:44, gmr:1:2:46, kkrh:1:2:49, bwh:1:2:51, usk:1:2:53, dln:1:2:56, drv:1:3:0, zna:1:3:4, bhcl:1:3:7, dha:1:3:11, tlam:1:3:16, sld:1:3:19, kca:1:3:24, mgs:1:3:30, dest] cost: 127.0
Accepted Path found :[source, pnbe:2:15:8, scy:2:15:10, pws:2:15:12, dnr:2:15:14, neo:2:15:18, gnhi:2:15:20, sde:2:15:22, patl:2:15:23, bta:2:15:25, pail:2:15:28, kwr:2:15:30, kua:2:15:32, ara:2:15:38, jgwl:2:15:40, krs:2:15:44, xsan:2:15:48, rnte:2:15:48, bea:2:15:51, asjp:2:15:53, byn:2:15:54, skri:2:15:57, rpr:2:15:59, vkdh:2:16:2, dure:2:16:9, bue:2:16:13, ndon:2:16:17, bxr:2:16:19, pwxp:2:16:24, csa:2:16:26, bqw:2:16:29, gmr:2:16:31, kkrh:2:16:34, bwh:2:16:36, usk:2:16:38, dln:2:16:41, drv:2:16:45, zna:2:16:49, bhcl:2:16:52, dha:2:16:56, tlam:2:17:1, sld:2:17:4, kca:2:17:9, mgs:2:17:15, dest] cost: 127.0
Accepted Path found :[source, pnbe:4:1:27, scy:4:1:29, pws:4:1:31, dnr:4:1:33, neo:4:1:37, gnhi:4:1:39, sde:4:1:41, patl:4:1:42, bta:4:1:44, pail:4:1:47, kwr:4:1:49, kua:4:1:51, ara:4:1:57, jgwl:4:1:59, krs:4:2:3, xsan:4:2:7, rnte:4:2:7, bea:4:2:10, asjp:4:2:12, byn:4:2:13, skri:4:2:16, rpr:4:2:18, vkdh:4:2:21, dure:4:2:28, bue:4:2:32, ndon:4:2:36, bxr:4:2:38, pwxp:4:2:43, csa:4:2:45, bqw:4:2:48, gmr:4:2:50, kkrh:4:2:53, bwh:4:2:55, usk:4:2:57, dln:4:3:0, drv:4:3:4, zna:4:3:8, bhcl:4:3:11, dha:4:3:15, tlam:4:3:20, sld:4:3:23, kca:4:3:28, mgs:4:3:34, dest] cost: 127.0
Heap Number of paths found [[source, pnbe:1:21:49, scy:1:21:51, pws:1:21:53, dnr:1:21:55, neo:1:21:59, gnhi:1:22:1, sde:1:22:3, patl:1:22:4, bta:1:22:6, pail:1:22:9, kwr:1:22:11, kua:1:22:13, ara:1:22:19, jgwl:1:22:21, krs:1:22:25, xsan:1:22:29, rnte:1:22:29, bea:1:22:32, asjp:1:22:34, byn:1:22:35, skri:1:22:38, rpr:1:22:40, vkdh:1:22:43, dure:1:22:50, bue:1:22:54, ndon:1:22:58, bxr:1:23:0, pwxp:1:23:5, csa:1:23:7, bqw:1:23:10, gmr:1:23:12, kkrh:1:23:15, bwh:1:23:17, usk:1:23:19, dln:1:23:22, drv:1:23:26, zna:1:23:30, bhcl:1:23:33, dha:1:23:37, tlam:1:23:42, sld:1:23:45, kca:1:23:50, mgs:1:23:56, dest], [source, pnbe:0:15:9, scy:0:15:11, pws:0:15:13, dnr:0:15:15, neo:0:15:19, gnhi:0:15:21, sde:0:15:23, patl:0:15:24, bta:0:15:26, pail:0:15:29, kwr:0:15:31, kua:0:15:33, ara:0:15:39, jgwl:0:15:41, krs:0:15:45, xsan:0:15:49, rnte:0:15:49, bea:0:15:52, asjp:0:15:54, byn:0:15:55, skri:0:15:58, rpr:0:16:0, vkdh:0:16:3, dure:0:16:10, bue:0:16:14, ndon:0:16:18, bxr:0:16:20, pwxp:0:16:25, csa:0:16:27, bqw:0:16:30, gmr:0:16:32, kkrh:0:16:35, bwh:0:16:37, usk:0:16:39, dln:0:16:42, drv:0:16:46, zna:0:16:50, bhcl:0:16:53, dha:0:16:57, tlam:0:17:2, sld:0:17:5, kca:0:17:10, mgs:0:17:16, dest], [source, pnbe:3:15:9, scy:3:15:11, pws:3:15:13, dnr:3:15:15, neo:3:15:19, gnhi:3:15:21, sde:3:15:23, patl:3:15:24, bta:3:15:26, pail:3:15:29, kwr:3:15:31, kua:3:15:33, ara:3:15:39, jgwl:3:15:41, krs:3:15:45, xsan:3:15:49, rnte:3:15:49, bea:3:15:52, asjp:3:15:54, byn:3:15:55, skri:3:15:58, rpr:3:16:0, vkdh:3:16:3, dure:3:16:10, bue:3:16:14, ndon:3:16:18, bxr:3:16:20, pwxp:3:16:25, csa:3:16:27, bqw:3:16:30, gmr:3:16:32, kkrh:3:16:35, bwh:3:16:37, usk:3:16:39, dln:3:16:42, drv:3:16:46, zna:3:16:50, bhcl:3:16:53, dha:3:16:57, tlam:3:17:2, sld:3:17:5, kca:3:17:10, mgs:3:17:16, dest], [source, pnbe:1:21:30, scy:1:21:32, pws:1:21:34, dnr:1:21:36, neo:1:21:40, gnhi:1:21:42, sde:1:21:44, patl:1:21:45, bta:1:21:47, pail:1:21:50, kwr:1:21:52, kua:1:21:54, ara:1:22:0, jgwl:1:22:2, krs:1:22:6, xsan:1:22:10, rnte:1:22:10, bea:1:22:13, asjp:1:22:15, byn:1:22:16, skri:1:22:19, rpr:1:22:21, vkdh:1:22:24, dure:1:22:31, bue:1:22:35, ndon:1:22:39, bxr:1:22:41, pwxp:1:22:46, csa:1:22:48, bqw:1:22:51, gmr:1:22:53, kkrh:1:22:56, bwh:1:22:58, usk:1:23:0, dln:1:23:3, drv:1:23:7, zna:1:23:11, bhcl:1:23:14, dha:1:23:18, tlam:1:23:23, sld:1:23:26, kca:1:23:31, mgs:1:23:37, dest], [source, pnbe:2:14:45, scy:2:14:47, pws:2:14:49, dnr:2:14:51, neo:2:14:55, gnhi:2:14:57, sde:2:14:59, patl:2:15:0, bta:2:15:2, pail:2:15:5, kwr:2:15:7, kua:2:15:9, ara:2:15:15, jgwl:2:15:17, krs:2:15:21, xsan:2:15:25, rnte:2:15:25, bea:2:15:28, asjp:2:15:30, byn:2:15:31, skri:2:15:34, rpr:2:15:36, vkdh:2:15:39, dure:2:15:46, bue:2:15:50, ndon:2:15:54, bxr:2:15:56, pwxp:2:16:1, csa:2:16:3, bqw:2:16:6, gmr:2:16:8, kkrh:2:16:11, bwh:2:16:13, usk:2:16:15, dln:2:16:18, drv:2:16:22, zna:2:16:26, bhcl:2:16:29, dha:2:16:33, tlam:2:16:38, sld:2:16:41, kca:2:16:46, mgs:2:16:52, dest], [source, pnbe:0:21:28, scy:0:21:30, pws:0:21:32, dnr:0:21:34, neo:0:21:38, gnhi:0:21:40, sde:0:21:42, patl:0:21:43, bta:0:21:45, pail:0:21:48, kwr:0:21:50, kua:0:21:52, ara:0:21:58, jgwl:0:22:0, krs:0:22:4, xsan:0:22:8, rnte:0:22:8, bea:0:22:11, asjp:0:22:13, byn:0:22:14, skri:0:22:17, rpr:0:22:19, vkdh:0:22:22, dure:0:22:29, bue:0:22:33, ndon:0:22:37, bxr:0:22:39, pwxp:0:22:44, csa:0:22:46, bqw:0:22:49, gmr:0:22:51, kkrh:0:22:54, bwh:0:22:56, usk:0:22:58, dln:0:23:1, drv:0:23:5, zna:0:23:9, bhcl:0:23:12, dha:0:23:16, tlam:0:23:21, sld:0:23:24, kca:0:23:29, mgs:0:23:35, dest], [source, pnbe:4:21:37, scy:4:21:39, pws:4:21:41, dnr:4:21:43, neo:4:21:47, gnhi:4:21:49, sde:4:21:51, patl:4:21:52, bta:4:21:54, pail:4:21:57, kwr:4:21:59, kua:4:22:1, ara:4:22:7, jgwl:4:22:9, krs:4:22:13, xsan:4:22:17, rnte:4:22:17, bea:4:22:20, asjp:4:22:22, byn:4:22:23, skri:4:22:26, rpr:4:22:28, vkdh:4:22:31, dure:4:22:38, bue:4:22:42, ndon:4:22:46, bxr:4:22:48, pwxp:4:22:53, csa:4:22:55, bqw:4:22:58, gmr:4:23:0, kkrh:4:23:3, bwh:4:23:5, usk:4:23:7, dln:4:23:10, drv:4:23:14, zna:4:23:18, bhcl:4:23:21, dha:4:23:25, tlam:4:23:30, sld:4:23:33, kca:4:23:38, mgs:4:23:44, dest], [source, pnbe:1:1:23, scy:1:1:25, pws:1:1:27, dnr:1:1:29, neo:1:1:33, gnhi:1:1:35, sde:1:1:37, patl:1:1:38, bta:1:1:40, pail:1:1:43, kwr:1:1:45, kua:1:1:47, ara:1:1:53, jgwl:1:1:55, krs:1:1:59, xsan:1:2:3, rnte:1:2:3, bea:1:2:6, asjp:1:2:8, byn:1:2:9, skri:1:2:12, rpr:1:2:14, vkdh:1:2:17, dure:1:2:24, bue:1:2:28, ndon:1:2:32, bxr:1:2:34, pwxp:1:2:39, csa:1:2:41, bqw:1:2:44, gmr:1:2:46, kkrh:1:2:49, bwh:1:2:51, usk:1:2:53, dln:1:2:56, drv:1:3:0, zna:1:3:4, bhcl:1:3:7, dha:1:3:11, tlam:1:3:16, sld:1:3:19, kca:1:3:24, mgs:1:3:30, dest], [source, pnbe:2:15:8, scy:2:15:10, pws:2:15:12, dnr:2:15:14, neo:2:15:18, gnhi:2:15:20, sde:2:15:22, patl:2:15:23, bta:2:15:25, pail:2:15:28, kwr:2:15:30, kua:2:15:32, ara:2:15:38, jgwl:2:15:40, krs:2:15:44, xsan:2:15:48, rnte:2:15:48, bea:2:15:51, asjp:2:15:53, byn:2:15:54, skri:2:15:57, rpr:2:15:59, vkdh:2:16:2, dure:2:16:9, bue:2:16:13, ndon:2:16:17, bxr:2:16:19, pwxp:2:16:24, csa:2:16:26, bqw:2:16:29, gmr:2:16:31, kkrh:2:16:34, bwh:2:16:36, usk:2:16:38, dln:2:16:41, drv:2:16:45, zna:2:16:49, bhcl:2:16:52, dha:2:16:56, tlam:2:17:1, sld:2:17:4, kca:2:17:9, mgs:2:17:15, dest], [source, pnbe:4:1:27, scy:4:1:29, pws:4:1:31, dnr:4:1:33, neo:4:1:37, gnhi:4:1:39, sde:4:1:41, patl:4:1:42, bta:4:1:44, pail:4:1:47, kwr:4:1:49, kua:4:1:51, ara:4:1:57, jgwl:4:1:59, krs:4:2:3, xsan:4:2:7, rnte:4:2:7, bea:4:2:10, asjp:4:2:12, byn:4:2:13, skri:4:2:16, rpr:4:2:18, vkdh:4:2:21, dure:4:2:28, bue:4:2:32, ndon:4:2:36, bxr:4:2:38, pwxp:4:2:43, csa:4:2:45, bqw:4:2:48, gmr:4:2:50, kkrh:4:2:53, bwh:4:2:55, usk:4:2:57, dln:4:3:0, drv:4:3:4, zna:4:3:8, bhcl:4:3:11, dha:4:3:15, tlam:4:3:20, sld:4:3:23, kca:4:3:28, mgs:4:3:34, dest]]
Rejected paths:1
Duration: 3100107 ms
10	127.0	127.0	127.0	127.0	127.0	127.0	127.0	127.0	127.0	127.0
---------------------------------------------------------------------------------------------------------
10
[source, pnbe:1:21:49, scy:1:21:51, pws:1:21:53, dnr:1:21:55, neo:1:21:59, gnhi:1:22:1, sde:1:22:3, patl:1:22:4, bta:1:22:6, pail:1:22:9, kwr:1:22:11, kua:1:22:13, ara:1:22:19, jgwl:1:22:21, krs:1:22:25, xsan:1:22:29, rnte:1:22:29, bea:1:22:32, asjp:1:22:34, byn:1:22:35, skri:1:22:38, rpr:1:22:40, vkdh:1:22:43, dure:1:22:50, bue:1:22:54, ndon:1:22:58, bxr:1:23:0, pwxp:1:23:5, csa:1:23:7, bqw:1:23:10, gmr:1:23:12, kkrh:1:23:15, bwh:1:23:17, usk:1:23:19, dln:1:23:22, drv:1:23:26, zna:1:23:30, bhcl:1:23:33, dha:1:23:37, tlam:1:23:42, sld:1:23:45, kca:1:23:50, mgs:1:23:56, dest] cost: 127.0
[source, pnbe:0:15:9, scy:0:15:11, pws:0:15:13, dnr:0:15:15, neo:0:15:19, gnhi:0:15:21, sde:0:15:23, patl:0:15:24, bta:0:15:26, pail:0:15:29, kwr:0:15:31, kua:0:15:33, ara:0:15:39, jgwl:0:15:41, krs:0:15:45, xsan:0:15:49, rnte:0:15:49, bea:0:15:52, asjp:0:15:54, byn:0:15:55, skri:0:15:58, rpr:0:16:0, vkdh:0:16:3, dure:0:16:10, bue:0:16:14, ndon:0:16:18, bxr:0:16:20, pwxp:0:16:25, csa:0:16:27, bqw:0:16:30, gmr:0:16:32, kkrh:0:16:35, bwh:0:16:37, usk:0:16:39, dln:0:16:42, drv:0:16:46, zna:0:16:50, bhcl:0:16:53, dha:0:16:57, tlam:0:17:2, sld:0:17:5, kca:0:17:10, mgs:0:17:16, dest] cost: 127.0
[source, pnbe:3:15:9, scy:3:15:11, pws:3:15:13, dnr:3:15:15, neo:3:15:19, gnhi:3:15:21, sde:3:15:23, patl:3:15:24, bta:3:15:26, pail:3:15:29, kwr:3:15:31, kua:3:15:33, ara:3:15:39, jgwl:3:15:41, krs:3:15:45, xsan:3:15:49, rnte:3:15:49, bea:3:15:52, asjp:3:15:54, byn:3:15:55, skri:3:15:58, rpr:3:16:0, vkdh:3:16:3, dure:3:16:10, bue:3:16:14, ndon:3:16:18, bxr:3:16:20, pwxp:3:16:25, csa:3:16:27, bqw:3:16:30, gmr:3:16:32, kkrh:3:16:35, bwh:3:16:37, usk:3:16:39, dln:3:16:42, drv:3:16:46, zna:3:16:50, bhcl:3:16:53, dha:3:16:57, tlam:3:17:2, sld:3:17:5, kca:3:17:10, mgs:3:17:16, dest] cost: 127.0
[source, pnbe:1:21:30, scy:1:21:32, pws:1:21:34, dnr:1:21:36, neo:1:21:40, gnhi:1:21:42, sde:1:21:44, patl:1:21:45, bta:1:21:47, pail:1:21:50, kwr:1:21:52, kua:1:21:54, ara:1:22:0, jgwl:1:22:2, krs:1:22:6, xsan:1:22:10, rnte:1:22:10, bea:1:22:13, asjp:1:22:15, byn:1:22:16, skri:1:22:19, rpr:1:22:21, vkdh:1:22:24, dure:1:22:31, bue:1:22:35, ndon:1:22:39, bxr:1:22:41, pwxp:1:22:46, csa:1:22:48, bqw:1:22:51, gmr:1:22:53, kkrh:1:22:56, bwh:1:22:58, usk:1:23:0, dln:1:23:3, drv:1:23:7, zna:1:23:11, bhcl:1:23:14, dha:1:23:18, tlam:1:23:23, sld:1:23:26, kca:1:23:31, mgs:1:23:37, dest] cost: 127.0
[source, pnbe:2:14:45, scy:2:14:47, pws:2:14:49, dnr:2:14:51, neo:2:14:55, gnhi:2:14:57, sde:2:14:59, patl:2:15:0, bta:2:15:2, pail:2:15:5, kwr:2:15:7, kua:2:15:9, ara:2:15:15, jgwl:2:15:17, krs:2:15:21, xsan:2:15:25, rnte:2:15:25, bea:2:15:28, asjp:2:15:30, byn:2:15:31, skri:2:15:34, rpr:2:15:36, vkdh:2:15:39, dure:2:15:46, bue:2:15:50, ndon:2:15:54, bxr:2:15:56, pwxp:2:16:1, csa:2:16:3, bqw:2:16:6, gmr:2:16:8, kkrh:2:16:11, bwh:2:16:13, usk:2:16:15, dln:2:16:18, drv:2:16:22, zna:2:16:26, bhcl:2:16:29, dha:2:16:33, tlam:2:16:38, sld:2:16:41, kca:2:16:46, mgs:2:16:52, dest] cost: 127.0
[source, pnbe:0:21:28, scy:0:21:30, pws:0:21:32, dnr:0:21:34, neo:0:21:38, gnhi:0:21:40, sde:0:21:42, patl:0:21:43, bta:0:21:45, pail:0:21:48, kwr:0:21:50, kua:0:21:52, ara:0:21:58, jgwl:0:22:0, krs:0:22:4, xsan:0:22:8, rnte:0:22:8, bea:0:22:11, asjp:0:22:13, byn:0:22:14, skri:0:22:17, rpr:0:22:19, vkdh:0:22:22, dure:0:22:29, bue:0:22:33, ndon:0:22:37, bxr:0:22:39, pwxp:0:22:44, csa:0:22:46, bqw:0:22:49, gmr:0:22:51, kkrh:0:22:54, bwh:0:22:56, usk:0:22:58, dln:0:23:1, drv:0:23:5, zna:0:23:9, bhcl:0:23:12, dha:0:23:16, tlam:0:23:21, sld:0:23:24, kca:0:23:29, mgs:0:23:35, dest] cost: 127.0
[source, pnbe:4:21:37, scy:4:21:39, pws:4:21:41, dnr:4:21:43, neo:4:21:47, gnhi:4:21:49, sde:4:21:51, patl:4:21:52, bta:4:21:54, pail:4:21:57, kwr:4:21:59, kua:4:22:1, ara:4:22:7, jgwl:4:22:9, krs:4:22:13, xsan:4:22:17, rnte:4:22:17, bea:4:22:20, asjp:4:22:22, byn:4:22:23, skri:4:22:26, rpr:4:22:28, vkdh:4:22:31, dure:4:22:38, bue:4:22:42, ndon:4:22:46, bxr:4:22:48, pwxp:4:22:53, csa:4:22:55, bqw:4:22:58, gmr:4:23:0, kkrh:4:23:3, bwh:4:23:5, usk:4:23:7, dln:4:23:10, drv:4:23:14, zna:4:23:18, bhcl:4:23:21, dha:4:23:25, tlam:4:23:30, sld:4:23:33, kca:4:23:38, mgs:4:23:44, dest] cost: 127.0
[source, pnbe:1:1:23, scy:1:1:25, pws:1:1:27, dnr:1:1:29, neo:1:1:33, gnhi:1:1:35, sde:1:1:37, patl:1:1:38, bta:1:1:40, pail:1:1:43, kwr:1:1:45, kua:1:1:47, ara:1:1:53, jgwl:1:1:55, krs:1:1:59, xsan:1:2:3, rnte:1:2:3, bea:1:2:6, asjp:1:2:8, byn:1:2:9, skri:1:2:12, rpr:1:2:14, vkdh:1:2:17, dure:1:2:24, bue:1:2:28, ndon:1:2:32, bxr:1:2:34, pwxp:1:2:39, csa:1:2:41, bqw:1:2:44, gmr:1:2:46, kkrh:1:2:49, bwh:1:2:51, usk:1:2:53, dln:1:2:56, drv:1:3:0, zna:1:3:4, bhcl:1:3:7, dha:1:3:11, tlam:1:3:16, sld:1:3:19, kca:1:3:24, mgs:1:3:30, dest] cost: 127.0
[source, pnbe:2:15:8, scy:2:15:10, pws:2:15:12, dnr:2:15:14, neo:2:15:18, gnhi:2:15:20, sde:2:15:22, patl:2:15:23, bta:2:15:25, pail:2:15:28, kwr:2:15:30, kua:2:15:32, ara:2:15:38, jgwl:2:15:40, krs:2:15:44, xsan:2:15:48, rnte:2:15:48, bea:2:15:51, asjp:2:15:53, byn:2:15:54, skri:2:15:57, rpr:2:15:59, vkdh:2:16:2, dure:2:16:9, bue:2:16:13, ndon:2:16:17, bxr:2:16:19, pwxp:2:16:24, csa:2:16:26, bqw:2:16:29, gmr:2:16:31, kkrh:2:16:34, bwh:2:16:36, usk:2:16:38, dln:2:16:41, drv:2:16:45, zna:2:16:49, bhcl:2:16:52, dha:2:16:56, tlam:2:17:1, sld:2:17:4, kca:2:17:9, mgs:2:17:15, dest] cost: 127.0
[source, pnbe:4:1:27, scy:4:1:29, pws:4:1:31, dnr:4:1:33, neo:4:1:37, gnhi:4:1:39, sde:4:1:41, patl:4:1:42, bta:4:1:44, pail:4:1:47, kwr:4:1:49, kua:4:1:51, ara:4:1:57, jgwl:4:1:59, krs:4:2:3, xsan:4:2:7, rnte:4:2:7, bea:4:2:10, asjp:4:2:12, byn:4:2:13, skri:4:2:16, rpr:4:2:18, vkdh:4:2:21, dure:4:2:28, bue:4:2:32, ndon:4:2:36, bxr:4:2:38, pwxp:4:2:43, csa:4:2:45, bqw:4:2:48, gmr:4:2:50, kkrh:4:2:53, bwh:4:2:55, usk:4:2:57, dln:4:3:0, drv:4:3:4, zna:4:3:8, bhcl:4:3:11, dha:4:3:15, tlam:4:3:20, sld:4:3:23, kca:4:3:28, mgs:4:3:34, dest] cost: 127.0
