---------------------------------------------------------------------------------------------------------
2018/02/21 12:23:15
Avg speed: 60.0
Mode: Single Day
Train Day: 0
Max ratio: 1.3
***********************************************************************************
[0.0, 0.0, 3.9000000000000004, 7.800000000000001, 13.0, 20.8, 24.7, 29.900000000000002, 32.5, 35.1, 42.9, 46.800000000000004, 52.0, 63.7, 68.9, 76.7, 84.5, 87.10000000000001, 92.3, 97.5, 100.10000000000001, 105.3, 110.5, 117.0, 132.6, 141.70000000000002, 149.5, 153.4, 165.1, 167.70000000000002, 175.5, 179.4, 184.6, 189.8, 195.0, 200.20000000000002, 209.3, 218.4, 224.9, 234.0, 243.1, 252.20000000000002, 261.3, 275.6, 284.7, 292.5, 304.2, 317.2, 326.3, 336.7, 345.8, 357.5, 366.6, 382.2, 391.3, 403.0, 413.40000000000003, 423.8, 438.1, 449.8, 461.5, 461.5, 464.1, 473.2, 478.40000000000003, 484.90000000000003, 495.3, 501.8, 510.90000000000003, 521.3000000000001, 526.5, 535.6, 547.3000000000001, 556.4, 562.9, 570.7, 579.8000000000001, 590.2, 599.3000000000001, 611.0, 625.3000000000001, 634.4, 655.2, 665.6, 673.4, 681.2, 689.0, 696.8000000000001, 705.9, 711.1, 720.2, 726.7, 730.6, 741.0, 755.3000000000001, 768.3000000000001, 773.5, 777.4, 783.9, 795.6, 808.6, 816.4, 822.9, 834.6, 845.0, 856.7, 863.2, 868.4, 894.4, 907.4, 917.8000000000001, 928.2, 939.9, 952.9, 964.6, 978.9, 991.9, 1004.9000000000001, 1015.3000000000001, 1027.0, 1045.2, 1054.3, 1063.4, 1075.1000000000001, 1089.4, 1101.1000000000001, 1110.2, 1119.3, 1128.4, 1136.2, 1157.0, 1170.0, 1176.5, 1184.3, 1192.1000000000001, 1198.6000000000001, 1210.3, 1222.0, 1232.4, 1238.9, 1244.1000000000001, 1253.2, 1261.0, 1266.2, 1275.3, 1280.5, 1281.8, 1287.0, 1294.8, 1297.4, 1298.7, 1298.7]
Station size: 150
Initializing graph
Adding edge bw stations source->pnbe 2018/02/21 12:23:17
Start Used memory is megabytes: 41
Adding edge bw stations pnbe->scy 2018/02/21 12:23:17
Start Used memory is megabytes: 45
Adding edge bw stations scy->pws 2018/02/21 12:23:29
Start Used memory is megabytes: 105
Adding edge bw stations pws->dnr 2018/02/21 12:23:34
Start Used memory is megabytes: 214
Adding edge bw stations dnr->neo 2018/02/21 12:23:41
Start Used memory is megabytes: 173
Adding edge bw stations neo->gnhi 2018/02/21 12:23:46
Start Used memory is megabytes: 75
Adding edge bw stations gnhi->sde 2018/02/21 12:23:50
Start Used memory is megabytes: 238
Adding edge bw stations sde->patl 2018/02/21 12:23:54
Start Used memory is megabytes: 125
Adding edge bw stations patl->bta 2018/02/21 12:23:58
Start Used memory is megabytes: 286
Adding edge bw stations bta->pail 2018/02/21 12:24:02
Start Used memory is megabytes: 319
Adding edge bw stations pail->kwr 2018/02/21 12:24:05
Start Used memory is megabytes: 479
Adding edge bw stations kwr->kua 2018/02/21 12:24:10
Start Used memory is megabytes: 214
Adding edge bw stations kua->ara 2018/02/21 12:24:14
Start Used memory is megabytes: 170
Adding edge bw stations ara->jgwl 2018/02/21 12:24:19
Start Used memory is megabytes: 363
Adding edge bw stations jgwl->krs 2018/02/21 12:24:24
Start Used memory is megabytes: 391
Adding edge bw stations krs->xsan 2018/02/21 12:24:28
Start Used memory is megabytes: 154
Adding edge bw stations xsan->rnte 2018/02/21 12:24:33
Start Used memory is megabytes: 324
Adding edge bw stations rnte->bea 2018/02/21 12:24:38
Start Used memory is megabytes: 472
Adding edge bw stations bea->asjp 2018/02/21 12:24:42
Start Used memory is megabytes: 432
Adding edge bw stations asjp->byn 2018/02/21 12:24:47
Start Used memory is megabytes: 391
Adding edge bw stations byn->skri 2018/02/21 12:24:51
Start Used memory is megabytes: 541
