---------------------------------------------------------------------------------------------------------
2018/02/18 22:15:32
Avg speed: 60.0
Mode: Single Day
Train Day: 1
Max ratio: 1.3
***********************************************************************************
[0.0, 0.0, 3.9000000000000004, 7.800000000000001, 13.0, 20.8, 24.7, 29.900000000000002, 32.5, 35.1, 35.1]
Station size: 9
Initializing graph
Adding edge bw stations source->pnbe 2018/02/18 22:15:32
Start Used memory is megabytes: 654
Adding edge bw stations pnbe->scy 2018/02/18 22:15:32
Start Used memory is megabytes: 657
Adding edge bw stations scy->pws 2018/02/18 22:15:36
Start Used memory is megabytes: 1062
Adding edge bw stations pws->dnr 2018/02/18 22:15:39
Start Used memory is megabytes: 582
Adding edge bw stations dnr->neo 2018/02/18 22:15:42
Start Used memory is megabytes: 874
Adding edge bw stations neo->gnhi 2018/02/18 22:15:45
Start Used memory is megabytes: 958
Adding edge bw stations gnhi->sde 2018/02/18 22:15:48
Start Used memory is megabytes: 466
Adding edge bw stations sde->patl 2018/02/18 22:15:51
Start Used memory is megabytes: 761
Adding edge bw stations patl->bta 2018/02/18 22:15:54
Start Used memory is megabytes: 1268
Adding edge bw stations bta->dest 2018/02/18 22:15:57
Start Used memory is megabytes: 889
Edge size: 533548
Finding shortest path bw : source:1:12:12 >> dest
Best Path till now cost : 0.0 >> [source:1:12:12, pnbe:1:12:21]
Start Used memory is megabytes: 889
Best Path till now cost : 3.0 >> [source:1:12:12, pnbe:1:12:41, scy:1:12:44]
Start Used memory is megabytes: 890
Best Path till now cost : 6.0 >> [source:1:12:12, pnbe:1:12:12, scy:1:12:15, pws:1:12:18]
Start Used memory is megabytes: 891
Best Path till now cost : 10.0 >> [source:1:12:12, pnbe:1:12:46, scy:1:12:49, pws:1:12:52, dnr:1:12:56]
Start Used memory is megabytes: 892
Best Path till now cost : 16.0 >> [source:1:12:12, pnbe:1:12:46, scy:1:12:49, pws:1:12:52, dnr:1:12:56, neo:1:13:2]
Start Used memory is megabytes: 895
Best Path till now cost : 19.0 >> [source:1:12:12, pnbe:1:12:46, scy:1:12:49, pws:1:12:52, dnr:1:12:56, neo:1:13:2, gnhi:1:13:5]
Start Used memory is megabytes: 901
Best Path till now cost : 23.0 >> [source:1:12:12, pnbe:1:12:46, scy:1:12:49, pws:1:12:52, dnr:1:12:56, neo:1:13:2, gnhi:1:13:5, sde:1:13:9]
Start Used memory is megabytes: 907
Best Path till now cost : 25.0 >> [source:1:12:12, pnbe:1:12:46, scy:1:12:49, pws:1:12:52, dnr:1:12:56, neo:1:13:2, gnhi:1:13:5, sde:1:13:9, patl:1:13:11]
Start Used memory is megabytes: 913
Best Path till now cost : 27.0 >> [source:1:12:12, pnbe:1:12:46, scy:1:12:49, pws:1:12:52, dnr:1:12:56, neo:1:13:2, gnhi:1:13:5, sde:1:13:9, patl:1:13:11, bta:1:13:13]
Start Used memory is megabytes: 919
Best Path till now cost : 27.0 >> [source:1:12:12, pnbe:1:13:5, scy:1:13:8, pws:1:13:11, dnr:1:13:15, neo:1:13:21, gnhi:1:13:24, sde:1:13:28, patl:1:13:30, bta:1:13:32, dest]
Start Used memory is megabytes: 919
Accepted Path found :[source:1:12:12, pnbe:1:13:5, scy:1:13:8, pws:1:13:11, dnr:1:13:15, neo:1:13:21, gnhi:1:13:24, sde:1:13:28, patl:1:13:30, bta:1:13:32, dest] cost: 27.0
Accepted Path found :[source:1:12:12, pnbe:1:12:38, scy:1:12:41, pws:1:12:44, dnr:1:12:48, neo:1:12:54, gnhi:1:12:57, sde:1:13:1, patl:1:13:3, bta:1:13:5, dest] cost: 27.0
Accepted Path found :[source:1:12:12, pnbe:1:12:43, scy:1:12:46, pws:1:12:49, dnr:1:12:53, neo:1:12:59, gnhi:1:13:2, sde:1:13:6, patl:1:13:8, bta:1:13:10, dest] cost: 27.0
Accepted Path found :[source:1:12:12, pnbe:1:12:39, scy:1:12:42, pws:1:12:45, dnr:1:12:49, neo:1:12:55, gnhi:1:12:58, sde:1:13:2, patl:1:13:4, bta:1:13:6, dest] cost: 27.0
Accepted Path found :[source:1:12:12, pnbe:1:12:30, scy:1:12:33, pws:1:12:36, dnr:1:12:40, neo:1:12:46, gnhi:1:12:49, sde:1:12:53, patl:1:12:55, bta:1:12:57, dest] cost: 27.0
Accepted Path found :[source:1:12:12, pnbe:1:12:36, scy:1:12:39, pws:1:12:42, dnr:1:12:46, neo:1:12:52, gnhi:1:12:55, sde:1:12:59, patl:1:13:1, bta:1:13:3, dest] cost: 27.0
Accepted Path found :[source:1:12:12, pnbe:1:12:37, scy:1:12:40, pws:1:12:43, dnr:1:12:47, neo:1:12:53, gnhi:1:12:56, sde:1:13:0, patl:1:13:2, bta:1:13:4, dest] cost: 27.0
Accepted Path found :[source:1:12:12, pnbe:1:12:33, scy:1:12:36, pws:1:12:39, dnr:1:12:43, neo:1:12:49, gnhi:1:12:52, sde:1:12:56, patl:1:12:58, bta:1:13:0, dest] cost: 27.0
Accepted Path found :[source:1:12:12, pnbe:1:12:25, scy:1:12:28, pws:1:12:31, dnr:1:12:35, neo:1:12:41, gnhi:1:12:44, sde:1:12:48, patl:1:12:50, bta:1:12:52, dest] cost: 27.0
Accepted Path found :[source:1:12:12, pnbe:1:13:2, scy:1:13:5, pws:1:13:8, dnr:1:13:12, neo:1:13:18, gnhi:1:13:21, sde:1:13:25, patl:1:13:27, bta:1:13:29, dest] cost: 27.0
Heap Empty [[source:1:12:12, pnbe:1:13:5, scy:1:13:8, pws:1:13:11, dnr:1:13:15, neo:1:13:21, gnhi:1:13:24, sde:1:13:28, patl:1:13:30, bta:1:13:32, dest], [source:1:12:12, pnbe:1:12:38, scy:1:12:41, pws:1:12:44, dnr:1:12:48, neo:1:12:54, gnhi:1:12:57, sde:1:13:1, patl:1:13:3, bta:1:13:5, dest], [source:1:12:12, pnbe:1:12:43, scy:1:12:46, pws:1:12:49, dnr:1:12:53, neo:1:12:59, gnhi:1:13:2, sde:1:13:6, patl:1:13:8, bta:1:13:10, dest], [source:1:12:12, pnbe:1:12:39, scy:1:12:42, pws:1:12:45, dnr:1:12:49, neo:1:12:55, gnhi:1:12:58, sde:1:13:2, patl:1:13:4, bta:1:13:6, dest], [source:1:12:12, pnbe:1:12:30, scy:1:12:33, pws:1:12:36, dnr:1:12:40, neo:1:12:46, gnhi:1:12:49, sde:1:12:53, patl:1:12:55, bta:1:12:57, dest], [source:1:12:12, pnbe:1:12:36, scy:1:12:39, pws:1:12:42, dnr:1:12:46, neo:1:12:52, gnhi:1:12:55, sde:1:12:59, patl:1:13:1, bta:1:13:3, dest], [source:1:12:12, pnbe:1:12:37, scy:1:12:40, pws:1:12:43, dnr:1:12:47, neo:1:12:53, gnhi:1:12:56, sde:1:13:0, patl:1:13:2, bta:1:13:4, dest], [source:1:12:12, pnbe:1:12:33, scy:1:12:36, pws:1:12:39, dnr:1:12:43, neo:1:12:49, gnhi:1:12:52, sde:1:12:56, patl:1:12:58, bta:1:13:0, dest], [source:1:12:12, pnbe:1:12:25, scy:1:12:28, pws:1:12:31, dnr:1:12:35, neo:1:12:41, gnhi:1:12:44, sde:1:12:48, patl:1:12:50, bta:1:12:52, dest], [source:1:12:12, pnbe:1:13:2, scy:1:13:5, pws:1:13:8, dnr:1:13:12, neo:1:13:18, gnhi:1:13:21, sde:1:13:25, patl:1:13:27, bta:1:13:29, dest]]
Rejected paths:0
Duration: 25738 ms
10	27.0	27.0	27.0	27.0	27.0	27.0	27.0	27.0	27.0	27.0
---------------------------------------------------------------------------------------------------------
10
[source:1:12:12, pnbe:1:13:5, scy:1:13:8, pws:1:13:11, dnr:1:13:15, neo:1:13:21, gnhi:1:13:24, sde:1:13:28, patl:1:13:30, bta:1:13:32, dest] cost: 27.0
[source:1:12:12, pnbe:1:12:38, scy:1:12:41, pws:1:12:44, dnr:1:12:48, neo:1:12:54, gnhi:1:12:57, sde:1:13:1, patl:1:13:3, bta:1:13:5, dest] cost: 27.0
[source:1:12:12, pnbe:1:12:43, scy:1:12:46, pws:1:12:49, dnr:1:12:53, neo:1:12:59, gnhi:1:13:2, sde:1:13:6, patl:1:13:8, bta:1:13:10, dest] cost: 27.0
[source:1:12:12, pnbe:1:12:39, scy:1:12:42, pws:1:12:45, dnr:1:12:49, neo:1:12:55, gnhi:1:12:58, sde:1:13:2, patl:1:13:4, bta:1:13:6, dest] cost: 27.0
[source:1:12:12, pnbe:1:12:30, scy:1:12:33, pws:1:12:36, dnr:1:12:40, neo:1:12:46, gnhi:1:12:49, sde:1:12:53, patl:1:12:55, bta:1:12:57, dest] cost: 27.0
[source:1:12:12, pnbe:1:12:36, scy:1:12:39, pws:1:12:42, dnr:1:12:46, neo:1:12:52, gnhi:1:12:55, sde:1:12:59, patl:1:13:1, bta:1:13:3, dest] cost: 27.0
[source:1:12:12, pnbe:1:12:37, scy:1:12:40, pws:1:12:43, dnr:1:12:47, neo:1:12:53, gnhi:1:12:56, sde:1:13:0, patl:1:13:2, bta:1:13:4, dest] cost: 27.0
[source:1:12:12, pnbe:1:12:33, scy:1:12:36, pws:1:12:39, dnr:1:12:43, neo:1:12:49, gnhi:1:12:52, sde:1:12:56, patl:1:12:58, bta:1:13:0, dest] cost: 27.0
[source:1:12:12, pnbe:1:12:25, scy:1:12:28, pws:1:12:31, dnr:1:12:35, neo:1:12:41, gnhi:1:12:44, sde:1:12:48, patl:1:12:50, bta:1:12:52, dest] cost: 27.0
[source:1:12:12, pnbe:1:13:2, scy:1:13:5, pws:1:13:8, dnr:1:13:12, neo:1:13:18, gnhi:1:13:21, sde:1:13:25, patl:1:13:27, bta:1:13:29, dest] cost: 27.0
