---------------------------------------------------------------------------------------------------------
2018/02/18 21:01:15
Avg speed: 80.0
Mode: Single Day
Train Day: 0
Max ratio: 1.5
***********************************************************************************
[0.0, 0.0, 3.0, 7.5, 12.0, 18.0, 21.0, 21.0]
Station size: 6
Initializing graph
Adding edge bw stations source->pnbe 2018/02/18 21:01:17
Start Used memory is megabytes: 40
Adding edge bw stations pnbe->scy 2018/02/18 21:01:17
Start Used memory is megabytes: 41
Adding edge bw stations scy->pws 2018/02/18 21:01:26
Start Used memory is megabytes: 116
Adding edge bw stations pws->dnr 2018/02/18 21:01:33
Start Used memory is megabytes: 103
Adding edge bw stations dnr->neo 2018/02/18 21:01:40
Start Used memory is megabytes: 60
Adding edge bw stations neo->gnhi 2018/02/18 21:01:45
Start Used memory is megabytes: 217
Adding edge bw stations gnhi->dest 2018/02/18 21:01:49
Start Used memory is megabytes: 66
Edge size: 338816
Finding shortest path bw : source >> dest
Best Path till now cost : 0.0 >> [source, pnbe:0:4:11]
Start Used memory is megabytes: 67
Best Path till now cost : 2.0 >> [source, pnbe:0:4:29, scy:0:4:31]
Start Used memory is megabytes: 83
Best Path till now cost : 5.0 >> [source, pnbe:0:21:40, scy:0:21:42, pws:0:21:45]
Start Used memory is megabytes: 110
Best Path till now cost : 8.0 >> [source, pnbe:0:21:40, scy:0:21:42, pws:0:21:45, dnr:0:21:48]
Start Used memory is megabytes: 163
Best Path till now cost : 12.0 >> [source, pnbe:0:21:40, scy:0:21:42, pws:0:21:45, dnr:0:21:48, neo:0:21:52]
Start Used memory is megabytes: 119
Best Path till now cost : 14.0 >> [source, pnbe:0:21:40, scy:0:21:42, pws:0:21:45, dnr:0:21:48, neo:0:21:52, gnhi:0:21:54]
Start Used memory is megabytes: 145
Best Path till now cost : 14.0 >> [source, pnbe:0:21:40, scy:0:21:42, pws:0:21:45, dnr:0:21:48, neo:0:21:52, gnhi:0:21:54, dest]
Start Used memory is megabytes: 174
Accepted Path found :[source, pnbe:0:21:40, scy:0:21:42, pws:0:21:45, dnr:0:21:48, neo:0:21:52, gnhi:0:21:54, dest] cost: 14.0
Accepted Path found :[source, pnbe:0:13:17, scy:0:13:19, pws:0:13:22, dnr:0:13:25, neo:0:13:29, gnhi:0:13:31, dest] cost: 14.0
Accepted Path found :[source, pnbe:0:17:25, scy:0:17:27, pws:0:17:30, dnr:0:17:33, neo:0:17:37, gnhi:0:17:39, dest] cost: 14.0
Accepted Path found :[source, pnbe:0:7:53, scy:0:7:55, pws:0:7:58, dnr:0:8:1, neo:0:8:5, gnhi:0:8:7, dest] cost: 14.0
Accepted Path found :[source, pnbe:0:2:26, scy:0:2:28, pws:0:2:31, dnr:0:2:34, neo:0:2:38, gnhi:0:2:40, dest] cost: 14.0
Accepted Path found :[source, pnbe:0:17:54, scy:0:17:56, pws:0:17:59, dnr:0:18:2, neo:0:18:6, gnhi:0:18:8, dest] cost: 14.0
Accepted Path found :[source, pnbe:0:15:55, scy:0:15:57, pws:0:16:0, dnr:0:16:3, neo:0:16:7, gnhi:0:16:9, dest] cost: 14.0
Accepted Path found :[source, pnbe:0:13:35, scy:0:13:37, pws:0:13:40, dnr:0:13:43, neo:0:13:47, gnhi:0:13:49, dest] cost: 14.0
Accepted Path found :[source, pnbe:0:4:42, scy:0:4:44, pws:0:4:47, dnr:0:4:50, neo:0:4:54, gnhi:0:4:56, dest] cost: 14.0
Accepted Path found :[source, pnbe:0:19:51, scy:0:19:53, pws:0:19:56, dnr:0:19:59, neo:0:20:3, gnhi:0:20:5, dest] cost: 14.0
Accepted Path found :[source, pnbe:0:0:30, scy:0:0:32, pws:0:0:35, dnr:0:0:38, neo:0:0:42, gnhi:0:0:44, dest] cost: 14.0
Accepted Path found :[source, pnbe:0:20:28, scy:0:20:30, pws:0:20:33, dnr:0:20:36, neo:0:20:40, gnhi:0:20:42, dest] cost: 14.0
Accepted Path found :[source, pnbe:0:20:59, scy:0:21:1, pws:0:21:4, dnr:0:21:7, neo:0:21:11, gnhi:0:21:13, dest] cost: 14.0
Accepted Path found :[source, pnbe:0:14:55, scy:0:14:57, pws:0:15:0, dnr:0:15:3, neo:0:15:7, gnhi:0:15:9, dest] cost: 14.0
Accepted Path found :[source, pnbe:0:5:8, scy:0:5:10, pws:0:5:13, dnr:0:5:16, neo:0:5:20, gnhi:0:5:22, dest] cost: 14.0
Accepted Path found :[source, pnbe:0:12:39, scy:0:12:41, pws:0:12:44, dnr:0:12:47, neo:0:12:51, gnhi:0:12:53, dest] cost: 14.0
Accepted Path found :[source, pnbe:0:7:23, scy:0:7:25, pws:0:7:28, dnr:0:7:31, neo:0:7:35, gnhi:0:7:37, dest] cost: 14.0
Accepted Path found :[source, pnbe:0:22:16, scy:0:22:18, pws:0:22:21, dnr:0:22:24, neo:0:22:28, gnhi:0:22:30, dest] cost: 14.0
Accepted Path found :[source, pnbe:0:4:21, scy:0:4:23, pws:0:4:26, dnr:0:4:29, neo:0:4:33, gnhi:0:4:35, dest] cost: 14.0
Accepted Path found :[source, pnbe:0:6:49, scy:0:6:51, pws:0:6:54, dnr:0:6:57, neo:0:7:1, gnhi:0:7:3, dest] cost: 14.0
Heap Empty [[source, pnbe:0:21:40, scy:0:21:42, pws:0:21:45, dnr:0:21:48, neo:0:21:52, gnhi:0:21:54, dest], [source, pnbe:0:13:17, scy:0:13:19, pws:0:13:22, dnr:0:13:25, neo:0:13:29, gnhi:0:13:31, dest], [source, pnbe:0:17:25, scy:0:17:27, pws:0:17:30, dnr:0:17:33, neo:0:17:37, gnhi:0:17:39, dest], [source, pnbe:0:7:53, scy:0:7:55, pws:0:7:58, dnr:0:8:1, neo:0:8:5, gnhi:0:8:7, dest], [source, pnbe:0:2:26, scy:0:2:28, pws:0:2:31, dnr:0:2:34, neo:0:2:38, gnhi:0:2:40, dest], [source, pnbe:0:17:54, scy:0:17:56, pws:0:17:59, dnr:0:18:2, neo:0:18:6, gnhi:0:18:8, dest], [source, pnbe:0:15:55, scy:0:15:57, pws:0:16:0, dnr:0:16:3, neo:0:16:7, gnhi:0:16:9, dest], [source, pnbe:0:13:35, scy:0:13:37, pws:0:13:40, dnr:0:13:43, neo:0:13:47, gnhi:0:13:49, dest], [source, pnbe:0:4:42, scy:0:4:44, pws:0:4:47, dnr:0:4:50, neo:0:4:54, gnhi:0:4:56, dest], [source, pnbe:0:19:51, scy:0:19:53, pws:0:19:56, dnr:0:19:59, neo:0:20:3, gnhi:0:20:5, dest], [source, pnbe:0:0:30, scy:0:0:32, pws:0:0:35, dnr:0:0:38, neo:0:0:42, gnhi:0:0:44, dest], [source, pnbe:0:20:28, scy:0:20:30, pws:0:20:33, dnr:0:20:36, neo:0:20:40, gnhi:0:20:42, dest], [source, pnbe:0:20:59, scy:0:21:1, pws:0:21:4, dnr:0:21:7, neo:0:21:11, gnhi:0:21:13, dest], [source, pnbe:0:14:55, scy:0:14:57, pws:0:15:0, dnr:0:15:3, neo:0:15:7, gnhi:0:15:9, dest], [source, pnbe:0:5:8, scy:0:5:10, pws:0:5:13, dnr:0:5:16, neo:0:5:20, gnhi:0:5:22, dest], [source, pnbe:0:12:39, scy:0:12:41, pws:0:12:44, dnr:0:12:47, neo:0:12:51, gnhi:0:12:53, dest], [source, pnbe:0:7:23, scy:0:7:25, pws:0:7:28, dnr:0:7:31, neo:0:7:35, gnhi:0:7:37, dest], [source, pnbe:0:22:16, scy:0:22:18, pws:0:22:21, dnr:0:22:24, neo:0:22:28, gnhi:0:22:30, dest], [source, pnbe:0:4:21, scy:0:4:23, pws:0:4:26, dnr:0:4:29, neo:0:4:33, gnhi:0:4:35, dest], [source, pnbe:0:6:49, scy:0:6:51, pws:0:6:54, dnr:0:6:57, neo:0:7:1, gnhi:0:7:3, dest]]
Rejected paths:30
Duration: 35602 ms
20	14.0	14.0	14.0	14.0	14.0	14.0	14.0	14.0	14.0	14.0	14.0	14.0	14.0	14.0	14.0	14.0	14.0	14.0	14.0	14.0
---------------------------------------------------------------------------------------------------------
---------------------------------------------------------------------------------------------------------
2018/02/18 21:01:50
Avg speed: 80.0
Mode: Single Day
Train Day: 0
Max ratio: 1.5
***********************************************************************************
[60.0, 60.0, 66.0, 67.5, 70.5, 70.5]
Station size: 4
Initializing graph
Adding edge bw stations source->gnhi 2018/02/18 21:01:51
Start Used memory is megabytes: 214
Adding edge bw stations gnhi->sde 2018/02/18 21:01:51
Start Used memory is megabytes: 217
Adding edge bw stations sde->patl 2018/02/18 21:01:55
Start Used memory is megabytes: 456
Adding edge bw stations patl->bta 2018/02/18 21:01:58
Start Used memory is megabytes: 419
Adding edge bw stations bta->dest 2018/02/18 21:02:02
Start Used memory is megabytes: 312
Edge size: 213283
Finding shortest path bw : source:0:21:54 >> dest
Best Path till now cost : 0.0 >> [source:0:21:54, gnhi:0:21:54]
Start Used memory is megabytes: 313
Best Path till now cost : 4.0 >> [source:0:21:54, gnhi:0:21:54, sde:0:21:58]
Start Used memory is megabytes: 313
Best Path till now cost : 5.0 >> [source:0:21:54, gnhi:0:21:54, sde:0:21:58, patl:0:21:59]
Start Used memory is megabytes: 313
Best Path till now cost : 7.0 >> [source:0:21:54, gnhi:0:21:54, sde:0:21:58, patl:0:21:59, bta:0:22:1]
Start Used memory is megabytes: 313
Best Path till now cost : 7.0 >> [source:0:21:54, gnhi:0:21:54, sde:0:21:58, patl:0:21:59, bta:0:22:1, dest]
Start Used memory is megabytes: 313
Accepted Path found :[source:0:21:54, gnhi:0:21:54, sde:0:21:58, patl:0:21:59, bta:0:22:1, dest] cost: 7.0
Heap Empty [[source:0:21:54, gnhi:0:21:54, sde:0:21:58, patl:0:21:59, bta:0:22:1, dest]]
Rejected paths:0
Duration: 11121 ms
1	7.0
---------------------------------------------------------------------------------------------------------
Accepted Path Found : [source, pnbe:0:21:40, scy:0:21:42, pws:0:21:45, dnr:0:21:48, neo:0:21:52, gnhi:0:21:54, sde:0:21:58, patl:0:21:59, bta:0:22:1, dest] cost: 21.0
---------------------------------------------------------------------------------------------------------
2018/02/18 21:02:02
Avg speed: 80.0
Mode: Single Day
Train Day: 0
Max ratio: 1.5
***********************************************************************************
[60.0, 60.0, 66.0, 67.5, 70.5, 70.5]
Station size: 4
Initializing graph
Adding edge bw stations source->gnhi 2018/02/18 21:02:02
Start Used memory is megabytes: 552
Adding edge bw stations gnhi->sde 2018/02/18 21:02:02
Start Used memory is megabytes: 554
Adding edge bw stations sde->patl 2018/02/18 21:02:05
Start Used memory is megabytes: 260
Adding edge bw stations patl->bta 2018/02/18 21:02:08
Start Used memory is megabytes: 228
Adding edge bw stations bta->dest 2018/02/18 21:02:11
Start Used memory is megabytes: 666
Edge size: 213283
Finding shortest path bw : source:0:13:31 >> dest
Best Path till now cost : 0.0 >> [source:0:13:31, gnhi:0:13:31]
Start Used memory is megabytes: 666
Best Path till now cost : 4.0 >> [source:0:13:31, gnhi:0:13:31, sde:0:13:35]
Start Used memory is megabytes: 666
Best Path till now cost : 5.0 >> [source:0:13:31, gnhi:0:13:31, sde:0:13:35, patl:0:13:36]
Start Used memory is megabytes: 666
Best Path till now cost : 7.0 >> [source:0:13:31, gnhi:0:13:31, sde:0:13:35, patl:0:13:36, bta:0:13:38]
Start Used memory is megabytes: 666
Best Path till now cost : 7.0 >> [source:0:13:31, gnhi:0:13:31, sde:0:13:35, patl:0:13:36, bta:0:13:38, dest]
Start Used memory is megabytes: 666
Accepted Path found :[source:0:13:31, gnhi:0:13:31, sde:0:13:35, patl:0:13:36, bta:0:13:38, dest] cost: 7.0
Heap Empty [[source:0:13:31, gnhi:0:13:31, sde:0:13:35, patl:0:13:36, bta:0:13:38, dest]]
Rejected paths:0
Duration: 9815 ms
1	7.0
---------------------------------------------------------------------------------------------------------
Accepted Path Found : [source, pnbe:0:13:17, scy:0:13:19, pws:0:13:22, dnr:0:13:25, neo:0:13:29, gnhi:0:13:31, sde:0:13:35, patl:0:13:36, bta:0:13:38, dest] cost: 21.0
---------------------------------------------------------------------------------------------------------
2018/02/18 21:02:11
Avg speed: 80.0
Mode: Single Day
Train Day: 0
Max ratio: 1.5
***********************************************************************************
[60.0, 60.0, 66.0, 67.5, 70.5, 70.5]
Station size: 4
Initializing graph
Adding edge bw stations source->gnhi 2018/02/18 21:02:12
Start Used memory is megabytes: 275
Adding edge bw stations gnhi->sde 2018/02/18 21:02:12
Start Used memory is megabytes: 277
Adding edge bw stations sde->patl 2018/02/18 21:02:15
Start Used memory is megabytes: 526
Adding edge bw stations patl->bta 2018/02/18 21:02:18
Start Used memory is megabytes: 412
Adding edge bw stations bta->dest 2018/02/18 21:02:21
Start Used memory is megabytes: 762
Edge size: 213283
Finding shortest path bw : source:0:17:39 >> dest
Best Path till now cost : 0.0 >> [source:0:17:39, gnhi:0:17:39]
Start Used memory is megabytes: 763
Best Path till now cost : 4.0 >> [source:0:17:39, gnhi:0:17:39, sde:0:17:43]
Start Used memory is megabytes: 763
Best Path till now cost : 5.0 >> [source:0:17:39, gnhi:0:17:39, sde:0:17:43, patl:0:17:44]
Start Used memory is megabytes: 763
Best Path till now cost : 7.0 >> [source:0:17:39, gnhi:0:17:39, sde:0:17:43, patl:0:17:44, bta:0:17:46]
Start Used memory is megabytes: 763
Best Path till now cost : 7.0 >> [source:0:17:39, gnhi:0:17:39, sde:0:17:43, patl:0:17:44, bta:0:17:46, dest]
Start Used memory is megabytes: 763
Accepted Path found :[source:0:17:39, gnhi:0:17:39, sde:0:17:43, patl:0:17:44, bta:0:17:46, dest] cost: 7.0
Heap Empty [[source:0:17:39, gnhi:0:17:39, sde:0:17:43, patl:0:17:44, bta:0:17:46, dest]]
Rejected paths:0
Duration: 9866 ms
1	7.0
---------------------------------------------------------------------------------------------------------
Accepted Path Found : [source, pnbe:0:17:25, scy:0:17:27, pws:0:17:30, dnr:0:17:33, neo:0:17:37, gnhi:0:17:39, sde:0:17:43, patl:0:17:44, bta:0:17:46, dest] cost: 21.0
---------------------------------------------------------------------------------------------------------
2018/02/18 21:02:21
Avg speed: 80.0
Mode: Single Day
Train Day: 0
Max ratio: 1.5
***********************************************************************************
[60.0, 60.0, 66.0, 67.5, 70.5, 70.5]
Station size: 4
Initializing graph
Adding edge bw stations source->gnhi 2018/02/18 21:02:22
Start Used memory is megabytes: 361
Adding edge bw stations gnhi->sde 2018/02/18 21:02:22
Start Used memory is megabytes: 364
Adding edge bw stations sde->patl 2018/02/18 21:02:25
Start Used memory is megabytes: 526
Adding edge bw stations patl->bta 2018/02/18 21:02:28
Start Used memory is megabytes: 308
Adding edge bw stations bta->dest 2018/02/18 21:02:32
Start Used memory is megabytes: 518
Edge size: 213283
Finding shortest path bw : source:0:8:7 >> dest
Best Path till now cost : 0.0 >> [source:0:8:7, gnhi:0:8:7]
Start Used memory is megabytes: 518
Best Path till now cost : 4.0 >> [source:0:8:7, gnhi:0:8:7, sde:0:8:11]
Start Used memory is megabytes: 518
Best Path till now cost : 5.0 >> [source:0:8:7, gnhi:0:8:7, sde:0:8:11, patl:0:8:12]
Start Used memory is megabytes: 518
Best Path till now cost : 7.0 >> [source:0:8:7, gnhi:0:8:7, sde:0:8:11, patl:0:8:12, bta:0:8:14]
Start Used memory is megabytes: 518
Best Path till now cost : 7.0 >> [source:0:8:7, gnhi:0:8:7, sde:0:8:11, patl:0:8:12, bta:0:8:14, dest]
Start Used memory is megabytes: 518
Accepted Path found :[source:0:8:7, gnhi:0:8:7, sde:0:8:11, patl:0:8:12, bta:0:8:14, dest] cost: 7.0
Heap Empty [[source:0:8:7, gnhi:0:8:7, sde:0:8:11, patl:0:8:12, bta:0:8:14, dest]]
Rejected paths:0
Duration: 10331 ms
1	7.0
---------------------------------------------------------------------------------------------------------
Accepted Path Found : [source, pnbe:0:7:53, scy:0:7:55, pws:0:7:58, dnr:0:8:1, neo:0:8:5, gnhi:0:8:7, sde:0:8:11, patl:0:8:12, bta:0:8:14, dest] cost: 21.0
---------------------------------------------------------------------------------------------------------
2018/02/18 21:02:32
Avg speed: 80.0
Mode: Single Day
Train Day: 0
Max ratio: 1.5
***********************************************************************************
[60.0, 60.0, 66.0, 67.5, 70.5, 70.5]
Station size: 4
Initializing graph
Adding edge bw stations source->gnhi 2018/02/18 21:02:32
Start Used memory is megabytes: 757
Adding edge bw stations gnhi->sde 2018/02/18 21:02:32
Start Used memory is megabytes: 760
Adding edge bw stations sde->patl 2018/02/18 21:02:35
Start Used memory is megabytes: 774
Adding edge bw stations patl->bta 2018/02/18 21:02:38
Start Used memory is megabytes: 401
Adding edge bw stations bta->dest 2018/02/18 21:02:41
Start Used memory is megabytes: 480
Edge size: 213283
Finding shortest path bw : source:0:2:40 >> dest
Best Path till now cost : 0.0 >> [source:0:2:40, gnhi:0:2:40]
Start Used memory is megabytes: 481
Best Path till now cost : 4.0 >> [source:0:2:40, gnhi:0:2:40, sde:0:2:44]
Start Used memory is megabytes: 481
Best Path till now cost : 5.0 >> [source:0:2:40, gnhi:0:2:40, sde:0:2:44, patl:0:2:45]
Start Used memory is megabytes: 481
Best Path till now cost : 7.0 >> [source:0:2:40, gnhi:0:2:40, sde:0:2:44, patl:0:2:45, bta:0:2:47]
Start Used memory is megabytes: 481
Best Path till now cost : 7.0 >> [source:0:2:40, gnhi:0:2:40, sde:0:2:44, patl:0:2:45, bta:0:2:47, dest]
Start Used memory is megabytes: 481
Accepted Path found :[source:0:2:40, gnhi:0:2:40, sde:0:2:44, patl:0:2:45, bta:0:2:47, dest] cost: 7.0
Heap Empty [[source:0:2:40, gnhi:0:2:40, sde:0:2:44, patl:0:2:45, bta:0:2:47, dest]]
Rejected paths:0
Duration: 9687 ms
1	7.0
---------------------------------------------------------------------------------------------------------
Accepted Path Found : [source, pnbe:0:2:26, scy:0:2:28, pws:0:2:31, dnr:0:2:34, neo:0:2:38, gnhi:0:2:40, sde:0:2:44, patl:0:2:45, bta:0:2:47, dest] cost: 21.0
---------------------------------------------------------------------------------------------------------
2018/02/18 21:02:41
Avg speed: 80.0
Mode: Single Day
Train Day: 0
Max ratio: 1.5
***********************************************************************************
[60.0, 60.0, 66.0, 67.5, 70.5, 70.5]
Station size: 4
Initializing graph
Adding edge bw stations source->gnhi 2018/02/18 21:02:42
Start Used memory is megabytes: 720
Adding edge bw stations gnhi->sde 2018/02/18 21:02:42
Start Used memory is megabytes: 723
Adding edge bw stations sde->patl 2018/02/18 21:02:45
Start Used memory is megabytes: 596
Adding edge bw stations patl->bta 2018/02/18 21:02:48
Start Used memory is megabytes: 749
Adding edge bw stations bta->dest 2018/02/18 21:02:51
Start Used memory is megabytes: 734
Edge size: 213283
Finding shortest path bw : source:0:18:8 >> dest
Best Path till now cost : 0.0 >> [source:0:18:8, gnhi:0:18:8]
Start Used memory is megabytes: 734
Best Path till now cost : 15.0 >> [source:0:18:8, gnhi:0:18:19, sde:0:18:23]
Start Used memory is megabytes: 734
Best Path till now cost : 16.0 >> [source:0:18:8, gnhi:0:18:19, sde:0:18:23, patl:0:18:24]
Start Used memory is megabytes: 734
Best Path till now cost : 18.0 >> [source:0:18:8, gnhi:0:18:19, sde:0:18:23, patl:0:18:24, bta:0:18:26]
Start Used memory is megabytes: 734
Best Path till now cost : 18.0 >> [source:0:18:8, gnhi:0:18:19, sde:0:18:23, patl:0:18:24, bta:0:18:26, dest]
Start Used memory is megabytes: 734
Accepted Path found :[source:0:18:8, gnhi:0:18:19, sde:0:18:23, patl:0:18:24, bta:0:18:26, dest] cost: 18.0
Heap Empty [[source:0:18:8, gnhi:0:18:19, sde:0:18:23, patl:0:18:24, bta:0:18:26, dest]]
Rejected paths:0
Duration: 9755 ms
1	18.0
---------------------------------------------------------------------------------------------------------
Accepted Path Found : [source, pnbe:0:17:54, scy:0:17:56, pws:0:17:59, dnr:0:18:2, neo:0:18:6, gnhi:0:18:19, sde:0:18:23, patl:0:18:24, bta:0:18:26, dest] cost: 32.0
---------------------------------------------------------------------------------------------------------
2018/02/18 21:02:51
Avg speed: 80.0
Mode: Single Day
Train Day: 0
Max ratio: 1.5
***********************************************************************************
[60.0, 60.0, 66.0, 67.5, 70.5, 70.5]
Station size: 4
Initializing graph
Adding edge bw stations source->gnhi 2018/02/18 21:02:51
Start Used memory is megabytes: 973
Adding edge bw stations gnhi->sde 2018/02/18 21:02:51
Start Used memory is megabytes: 976
Adding edge bw stations sde->patl 2018/02/18 21:02:55
Start Used memory is megabytes: 715
Adding edge bw stations patl->bta 2018/02/18 21:02:58
Start Used memory is megabytes: 749
Adding edge bw stations bta->dest 2018/02/18 21:03:01
Start Used memory is megabytes: 616
Edge size: 213283
Finding shortest path bw : source:0:16:9 >> dest
Best Path till now cost : 0.0 >> [source:0:16:9, gnhi:0:16:9]
Start Used memory is megabytes: 616
Best Path till now cost : 6.0 >> [source:0:16:9, gnhi:0:16:11, sde:0:16:15]
Start Used memory is megabytes: 617
Best Path till now cost : 7.0 >> [source:0:16:9, gnhi:0:16:11, sde:0:16:15, patl:0:16:16]
Start Used memory is megabytes: 617
Best Path till now cost : 9.0 >> [source:0:16:9, gnhi:0:16:11, sde:0:16:15, patl:0:16:16, bta:0:16:18]
Start Used memory is megabytes: 617
Best Path till now cost : 9.0 >> [source:0:16:9, gnhi:0:16:11, sde:0:16:15, patl:0:16:16, bta:0:16:18, dest]
Start Used memory is megabytes: 617
Accepted Path found :[source:0:16:9, gnhi:0:16:11, sde:0:16:15, patl:0:16:16, bta:0:16:18, dest] cost: 9.0
Heap Empty [[source:0:16:9, gnhi:0:16:11, sde:0:16:15, patl:0:16:16, bta:0:16:18, dest]]
Rejected paths:0
Duration: 10406 ms
1	9.0
---------------------------------------------------------------------------------------------------------
Accepted Path Found : [source, pnbe:0:15:55, scy:0:15:57, pws:0:16:0, dnr:0:16:3, neo:0:16:7, gnhi:0:16:11, sde:0:16:15, patl:0:16:16, bta:0:16:18, dest] cost: 23.0
---------------------------------------------------------------------------------------------------------
2018/02/18 21:03:01
Avg speed: 80.0
Mode: Single Day
Train Day: 0
Max ratio: 1.5
***********************************************************************************
[60.0, 60.0, 66.0, 67.5, 70.5, 70.5]
Station size: 4
Initializing graph
Adding edge bw stations source->gnhi 2018/02/18 21:03:02
Start Used memory is megabytes: 856
Adding edge bw stations gnhi->sde 2018/02/18 21:03:02
Start Used memory is megabytes: 858
Adding edge bw stations sde->patl 2018/02/18 21:03:05
Start Used memory is megabytes: 540
Adding edge bw stations patl->bta 2018/02/18 21:03:08
Start Used memory is megabytes: 493
Adding edge bw stations bta->dest 2018/02/18 21:03:11
Start Used memory is megabytes: 980
Edge size: 213283
Finding shortest path bw : source:0:13:49 >> dest
Best Path till now cost : 0.0 >> [source:0:13:49, gnhi:0:13:49]
Start Used memory is megabytes: 980
Best Path till now cost : 4.0 >> [source:0:13:49, gnhi:0:13:49, sde:0:13:53]
Start Used memory is megabytes: 980
Best Path till now cost : 5.0 >> [source:0:13:49, gnhi:0:13:49, sde:0:13:53, patl:0:13:54]
Start Used memory is megabytes: 980
Best Path till now cost : 7.0 >> [source:0:13:49, gnhi:0:13:49, sde:0:13:53, patl:0:13:54, bta:0:13:56]
Start Used memory is megabytes: 980
Best Path till now cost : 7.0 >> [source:0:13:49, gnhi:0:13:49, sde:0:13:53, patl:0:13:54, bta:0:13:56, dest]
Start Used memory is megabytes: 980
Accepted Path found :[source:0:13:49, gnhi:0:13:49, sde:0:13:53, patl:0:13:54, bta:0:13:56, dest] cost: 7.0
Heap Empty [[source:0:13:49, gnhi:0:13:49, sde:0:13:53, patl:0:13:54, bta:0:13:56, dest]]
Rejected paths:0
Duration: 9589 ms
1	7.0
---------------------------------------------------------------------------------------------------------
Accepted Path Found : [source, pnbe:0:13:35, scy:0:13:37, pws:0:13:40, dnr:0:13:43, neo:0:13:47, gnhi:0:13:49, sde:0:13:53, patl:0:13:54, bta:0:13:56, dest] cost: 21.0
---------------------------------------------------------------------------------------------------------
2018/02/18 21:03:11
Avg speed: 80.0
Mode: Single Day
Train Day: 0
Max ratio: 1.5
***********************************************************************************
[60.0, 60.0, 66.0, 67.5, 70.5, 70.5]
Station size: 4
Initializing graph
Adding edge bw stations source->gnhi 2018/02/18 21:03:11
Start Used memory is megabytes: 507
Adding edge bw stations gnhi->sde 2018/02/18 21:03:11
Start Used memory is megabytes: 510
Adding edge bw stations sde->patl 2018/02/18 21:03:14
Start Used memory is megabytes: 848
Adding edge bw stations patl->bta 2018/02/18 21:03:18
Start Used memory is megabytes: 842
Adding edge bw stations bta->dest 2018/02/18 21:03:21
Start Used memory is megabytes: 712
Edge size: 213283
Finding shortest path bw : source:0:4:56 >> dest
Best Path till now cost : 0.0 >> [source:0:4:56, gnhi:0:4:56]
Start Used memory is megabytes: 712
Best Path till now cost : 4.0 >> [source:0:4:56, gnhi:0:4:56, sde:0:5:0]
Start Used memory is megabytes: 712
Best Path till now cost : 5.0 >> [source:0:4:56, gnhi:0:4:56, sde:0:5:0, patl:0:5:1]
Start Used memory is megabytes: 712
Best Path till now cost : 7.0 >> [source:0:4:56, gnhi:0:4:56, sde:0:5:0, patl:0:5:1, bta:0:5:3]
Start Used memory is megabytes: 712
Best Path till now cost : 7.0 >> [source:0:4:56, gnhi:0:4:56, sde:0:5:0, patl:0:5:1, bta:0:5:3, dest]
Start Used memory is megabytes: 712
Accepted Path found :[source:0:4:56, gnhi:0:4:56, sde:0:5:0, patl:0:5:1, bta:0:5:3, dest] cost: 7.0
Heap Empty [[source:0:4:56, gnhi:0:4:56, sde:0:5:0, patl:0:5:1, bta:0:5:3, dest]]
Rejected paths:0
Duration: 9979 ms
1	7.0
---------------------------------------------------------------------------------------------------------
Accepted Path Found : [source, pnbe:0:4:42, scy:0:4:44, pws:0:4:47, dnr:0:4:50, neo:0:4:54, gnhi:0:4:56, sde:0:5:0, patl:0:5:1, bta:0:5:3, dest] cost: 21.0
---------------------------------------------------------------------------------------------------------
2018/02/18 21:03:21
Avg speed: 80.0
Mode: Single Day
Train Day: 0
Max ratio: 1.5
***********************************************************************************
[60.0, 60.0, 66.0, 67.5, 70.5, 70.5]
Station size: 4
Initializing graph
Adding edge bw stations source->gnhi 2018/02/18 21:03:21
Start Used memory is megabytes: 951
Adding edge bw stations gnhi->sde 2018/02/18 21:03:21
Start Used memory is megabytes: 954
Adding edge bw stations sde->patl 2018/02/18 21:03:25
Start Used memory is megabytes: 662
Adding edge bw stations patl->bta 2018/02/18 21:03:29
Start Used memory is megabytes: 746
Adding edge bw stations bta->dest 2018/02/18 21:03:32
Start Used memory is megabytes: 806
Edge size: 213283
Finding shortest path bw : source:0:20:5 >> dest
Best Path till now cost : 0.0 >> [source:0:20:5, gnhi:0:20:5]
Start Used memory is megabytes: 806
Best Path till now cost : 4.0 >> [source:0:20:5, gnhi:0:20:5, sde:0:20:9]
Start Used memory is megabytes: 806
Best Path till now cost : 5.0 >> [source:0:20:5, gnhi:0:20:5, sde:0:20:9, patl:0:20:10]
Start Used memory is megabytes: 806
Best Path till now cost : 7.0 >> [source:0:20:5, gnhi:0:20:5, sde:0:20:9, patl:0:20:10, bta:0:20:12]
Start Used memory is megabytes: 806
Best Path till now cost : 7.0 >> [source:0:20:5, gnhi:0:20:5, sde:0:20:9, patl:0:20:10, bta:0:20:12, dest]
Start Used memory is megabytes: 806
Accepted Path found :[source:0:20:5, gnhi:0:20:5, sde:0:20:9, patl:0:20:10, bta:0:20:12, dest] cost: 7.0
Heap Empty [[source:0:20:5, gnhi:0:20:5, sde:0:20:9, patl:0:20:10, bta:0:20:12, dest]]
Rejected paths:0
Duration: 11408 ms
1	7.0
---------------------------------------------------------------------------------------------------------
Accepted Path Found : [source, pnbe:0:19:51, scy:0:19:53, pws:0:19:56, dnr:0:19:59, neo:0:20:3, gnhi:0:20:5, sde:0:20:9, patl:0:20:10, bta:0:20:12, dest] cost: 21.0
---------------------------------------------------------------------------------------------------------
2018/02/18 21:03:32
Avg speed: 80.0
Mode: Single Day
Train Day: 0
Max ratio: 1.5
***********************************************************************************
[60.0, 60.0, 66.0, 67.5, 70.5, 70.5]
Station size: 4
Initializing graph
Adding edge bw stations source->gnhi 2018/02/18 21:03:33
Start Used memory is megabytes: 1045
Adding edge bw stations gnhi->sde 2018/02/18 21:03:33
Start Used memory is megabytes: 1048
Adding edge bw stations sde->patl 2018/02/18 21:03:36
Start Used memory is megabytes: 996
Adding edge bw stations patl->bta 2018/02/18 21:03:40
Start Used memory is megabytes: 649
Adding edge bw stations bta->dest 2018/02/18 21:03:44
Start Used memory is megabytes: 941
Edge size: 213283
Finding shortest path bw : source:0:0:44 >> dest
Best Path till now cost : 0.0 >> [source:0:0:44, gnhi:0:0:44]
Start Used memory is megabytes: 942
Best Path till now cost : 4.0 >> [source:0:0:44, gnhi:0:0:44, sde:0:0:48]
Start Used memory is megabytes: 942
Best Path till now cost : 5.0 >> [source:0:0:44, gnhi:0:0:44, sde:0:0:48, patl:0:0:49]
Start Used memory is megabytes: 942
Best Path till now cost : 7.0 >> [source:0:0:44, gnhi:0:0:44, sde:0:0:48, patl:0:0:49, bta:0:0:51]
Start Used memory is megabytes: 942
Best Path till now cost : 7.0 >> [source:0:0:44, gnhi:0:0:44, sde:0:0:48, patl:0:0:49, bta:0:0:51, dest]
Start Used memory is megabytes: 942
Accepted Path found :[source:0:0:44, gnhi:0:0:44, sde:0:0:48, patl:0:0:49, bta:0:0:51, dest] cost: 7.0
Heap Empty [[source:0:0:44, gnhi:0:0:44, sde:0:0:48, patl:0:0:49, bta:0:0:51, dest]]
Rejected paths:0
Duration: 11569 ms
1	7.0
---------------------------------------------------------------------------------------------------------
Accepted Path Found : [source, pnbe:0:0:30, scy:0:0:32, pws:0:0:35, dnr:0:0:38, neo:0:0:42, gnhi:0:0:44, sde:0:0:48, patl:0:0:49, bta:0:0:51, dest] cost: 21.0
---------------------------------------------------------------------------------------------------------
2018/02/18 21:03:44
Avg speed: 80.0
Mode: Single Day
Train Day: 0
Max ratio: 1.5
***********************************************************************************
[60.0, 60.0, 66.0, 67.5, 70.5, 70.5]
Station size: 4
Initializing graph
Adding edge bw stations source->gnhi 2018/02/18 21:03:44
Start Used memory is megabytes: 537
Adding edge bw stations gnhi->sde 2018/02/18 21:03:44
Start Used memory is megabytes: 540
Adding edge bw stations sde->patl 2018/02/18 21:03:48
Start Used memory is megabytes: 728
Adding edge bw stations patl->bta 2018/02/18 21:03:51
Start Used memory is megabytes: 636
Adding edge bw stations bta->dest 2018/02/18 21:03:54
Start Used memory is megabytes: 1031
Edge size: 213283
Finding shortest path bw : source:0:20:42 >> dest
Best Path till now cost : 0.0 >> [source:0:20:42, gnhi:0:20:42]
Start Used memory is megabytes: 1032
Best Path till now cost : 4.0 >> [source:0:20:42, gnhi:0:20:42, sde:0:20:46]
Start Used memory is megabytes: 1032
Best Path till now cost : 5.0 >> [source:0:20:42, gnhi:0:20:42, sde:0:20:46, patl:0:20:47]
Start Used memory is megabytes: 1032
Best Path till now cost : 7.0 >> [source:0:20:42, gnhi:0:20:42, sde:0:20:46, patl:0:20:47, bta:0:20:49]
Start Used memory is megabytes: 1032
Best Path till now cost : 7.0 >> [source:0:20:42, gnhi:0:20:42, sde:0:20:46, patl:0:20:47, bta:0:20:49, dest]
Start Used memory is megabytes: 1032
Accepted Path found :[source:0:20:42, gnhi:0:20:42, sde:0:20:46, patl:0:20:47, bta:0:20:49, dest] cost: 7.0
Heap Empty [[source:0:20:42, gnhi:0:20:42, sde:0:20:46, patl:0:20:47, bta:0:20:49, dest]]
Rejected paths:0
Duration: 9899 ms
1	7.0
---------------------------------------------------------------------------------------------------------
Accepted Path Found : [source, pnbe:0:20:28, scy:0:20:30, pws:0:20:33, dnr:0:20:36, neo:0:20:40, gnhi:0:20:42, sde:0:20:46, patl:0:20:47, bta:0:20:49, dest] cost: 21.0
---------------------------------------------------------------------------------------------------------
2018/02/18 21:03:54
Avg speed: 80.0
Mode: Single Day
Train Day: 0
Max ratio: 1.5
***********************************************************************************
[60.0, 60.0, 66.0, 67.5, 70.5, 70.5]
Station size: 4
Initializing graph
Adding edge bw stations source->gnhi 2018/02/18 21:03:54
Start Used memory is megabytes: 636
Adding edge bw stations gnhi->sde 2018/02/18 21:03:54
Start Used memory is megabytes: 639
Adding edge bw stations sde->patl 2018/02/18 21:03:57
Start Used memory is megabytes: 906
Adding edge bw stations patl->bta 2018/02/18 21:04:00
Start Used memory is megabytes: 908
Adding edge bw stations bta->dest 2018/02/18 21:04:04
Start Used memory is megabytes: 807
Edge size: 213283
Finding shortest path bw : source:0:21:13 >> dest
Best Path till now cost : 0.0 >> [source:0:21:13, gnhi:0:21:13]
Start Used memory is megabytes: 807
Best Path till now cost : 4.0 >> [source:0:21:13, gnhi:0:21:13, sde:0:21:17]
Start Used memory is megabytes: 807
Best Path till now cost : 6.0 >> [source:0:21:13, gnhi:0:21:13, sde:0:21:18, patl:0:21:19]
Start Used memory is megabytes: 807
Best Path till now cost : 8.0 >> [source:0:21:13, gnhi:0:21:13, sde:0:21:18, patl:0:21:19, bta:0:21:21]
Start Used memory is megabytes: 808
Best Path till now cost : 8.0 >> [source:0:21:13, gnhi:0:21:13, sde:0:21:18, patl:0:21:19, bta:0:21:21, dest]
Start Used memory is megabytes: 808
Accepted Path found :[source:0:21:13, gnhi:0:21:13, sde:0:21:18, patl:0:21:19, bta:0:21:21, dest] cost: 8.0
Heap Empty [[source:0:21:13, gnhi:0:21:13, sde:0:21:18, patl:0:21:19, bta:0:21:21, dest]]
Rejected paths:0
Duration: 9710 ms
1	8.0
---------------------------------------------------------------------------------------------------------
Accepted Path Found : [source, pnbe:0:20:59, scy:0:21:1, pws:0:21:4, dnr:0:21:7, neo:0:21:11, gnhi:0:21:13, sde:0:21:18, patl:0:21:19, bta:0:21:21, dest] cost: 22.0
---------------------------------------------------------------------------------------------------------
2018/02/18 21:04:04
Avg speed: 80.0
Mode: Single Day
Train Day: 0
Max ratio: 1.5
***********************************************************************************
[60.0, 60.0, 66.0, 67.5, 70.5, 70.5]
Station size: 4
Initializing graph
Adding edge bw stations source->gnhi 2018/02/18 21:04:04
Start Used memory is megabytes: 1047
Adding edge bw stations gnhi->sde 2018/02/18 21:04:04
Start Used memory is megabytes: 1049
Adding edge bw stations sde->patl 2018/02/18 21:04:07
Start Used memory is megabytes: 804
Adding edge bw stations patl->bta 2018/02/18 21:04:10
Start Used memory is megabytes: 875
Adding edge bw stations bta->dest 2018/02/18 21:04:13
Start Used memory is megabytes: 803
Edge size: 213283
Finding shortest path bw : source:0:15:9 >> dest
Best Path till now cost : 0.0 >> [source:0:15:9, gnhi:0:15:9]
Start Used memory is megabytes: 804
Best Path till now cost : 4.0 >> [source:0:15:9, gnhi:0:15:9, sde:0:15:13]
Start Used memory is megabytes: 804
Best Path till now cost : 5.0 >> [source:0:15:9, gnhi:0:15:9, sde:0:15:13, patl:0:15:14]
Start Used memory is megabytes: 804
Best Path till now cost : 7.0 >> [source:0:15:9, gnhi:0:15:9, sde:0:15:13, patl:0:15:14, bta:0:15:16]
Start Used memory is megabytes: 804
Best Path till now cost : 7.0 >> [source:0:15:9, gnhi:0:15:9, sde:0:15:13, patl:0:15:14, bta:0:15:16, dest]
Start Used memory is megabytes: 804
Accepted Path found :[source:0:15:9, gnhi:0:15:9, sde:0:15:13, patl:0:15:14, bta:0:15:16, dest] cost: 7.0
Heap Empty [[source:0:15:9, gnhi:0:15:9, sde:0:15:13, patl:0:15:14, bta:0:15:16, dest]]
Rejected paths:0
Duration: 9615 ms
1	7.0
---------------------------------------------------------------------------------------------------------
Accepted Path Found : [source, pnbe:0:14:55, scy:0:14:57, pws:0:15:0, dnr:0:15:3, neo:0:15:7, gnhi:0:15:9, sde:0:15:13, patl:0:15:14, bta:0:15:16, dest] cost: 21.0
---------------------------------------------------------------------------------------------------------
2018/02/18 21:04:13
Avg speed: 80.0
Mode: Single Day
Train Day: 0
Max ratio: 1.5
***********************************************************************************
[60.0, 60.0, 66.0, 67.5, 70.5, 70.5]
Station size: 4
Initializing graph
Adding edge bw stations source->gnhi 2018/02/18 21:04:13
Start Used memory is megabytes: 1043
Adding edge bw stations gnhi->sde 2018/02/18 21:04:13
Start Used memory is megabytes: 1045
Adding edge bw stations sde->patl 2018/02/18 21:04:17
Start Used memory is megabytes: 859
Adding edge bw stations patl->bta 2018/02/18 21:04:20
Start Used memory is megabytes: 1037
Adding edge bw stations bta->dest 2018/02/18 21:04:23
Start Used memory is megabytes: 1115
Edge size: 213283
Finding shortest path bw : source:0:5:22 >> dest
Best Path till now cost : 0.0 >> [source:0:5:22, gnhi:0:5:22]
Start Used memory is megabytes: 1116
Best Path till now cost : 7.0 >> [source:0:5:22, gnhi:0:5:25, sde:0:5:29]
Start Used memory is megabytes: 1116
Best Path till now cost : 8.0 >> [source:0:5:22, gnhi:0:5:25, sde:0:5:29, patl:0:5:30]
Start Used memory is megabytes: 1116
Best Path till now cost : 10.0 >> [source:0:5:22, gnhi:0:5:25, sde:0:5:29, patl:0:5:30, bta:0:5:32]
Start Used memory is megabytes: 1116
Best Path till now cost : 10.0 >> [source:0:5:22, gnhi:0:5:25, sde:0:5:29, patl:0:5:30, bta:0:5:32, dest]
Start Used memory is megabytes: 1116
Accepted Path found :[source:0:5:22, gnhi:0:5:25, sde:0:5:29, patl:0:5:30, bta:0:5:32, dest] cost: 10.0
Heap Empty [[source:0:5:22, gnhi:0:5:25, sde:0:5:29, patl:0:5:30, bta:0:5:32, dest]]
Rejected paths:0
Duration: 10210 ms
1	10.0
---------------------------------------------------------------------------------------------------------
Accepted Path Found : [source, pnbe:0:5:8, scy:0:5:10, pws:0:5:13, dnr:0:5:16, neo:0:5:20, gnhi:0:5:25, sde:0:5:29, patl:0:5:30, bta:0:5:32, dest] cost: 24.0
---------------------------------------------------------------------------------------------------------
2018/02/18 21:04:23
Avg speed: 80.0
Mode: Single Day
Train Day: 0
Max ratio: 1.5
***********************************************************************************
[60.0, 60.0, 66.0, 67.5, 70.5, 70.5]
Station size: 4
Initializing graph
Adding edge bw stations source->gnhi 2018/02/18 21:04:24
Start Used memory is megabytes: 758
Adding edge bw stations gnhi->sde 2018/02/18 21:04:24
Start Used memory is megabytes: 760
Adding edge bw stations sde->patl 2018/02/18 21:04:27
Start Used memory is megabytes: 719
Adding edge bw stations patl->bta 2018/02/18 21:04:30
Start Used memory is megabytes: 1035
Adding edge bw stations bta->dest 2018/02/18 21:04:33
Start Used memory is megabytes: 677
Edge size: 213283
Finding shortest path bw : source:0:12:53 >> dest
Best Path till now cost : 0.0 >> [source:0:12:53, gnhi:0:12:53]
Start Used memory is megabytes: 678
Best Path till now cost : 4.0 >> [source:0:12:53, gnhi:0:12:53, sde:0:12:57]
Start Used memory is megabytes: 678
Best Path till now cost : 5.0 >> [source:0:12:53, gnhi:0:12:53, sde:0:12:57, patl:0:12:58]
Start Used memory is megabytes: 678
Best Path till now cost : 7.0 >> [source:0:12:53, gnhi:0:12:53, sde:0:12:57, patl:0:12:58, bta:0:13:0]
Start Used memory is megabytes: 678
Best Path till now cost : 7.0 >> [source:0:12:53, gnhi:0:12:53, sde:0:12:57, patl:0:12:58, bta:0:13:0, dest]
Start Used memory is megabytes: 678
Accepted Path found :[source:0:12:53, gnhi:0:12:53, sde:0:12:57, patl:0:12:58, bta:0:13:0, dest] cost: 7.0
Heap Empty [[source:0:12:53, gnhi:0:12:53, sde:0:12:57, patl:0:12:58, bta:0:13:0, dest]]
Rejected paths:0
Duration: 9781 ms
1	7.0
---------------------------------------------------------------------------------------------------------
Accepted Path Found : [source, pnbe:0:12:39, scy:0:12:41, pws:0:12:44, dnr:0:12:47, neo:0:12:51, gnhi:0:12:53, sde:0:12:57, patl:0:12:58, bta:0:13:0, dest] cost: 21.0
---------------------------------------------------------------------------------------------------------
2018/02/18 21:04:33
Avg speed: 80.0
Mode: Single Day
Train Day: 0
Max ratio: 1.5
***********************************************************************************
[60.0, 60.0, 66.0, 67.5, 70.5, 70.5]
Station size: 4
Initializing graph
Adding edge bw stations source->gnhi 2018/02/18 21:04:33
Start Used memory is megabytes: 917
Adding edge bw stations gnhi->sde 2018/02/18 21:04:33
Start Used memory is megabytes: 920
Adding edge bw stations sde->patl 2018/02/18 21:04:37
Start Used memory is megabytes: 278
Adding edge bw stations patl->bta 2018/02/18 21:04:40
Start Used memory is megabytes: 321
Adding edge bw stations bta->dest 2018/02/18 21:04:43
Start Used memory is megabytes: 296
Edge size: 213283
Finding shortest path bw : source:0:7:37 >> dest
Best Path till now cost : 0.0 >> [source:0:7:37, gnhi:0:7:37]
Start Used memory is megabytes: 296
Best Path till now cost : 4.0 >> [source:0:7:37, gnhi:0:7:37, sde:0:7:41]
Start Used memory is megabytes: 296
Best Path till now cost : 5.0 >> [source:0:7:37, gnhi:0:7:37, sde:0:7:41, patl:0:7:42]
Start Used memory is megabytes: 296
Best Path till now cost : 7.0 >> [source:0:7:37, gnhi:0:7:37, sde:0:7:41, patl:0:7:42, bta:0:7:44]
Start Used memory is megabytes: 296
Best Path till now cost : 7.0 >> [source:0:7:37, gnhi:0:7:37, sde:0:7:41, patl:0:7:42, bta:0:7:44, dest]
Start Used memory is megabytes: 296
Accepted Path found :[source:0:7:37, gnhi:0:7:37, sde:0:7:41, patl:0:7:42, bta:0:7:44, dest] cost: 7.0
Heap Empty [[source:0:7:37, gnhi:0:7:37, sde:0:7:41, patl:0:7:42, bta:0:7:44, dest]]
Rejected paths:0
Duration: 9566 ms
1	7.0
---------------------------------------------------------------------------------------------------------
Accepted Path Found : [source, pnbe:0:7:23, scy:0:7:25, pws:0:7:28, dnr:0:7:31, neo:0:7:35, gnhi:0:7:37, sde:0:7:41, patl:0:7:42, bta:0:7:44, dest] cost: 21.0
---------------------------------------------------------------------------------------------------------
2018/02/18 21:04:43
Avg speed: 80.0
Mode: Single Day
Train Day: 0
Max ratio: 1.5
***********************************************************************************
[60.0, 60.0, 66.0, 67.5, 70.5, 70.5]
Station size: 4
Initializing graph
Adding edge bw stations source->gnhi 2018/02/18 21:04:43
Start Used memory is megabytes: 535
Adding edge bw stations gnhi->sde 2018/02/18 21:04:43
Start Used memory is megabytes: 538
Adding edge bw stations sde->patl 2018/02/18 21:04:46
Start Used memory is megabytes: 336
Adding edge bw stations patl->bta 2018/02/18 21:04:49
Start Used memory is megabytes: 414
Adding edge bw stations bta->dest 2018/02/18 21:04:52
Start Used memory is megabytes: 349
Edge size: 213283
Finding shortest path bw : source:0:22:30 >> dest
Best Path till now cost : 0.0 >> [source:0:22:30, gnhi:0:22:30]
Start Used memory is megabytes: 349
Best Path till now cost : 6.0 >> [source:0:22:30, gnhi:0:22:32, sde:0:22:36]
Start Used memory is megabytes: 349
Best Path till now cost : 7.0 >> [source:0:22:30, gnhi:0:22:32, sde:0:22:36, patl:0:22:37]
Start Used memory is megabytes: 349
Best Path till now cost : 9.0 >> [source:0:22:30, gnhi:0:22:32, sde:0:22:36, patl:0:22:37, bta:0:22:39]
Start Used memory is megabytes: 350
Best Path till now cost : 9.0 >> [source:0:22:30, gnhi:0:22:32, sde:0:22:36, patl:0:22:37, bta:0:22:39, dest]
Start Used memory is megabytes: 350
Accepted Path found :[source:0:22:30, gnhi:0:22:32, sde:0:22:36, patl:0:22:37, bta:0:22:39, dest] cost: 9.0
Heap Empty [[source:0:22:30, gnhi:0:22:32, sde:0:22:36, patl:0:22:37, bta:0:22:39, dest]]
Rejected paths:0
Duration: 9631 ms
1	9.0
---------------------------------------------------------------------------------------------------------
Accepted Path Found : [source, pnbe:0:22:16, scy:0:22:18, pws:0:22:21, dnr:0:22:24, neo:0:22:28, gnhi:0:22:32, sde:0:22:36, patl:0:22:37, bta:0:22:39, dest] cost: 23.0
---------------------------------------------------------------------------------------------------------
2018/02/18 21:04:52
Avg speed: 80.0
Mode: Single Day
Train Day: 0
Max ratio: 1.5
***********************************************************************************
[60.0, 60.0, 66.0, 67.5, 70.5, 70.5]
Station size: 4
Initializing graph
Adding edge bw stations source->gnhi 2018/02/18 21:04:53
Start Used memory is megabytes: 589
Adding edge bw stations gnhi->sde 2018/02/18 21:04:53
Start Used memory is megabytes: 591
Adding edge bw stations sde->patl 2018/02/18 21:04:56
Start Used memory is megabytes: 325
Adding edge bw stations patl->bta 2018/02/18 21:04:59
Start Used memory is megabytes: 347
Adding edge bw stations bta->dest 2018/02/18 21:05:02
Start Used memory is megabytes: 253
Edge size: 213283
Finding shortest path bw : source:0:4:35 >> dest
Best Path till now cost : 0.0 >> [source:0:4:35, gnhi:0:4:35]
Start Used memory is megabytes: 253
Best Path till now cost : 4.0 >> [source:0:4:35, gnhi:0:4:35, sde:0:4:39]
Start Used memory is megabytes: 253
Best Path till now cost : 5.0 >> [source:0:4:35, gnhi:0:4:35, sde:0:4:39, patl:0:4:40]
Start Used memory is megabytes: 253
Best Path till now cost : 7.0 >> [source:0:4:35, gnhi:0:4:35, sde:0:4:39, patl:0:4:40, bta:0:4:42]
Start Used memory is megabytes: 253
Best Path till now cost : 7.0 >> [source:0:4:35, gnhi:0:4:35, sde:0:4:39, patl:0:4:40, bta:0:4:42, dest]
Start Used memory is megabytes: 253
Accepted Path found :[source:0:4:35, gnhi:0:4:35, sde:0:4:39, patl:0:4:40, bta:0:4:42, dest] cost: 7.0
Heap Empty [[source:0:4:35, gnhi:0:4:35, sde:0:4:39, patl:0:4:40, bta:0:4:42, dest]]
Rejected paths:0
Duration: 9794 ms
1	7.0
---------------------------------------------------------------------------------------------------------
Accepted Path Found : [source, pnbe:0:4:21, scy:0:4:23, pws:0:4:26, dnr:0:4:29, neo:0:4:33, gnhi:0:4:35, sde:0:4:39, patl:0:4:40, bta:0:4:42, dest] cost: 21.0
---------------------------------------------------------------------------------------------------------
2018/02/18 21:05:02
Avg speed: 80.0
Mode: Single Day
Train Day: 0
Max ratio: 1.5
***********************************************************************************
[60.0, 60.0, 66.0, 67.5, 70.5, 70.5]
Station size: 4
Initializing graph
Adding edge bw stations source->gnhi 2018/02/18 21:05:02
Start Used memory is megabytes: 492
Adding edge bw stations gnhi->sde 2018/02/18 21:05:02
Start Used memory is megabytes: 495
Adding edge bw stations sde->patl 2018/02/18 21:05:06
Start Used memory is megabytes: 210
Adding edge bw stations patl->bta 2018/02/18 21:05:09
Start Used memory is megabytes: 210
Adding edge bw stations bta->dest 2018/02/18 21:05:12
Start Used memory is megabytes: 875
Edge size: 213283
Finding shortest path bw : source:0:7:3 >> dest
Best Path till now cost : 0.0 >> [source:0:7:3, gnhi:0:7:3]
Start Used memory is megabytes: 876
Best Path till now cost : 4.0 >> [source:0:7:3, gnhi:0:7:3, sde:0:7:7]
Start Used memory is megabytes: 876
Best Path till now cost : 5.0 >> [source:0:7:3, gnhi:0:7:3, sde:0:7:7, patl:0:7:8]
Start Used memory is megabytes: 876
Best Path till now cost : 7.0 >> [source:0:7:3, gnhi:0:7:3, sde:0:7:7, patl:0:7:8, bta:0:7:10]
Start Used memory is megabytes: 876
Best Path till now cost : 7.0 >> [source:0:7:3, gnhi:0:7:3, sde:0:7:7, patl:0:7:8, bta:0:7:10, dest]
Start Used memory is megabytes: 876
Accepted Path found :[source:0:7:3, gnhi:0:7:3, sde:0:7:7, patl:0:7:8, bta:0:7:10, dest] cost: 7.0
Heap Empty [[source:0:7:3, gnhi:0:7:3, sde:0:7:7, patl:0:7:8, bta:0:7:10, dest]]
Rejected paths:0
Duration: 9600 ms
1	7.0
---------------------------------------------------------------------------------------------------------
Accepted Path Found : [source, pnbe:0:6:49, scy:0:6:51, pws:0:6:54, dnr:0:6:57, neo:0:7:1, gnhi:0:7:3, sde:0:7:7, patl:0:7:8, bta:0:7:10, dest] cost: 21.0

Path Found : [source, pnbe:0:21:40, scy:0:21:42, pws:0:21:45, dnr:0:21:48, neo:0:21:52, gnhi:0:21:54, sde:0:21:58, patl:0:21:59, bta:0:22:1, dest] cost: 21.0
Path Found : [source, pnbe:0:6:49, scy:0:6:51, pws:0:6:54, dnr:0:6:57, neo:0:7:1, gnhi:0:7:3, sde:0:7:7, patl:0:7:8, bta:0:7:10, dest] cost: 21.0
Path Found : [source, pnbe:0:4:21, scy:0:4:23, pws:0:4:26, dnr:0:4:29, neo:0:4:33, gnhi:0:4:35, sde:0:4:39, patl:0:4:40, bta:0:4:42, dest] cost: 21.0
Path Found : [source, pnbe:0:13:17, scy:0:13:19, pws:0:13:22, dnr:0:13:25, neo:0:13:29, gnhi:0:13:31, sde:0:13:35, patl:0:13:36, bta:0:13:38, dest] cost: 21.0
Path Found : [source, pnbe:0:7:23, scy:0:7:25, pws:0:7:28, dnr:0:7:31, neo:0:7:35, gnhi:0:7:37, sde:0:7:41, patl:0:7:42, bta:0:7:44, dest] cost: 21.0
Path Found : [source, pnbe:0:7:53, scy:0:7:55, pws:0:7:58, dnr:0:8:1, neo:0:8:5, gnhi:0:8:7, sde:0:8:11, patl:0:8:12, bta:0:8:14, dest] cost: 21.0
Path Found : [source, pnbe:0:13:35, scy:0:13:37, pws:0:13:40, dnr:0:13:43, neo:0:13:47, gnhi:0:13:49, sde:0:13:53, patl:0:13:54, bta:0:13:56, dest] cost: 21.0
Path Found : [source, pnbe:0:12:39, scy:0:12:41, pws:0:12:44, dnr:0:12:47, neo:0:12:51, gnhi:0:12:53, sde:0:12:57, patl:0:12:58, bta:0:13:0, dest] cost: 21.0
Path Found : [source, pnbe:0:4:42, scy:0:4:44, pws:0:4:47, dnr:0:4:50, neo:0:4:54, gnhi:0:4:56, sde:0:5:0, patl:0:5:1, bta:0:5:3, dest] cost: 21.0
Path Found : [source, pnbe:0:2:26, scy:0:2:28, pws:0:2:31, dnr:0:2:34, neo:0:2:38, gnhi:0:2:40, sde:0:2:44, patl:0:2:45, bta:0:2:47, dest] cost: 21.0
