---------------------------------------------------------------------------------------------------------
2018/03/09 12:56:52
Avg speed: 120.0
Mode: Week wise
Train Day: 7
Max ratio: 1.3
***********************************************************************************
[0.0, 0.0, 2.6, 3.9000000000000004, 6.5, 10.4, 13.0, 15.600000000000001, 16.900000000000002, 18.2, 22.1, 23.400000000000002, 26.0, 32.5, 35.1, 39.0, 42.9, 44.2, 46.800000000000004, 49.4, 50.7, 53.300000000000004, 55.9, 58.5, 66.3, 71.5, 75.4, 76.7, 83.2, 84.5, 88.4, 89.7, 92.3, 94.9, 97.5, 100.10000000000001, 105.3, 109.2, 113.10000000000001, 117.0, 122.2, 126.10000000000001, 131.3, 137.8, 137.8]
Station size: 43
Initializing graph
Adding edge bw stations source->pnbe 2018/03/09 12:56:56
Start Used memory is megabytes: 1337
Adding edge bw stations pnbe->scy 2018/03/09 12:56:56
Start Used memory is megabytes: 1339
Adding edge bw stations scy->pws 2018/03/09 12:58:24
Start Used memory is megabytes: 564
Adding edge bw stations pws->dnr 2018/03/09 12:59:38
Start Used memory is megabytes: 881
Adding edge bw stations dnr->neo 2018/03/09 13:00:50
Start Used memory is megabytes: 1239
Adding edge bw stations neo->gnhi 2018/03/09 13:01:59
Start Used memory is megabytes: 434
Adding edge bw stations gnhi->sde 2018/03/09 13:03:09
Start Used memory is megabytes: 804
Adding edge bw stations sde->patl 2018/03/09 13:04:22
Start Used memory is megabytes: 1172
Adding edge bw stations patl->bta 2018/03/09 13:05:38
Start Used memory is megabytes: 290
Adding edge bw stations bta->pail 2018/03/09 13:06:52
Start Used memory is megabytes: 612
Adding edge bw stations pail->kwr 2018/03/09 13:07:58
Start Used memory is megabytes: 1026
Adding edge bw stations kwr->kua 2018/03/09 13:09:09
Start Used memory is megabytes: 1351
Adding edge bw stations kua->ara 2018/03/09 13:10:18
Start Used memory is megabytes: 514
Adding edge bw stations ara->jgwl 2018/03/09 13:11:17
Start Used memory is megabytes: 1002
Adding edge bw stations jgwl->krs 2018/03/09 13:12:24
Start Used memory is megabytes: 1370
Adding edge bw stations krs->xsan 2018/03/09 13:13:29
Start Used memory is megabytes: 574
Adding edge bw stations xsan->rnte 2018/03/09 13:14:34
Start Used memory is megabytes: 986
Adding edge bw stations rnte->bea 2018/03/09 13:15:47
Start Used memory is megabytes: 1310
Adding edge bw stations bea->asjp 2018/03/09 13:16:59
Start Used memory is megabytes: 471
Adding edge bw stations asjp->byn 2018/03/09 13:18:08
Start Used memory is megabytes: 839
Adding edge bw stations byn->skri 2018/03/09 13:19:23
Start Used memory is megabytes: 1166
Adding edge bw stations skri->rpr 2018/03/09 13:20:40
Start Used memory is megabytes: 1538
Adding edge bw stations rpr->vkdh 2018/03/09 13:22:07
Start Used memory is megabytes: 699
Adding edge bw stations vkdh->dure 2018/03/09 13:23:40
Start Used memory is megabytes: 1480
Adding edge bw stations dure->bue 2018/03/09 13:24:56
Start Used memory is megabytes: 822
Adding edge bw stations bue->ndon 2018/03/09 13:26:18
Start Used memory is megabytes: 1561
Adding edge bw stations ndon->bxr 2018/03/09 13:27:55
Start Used memory is megabytes: 1264
Adding edge bw stations bxr->pwxp 2018/03/09 13:29:39
Start Used memory is megabytes: 1684
Adding edge bw stations pwxp->csa 2018/03/09 13:30:52
Start Used memory is megabytes: 1578
Adding edge bw stations csa->bqw 2018/03/09 13:32:25
Start Used memory is megabytes: 1795
Adding edge bw stations bqw->gmr 2018/03/09 13:33:47
Start Used memory is megabytes: 930
Adding edge bw stations gmr->kkrh 2018/03/09 13:35:21
Start Used memory is megabytes: 1716
Adding edge bw stations kkrh->bwh 2018/03/09 13:36:52
Start Used memory is megabytes: 802
Adding edge bw stations bwh->usk 2018/03/09 13:38:20
Start Used memory is megabytes: 1770
Adding edge bw stations usk->dln 2018/03/09 13:39:45
Start Used memory is megabytes: 1612
Adding edge bw stations dln->drv 2018/03/09 13:41:14
Start Used memory is megabytes: 1458
Adding edge bw stations drv->zna 2018/03/09 13:42:46
Start Used memory is megabytes: 1285
Adding edge bw stations zna->bhcl 2018/03/09 13:44:22
Start Used memory is megabytes: 942
Adding edge bw stations bhcl->dha 2018/03/09 13:45:54
Start Used memory is megabytes: 1522
Adding edge bw stations dha->tlam 2018/03/09 13:47:31
Start Used memory is megabytes: 1286
Adding edge bw stations tlam->sld 2018/03/09 13:49:10
Start Used memory is megabytes: 1597
Adding edge bw stations sld->kca 2018/03/09 13:50:49
Start Used memory is megabytes: 1610
Adding edge bw stations kca->mgs 2018/03/09 13:52:18
Start Used memory is megabytes: 1021
Adding edge bw stations mgs->dest 2018/03/09 13:53:50
Start Used memory is megabytes: 1095
Edge size: 6527544
Finding shortest path bw : source >> dest
Best Path till now cost : 0.0 >> [source, pnbe:6:10:7]
Start Used memory is megabytes: 1099
Best Path till now cost : 2.0 >> [source, pnbe:4:1:17, scy:4:1:19]
Start Used memory is megabytes: 1134
Best Path till now cost : 3.0 >> [source, pnbe:4:9:35, scy:4:9:37, pws:4:9:38]
Start Used memory is megabytes: 1168
Best Path till now cost : 5.0 >> [source, pnbe:3:1:24, scy:3:1:26, pws:3:1:27, dnr:3:1:29]
Start Used memory is megabytes: 1194
Best Path till now cost : 8.0 >> [source, pnbe:6:22:54, scy:6:22:56, pws:6:22:57, dnr:6:22:59, neo:6:23:2]
Start Used memory is megabytes: 1232
Best Path till now cost : 10.0 >> [source, pnbe:4:2:51, scy:4:2:53, pws:4:2:54, dnr:4:2:56, neo:4:2:59, gnhi:4:3:1]
Start Used memory is megabytes: 1075
Best Path till now cost : 12.0 >> [source, pnbe:0:1:34, scy:0:1:36, pws:0:1:37, dnr:0:1:39, neo:0:1:42, gnhi:0:1:44, sde:0:1:46]
Start Used memory is megabytes: 1138
Best Path till now cost : 13.0 >> [source, pnbe:0:1:34, scy:0:1:36, pws:0:1:37, dnr:0:1:39, neo:0:1:42, gnhi:0:1:44, sde:0:1:46, patl:0:1:47]
Start Used memory is megabytes: 1126
Best Path till now cost : 14.0 >> [source, pnbe:0:1:34, scy:0:1:36, pws:0:1:37, dnr:0:1:39, neo:0:1:42, gnhi:0:1:44, sde:0:1:46, patl:0:1:47, bta:0:1:48]
Start Used memory is megabytes: 1222
Best Path till now cost : 17.0 >> [source, pnbe:4:12:55, scy:4:12:57, pws:4:12:58, dnr:4:13:0, neo:4:13:3, gnhi:4:13:5, sde:4:13:7, patl:4:13:8, bta:4:13:9, pail:4:13:12]
Start Used memory is megabytes: 1297
Best Path till now cost : 18.0 >> [source, pnbe:0:0:55, scy:0:0:57, pws:0:0:58, dnr:0:1:0, neo:0:1:3, gnhi:0:1:5, sde:0:1:7, patl:0:1:8, bta:0:1:9, pail:0:1:12, kwr:0:1:13]
Start Used memory is megabytes: 1293
Best Path till now cost : 20.0 >> [source, pnbe:5:17:41, scy:5:17:43, pws:5:17:44, dnr:5:17:46, neo:5:17:49, gnhi:5:17:51, sde:5:17:53, patl:5:17:54, bta:5:17:55, pail:5:17:58, kwr:5:17:59, kua:5:18:1]
Start Used memory is megabytes: 1422
Best Path till now cost : 25.0 >> [source, pnbe:1:0:25, scy:1:0:27, pws:1:0:28, dnr:1:0:30, neo:1:0:33, gnhi:1:0:35, sde:1:0:37, patl:1:0:38, bta:1:0:39, pail:1:0:42, kwr:1:0:43, kua:1:0:45, ara:1:0:50]
Start Used memory is megabytes: 1370
Best Path till now cost : 27.0 >> [source, pnbe:0:3:54, scy:0:3:56, pws:0:3:57, dnr:0:3:59, neo:0:4:2, gnhi:0:4:4, sde:0:4:6, patl:0:4:7, bta:0:4:8, pail:0:4:11, kwr:0:4:12, kua:0:4:14, ara:0:4:19, jgwl:0:4:21]
Start Used memory is megabytes: 1410
Best Path till now cost : 30.0 >> [source, pnbe:1:2:33, scy:1:2:35, pws:1:2:36, dnr:1:2:38, neo:1:2:41, gnhi:1:2:43, sde:1:2:45, patl:1:2:46, bta:1:2:47, pail:1:2:50, kwr:1:2:51, kua:1:2:53, ara:1:2:58, jgwl:1:3:0, krs:1:3:3]
Start Used memory is megabytes: 1534
Best Path till now cost : 33.0 >> [source, pnbe:1:2:33, scy:1:2:35, pws:1:2:36, dnr:1:2:38, neo:1:2:41, gnhi:1:2:43, sde:1:2:45, patl:1:2:46, bta:1:2:47, pail:1:2:50, kwr:1:2:51, kua:1:2:53, ara:1:2:58, jgwl:1:3:0, krs:1:3:3, xsan:1:3:6]
Start Used memory is megabytes: 1470
Best Path till now cost : 34.0 >> [source, pnbe:6:1:16, scy:6:1:18, pws:6:1:19, dnr:6:1:21, neo:6:1:24, gnhi:6:1:26, sde:6:1:28, patl:6:1:29, bta:6:1:30, pail:6:1:33, kwr:6:1:34, kua:6:1:36, ara:6:1:41, jgwl:6:1:43, krs:6:1:46, xsan:6:1:49, rnte:6:1:50]
Start Used memory is megabytes: 1426
Best Path till now cost : 36.0 >> [source, pnbe:2:14:46, scy:2:14:48, pws:2:14:49, dnr:2:14:51, neo:2:14:54, gnhi:2:14:56, sde:2:14:58, patl:2:14:59, bta:2:15:0, pail:2:15:3, kwr:2:15:4, kua:2:15:6, ara:2:15:11, jgwl:2:15:13, krs:2:15:16, xsan:2:15:19, rnte:2:15:20, bea:2:15:22]
Start Used memory is megabytes: 1520
Best Path till now cost : 38.0 >> [source, pnbe:2:14:46, scy:2:14:48, pws:2:14:49, dnr:2:14:51, neo:2:14:54, gnhi:2:14:56, sde:2:14:58, patl:2:14:59, bta:2:15:0, pail:2:15:3, kwr:2:15:4, kua:2:15:6, ara:2:15:11, jgwl:2:15:13, krs:2:15:16, xsan:2:15:19, rnte:2:15:20, bea:2:15:22, asjp:2:15:24]
Start Used memory is megabytes: 1517
Best Path till now cost : 39.0 >> [source, pnbe:1:23:1, scy:1:23:3, pws:1:23:4, dnr:1:23:6, neo:1:23:9, gnhi:1:23:11, sde:1:23:13, patl:1:23:14, bta:1:23:15, pail:1:23:18, kwr:1:23:19, kua:1:23:21, ara:1:23:26, jgwl:1:23:28, krs:1:23:31, xsan:1:23:34, rnte:1:23:35, bea:1:23:37, asjp:1:23:39, byn:1:23:40]
Start Used memory is megabytes: 1517
Best Path till now cost : 41.0 >> [source, pnbe:4:2:10, scy:4:2:12, pws:4:2:13, dnr:4:2:15, neo:4:2:18, gnhi:4:2:20, sde:4:2:22, patl:4:2:23, bta:4:2:24, pail:4:2:27, kwr:4:2:28, kua:4:2:30, ara:4:2:35, jgwl:4:2:37, krs:4:2:40, xsan:4:2:43, rnte:4:2:44, bea:4:2:46, asjp:4:2:48, byn:4:2:49, skri:4:2:51]
Start Used memory is megabytes: 1572
Best Path till now cost : 43.0 >> [source, pnbe:4:2:10, scy:4:2:12, pws:4:2:13, dnr:4:2:15, neo:4:2:18, gnhi:4:2:20, sde:4:2:22, patl:4:2:23, bta:4:2:24, pail:4:2:27, kwr:4:2:28, kua:4:2:30, ara:4:2:35, jgwl:4:2:37, krs:4:2:40, xsan:4:2:43, rnte:4:2:44, bea:4:2:46, asjp:4:2:48, byn:4:2:49, skri:4:2:51, rpr:4:2:53]
Start Used memory is megabytes: 1487
Best Path till now cost : 45.0 >> [source, pnbe:6:23:47, scy:6:23:49, pws:6:23:50, dnr:6:23:52, neo:6:23:55, gnhi:6:23:57, sde:6:23:59, patl:0:0:0, bta:0:0:1, pail:0:0:4, kwr:0:0:5, kua:0:0:7, ara:0:0:12, jgwl:0:0:14, krs:0:0:17, xsan:0:0:20, rnte:0:0:21, bea:0:0:23, asjp:0:0:25, byn:0:0:26, skri:0:0:28, rpr:0:0:30, vkdh:0:0:32]
Start Used memory is megabytes: 1464
Best Path till now cost : 51.0 >> [source, pnbe:6:23:52, scy:6:23:54, pws:6:23:55, dnr:6:23:57, neo:0:0:0, gnhi:0:0:2, sde:0:0:4, patl:0:0:5, bta:0:0:6, pail:0:0:9, kwr:0:0:10, kua:0:0:12, ara:0:0:17, jgwl:0:0:19, krs:0:0:22, xsan:0:0:25, rnte:0:0:26, bea:0:0:28, asjp:0:0:30, byn:0:0:31, skri:0:0:33, rpr:0:0:35, vkdh:0:0:37, dure:0:0:43]
Start Used memory is megabytes: 1587
Best Path till now cost : 55.0 >> [source, pnbe:0:23:3, scy:0:23:5, pws:0:23:6, dnr:0:23:8, neo:0:23:11, gnhi:0:23:13, sde:0:23:15, patl:0:23:16, bta:0:23:17, pail:0:23:20, kwr:0:23:21, kua:0:23:23, ara:0:23:28, jgwl:0:23:30, krs:0:23:33, xsan:0:23:36, rnte:0:23:37, bea:0:23:39, asjp:0:23:41, byn:0:23:42, skri:0:23:44, rpr:0:23:46, vkdh:0:23:48, dure:0:23:54, bue:0:23:58]
Start Used memory is megabytes: 1543
Best Path till now cost : 58.0 >> [source, pnbe:6:13:37, scy:6:13:39, pws:6:13:40, dnr:6:13:42, neo:6:13:45, gnhi:6:13:47, sde:6:13:49, patl:6:13:50, bta:6:13:51, pail:6:13:54, kwr:6:13:55, kua:6:13:57, ara:6:14:2, jgwl:6:14:4, krs:6:14:7, xsan:6:14:10, rnte:6:14:11, bea:6:14:13, asjp:6:14:15, byn:6:14:16, skri:6:14:18, rpr:6:14:20, vkdh:6:14:22, dure:6:14:28, bue:6:14:32, ndon:6:14:35]
Start Used memory is megabytes: 1502
Best Path till now cost : 59.0 >> [source, pnbe:0:14:54, scy:0:14:56, pws:0:14:57, dnr:0:14:59, neo:0:15:2, gnhi:0:15:4, sde:0:15:6, patl:0:15:7, bta:0:15:8, pail:0:15:11, kwr:0:15:12, kua:0:15:14, ara:0:15:19, jgwl:0:15:21, krs:0:15:24, xsan:0:15:27, rnte:0:15:28, bea:0:15:30, asjp:0:15:32, byn:0:15:33, skri:0:15:35, rpr:0:15:37, vkdh:0:15:39, dure:0:15:45, bue:0:15:49, ndon:0:15:52, bxr:0:15:53]
Start Used memory is megabytes: 1446
Best Path till now cost : 64.0 >> [source, pnbe:3:20:46, scy:3:20:48, pws:3:20:49, dnr:3:20:51, neo:3:20:54, gnhi:3:20:56, sde:3:20:58, patl:3:20:59, bta:3:21:0, pail:3:21:3, kwr:3:21:4, kua:3:21:6, ara:3:21:11, jgwl:3:21:13, krs:3:21:16, xsan:3:21:19, rnte:3:21:20, bea:3:21:22, asjp:3:21:24, byn:3:21:25, skri:3:21:27, rpr:3:21:29, vkdh:3:21:31, dure:3:21:37, bue:3:21:41, ndon:3:21:44, bxr:3:21:45, pwxp:3:21:50]
Start Used memory is megabytes: 1456
Best Path till now cost : 65.0 >> [source, pnbe:5:1:3, scy:5:1:5, pws:5:1:6, dnr:5:1:8, neo:5:1:11, gnhi:5:1:13, sde:5:1:15, patl:5:1:16, bta:5:1:17, pail:5:1:20, kwr:5:1:21, kua:5:1:23, ara:5:1:28, jgwl:5:1:30, krs:5:1:33, xsan:5:1:36, rnte:5:1:37, bea:5:1:39, asjp:5:1:41, byn:5:1:42, skri:5:1:44, rpr:5:1:46, vkdh:5:1:48, dure:5:1:54, bue:5:1:58, ndon:5:2:1, bxr:5:2:2, pwxp:5:2:7, csa:5:2:8]
Start Used memory is megabytes: 1421
Best Path till now cost : 68.0 >> [source, pnbe:2:1:44, scy:2:1:46, pws:2:1:47, dnr:2:1:49, neo:2:1:52, gnhi:2:1:54, sde:2:1:56, patl:2:1:57, bta:2:1:58, pail:2:2:1, kwr:2:2:2, kua:2:2:4, ara:2:2:9, jgwl:2:2:11, krs:2:2:14, xsan:2:2:17, rnte:2:2:18, bea:2:2:20, asjp:2:2:22, byn:2:2:23, skri:2:2:25, rpr:2:2:27, vkdh:2:2:29, dure:2:2:35, bue:2:2:39, ndon:2:2:42, bxr:2:2:43, pwxp:2:2:48, csa:2:2:49, bqw:2:2:52]
Start Used memory is megabytes: 1582
Best Path till now cost : 69.0 >> [source, pnbe:2:0:3, scy:2:0:5, pws:2:0:6, dnr:2:0:8, neo:2:0:11, gnhi:2:0:13, sde:2:0:15, patl:2:0:16, bta:2:0:17, pail:2:0:20, kwr:2:0:21, kua:2:0:23, ara:2:0:28, jgwl:2:0:30, krs:2:0:33, xsan:2:0:36, rnte:2:0:37, bea:2:0:39, asjp:2:0:41, byn:2:0:42, skri:2:0:44, rpr:2:0:46, vkdh:2:0:48, dure:2:0:54, bue:2:0:58, ndon:2:1:1, bxr:2:1:2, pwxp:2:1:7, csa:2:1:8, bqw:2:1:11, gmr:2:1:12]
Start Used memory is megabytes: 1532
Best Path till now cost : 71.0 >> [source, pnbe:2:0:3, scy:2:0:5, pws:2:0:6, dnr:2:0:8, neo:2:0:11, gnhi:2:0:13, sde:2:0:15, patl:2:0:16, bta:2:0:17, pail:2:0:20, kwr:2:0:21, kua:2:0:23, ara:2:0:28, jgwl:2:0:30, krs:2:0:33, xsan:2:0:36, rnte:2:0:37, bea:2:0:39, asjp:2:0:41, byn:2:0:42, skri:2:0:44, rpr:2:0:46, vkdh:2:0:48, dure:2:0:54, bue:2:0:58, ndon:2:1:1, bxr:2:1:2, pwxp:2:1:7, csa:2:1:8, bqw:2:1:11, gmr:2:1:12, kkrh:2:1:14]
Start Used memory is megabytes: 1624
Best Path till now cost : 73.0 >> [source, pnbe:6:1:47, scy:6:1:49, pws:6:1:50, dnr:6:1:52, neo:6:1:55, gnhi:6:1:57, sde:6:1:59, patl:6:2:0, bta:6:2:1, pail:6:2:4, kwr:6:2:5, kua:6:2:7, ara:6:2:12, jgwl:6:2:14, krs:6:2:17, xsan:6:2:20, rnte:6:2:21, bea:6:2:23, asjp:6:2:25, byn:6:2:26, skri:6:2:28, rpr:6:2:30, vkdh:6:2:32, dure:6:2:38, bue:6:2:42, ndon:6:2:45, bxr:6:2:46, pwxp:6:2:51, csa:6:2:52, bqw:6:2:55, gmr:6:2:56, kkrh:6:2:58, bwh:6:3:0]
Start Used memory is megabytes: 1671
Best Path till now cost : 75.0 >> [source, pnbe:1:23:53, scy:1:23:55, pws:1:23:56, dnr:1:23:58, neo:2:0:1, gnhi:2:0:3, sde:2:0:5, patl:2:0:6, bta:2:0:7, pail:2:0:10, kwr:2:0:11, kua:2:0:13, ara:2:0:18, jgwl:2:0:20, krs:2:0:23, xsan:2:0:26, rnte:2:0:27, bea:2:0:29, asjp:2:0:31, byn:2:0:32, skri:2:0:34, rpr:2:0:36, vkdh:2:0:38, dure:2:0:44, bue:2:0:48, ndon:2:0:51, bxr:2:0:52, pwxp:2:0:57, csa:2:0:58, bqw:2:1:1, gmr:2:1:2, kkrh:2:1:4, bwh:2:1:6, usk:2:1:8]
Start Used memory is megabytes: 1716
Best Path till now cost : 77.0 >> [source, pnbe:1:23:53, scy:1:23:55, pws:1:23:56, dnr:1:23:58, neo:2:0:1, gnhi:2:0:3, sde:2:0:5, patl:2:0:6, bta:2:0:7, pail:2:0:10, kwr:2:0:11, kua:2:0:13, ara:2:0:18, jgwl:2:0:20, krs:2:0:23, xsan:2:0:26, rnte:2:0:27, bea:2:0:29, asjp:2:0:31, byn:2:0:32, skri:2:0:34, rpr:2:0:36, vkdh:2:0:38, dure:2:0:44, bue:2:0:48, ndon:2:0:51, bxr:2:0:52, pwxp:2:0:57, csa:2:0:58, bqw:2:1:1, gmr:2:1:2, kkrh:2:1:4, bwh:2:1:6, usk:2:1:8, dln:2:1:10]
Start Used memory is megabytes: 1487
Best Path till now cost : 81.0 >> [source, pnbe:1:3:3, scy:1:3:5, pws:1:3:6, dnr:1:3:8, neo:1:3:11, gnhi:1:3:13, sde:1:3:15, patl:1:3:16, bta:1:3:17, pail:1:3:20, kwr:1:3:21, kua:1:3:23, ara:1:3:28, jgwl:1:3:30, krs:1:3:33, xsan:1:3:36, rnte:1:3:37, bea:1:3:39, asjp:1:3:41, byn:1:3:42, skri:1:3:44, rpr:1:3:46, vkdh:1:3:48, dure:1:3:54, bue:1:3:58, ndon:1:4:1, bxr:1:4:2, pwxp:1:4:7, csa:1:4:8, bqw:1:4:11, gmr:1:4:12, kkrh:1:4:14, bwh:1:4:16, usk:1:4:18, dln:1:4:20, drv:1:4:24]
Start Used memory is megabytes: 1437
Best Path till now cost : 84.0 >> [source, pnbe:2:23:51, scy:2:23:53, pws:2:23:54, dnr:2:23:56, neo:2:23:59, gnhi:3:0:1, sde:3:0:3, patl:3:0:4, bta:3:0:5, pail:3:0:8, kwr:3:0:9, kua:3:0:11, ara:3:0:16, jgwl:3:0:18, krs:3:0:21, xsan:3:0:24, rnte:3:0:25, bea:3:0:27, asjp:3:0:29, byn:3:0:30, skri:3:0:32, rpr:3:0:34, vkdh:3:0:36, dure:3:0:42, bue:3:0:46, ndon:3:0:49, bxr:3:0:50, pwxp:3:0:55, csa:3:0:56, bqw:3:0:59, gmr:3:1:0, kkrh:3:1:2, bwh:3:1:4, usk:3:1:6, dln:3:1:8, drv:3:1:12, zna:3:1:15]
Start Used memory is megabytes: 1481
Best Path till now cost : 87.0 >> [source, pnbe:2:23:51, scy:2:23:53, pws:2:23:54, dnr:2:23:56, neo:2:23:59, gnhi:3:0:1, sde:3:0:3, patl:3:0:4, bta:3:0:5, pail:3:0:8, kwr:3:0:9, kua:3:0:11, ara:3:0:16, jgwl:3:0:18, krs:3:0:21, xsan:3:0:24, rnte:3:0:25, bea:3:0:27, asjp:3:0:29, byn:3:0:30, skri:3:0:32, rpr:3:0:34, vkdh:3:0:36, dure:3:0:42, bue:3:0:46, ndon:3:0:49, bxr:3:0:50, pwxp:3:0:55, csa:3:0:56, bqw:3:0:59, gmr:3:1:0, kkrh:3:1:2, bwh:3:1:4, usk:3:1:6, dln:3:1:8, drv:3:1:12, zna:3:1:15, bhcl:3:1:18]
Start Used memory is megabytes: 1567
Best Path till now cost : 90.0 >> [source, pnbe:1:1:54, scy:1:1:56, pws:1:1:57, dnr:1:1:59, neo:1:2:2, gnhi:1:2:4, sde:1:2:6, patl:1:2:7, bta:1:2:8, pail:1:2:11, kwr:1:2:12, kua:1:2:14, ara:1:2:19, jgwl:1:2:21, krs:1:2:24, xsan:1:2:27, rnte:1:2:28, bea:1:2:30, asjp:1:2:32, byn:1:2:33, skri:1:2:35, rpr:1:2:37, vkdh:1:2:39, dure:1:2:45, bue:1:2:49, ndon:1:2:52, bxr:1:2:53, pwxp:1:2:58, csa:1:2:59, bqw:1:3:2, gmr:1:3:3, kkrh:1:3:5, bwh:1:3:7, usk:1:3:9, dln:1:3:11, drv:1:3:15, zna:1:3:18, bhcl:1:3:21, dha:1:3:24]
Start Used memory is megabytes: 1576
Best Path till now cost : 94.0 >> [source, pnbe:1:21:51, scy:1:21:53, pws:1:21:54, dnr:1:21:56, neo:1:21:59, gnhi:1:22:1, sde:1:22:3, patl:1:22:4, bta:1:22:5, pail:1:22:8, kwr:1:22:9, kua:1:22:11, ara:1:22:16, jgwl:1:22:18, krs:1:22:21, xsan:1:22:24, rnte:1:22:25, bea:1:22:27, asjp:1:22:29, byn:1:22:30, skri:1:22:32, rpr:1:22:34, vkdh:1:22:36, dure:1:22:42, bue:1:22:46, ndon:1:22:49, bxr:1:22:50, pwxp:1:22:55, csa:1:22:56, bqw:1:22:59, gmr:1:23:0, kkrh:1:23:2, bwh:1:23:4, usk:1:23:6, dln:1:23:8, drv:1:23:12, zna:1:23:15, bhcl:1:23:18, dha:1:23:21, tlam:1:23:25]
Start Used memory is megabytes: 1598
Best Path till now cost : 97.0 >> [source, pnbe:1:21:51, scy:1:21:53, pws:1:21:54, dnr:1:21:56, neo:1:21:59, gnhi:1:22:1, sde:1:22:3, patl:1:22:4, bta:1:22:5, pail:1:22:8, kwr:1:22:9, kua:1:22:11, ara:1:22:16, jgwl:1:22:18, krs:1:22:21, xsan:1:22:24, rnte:1:22:25, bea:1:22:27, asjp:1:22:29, byn:1:22:30, skri:1:22:32, rpr:1:22:34, vkdh:1:22:36, dure:1:22:42, bue:1:22:46, ndon:1:22:49, bxr:1:22:50, pwxp:1:22:55, csa:1:22:56, bqw:1:22:59, gmr:1:23:0, kkrh:1:23:2, bwh:1:23:4, usk:1:23:6, dln:1:23:8, drv:1:23:12, zna:1:23:15, bhcl:1:23:18, dha:1:23:21, tlam:1:23:25, sld:1:23:28]
Start Used memory is megabytes: 1508
Best Path till now cost : 101.0 >> [source, pnbe:3:21:50, scy:3:21:52, pws:3:21:53, dnr:3:21:55, neo:3:21:58, gnhi:3:22:0, sde:3:22:2, patl:3:22:3, bta:3:22:4, pail:3:22:7, kwr:3:22:8, kua:3:22:10, ara:3:22:15, jgwl:3:22:17, krs:3:22:20, xsan:3:22:23, rnte:3:22:24, bea:3:22:26, asjp:3:22:28, byn:3:22:29, skri:3:22:31, rpr:3:22:33, vkdh:3:22:35, dure:3:22:41, bue:3:22:45, ndon:3:22:48, bxr:3:22:49, pwxp:3:22:54, csa:3:22:55, bqw:3:22:58, gmr:3:22:59, kkrh:3:23:1, bwh:3:23:3, usk:3:23:5, dln:3:23:7, drv:3:23:11, zna:3:23:14, bhcl:3:23:17, dha:3:23:20, tlam:3:23:24, sld:3:23:27, kca:3:23:31]
Start Used memory is megabytes: 1418
Best Path till now cost : 106.0 >> [source, pnbe:4:1:41, scy:4:1:43, pws:4:1:44, dnr:4:1:46, neo:4:1:49, gnhi:4:1:51, sde:4:1:53, patl:4:1:54, bta:4:1:55, pail:4:1:58, kwr:4:1:59, kua:4:2:1, ara:4:2:6, jgwl:4:2:8, krs:4:2:11, xsan:4:2:14, rnte:4:2:15, bea:4:2:17, asjp:4:2:19, byn:4:2:20, skri:4:2:22, rpr:4:2:24, vkdh:4:2:26, dure:4:2:32, bue:4:2:36, ndon:4:2:39, bxr:4:2:40, pwxp:4:2:45, csa:4:2:46, bqw:4:2:49, gmr:4:2:50, kkrh:4:2:52, bwh:4:2:54, usk:4:2:56, dln:4:2:58, drv:4:3:2, zna:4:3:5, bhcl:4:3:8, dha:4:3:11, tlam:4:3:15, sld:4:3:18, kca:4:3:22, mgs:4:3:27]
Start Used memory is megabytes: 1431
Best Path till now cost : 106.0 >> [source, pnbe:4:1:42, scy:4:1:44, pws:4:1:45, dnr:4:1:47, neo:4:1:50, gnhi:4:1:52, sde:4:1:54, patl:4:1:55, bta:4:1:56, pail:4:1:59, kwr:4:2:0, kua:4:2:2, ara:4:2:7, jgwl:4:2:9, krs:4:2:12, xsan:4:2:15, rnte:4:2:16, bea:4:2:18, asjp:4:2:20, byn:4:2:21, skri:4:2:23, rpr:4:2:25, vkdh:4:2:27, dure:4:2:33, bue:4:2:37, ndon:4:2:40, bxr:4:2:41, pwxp:4:2:46, csa:4:2:47, bqw:4:2:50, gmr:4:2:51, kkrh:4:2:53, bwh:4:2:55, usk:4:2:57, dln:4:2:59, drv:4:3:3, zna:4:3:6, bhcl:4:3:9, dha:4:3:12, tlam:4:3:16, sld:4:3:19, kca:4:3:23, mgs:4:3:28, dest]
Start Used memory is megabytes: 1432
Accepted Path found :[source, pnbe:4:1:42, scy:4:1:44, pws:4:1:45, dnr:4:1:47, neo:4:1:50, gnhi:4:1:52, sde:4:1:54, patl:4:1:55, bta:4:1:56, pail:4:1:59, kwr:4:2:0, kua:4:2:2, ara:4:2:7, jgwl:4:2:9, krs:4:2:12, xsan:4:2:15, rnte:4:2:16, bea:4:2:18, asjp:4:2:20, byn:4:2:21, skri:4:2:23, rpr:4:2:25, vkdh:4:2:27, dure:4:2:33, bue:4:2:37, ndon:4:2:40, bxr:4:2:41, pwxp:4:2:46, csa:4:2:47, bqw:4:2:50, gmr:4:2:51, kkrh:4:2:53, bwh:4:2:55, usk:4:2:57, dln:4:2:59, drv:4:3:3, zna:4:3:6, bhcl:4:3:9, dha:4:3:12, tlam:4:3:16, sld:4:3:19, kca:4:3:23, mgs:4:3:28, dest] cost: 106.0
Accepted Path found :[source, pnbe:3:21:51, scy:3:21:53, pws:3:21:54, dnr:3:21:56, neo:3:21:59, gnhi:3:22:1, sde:3:22:3, patl:3:22:4, bta:3:22:5, pail:3:22:8, kwr:3:22:9, kua:3:22:11, ara:3:22:16, jgwl:3:22:18, krs:3:22:21, xsan:3:22:24, rnte:3:22:25, bea:3:22:27, asjp:3:22:29, byn:3:22:30, skri:3:22:32, rpr:3:22:34, vkdh:3:22:36, dure:3:22:42, bue:3:22:46, ndon:3:22:49, bxr:3:22:50, pwxp:3:22:55, csa:3:22:56, bqw:3:22:59, gmr:3:23:0, kkrh:3:23:2, bwh:3:23:4, usk:3:23:6, dln:3:23:8, drv:3:23:12, zna:3:23:15, bhcl:3:23:18, dha:3:23:21, tlam:3:23:25, sld:3:23:28, kca:3:23:32, mgs:3:23:37, dest] cost: 106.0
Accepted Path found :[source, pnbe:5:15:25, scy:5:15:27, pws:5:15:28, dnr:5:15:30, neo:5:15:33, gnhi:5:15:35, sde:5:15:37, patl:5:15:38, bta:5:15:39, pail:5:15:42, kwr:5:15:43, kua:5:15:45, ara:5:15:50, jgwl:5:15:52, krs:5:15:55, xsan:5:15:58, rnte:5:15:59, bea:5:16:1, asjp:5:16:3, byn:5:16:4, skri:5:16:6, rpr:5:16:8, vkdh:5:16:10, dure:5:16:16, bue:5:16:20, ndon:5:16:23, bxr:5:16:24, pwxp:5:16:29, csa:5:16:30, bqw:5:16:33, gmr:5:16:34, kkrh:5:16:36, bwh:5:16:38, usk:5:16:40, dln:5:16:42, drv:5:16:46, zna:5:16:49, bhcl:5:16:52, dha:5:16:55, tlam:5:16:59, sld:5:17:2, kca:5:17:6, mgs:5:17:11, dest] cost: 106.0
Accepted Path found :[source, pnbe:2:21:46, scy:2:21:48, pws:2:21:49, dnr:2:21:51, neo:2:21:54, gnhi:2:21:56, sde:2:21:58, patl:2:21:59, bta:2:22:0, pail:2:22:3, kwr:2:22:4, kua:2:22:6, ara:2:22:11, jgwl:2:22:13, krs:2:22:16, xsan:2:22:19, rnte:2:22:20, bea:2:22:22, asjp:2:22:24, byn:2:22:25, skri:2:22:27, rpr:2:22:29, vkdh:2:22:31, dure:2:22:37, bue:2:22:41, ndon:2:22:44, bxr:2:22:45, pwxp:2:22:50, csa:2:22:51, bqw:2:22:54, gmr:2:22:55, kkrh:2:22:57, bwh:2:22:59, usk:2:23:1, dln:2:23:3, drv:2:23:7, zna:2:23:10, bhcl:2:23:13, dha:2:23:16, tlam:2:23:20, sld:2:23:23, kca:2:23:27, mgs:2:23:32, dest] cost: 106.0
Accepted Path found :[source, pnbe:2:1:42, scy:2:1:44, pws:2:1:45, dnr:2:1:47, neo:2:1:50, gnhi:2:1:52, sde:2:1:54, patl:2:1:55, bta:2:1:56, pail:2:1:59, kwr:2:2:0, kua:2:2:2, ara:2:2:7, jgwl:2:2:9, krs:2:2:12, xsan:2:2:15, rnte:2:2:16, bea:2:2:18, asjp:2:2:20, byn:2:2:21, skri:2:2:23, rpr:2:2:25, vkdh:2:2:27, dure:2:2:33, bue:2:2:37, ndon:2:2:40, bxr:2:2:41, pwxp:2:2:46, csa:2:2:47, bqw:2:2:50, gmr:2:2:51, kkrh:2:2:53, bwh:2:2:55, usk:2:2:57, dln:2:2:59, drv:2:3:3, zna:2:3:6, bhcl:2:3:9, dha:2:3:12, tlam:2:3:16, sld:2:3:19, kca:2:3:23, mgs:2:3:28, dest] cost: 106.0
Accepted Path found :[source, pnbe:3:13:40, scy:3:13:42, pws:3:13:43, dnr:3:13:45, neo:3:13:48, gnhi:3:13:50, sde:3:13:52, patl:3:13:53, bta:3:13:54, pail:3:13:57, kwr:3:13:58, kua:3:14:0, ara:3:14:5, jgwl:3:14:7, krs:3:14:10, xsan:3:14:13, rnte:3:14:14, bea:3:14:16, asjp:3:14:18, byn:3:14:19, skri:3:14:21, rpr:3:14:23, vkdh:3:14:25, dure:3:14:31, bue:3:14:35, ndon:3:14:38, bxr:3:14:39, pwxp:3:14:44, csa:3:14:45, bqw:3:14:48, gmr:3:14:49, kkrh:3:14:51, bwh:3:14:53, usk:3:14:55, dln:3:14:57, drv:3:15:1, zna:3:15:4, bhcl:3:15:7, dha:3:15:10, tlam:3:15:14, sld:3:15:17, kca:3:15:21, mgs:3:15:26, dest] cost: 106.0
Accepted Path found :[source, pnbe:0:23:49, scy:0:23:51, pws:0:23:52, dnr:0:23:54, neo:0:23:57, gnhi:0:23:59, sde:1:0:1, patl:1:0:2, bta:1:0:3, pail:1:0:6, kwr:1:0:7, kua:1:0:9, ara:1:0:14, jgwl:1:0:16, krs:1:0:19, xsan:1:0:22, rnte:1:0:23, bea:1:0:25, asjp:1:0:27, byn:1:0:28, skri:1:0:30, rpr:1:0:32, vkdh:1:0:34, dure:1:0:40, bue:1:0:44, ndon:1:0:47, bxr:1:0:48, pwxp:1:0:53, csa:1:0:54, bqw:1:0:57, gmr:1:0:58, kkrh:1:1:0, bwh:1:1:2, usk:1:1:4, dln:1:1:6, drv:1:1:10, zna:1:1:13, bhcl:1:1:16, dha:1:1:19, tlam:1:1:23, sld:1:1:26, kca:1:1:30, mgs:1:1:35, dest] cost: 106.0
Accepted Path found :[source, pnbe:3:15:27, scy:3:15:29, pws:3:15:30, dnr:3:15:32, neo:3:15:35, gnhi:3:15:37, sde:3:15:39, patl:3:15:40, bta:3:15:41, pail:3:15:44, kwr:3:15:45, kua:3:15:47, ara:3:15:52, jgwl:3:15:54, krs:3:15:57, xsan:3:16:0, rnte:3:16:1, bea:3:16:3, asjp:3:16:5, byn:3:16:6, skri:3:16:8, rpr:3:16:10, vkdh:3:16:12, dure:3:16:18, bue:3:16:22, ndon:3:16:25, bxr:3:16:26, pwxp:3:16:31, csa:3:16:32, bqw:3:16:35, gmr:3:16:36, kkrh:3:16:38, bwh:3:16:40, usk:3:16:42, dln:3:16:44, drv:3:16:48, zna:3:16:51, bhcl:3:16:54, dha:3:16:57, tlam:3:17:1, sld:3:17:4, kca:3:17:8, mgs:3:17:13, dest] cost: 106.0
Accepted Path found :[source, pnbe:1:21:51, scy:1:21:53, pws:1:21:54, dnr:1:21:56, neo:1:21:59, gnhi:1:22:1, sde:1:22:3, patl:1:22:4, bta:1:22:5, pail:1:22:8, kwr:1:22:9, kua:1:22:11, ara:1:22:16, jgwl:1:22:18, krs:1:22:21, xsan:1:22:24, rnte:1:22:25, bea:1:22:27, asjp:1:22:29, byn:1:22:30, skri:1:22:32, rpr:1:22:34, vkdh:1:22:36, dure:1:22:42, bue:1:22:46, ndon:1:22:49, bxr:1:22:50, pwxp:1:22:55, csa:1:22:56, bqw:1:22:59, gmr:1:23:0, kkrh:1:23:2, bwh:1:23:4, usk:1:23:6, dln:1:23:8, drv:1:23:12, zna:1:23:15, bhcl:1:23:18, dha:1:23:21, tlam:1:23:25, sld:1:23:28, kca:1:23:32, mgs:1:23:37, dest] cost: 106.0
Accepted Path found :[source, pnbe:2:13:40, scy:2:13:42, pws:2:13:43, dnr:2:13:45, neo:2:13:48, gnhi:2:13:50, sde:2:13:52, patl:2:13:53, bta:2:13:54, pail:2:13:57, kwr:2:13:58, kua:2:14:0, ara:2:14:5, jgwl:2:14:7, krs:2:14:10, xsan:2:14:13, rnte:2:14:14, bea:2:14:16, asjp:2:14:18, byn:2:14:19, skri:2:14:21, rpr:2:14:23, vkdh:2:14:25, dure:2:14:31, bue:2:14:35, ndon:2:14:38, bxr:2:14:39, pwxp:2:14:44, csa:2:14:45, bqw:2:14:48, gmr:2:14:49, kkrh:2:14:51, bwh:2:14:53, usk:2:14:55, dln:2:14:57, drv:2:15:1, zna:2:15:4, bhcl:2:15:7, dha:2:15:10, tlam:2:15:14, sld:2:15:17, kca:2:15:21, mgs:2:15:26, dest] cost: 106.0
Heap Number of paths found [[source, pnbe:4:1:42, scy:4:1:44, pws:4:1:45, dnr:4:1:47, neo:4:1:50, gnhi:4:1:52, sde:4:1:54, patl:4:1:55, bta:4:1:56, pail:4:1:59, kwr:4:2:0, kua:4:2:2, ara:4:2:7, jgwl:4:2:9, krs:4:2:12, xsan:4:2:15, rnte:4:2:16, bea:4:2:18, asjp:4:2:20, byn:4:2:21, skri:4:2:23, rpr:4:2:25, vkdh:4:2:27, dure:4:2:33, bue:4:2:37, ndon:4:2:40, bxr:4:2:41, pwxp:4:2:46, csa:4:2:47, bqw:4:2:50, gmr:4:2:51, kkrh:4:2:53, bwh:4:2:55, usk:4:2:57, dln:4:2:59, drv:4:3:3, zna:4:3:6, bhcl:4:3:9, dha:4:3:12, tlam:4:3:16, sld:4:3:19, kca:4:3:23, mgs:4:3:28, dest], [source, pnbe:3:21:51, scy:3:21:53, pws:3:21:54, dnr:3:21:56, neo:3:21:59, gnhi:3:22:1, sde:3:22:3, patl:3:22:4, bta:3:22:5, pail:3:22:8, kwr:3:22:9, kua:3:22:11, ara:3:22:16, jgwl:3:22:18, krs:3:22:21, xsan:3:22:24, rnte:3:22:25, bea:3:22:27, asjp:3:22:29, byn:3:22:30, skri:3:22:32, rpr:3:22:34, vkdh:3:22:36, dure:3:22:42, bue:3:22:46, ndon:3:22:49, bxr:3:22:50, pwxp:3:22:55, csa:3:22:56, bqw:3:22:59, gmr:3:23:0, kkrh:3:23:2, bwh:3:23:4, usk:3:23:6, dln:3:23:8, drv:3:23:12, zna:3:23:15, bhcl:3:23:18, dha:3:23:21, tlam:3:23:25, sld:3:23:28, kca:3:23:32, mgs:3:23:37, dest], [source, pnbe:5:15:25, scy:5:15:27, pws:5:15:28, dnr:5:15:30, neo:5:15:33, gnhi:5:15:35, sde:5:15:37, patl:5:15:38, bta:5:15:39, pail:5:15:42, kwr:5:15:43, kua:5:15:45, ara:5:15:50, jgwl:5:15:52, krs:5:15:55, xsan:5:15:58, rnte:5:15:59, bea:5:16:1, asjp:5:16:3, byn:5:16:4, skri:5:16:6, rpr:5:16:8, vkdh:5:16:10, dure:5:16:16, bue:5:16:20, ndon:5:16:23, bxr:5:16:24, pwxp:5:16:29, csa:5:16:30, bqw:5:16:33, gmr:5:16:34, kkrh:5:16:36, bwh:5:16:38, usk:5:16:40, dln:5:16:42, drv:5:16:46, zna:5:16:49, bhcl:5:16:52, dha:5:16:55, tlam:5:16:59, sld:5:17:2, kca:5:17:6, mgs:5:17:11, dest], [source, pnbe:2:21:46, scy:2:21:48, pws:2:21:49, dnr:2:21:51, neo:2:21:54, gnhi:2:21:56, sde:2:21:58, patl:2:21:59, bta:2:22:0, pail:2:22:3, kwr:2:22:4, kua:2:22:6, ara:2:22:11, jgwl:2:22:13, krs:2:22:16, xsan:2:22:19, rnte:2:22:20, bea:2:22:22, asjp:2:22:24, byn:2:22:25, skri:2:22:27, rpr:2:22:29, vkdh:2:22:31, dure:2:22:37, bue:2:22:41, ndon:2:22:44, bxr:2:22:45, pwxp:2:22:50, csa:2:22:51, bqw:2:22:54, gmr:2:22:55, kkrh:2:22:57, bwh:2:22:59, usk:2:23:1, dln:2:23:3, drv:2:23:7, zna:2:23:10, bhcl:2:23:13, dha:2:23:16, tlam:2:23:20, sld:2:23:23, kca:2:23:27, mgs:2:23:32, dest], [source, pnbe:2:1:42, scy:2:1:44, pws:2:1:45, dnr:2:1:47, neo:2:1:50, gnhi:2:1:52, sde:2:1:54, patl:2:1:55, bta:2:1:56, pail:2:1:59, kwr:2:2:0, kua:2:2:2, ara:2:2:7, jgwl:2:2:9, krs:2:2:12, xsan:2:2:15, rnte:2:2:16, bea:2:2:18, asjp:2:2:20, byn:2:2:21, skri:2:2:23, rpr:2:2:25, vkdh:2:2:27, dure:2:2:33, bue:2:2:37, ndon:2:2:40, bxr:2:2:41, pwxp:2:2:46, csa:2:2:47, bqw:2:2:50, gmr:2:2:51, kkrh:2:2:53, bwh:2:2:55, usk:2:2:57, dln:2:2:59, drv:2:3:3, zna:2:3:6, bhcl:2:3:9, dha:2:3:12, tlam:2:3:16, sld:2:3:19, kca:2:3:23, mgs:2:3:28, dest], [source, pnbe:3:13:40, scy:3:13:42, pws:3:13:43, dnr:3:13:45, neo:3:13:48, gnhi:3:13:50, sde:3:13:52, patl:3:13:53, bta:3:13:54, pail:3:13:57, kwr:3:13:58, kua:3:14:0, ara:3:14:5, jgwl:3:14:7, krs:3:14:10, xsan:3:14:13, rnte:3:14:14, bea:3:14:16, asjp:3:14:18, byn:3:14:19, skri:3:14:21, rpr:3:14:23, vkdh:3:14:25, dure:3:14:31, bue:3:14:35, ndon:3:14:38, bxr:3:14:39, pwxp:3:14:44, csa:3:14:45, bqw:3:14:48, gmr:3:14:49, kkrh:3:14:51, bwh:3:14:53, usk:3:14:55, dln:3:14:57, drv:3:15:1, zna:3:15:4, bhcl:3:15:7, dha:3:15:10, tlam:3:15:14, sld:3:15:17, kca:3:15:21, mgs:3:15:26, dest], [source, pnbe:0:23:49, scy:0:23:51, pws:0:23:52, dnr:0:23:54, neo:0:23:57, gnhi:0:23:59, sde:1:0:1, patl:1:0:2, bta:1:0:3, pail:1:0:6, kwr:1:0:7, kua:1:0:9, ara:1:0:14, jgwl:1:0:16, krs:1:0:19, xsan:1:0:22, rnte:1:0:23, bea:1:0:25, asjp:1:0:27, byn:1:0:28, skri:1:0:30, rpr:1:0:32, vkdh:1:0:34, dure:1:0:40, bue:1:0:44, ndon:1:0:47, bxr:1:0:48, pwxp:1:0:53, csa:1:0:54, bqw:1:0:57, gmr:1:0:58, kkrh:1:1:0, bwh:1:1:2, usk:1:1:4, dln:1:1:6, drv:1:1:10, zna:1:1:13, bhcl:1:1:16, dha:1:1:19, tlam:1:1:23, sld:1:1:26, kca:1:1:30, mgs:1:1:35, dest], [source, pnbe:3:15:27, scy:3:15:29, pws:3:15:30, dnr:3:15:32, neo:3:15:35, gnhi:3:15:37, sde:3:15:39, patl:3:15:40, bta:3:15:41, pail:3:15:44, kwr:3:15:45, kua:3:15:47, ara:3:15:52, jgwl:3:15:54, krs:3:15:57, xsan:3:16:0, rnte:3:16:1, bea:3:16:3, asjp:3:16:5, byn:3:16:6, skri:3:16:8, rpr:3:16:10, vkdh:3:16:12, dure:3:16:18, bue:3:16:22, ndon:3:16:25, bxr:3:16:26, pwxp:3:16:31, csa:3:16:32, bqw:3:16:35, gmr:3:16:36, kkrh:3:16:38, bwh:3:16:40, usk:3:16:42, dln:3:16:44, drv:3:16:48, zna:3:16:51, bhcl:3:16:54, dha:3:16:57, tlam:3:17:1, sld:3:17:4, kca:3:17:8, mgs:3:17:13, dest], [source, pnbe:1:21:51, scy:1:21:53, pws:1:21:54, dnr:1:21:56, neo:1:21:59, gnhi:1:22:1, sde:1:22:3, patl:1:22:4, bta:1:22:5, pail:1:22:8, kwr:1:22:9, kua:1:22:11, ara:1:22:16, jgwl:1:22:18, krs:1:22:21, xsan:1:22:24, rnte:1:22:25, bea:1:22:27, asjp:1:22:29, byn:1:22:30, skri:1:22:32, rpr:1:22:34, vkdh:1:22:36, dure:1:22:42, bue:1:22:46, ndon:1:22:49, bxr:1:22:50, pwxp:1:22:55, csa:1:22:56, bqw:1:22:59, gmr:1:23:0, kkrh:1:23:2, bwh:1:23:4, usk:1:23:6, dln:1:23:8, drv:1:23:12, zna:1:23:15, bhcl:1:23:18, dha:1:23:21, tlam:1:23:25, sld:1:23:28, kca:1:23:32, mgs:1:23:37, dest], [source, pnbe:2:13:40, scy:2:13:42, pws:2:13:43, dnr:2:13:45, neo:2:13:48, gnhi:2:13:50, sde:2:13:52, patl:2:13:53, bta:2:13:54, pail:2:13:57, kwr:2:13:58, kua:2:14:0, ara:2:14:5, jgwl:2:14:7, krs:2:14:10, xsan:2:14:13, rnte:2:14:14, bea:2:14:16, asjp:2:14:18, byn:2:14:19, skri:2:14:21, rpr:2:14:23, vkdh:2:14:25, dure:2:14:31, bue:2:14:35, ndon:2:14:38, bxr:2:14:39, pwxp:2:14:44, csa:2:14:45, bqw:2:14:48, gmr:2:14:49, kkrh:2:14:51, bwh:2:14:53, usk:2:14:55, dln:2:14:57, drv:2:15:1, zna:2:15:4, bhcl:2:15:7, dha:2:15:10, tlam:2:15:14, sld:2:15:17, kca:2:15:21, mgs:2:15:26, dest]]
Rejected paths:11
Duration: 3475951 ms
10	106.0	106.0	106.0	106.0	106.0	106.0	106.0	106.0	106.0	106.0
---------------------------------------------------------------------------------------------------------
10
[source, pnbe:4:1:42, scy:4:1:44, pws:4:1:45, dnr:4:1:47, neo:4:1:50, gnhi:4:1:52, sde:4:1:54, patl:4:1:55, bta:4:1:56, pail:4:1:59, kwr:4:2:0, kua:4:2:2, ara:4:2:7, jgwl:4:2:9, krs:4:2:12, xsan:4:2:15, rnte:4:2:16, bea:4:2:18, asjp:4:2:20, byn:4:2:21, skri:4:2:23, rpr:4:2:25, vkdh:4:2:27, dure:4:2:33, bue:4:2:37, ndon:4:2:40, bxr:4:2:41, pwxp:4:2:46, csa:4:2:47, bqw:4:2:50, gmr:4:2:51, kkrh:4:2:53, bwh:4:2:55, usk:4:2:57, dln:4:2:59, drv:4:3:3, zna:4:3:6, bhcl:4:3:9, dha:4:3:12, tlam:4:3:16, sld:4:3:19, kca:4:3:23, mgs:4:3:28, dest] cost: 106.0
[source, pnbe:3:21:51, scy:3:21:53, pws:3:21:54, dnr:3:21:56, neo:3:21:59, gnhi:3:22:1, sde:3:22:3, patl:3:22:4, bta:3:22:5, pail:3:22:8, kwr:3:22:9, kua:3:22:11, ara:3:22:16, jgwl:3:22:18, krs:3:22:21, xsan:3:22:24, rnte:3:22:25, bea:3:22:27, asjp:3:22:29, byn:3:22:30, skri:3:22:32, rpr:3:22:34, vkdh:3:22:36, dure:3:22:42, bue:3:22:46, ndon:3:22:49, bxr:3:22:50, pwxp:3:22:55, csa:3:22:56, bqw:3:22:59, gmr:3:23:0, kkrh:3:23:2, bwh:3:23:4, usk:3:23:6, dln:3:23:8, drv:3:23:12, zna:3:23:15, bhcl:3:23:18, dha:3:23:21, tlam:3:23:25, sld:3:23:28, kca:3:23:32, mgs:3:23:37, dest] cost: 106.0
[source, pnbe:5:15:25, scy:5:15:27, pws:5:15:28, dnr:5:15:30, neo:5:15:33, gnhi:5:15:35, sde:5:15:37, patl:5:15:38, bta:5:15:39, pail:5:15:42, kwr:5:15:43, kua:5:15:45, ara:5:15:50, jgwl:5:15:52, krs:5:15:55, xsan:5:15:58, rnte:5:15:59, bea:5:16:1, asjp:5:16:3, byn:5:16:4, skri:5:16:6, rpr:5:16:8, vkdh:5:16:10, dure:5:16:16, bue:5:16:20, ndon:5:16:23, bxr:5:16:24, pwxp:5:16:29, csa:5:16:30, bqw:5:16:33, gmr:5:16:34, kkrh:5:16:36, bwh:5:16:38, usk:5:16:40, dln:5:16:42, drv:5:16:46, zna:5:16:49, bhcl:5:16:52, dha:5:16:55, tlam:5:16:59, sld:5:17:2, kca:5:17:6, mgs:5:17:11, dest] cost: 106.0
[source, pnbe:2:21:46, scy:2:21:48, pws:2:21:49, dnr:2:21:51, neo:2:21:54, gnhi:2:21:56, sde:2:21:58, patl:2:21:59, bta:2:22:0, pail:2:22:3, kwr:2:22:4, kua:2:22:6, ara:2:22:11, jgwl:2:22:13, krs:2:22:16, xsan:2:22:19, rnte:2:22:20, bea:2:22:22, asjp:2:22:24, byn:2:22:25, skri:2:22:27, rpr:2:22:29, vkdh:2:22:31, dure:2:22:37, bue:2:22:41, ndon:2:22:44, bxr:2:22:45, pwxp:2:22:50, csa:2:22:51, bqw:2:22:54, gmr:2:22:55, kkrh:2:22:57, bwh:2:22:59, usk:2:23:1, dln:2:23:3, drv:2:23:7, zna:2:23:10, bhcl:2:23:13, dha:2:23:16, tlam:2:23:20, sld:2:23:23, kca:2:23:27, mgs:2:23:32, dest] cost: 106.0
[source, pnbe:2:1:42, scy:2:1:44, pws:2:1:45, dnr:2:1:47, neo:2:1:50, gnhi:2:1:52, sde:2:1:54, patl:2:1:55, bta:2:1:56, pail:2:1:59, kwr:2:2:0, kua:2:2:2, ara:2:2:7, jgwl:2:2:9, krs:2:2:12, xsan:2:2:15, rnte:2:2:16, bea:2:2:18, asjp:2:2:20, byn:2:2:21, skri:2:2:23, rpr:2:2:25, vkdh:2:2:27, dure:2:2:33, bue:2:2:37, ndon:2:2:40, bxr:2:2:41, pwxp:2:2:46, csa:2:2:47, bqw:2:2:50, gmr:2:2:51, kkrh:2:2:53, bwh:2:2:55, usk:2:2:57, dln:2:2:59, drv:2:3:3, zna:2:3:6, bhcl:2:3:9, dha:2:3:12, tlam:2:3:16, sld:2:3:19, kca:2:3:23, mgs:2:3:28, dest] cost: 106.0
[source, pnbe:3:13:40, scy:3:13:42, pws:3:13:43, dnr:3:13:45, neo:3:13:48, gnhi:3:13:50, sde:3:13:52, patl:3:13:53, bta:3:13:54, pail:3:13:57, kwr:3:13:58, kua:3:14:0, ara:3:14:5, jgwl:3:14:7, krs:3:14:10, xsan:3:14:13, rnte:3:14:14, bea:3:14:16, asjp:3:14:18, byn:3:14:19, skri:3:14:21, rpr:3:14:23, vkdh:3:14:25, dure:3:14:31, bue:3:14:35, ndon:3:14:38, bxr:3:14:39, pwxp:3:14:44, csa:3:14:45, bqw:3:14:48, gmr:3:14:49, kkrh:3:14:51, bwh:3:14:53, usk:3:14:55, dln:3:14:57, drv:3:15:1, zna:3:15:4, bhcl:3:15:7, dha:3:15:10, tlam:3:15:14, sld:3:15:17, kca:3:15:21, mgs:3:15:26, dest] cost: 106.0
[source, pnbe:0:23:49, scy:0:23:51, pws:0:23:52, dnr:0:23:54, neo:0:23:57, gnhi:0:23:59, sde:1:0:1, patl:1:0:2, bta:1:0:3, pail:1:0:6, kwr:1:0:7, kua:1:0:9, ara:1:0:14, jgwl:1:0:16, krs:1:0:19, xsan:1:0:22, rnte:1:0:23, bea:1:0:25, asjp:1:0:27, byn:1:0:28, skri:1:0:30, rpr:1:0:32, vkdh:1:0:34, dure:1:0:40, bue:1:0:44, ndon:1:0:47, bxr:1:0:48, pwxp:1:0:53, csa:1:0:54, bqw:1:0:57, gmr:1:0:58, kkrh:1:1:0, bwh:1:1:2, usk:1:1:4, dln:1:1:6, drv:1:1:10, zna:1:1:13, bhcl:1:1:16, dha:1:1:19, tlam:1:1:23, sld:1:1:26, kca:1:1:30, mgs:1:1:35, dest] cost: 106.0
[source, pnbe:3:15:27, scy:3:15:29, pws:3:15:30, dnr:3:15:32, neo:3:15:35, gnhi:3:15:37, sde:3:15:39, patl:3:15:40, bta:3:15:41, pail:3:15:44, kwr:3:15:45, kua:3:15:47, ara:3:15:52, jgwl:3:15:54, krs:3:15:57, xsan:3:16:0, rnte:3:16:1, bea:3:16:3, asjp:3:16:5, byn:3:16:6, skri:3:16:8, rpr:3:16:10, vkdh:3:16:12, dure:3:16:18, bue:3:16:22, ndon:3:16:25, bxr:3:16:26, pwxp:3:16:31, csa:3:16:32, bqw:3:16:35, gmr:3:16:36, kkrh:3:16:38, bwh:3:16:40, usk:3:16:42, dln:3:16:44, drv:3:16:48, zna:3:16:51, bhcl:3:16:54, dha:3:16:57, tlam:3:17:1, sld:3:17:4, kca:3:17:8, mgs:3:17:13, dest] cost: 106.0
[source, pnbe:1:21:51, scy:1:21:53, pws:1:21:54, dnr:1:21:56, neo:1:21:59, gnhi:1:22:1, sde:1:22:3, patl:1:22:4, bta:1:22:5, pail:1:22:8, kwr:1:22:9, kua:1:22:11, ara:1:22:16, jgwl:1:22:18, krs:1:22:21, xsan:1:22:24, rnte:1:22:25, bea:1:22:27, asjp:1:22:29, byn:1:22:30, skri:1:22:32, rpr:1:22:34, vkdh:1:22:36, dure:1:22:42, bue:1:22:46, ndon:1:22:49, bxr:1:22:50, pwxp:1:22:55, csa:1:22:56, bqw:1:22:59, gmr:1:23:0, kkrh:1:23:2, bwh:1:23:4, usk:1:23:6, dln:1:23:8, drv:1:23:12, zna:1:23:15, bhcl:1:23:18, dha:1:23:21, tlam:1:23:25, sld:1:23:28, kca:1:23:32, mgs:1:23:37, dest] cost: 106.0
[source, pnbe:2:13:40, scy:2:13:42, pws:2:13:43, dnr:2:13:45, neo:2:13:48, gnhi:2:13:50, sde:2:13:52, patl:2:13:53, bta:2:13:54, pail:2:13:57, kwr:2:13:58, kua:2:14:0, ara:2:14:5, jgwl:2:14:7, krs:2:14:10, xsan:2:14:13, rnte:2:14:14, bea:2:14:16, asjp:2:14:18, byn:2:14:19, skri:2:14:21, rpr:2:14:23, vkdh:2:14:25, dure:2:14:31, bue:2:14:35, ndon:2:14:38, bxr:2:14:39, pwxp:2:14:44, csa:2:14:45, bqw:2:14:48, gmr:2:14:49, kkrh:2:14:51, bwh:2:14:53, usk:2:14:55, dln:2:14:57, drv:2:15:1, zna:2:15:4, bhcl:2:15:7, dha:2:15:10, tlam:2:15:14, sld:2:15:17, kca:2:15:21, mgs:2:15:26, dest] cost: 106.0
