---------------------------------------------------------------------------------------------------------
2018/03/09 10:48:28
Avg speed: 60.0
Mode: Single Day
Train Day: 3
Max ratio: 1.3
***********************************************************************************
[0.0, 0.0, 3.9000000000000004, 7.800000000000001, 13.0, 20.8, 24.7, 29.900000000000002, 32.5, 35.1, 42.9, 46.800000000000004, 52.0, 63.7, 68.9, 76.7, 85.8, 87.10000000000001, 92.3, 97.5, 100.10000000000001, 105.3, 110.5, 117.0, 132.6, 141.70000000000002, 149.5, 153.4, 165.1, 167.70000000000002, 175.5, 179.4, 184.6, 189.8, 195.0, 200.20000000000002, 209.3, 218.4, 224.9, 234.0, 243.1, 252.20000000000002, 261.3, 275.6, 275.6]
Station size: 43
Initializing graph
Adding edge bw stations source->pnbe 2018/03/09 10:48:33
Start Used memory is megabytes: 902
Adding edge bw stations pnbe->scy 2018/03/09 10:48:33
Start Used memory is megabytes: 903
Adding edge bw stations scy->pws 2018/03/09 10:48:35
Start Used memory is megabytes: 1513
Adding edge bw stations pws->dnr 2018/03/09 10:48:36
Start Used memory is megabytes: 1052
Adding edge bw stations dnr->neo 2018/03/09 10:48:37
Start Used memory is megabytes: 1563
Adding edge bw stations neo->gnhi 2018/03/09 10:48:38
Start Used memory is megabytes: 793
Adding edge bw stations gnhi->sde 2018/03/09 10:48:39
Start Used memory is megabytes: 1399
Adding edge bw stations sde->patl 2018/03/09 10:48:40
Start Used memory is megabytes: 825
Adding edge bw stations patl->bta 2018/03/09 10:48:41
Start Used memory is megabytes: 1527
Adding edge bw stations bta->pail 2018/03/09 10:48:42
Start Used memory is megabytes: 1148
Adding edge bw stations pail->kwr 2018/03/09 10:48:43
Start Used memory is megabytes: 1446
Adding edge bw stations kwr->kua 2018/03/09 10:48:44
Start Used memory is megabytes: 927
Adding edge bw stations kua->ara 2018/03/09 10:48:45
Start Used memory is megabytes: 1398
Adding edge bw stations ara->jgwl 2018/03/09 10:48:46
Start Used memory is megabytes: 1352
Adding edge bw stations jgwl->krs 2018/03/09 10:48:47
Start Used memory is megabytes: 670
Adding edge bw stations krs->xsan 2018/03/09 10:48:48
Start Used memory is megabytes: 923
Adding edge bw stations xsan->rnte 2018/03/09 10:48:49
Start Used memory is megabytes: 1076
