---------------------------------------------------------------------------------------------------------
2018/02/18 22:12:19
Avg speed: 60.0
Mode: Single Day
Train Day: 0
Max ratio: 1.3
***********************************************************************************
[0.0, 0.0, 3.9000000000000004, 7.800000000000001, 13.0, 20.8, 24.7, 24.7]
Station size: 6
Initializing graph
Adding edge bw stations source->pnbe 2018/02/18 22:12:20
Start Used memory is megabytes: 330
Adding edge bw stations pnbe->scy 2018/02/18 22:12:20
Start Used memory is megabytes: 330
Adding edge bw stations scy->pws 2018/02/18 22:12:22
Start Used memory is megabytes: 929
Adding edge bw stations pws->dnr 2018/02/18 22:12:25
Start Used memory is megabytes: 1150
Adding edge bw stations dnr->neo 2018/02/18 22:12:28
Start Used memory is megabytes: 1165
Adding edge bw stations neo->gnhi 2018/02/18 22:12:31
Start Used memory is megabytes: 1008
Adding edge bw stations gnhi->dest 2018/02/18 22:12:35
Start Used memory is megabytes: 1144
Edge size: 329562
Finding shortest path bw : source >> dest
Best Path till now cost : 0.0 >> [source, pnbe:0:4:11]
Start Used memory is megabytes: 1145
Best Path till now cost : 3.0 >> [source, pnbe:0:14:42, scy:0:14:45]
Start Used memory is megabytes: 1158
Best Path till now cost : 6.0 >> [source, pnbe:0:6:11, scy:0:6:14, pws:0:6:17]
Start Used memory is megabytes: 1171
Best Path till now cost : 10.0 >> [source, pnbe:0:18:7, scy:0:18:10, pws:0:18:13, dnr:0:18:17]
Start Used memory is megabytes: 1191
Best Path till now cost : 16.0 >> [source, pnbe:0:5:24, scy:0:5:27, pws:0:5:30, dnr:0:5:34, neo:0:5:40]
Start Used memory is megabytes: 381
Best Path till now cost : 19.0 >> [source, pnbe:0:5:24, scy:0:5:27, pws:0:5:30, dnr:0:5:34, neo:0:5:40, gnhi:0:5:43]
Start Used memory is megabytes: 496
Best Path till now cost : 19.0 >> [source, pnbe:0:5:24, scy:0:5:27, pws:0:5:30, dnr:0:5:34, neo:0:5:40, gnhi:0:5:43, dest]
Start Used memory is megabytes: 505
Accepted Path found :[source, pnbe:0:5:24, scy:0:5:27, pws:0:5:30, dnr:0:5:34, neo:0:5:40, gnhi:0:5:43, dest] cost: 19.0
Accepted Path found :[source, pnbe:0:1:3, scy:0:1:6, pws:0:1:9, dnr:0:1:13, neo:0:1:19, gnhi:0:1:22, dest] cost: 19.0
Accepted Path found :[source, pnbe:0:4:35, scy:0:4:38, pws:0:4:41, dnr:0:4:45, neo:0:4:51, gnhi:0:4:54, dest] cost: 19.0
Accepted Path found :[source, pnbe:0:6:25, scy:0:6:28, pws:0:6:31, dnr:0:6:35, neo:0:6:41, gnhi:0:6:44, dest] cost: 19.0
Accepted Path found :[source, pnbe:0:15:19, scy:0:15:22, pws:0:15:25, dnr:0:15:29, neo:0:15:35, gnhi:0:15:38, dest] cost: 19.0
Accepted Path found :[source, pnbe:0:17:39, scy:0:17:42, pws:0:17:45, dnr:0:17:49, neo:0:17:55, gnhi:0:17:58, dest] cost: 19.0
Accepted Path found :[source, pnbe:0:9:55, scy:0:9:58, pws:0:10:1, dnr:0:10:5, neo:0:10:11, gnhi:0:10:14, dest] cost: 19.0
Accepted Path found :[source, pnbe:0:7:34, scy:0:7:37, pws:0:7:40, dnr:0:7:44, neo:0:7:50, gnhi:0:7:53, dest] cost: 19.0
Accepted Path found :[source, pnbe:0:21:13, scy:0:21:16, pws:0:21:19, dnr:0:21:23, neo:0:21:29, gnhi:0:21:32, dest] cost: 19.0
Accepted Path found :[source, pnbe:0:22:49, scy:0:22:52, pws:0:22:55, dnr:0:22:59, neo:0:23:5, gnhi:0:23:8, dest] cost: 19.0
Accepted Path found :[source, pnbe:0:15:53, scy:0:15:56, pws:0:15:59, dnr:0:16:3, neo:0:16:9, gnhi:0:16:12, dest] cost: 19.0
Accepted Path found :[source, pnbe:0:8:7, scy:0:8:10, pws:0:8:13, dnr:0:8:17, neo:0:8:23, gnhi:0:8:26, dest] cost: 19.0
Accepted Path found :[source, pnbe:0:10:19, scy:0:10:22, pws:0:10:25, dnr:0:10:29, neo:0:10:35, gnhi:0:10:38, dest] cost: 19.0
Accepted Path found :[source, pnbe:0:2:18, scy:0:2:21, pws:0:2:24, dnr:0:2:28, neo:0:2:34, gnhi:0:2:37, dest] cost: 19.0
Accepted Path found :[source, pnbe:0:19:44, scy:0:19:47, pws:0:19:50, dnr:0:19:54, neo:0:20:0, gnhi:0:20:3, dest] cost: 19.0
Accepted Path found :[source, pnbe:0:14:22, scy:0:14:25, pws:0:14:28, dnr:0:14:32, neo:0:14:38, gnhi:0:14:41, dest] cost: 19.0
Accepted Path found :[source, pnbe:0:7:12, scy:0:7:15, pws:0:7:18, dnr:0:7:22, neo:0:7:28, gnhi:0:7:31, dest] cost: 19.0
Accepted Path found :[source, pnbe:0:5:43, scy:0:5:46, pws:0:5:49, dnr:0:5:53, neo:0:5:59, gnhi:0:6:2, dest] cost: 19.0
Accepted Path found :[source, pnbe:0:20:33, scy:0:20:36, pws:0:20:39, dnr:0:20:43, neo:0:20:49, gnhi:0:20:52, dest] cost: 19.0
Accepted Path found :[source, pnbe:0:4:17, scy:0:4:20, pws:0:4:23, dnr:0:4:27, neo:0:4:33, gnhi:0:4:36, dest] cost: 19.0
Heap Empty [[source, pnbe:0:5:24, scy:0:5:27, pws:0:5:30, dnr:0:5:34, neo:0:5:40, gnhi:0:5:43, dest], [source, pnbe:0:1:3, scy:0:1:6, pws:0:1:9, dnr:0:1:13, neo:0:1:19, gnhi:0:1:22, dest], [source, pnbe:0:4:35, scy:0:4:38, pws:0:4:41, dnr:0:4:45, neo:0:4:51, gnhi:0:4:54, dest], [source, pnbe:0:6:25, scy:0:6:28, pws:0:6:31, dnr:0:6:35, neo:0:6:41, gnhi:0:6:44, dest], [source, pnbe:0:15:19, scy:0:15:22, pws:0:15:25, dnr:0:15:29, neo:0:15:35, gnhi:0:15:38, dest], [source, pnbe:0:17:39, scy:0:17:42, pws:0:17:45, dnr:0:17:49, neo:0:17:55, gnhi:0:17:58, dest], [source, pnbe:0:9:55, scy:0:9:58, pws:0:10:1, dnr:0:10:5, neo:0:10:11, gnhi:0:10:14, dest], [source, pnbe:0:7:34, scy:0:7:37, pws:0:7:40, dnr:0:7:44, neo:0:7:50, gnhi:0:7:53, dest], [source, pnbe:0:21:13, scy:0:21:16, pws:0:21:19, dnr:0:21:23, neo:0:21:29, gnhi:0:21:32, dest], [source, pnbe:0:22:49, scy:0:22:52, pws:0:22:55, dnr:0:22:59, neo:0:23:5, gnhi:0:23:8, dest], [source, pnbe:0:15:53, scy:0:15:56, pws:0:15:59, dnr:0:16:3, neo:0:16:9, gnhi:0:16:12, dest], [source, pnbe:0:8:7, scy:0:8:10, pws:0:8:13, dnr:0:8:17, neo:0:8:23, gnhi:0:8:26, dest], [source, pnbe:0:10:19, scy:0:10:22, pws:0:10:25, dnr:0:10:29, neo:0:10:35, gnhi:0:10:38, dest], [source, pnbe:0:2:18, scy:0:2:21, pws:0:2:24, dnr:0:2:28, neo:0:2:34, gnhi:0:2:37, dest], [source, pnbe:0:19:44, scy:0:19:47, pws:0:19:50, dnr:0:19:54, neo:0:20:0, gnhi:0:20:3, dest], [source, pnbe:0:14:22, scy:0:14:25, pws:0:14:28, dnr:0:14:32, neo:0:14:38, gnhi:0:14:41, dest], [source, pnbe:0:7:12, scy:0:7:15, pws:0:7:18, dnr:0:7:22, neo:0:7:28, gnhi:0:7:31, dest], [source, pnbe:0:5:43, scy:0:5:46, pws:0:5:49, dnr:0:5:53, neo:0:5:59, gnhi:0:6:2, dest], [source, pnbe:0:20:33, scy:0:20:36, pws:0:20:39, dnr:0:20:43, neo:0:20:49, gnhi:0:20:52, dest], [source, pnbe:0:4:17, scy:0:4:20, pws:0:4:23, dnr:0:4:27, neo:0:4:33, gnhi:0:4:36, dest]]
Rejected paths:50
Duration: 16428 ms
20	19.0	19.0	19.0	19.0	19.0	19.0	19.0	19.0	19.0	19.0	19.0	19.0	19.0	19.0	19.0	19.0	19.0	19.0	19.0	19.0
---------------------------------------------------------------------------------------------------------
---------------------------------------------------------------------------------------------------------
2018/02/18 22:12:36
Avg speed: 60.0
Mode: Single Day
Train Day: 0
Max ratio: 1.3
***********************************************************************************
[60.0, 60.0, 66.5, 69.1, 71.7, 71.7]
Station size: 4
Initializing graph
Adding edge bw stations source->gnhi 2018/02/18 22:12:36
Start Used memory is megabytes: 476
Adding edge bw stations gnhi->sde 2018/02/18 22:12:36
Start Used memory is megabytes: 478
Adding edge bw stations sde->patl 2018/02/18 22:12:39
Start Used memory is megabytes: 585
Adding edge bw stations patl->bta 2018/02/18 22:12:42
Start Used memory is megabytes: 1219
Adding edge bw stations bta->dest 2018/02/18 22:12:45
Start Used memory is megabytes: 589
Edge size: 209821
Finding shortest path bw : source:0:5:43 >> dest
Best Path till now cost : 0.0 >> [source:0:5:43, gnhi:0:5:43]
Start Used memory is megabytes: 590
Best Path till now cost : 5.0 >> [source:0:5:43, gnhi:0:5:43, sde:0:5:48]
Start Used memory is megabytes: 590
Best Path till now cost : 7.0 >> [source:0:5:43, gnhi:0:5:43, sde:0:5:48, patl:0:5:50]
Start Used memory is megabytes: 590
Best Path till now cost : 9.0 >> [source:0:5:43, gnhi:0:5:43, sde:0:5:48, patl:0:5:50, bta:0:5:52]
Start Used memory is megabytes: 590
Best Path till now cost : 9.0 >> [source:0:5:43, gnhi:0:5:43, sde:0:5:48, patl:0:5:50, bta:0:5:52, dest]
Start Used memory is megabytes: 590
Accepted Path found :[source:0:5:43, gnhi:0:5:43, sde:0:5:48, patl:0:5:50, bta:0:5:52, dest] cost: 9.0
Heap Empty [[source:0:5:43, gnhi:0:5:43, sde:0:5:48, patl:0:5:50, bta:0:5:52, dest]]
Rejected paths:0
Duration: 9703 ms
1	9.0
---------------------------------------------------------------------------------------------------------
Accepted Path Found : [source, pnbe:0:5:24, scy:0:5:27, pws:0:5:30, dnr:0:5:34, neo:0:5:40, gnhi:0:5:43, sde:0:5:48, patl:0:5:50, bta:0:5:52, dest] cost: 28.0
---------------------------------------------------------------------------------------------------------
2018/02/18 22:12:45
Avg speed: 60.0
Mode: Single Day
Train Day: 0
Max ratio: 1.3
***********************************************************************************
[60.0, 60.0, 66.5, 69.1, 71.7, 71.7]
Station size: 4
Initializing graph
Adding edge bw stations source->gnhi 2018/02/18 22:12:45
Start Used memory is megabytes: 829
Adding edge bw stations gnhi->sde 2018/02/18 22:12:45
Start Used memory is megabytes: 832
Adding edge bw stations sde->patl 2018/02/18 22:12:48
Start Used memory is megabytes: 779
Adding edge bw stations patl->bta 2018/02/18 22:12:51
Start Used memory is megabytes: 1012
Adding edge bw stations bta->dest 2018/02/18 22:12:54
Start Used memory is megabytes: 1239
Edge size: 209821
Finding shortest path bw : source:0:1:22 >> dest
Best Path till now cost : 0.0 >> [source:0:1:22, gnhi:0:1:22]
Start Used memory is megabytes: 1239
Best Path till now cost : 5.0 >> [source:0:1:22, gnhi:0:1:22, sde:0:1:27]
Start Used memory is megabytes: 1239
Best Path till now cost : 7.0 >> [source:0:1:22, gnhi:0:1:22, sde:0:1:27, patl:0:1:29]
Start Used memory is megabytes: 1239
Best Path till now cost : 9.0 >> [source:0:1:22, gnhi:0:1:22, sde:0:1:27, patl:0:1:29, bta:0:1:31]
Start Used memory is megabytes: 1239
Best Path till now cost : 9.0 >> [source:0:1:22, gnhi:0:1:22, sde:0:1:27, patl:0:1:29, bta:0:1:31, dest]
Start Used memory is megabytes: 1239
Accepted Path found :[source:0:1:22, gnhi:0:1:22, sde:0:1:27, patl:0:1:29, bta:0:1:31, dest] cost: 9.0
Heap Empty [[source:0:1:22, gnhi:0:1:22, sde:0:1:27, patl:0:1:29, bta:0:1:31, dest]]
Rejected paths:0
Duration: 9081 ms
1	9.0
---------------------------------------------------------------------------------------------------------
Accepted Path Found : [source, pnbe:0:1:3, scy:0:1:6, pws:0:1:9, dnr:0:1:13, neo:0:1:19, gnhi:0:1:22, sde:0:1:27, patl:0:1:29, bta:0:1:31, dest] cost: 28.0
---------------------------------------------------------------------------------------------------------
2018/02/18 22:12:54
Avg speed: 60.0
Mode: Single Day
Train Day: 0
Max ratio: 1.3
***********************************************************************************
[60.0, 60.0, 66.5, 69.1, 71.7, 71.7]
Station size: 4
Initializing graph
Adding edge bw stations source->gnhi 2018/02/18 22:12:55
Start Used memory is megabytes: 601
Adding edge bw stations gnhi->sde 2018/02/18 22:12:55
Start Used memory is megabytes: 604
Adding edge bw stations sde->patl 2018/02/18 22:12:57
Start Used memory is megabytes: 548
Adding edge bw stations patl->bta 2018/02/18 22:13:00
Start Used memory is megabytes: 814
Adding edge bw stations bta->dest 2018/02/18 22:13:03
Start Used memory is megabytes: 1124
Edge size: 209821
Finding shortest path bw : source:0:4:54 >> dest
Best Path till now cost : 0.0 >> [source:0:4:54, gnhi:0:4:54]
Start Used memory is megabytes: 1125
Best Path till now cost : 5.0 >> [source:0:4:54, gnhi:0:4:54, sde:0:4:59]
Start Used memory is megabytes: 1125
Best Path till now cost : 7.0 >> [source:0:4:54, gnhi:0:4:54, sde:0:4:59, patl:0:5:1]
Start Used memory is megabytes: 1125
Best Path till now cost : 9.0 >> [source:0:4:54, gnhi:0:4:54, sde:0:4:59, patl:0:5:1, bta:0:5:3]
Start Used memory is megabytes: 1125
Best Path till now cost : 9.0 >> [source:0:4:54, gnhi:0:4:54, sde:0:4:59, patl:0:5:1, bta:0:5:3, dest]
Start Used memory is megabytes: 1125
Accepted Path found :[source:0:4:54, gnhi:0:4:54, sde:0:4:59, patl:0:5:1, bta:0:5:3, dest] cost: 9.0
Heap Empty [[source:0:4:54, gnhi:0:4:54, sde:0:4:59, patl:0:5:1, bta:0:5:3, dest]]
Rejected paths:0
Duration: 8694 ms
1	9.0
---------------------------------------------------------------------------------------------------------
Accepted Path Found : [source, pnbe:0:4:35, scy:0:4:38, pws:0:4:41, dnr:0:4:45, neo:0:4:51, gnhi:0:4:54, sde:0:4:59, patl:0:5:1, bta:0:5:3, dest] cost: 28.0
---------------------------------------------------------------------------------------------------------
2018/02/18 22:13:03
Avg speed: 60.0
Mode: Single Day
Train Day: 0
Max ratio: 1.3
***********************************************************************************
[60.0, 60.0, 66.5, 69.1, 71.7, 71.7]
Station size: 4
Initializing graph
Adding edge bw stations source->gnhi 2018/02/18 22:13:03
Start Used memory is megabytes: 503
Adding edge bw stations gnhi->sde 2018/02/18 22:13:03
Start Used memory is megabytes: 506
Adding edge bw stations sde->patl 2018/02/18 22:13:06
Start Used memory is megabytes: 581
Adding edge bw stations patl->bta 2018/02/18 22:13:09
Start Used memory is megabytes: 997
Adding edge bw stations bta->dest 2018/02/18 22:13:12
Start Used memory is megabytes: 633
Edge size: 209821
Finding shortest path bw : source:0:6:44 >> dest
Best Path till now cost : 0.0 >> [source:0:6:44, gnhi:0:6:44]
Start Used memory is megabytes: 634
Best Path till now cost : 5.0 >> [source:0:6:44, gnhi:0:6:44, sde:0:6:49]
Start Used memory is megabytes: 634
Best Path till now cost : 7.0 >> [source:0:6:44, gnhi:0:6:44, sde:0:6:49, patl:0:6:51]
Start Used memory is megabytes: 634
Best Path till now cost : 9.0 >> [source:0:6:44, gnhi:0:6:44, sde:0:6:49, patl:0:6:51, bta:0:6:53]
Start Used memory is megabytes: 634
Best Path till now cost : 9.0 >> [source:0:6:44, gnhi:0:6:44, sde:0:6:49, patl:0:6:51, bta:0:6:53, dest]
Start Used memory is megabytes: 634
Accepted Path found :[source:0:6:44, gnhi:0:6:44, sde:0:6:49, patl:0:6:51, bta:0:6:53, dest] cost: 9.0
Heap Empty [[source:0:6:44, gnhi:0:6:44, sde:0:6:49, patl:0:6:51, bta:0:6:53, dest]]
Rejected paths:0
Duration: 8722 ms
1	9.0
---------------------------------------------------------------------------------------------------------
Accepted Path Found : [source, pnbe:0:6:25, scy:0:6:28, pws:0:6:31, dnr:0:6:35, neo:0:6:41, gnhi:0:6:44, sde:0:6:49, patl:0:6:51, bta:0:6:53, dest] cost: 28.0
---------------------------------------------------------------------------------------------------------
2018/02/18 22:13:12
Avg speed: 60.0
Mode: Single Day
Train Day: 0
Max ratio: 1.3
***********************************************************************************
[60.0, 60.0, 66.5, 69.1, 71.7, 71.7]
Station size: 4
Initializing graph
Adding edge bw stations source->gnhi 2018/02/18 22:13:12
Start Used memory is megabytes: 873
Adding edge bw stations gnhi->sde 2018/02/18 22:13:12
Start Used memory is megabytes: 876
Adding edge bw stations sde->patl 2018/02/18 22:13:15
Start Used memory is megabytes: 1123
Adding edge bw stations patl->bta 2018/02/18 22:13:18
Start Used memory is megabytes: 894
Adding edge bw stations bta->dest 2018/02/18 22:13:20
Start Used memory is megabytes: 735
Edge size: 209821
Finding shortest path bw : source:0:15:38 >> dest
Best Path till now cost : 0.0 >> [source:0:15:38, gnhi:0:15:38]
Start Used memory is megabytes: 736
Best Path till now cost : 5.0 >> [source:0:15:38, gnhi:0:15:38, sde:0:15:43]
Start Used memory is megabytes: 736
Best Path till now cost : 7.0 >> [source:0:15:38, gnhi:0:15:38, sde:0:15:43, patl:0:15:45]
Start Used memory is megabytes: 736
Best Path till now cost : 9.0 >> [source:0:15:38, gnhi:0:15:38, sde:0:15:43, patl:0:15:45, bta:0:15:47]
Start Used memory is megabytes: 736
Best Path till now cost : 9.0 >> [source:0:15:38, gnhi:0:15:38, sde:0:15:43, patl:0:15:45, bta:0:15:47, dest]
Start Used memory is megabytes: 736
Accepted Path found :[source:0:15:38, gnhi:0:15:38, sde:0:15:43, patl:0:15:45, bta:0:15:47, dest] cost: 9.0
Heap Empty [[source:0:15:38, gnhi:0:15:38, sde:0:15:43, patl:0:15:45, bta:0:15:47, dest]]
Rejected paths:0
Duration: 8728 ms
1	9.0
---------------------------------------------------------------------------------------------------------
Accepted Path Found : [source, pnbe:0:15:19, scy:0:15:22, pws:0:15:25, dnr:0:15:29, neo:0:15:35, gnhi:0:15:38, sde:0:15:43, patl:0:15:45, bta:0:15:47, dest] cost: 28.0
---------------------------------------------------------------------------------------------------------
2018/02/18 22:13:20
Avg speed: 60.0
Mode: Single Day
Train Day: 0
Max ratio: 1.3
***********************************************************************************
[60.0, 60.0, 66.5, 69.1, 71.7, 71.7]
Station size: 4
Initializing graph
Adding edge bw stations source->gnhi 2018/02/18 22:13:21
Start Used memory is megabytes: 975
Adding edge bw stations gnhi->sde 2018/02/18 22:13:21
Start Used memory is megabytes: 978
Adding edge bw stations sde->patl 2018/02/18 22:13:24
Start Used memory is megabytes: 602
Adding edge bw stations patl->bta 2018/02/18 22:13:26
Start Used memory is megabytes: 586
Adding edge bw stations bta->dest 2018/02/18 22:13:29
Start Used memory is megabytes: 628
Edge size: 209821
Finding shortest path bw : source:0:17:58 >> dest
Best Path till now cost : 0.0 >> [source:0:17:58, gnhi:0:17:58]
Start Used memory is megabytes: 628
Best Path till now cost : 5.0 >> [source:0:17:58, gnhi:0:17:58, sde:0:18:3]
Start Used memory is megabytes: 628
Best Path till now cost : 7.0 >> [source:0:17:58, gnhi:0:17:58, sde:0:18:3, patl:0:18:5]
Start Used memory is megabytes: 628
Best Path till now cost : 9.0 >> [source:0:17:58, gnhi:0:17:58, sde:0:18:3, patl:0:18:5, bta:0:18:7]
Start Used memory is megabytes: 628
Best Path till now cost : 9.0 >> [source:0:17:58, gnhi:0:17:58, sde:0:18:3, patl:0:18:5, bta:0:18:7, dest]
Start Used memory is megabytes: 628
Accepted Path found :[source:0:17:58, gnhi:0:17:58, sde:0:18:3, patl:0:18:5, bta:0:18:7, dest] cost: 9.0
Heap Empty [[source:0:17:58, gnhi:0:17:58, sde:0:18:3, patl:0:18:5, bta:0:18:7, dest]]
Rejected paths:0
Duration: 9014 ms
1	9.0
---------------------------------------------------------------------------------------------------------
Accepted Path Found : [source, pnbe:0:17:39, scy:0:17:42, pws:0:17:45, dnr:0:17:49, neo:0:17:55, gnhi:0:17:58, sde:0:18:3, patl:0:18:5, bta:0:18:7, dest] cost: 28.0
---------------------------------------------------------------------------------------------------------
2018/02/18 22:13:29
Avg speed: 60.0
Mode: Single Day
Train Day: 0
Max ratio: 1.3
***********************************************************************************
[60.0, 60.0, 66.5, 69.1, 71.7, 71.7]
Station size: 4
Initializing graph
Adding edge bw stations source->gnhi 2018/02/18 22:13:30
Start Used memory is megabytes: 867
Adding edge bw stations gnhi->sde 2018/02/18 22:13:30
Start Used memory is megabytes: 870
Adding edge bw stations sde->patl 2018/02/18 22:13:33
Start Used memory is megabytes: 693
Adding edge bw stations patl->bta 2018/02/18 22:13:35
Start Used memory is megabytes: 875
Adding edge bw stations bta->dest 2018/02/18 22:13:38
Start Used memory is megabytes: 1119
Edge size: 209821
Finding shortest path bw : source:0:10:14 >> dest
Best Path till now cost : 0.0 >> [source:0:10:14, gnhi:0:10:14]
Start Used memory is megabytes: 1119
Best Path till now cost : 5.0 >> [source:0:10:14, gnhi:0:10:14, sde:0:10:19]
Start Used memory is megabytes: 1119
Best Path till now cost : 7.0 >> [source:0:10:14, gnhi:0:10:14, sde:0:10:19, patl:0:10:21]
Start Used memory is megabytes: 1119
Best Path till now cost : 9.0 >> [source:0:10:14, gnhi:0:10:14, sde:0:10:19, patl:0:10:21, bta:0:10:23]
Start Used memory is megabytes: 1120
Best Path till now cost : 9.0 >> [source:0:10:14, gnhi:0:10:14, sde:0:10:19, patl:0:10:21, bta:0:10:23, dest]
Start Used memory is megabytes: 1120
Accepted Path found :[source:0:10:14, gnhi:0:10:14, sde:0:10:19, patl:0:10:21, bta:0:10:23, dest] cost: 9.0
Heap Empty [[source:0:10:14, gnhi:0:10:14, sde:0:10:19, patl:0:10:21, bta:0:10:23, dest]]
Rejected paths:0
Duration: 8816 ms
1	9.0
---------------------------------------------------------------------------------------------------------
Accepted Path Found : [source, pnbe:0:9:55, scy:0:9:58, pws:0:10:1, dnr:0:10:5, neo:0:10:11, gnhi:0:10:14, sde:0:10:19, patl:0:10:21, bta:0:10:23, dest] cost: 28.0
---------------------------------------------------------------------------------------------------------
2018/02/18 22:13:38
Avg speed: 60.0
Mode: Single Day
Train Day: 0
Max ratio: 1.3
***********************************************************************************
[60.0, 60.0, 66.5, 69.1, 71.7, 71.7]
Station size: 4
Initializing graph
Adding edge bw stations source->gnhi 2018/02/18 22:13:39
Start Used memory is megabytes: 615
Adding edge bw stations gnhi->sde 2018/02/18 22:13:39
Start Used memory is megabytes: 618
Adding edge bw stations sde->patl 2018/02/18 22:13:41
Start Used memory is megabytes: 651
Adding edge bw stations patl->bta 2018/02/18 22:13:44
Start Used memory is megabytes: 1038
Adding edge bw stations bta->dest 2018/02/18 22:13:47
Start Used memory is megabytes: 766
Edge size: 209821
Finding shortest path bw : source:0:7:53 >> dest
Best Path till now cost : 0.0 >> [source:0:7:53, gnhi:0:7:53]
Start Used memory is megabytes: 767
Best Path till now cost : 5.0 >> [source:0:7:53, gnhi:0:7:53, sde:0:7:58]
Start Used memory is megabytes: 767
Best Path till now cost : 7.0 >> [source:0:7:53, gnhi:0:7:53, sde:0:7:58, patl:0:8:0]
Start Used memory is megabytes: 767
Best Path till now cost : 9.0 >> [source:0:7:53, gnhi:0:7:53, sde:0:7:58, patl:0:8:0, bta:0:8:2]
Start Used memory is megabytes: 767
Best Path till now cost : 9.0 >> [source:0:7:53, gnhi:0:7:53, sde:0:7:58, patl:0:8:0, bta:0:8:2, dest]
Start Used memory is megabytes: 767
Accepted Path found :[source:0:7:53, gnhi:0:7:53, sde:0:7:58, patl:0:8:0, bta:0:8:2, dest] cost: 9.0
Heap Empty [[source:0:7:53, gnhi:0:7:53, sde:0:7:58, patl:0:8:0, bta:0:8:2, dest]]
Rejected paths:0
Duration: 8824 ms
1	9.0
---------------------------------------------------------------------------------------------------------
Accepted Path Found : [source, pnbe:0:7:34, scy:0:7:37, pws:0:7:40, dnr:0:7:44, neo:0:7:50, gnhi:0:7:53, sde:0:7:58, patl:0:8:0, bta:0:8:2, dest] cost: 28.0
---------------------------------------------------------------------------------------------------------
2018/02/18 22:13:47
Avg speed: 60.0
Mode: Single Day
Train Day: 0
Max ratio: 1.3
***********************************************************************************
[60.0, 60.0, 66.5, 69.1, 71.7, 71.7]
Station size: 4
Initializing graph
Adding edge bw stations source->gnhi 2018/02/18 22:13:47
Start Used memory is megabytes: 1006
Adding edge bw stations gnhi->sde 2018/02/18 22:13:47
Start Used memory is megabytes: 1009
Adding edge bw stations sde->patl 2018/02/18 22:13:50
Start Used memory is megabytes: 1239
Adding edge bw stations patl->bta 2018/02/18 22:13:53
Start Used memory is megabytes: 1119
Adding edge bw stations bta->dest 2018/02/18 22:13:56
Start Used memory is megabytes: 1075
Edge size: 209821
Finding shortest path bw : source:0:21:32 >> dest
Best Path till now cost : 0.0 >> [source:0:21:32, gnhi:0:21:32]
Start Used memory is megabytes: 1075
Best Path till now cost : 5.0 >> [source:0:21:32, gnhi:0:21:32, sde:0:21:37]
Start Used memory is megabytes: 1075
Best Path till now cost : 7.0 >> [source:0:21:32, gnhi:0:21:32, sde:0:21:37, patl:0:21:39]
Start Used memory is megabytes: 1075
Best Path till now cost : 9.0 >> [source:0:21:32, gnhi:0:21:32, sde:0:21:37, patl:0:21:39, bta:0:21:41]
Start Used memory is megabytes: 1075
Best Path till now cost : 9.0 >> [source:0:21:32, gnhi:0:21:32, sde:0:21:37, patl:0:21:39, bta:0:21:41, dest]
Start Used memory is megabytes: 1075
Accepted Path found :[source:0:21:32, gnhi:0:21:32, sde:0:21:37, patl:0:21:39, bta:0:21:41, dest] cost: 9.0
Heap Empty [[source:0:21:32, gnhi:0:21:32, sde:0:21:37, patl:0:21:39, bta:0:21:41, dest]]
Rejected paths:0
Duration: 8704 ms
1	9.0
---------------------------------------------------------------------------------------------------------
Accepted Path Found : [source, pnbe:0:21:13, scy:0:21:16, pws:0:21:19, dnr:0:21:23, neo:0:21:29, gnhi:0:21:32, sde:0:21:37, patl:0:21:39, bta:0:21:41, dest] cost: 28.0
---------------------------------------------------------------------------------------------------------
2018/02/18 22:13:56
Avg speed: 60.0
Mode: Single Day
Train Day: 0
Max ratio: 1.3
***********************************************************************************
[60.0, 60.0, 66.5, 69.1, 71.7, 71.7]
Station size: 4
Initializing graph
Adding edge bw stations source->gnhi 2018/02/18 22:13:56
Start Used memory is megabytes: 1314
Adding edge bw stations gnhi->sde 2018/02/18 22:13:56
Start Used memory is megabytes: 1317
Adding edge bw stations sde->patl 2018/02/18 22:13:59
Start Used memory is megabytes: 1067
Adding edge bw stations patl->bta 2018/02/18 22:14:02
Start Used memory is megabytes: 1183
Adding edge bw stations bta->dest 2018/02/18 22:14:04
Start Used memory is megabytes: 713
Edge size: 209821
Finding shortest path bw : source:0:23:8 >> dest
Best Path till now cost : 0.0 >> [source:0:23:8, gnhi:0:23:8]
Start Used memory is megabytes: 714
Best Path till now cost : 5.0 >> [source:0:23:8, gnhi:0:23:8, sde:0:23:13]
Start Used memory is megabytes: 714
Best Path till now cost : 7.0 >> [source:0:23:8, gnhi:0:23:8, sde:0:23:13, patl:0:23:15]
Start Used memory is megabytes: 714
Best Path till now cost : 9.0 >> [source:0:23:8, gnhi:0:23:8, sde:0:23:13, patl:0:23:15, bta:0:23:17]
Start Used memory is megabytes: 714
Best Path till now cost : 9.0 >> [source:0:23:8, gnhi:0:23:8, sde:0:23:13, patl:0:23:15, bta:0:23:17, dest]
Start Used memory is megabytes: 714
Accepted Path found :[source:0:23:8, gnhi:0:23:8, sde:0:23:13, patl:0:23:15, bta:0:23:17, dest] cost: 9.0
Heap Empty [[source:0:23:8, gnhi:0:23:8, sde:0:23:13, patl:0:23:15, bta:0:23:17, dest]]
Rejected paths:0
Duration: 8572 ms
1	9.0
---------------------------------------------------------------------------------------------------------
Accepted Path Found : [source, pnbe:0:22:49, scy:0:22:52, pws:0:22:55, dnr:0:22:59, neo:0:23:5, gnhi:0:23:8, sde:0:23:13, patl:0:23:15, bta:0:23:17, dest] cost: 28.0
---------------------------------------------------------------------------------------------------------
2018/02/18 22:14:04
Avg speed: 60.0
Mode: Single Day
Train Day: 0
Max ratio: 1.3
***********************************************************************************
[60.0, 60.0, 66.5, 69.1, 71.7, 71.7]
Station size: 4
Initializing graph
Adding edge bw stations source->gnhi 2018/02/18 22:14:05
Start Used memory is megabytes: 953
Adding edge bw stations gnhi->sde 2018/02/18 22:14:05
Start Used memory is megabytes: 956
Adding edge bw stations sde->patl 2018/02/18 22:14:07
Start Used memory is megabytes: 943
Adding edge bw stations patl->bta 2018/02/18 22:14:10
Start Used memory is megabytes: 191
Adding edge bw stations bta->dest 2018/02/18 22:14:13
Start Used memory is megabytes: 375
Edge size: 209821
Finding shortest path bw : source:0:16:12 >> dest
Best Path till now cost : 0.0 >> [source:0:16:12, gnhi:0:16:12]
Start Used memory is megabytes: 376
Best Path till now cost : 5.0 >> [source:0:16:12, gnhi:0:16:12, sde:0:16:17]
Start Used memory is megabytes: 376
Best Path till now cost : 7.0 >> [source:0:16:12, gnhi:0:16:12, sde:0:16:17, patl:0:16:19]
Start Used memory is megabytes: 376
Best Path till now cost : 9.0 >> [source:0:16:12, gnhi:0:16:12, sde:0:16:17, patl:0:16:19, bta:0:16:21]
Start Used memory is megabytes: 376
Best Path till now cost : 9.0 >> [source:0:16:12, gnhi:0:16:12, sde:0:16:17, patl:0:16:19, bta:0:16:21, dest]
Start Used memory is megabytes: 376
Accepted Path found :[source:0:16:12, gnhi:0:16:12, sde:0:16:17, patl:0:16:19, bta:0:16:21, dest] cost: 9.0
Heap Empty [[source:0:16:12, gnhi:0:16:12, sde:0:16:17, patl:0:16:19, bta:0:16:21, dest]]
Rejected paths:0
Duration: 8986 ms
1	9.0
---------------------------------------------------------------------------------------------------------
Accepted Path Found : [source, pnbe:0:15:53, scy:0:15:56, pws:0:15:59, dnr:0:16:3, neo:0:16:9, gnhi:0:16:12, sde:0:16:17, patl:0:16:19, bta:0:16:21, dest] cost: 28.0
---------------------------------------------------------------------------------------------------------
2018/02/18 22:14:13
Avg speed: 60.0
Mode: Single Day
Train Day: 0
Max ratio: 1.3
***********************************************************************************
[60.0, 60.0, 66.5, 69.1, 71.7, 71.7]
Station size: 4
Initializing graph
Adding edge bw stations source->gnhi 2018/02/18 22:14:14
Start Used memory is megabytes: 615
Adding edge bw stations gnhi->sde 2018/02/18 22:14:14
Start Used memory is megabytes: 618
Adding edge bw stations sde->patl 2018/02/18 22:14:16
Start Used memory is megabytes: 535
Adding edge bw stations patl->bta 2018/02/18 22:14:19
Start Used memory is megabytes: 747
Adding edge bw stations bta->dest 2018/02/18 22:14:22
Start Used memory is megabytes: 957
Edge size: 209821
Finding shortest path bw : source:0:8:26 >> dest
Best Path till now cost : 0.0 >> [source:0:8:26, gnhi:0:8:26]
Start Used memory is megabytes: 958
Best Path till now cost : 5.0 >> [source:0:8:26, gnhi:0:8:26, sde:0:8:31]
Start Used memory is megabytes: 958
Best Path till now cost : 7.0 >> [source:0:8:26, gnhi:0:8:26, sde:0:8:31, patl:0:8:33]
Start Used memory is megabytes: 958
Best Path till now cost : 9.0 >> [source:0:8:26, gnhi:0:8:26, sde:0:8:31, patl:0:8:33, bta:0:8:35]
Start Used memory is megabytes: 958
Best Path till now cost : 9.0 >> [source:0:8:26, gnhi:0:8:26, sde:0:8:31, patl:0:8:33, bta:0:8:35, dest]
Start Used memory is megabytes: 958
Accepted Path found :[source:0:8:26, gnhi:0:8:26, sde:0:8:31, patl:0:8:33, bta:0:8:35, dest] cost: 9.0
Heap Empty [[source:0:8:26, gnhi:0:8:26, sde:0:8:31, patl:0:8:33, bta:0:8:35, dest]]
Rejected paths:0
Duration: 8596 ms
1	9.0
---------------------------------------------------------------------------------------------------------
Accepted Path Found : [source, pnbe:0:8:7, scy:0:8:10, pws:0:8:13, dnr:0:8:17, neo:0:8:23, gnhi:0:8:26, sde:0:8:31, patl:0:8:33, bta:0:8:35, dest] cost: 28.0
---------------------------------------------------------------------------------------------------------
2018/02/18 22:14:22
Avg speed: 60.0
Mode: Single Day
Train Day: 0
Max ratio: 1.3
***********************************************************************************
[60.0, 60.0, 66.5, 69.1, 71.7, 71.7]
Station size: 4
Initializing graph
Adding edge bw stations source->gnhi 2018/02/18 22:14:22
Start Used memory is megabytes: 318
Adding edge bw stations gnhi->sde 2018/02/18 22:14:22
Start Used memory is megabytes: 320
Adding edge bw stations sde->patl 2018/02/18 22:14:25
Start Used memory is megabytes: 247
Adding edge bw stations patl->bta 2018/02/18 22:14:28
Start Used memory is megabytes: 458
Adding edge bw stations bta->dest 2018/02/18 22:14:31
Start Used memory is megabytes: 668
Edge size: 209821
Finding shortest path bw : source:0:10:38 >> dest
Best Path till now cost : 0.0 >> [source:0:10:38, gnhi:0:10:38]
Start Used memory is megabytes: 669
Best Path till now cost : 5.0 >> [source:0:10:38, gnhi:0:10:38, sde:0:10:43]
Start Used memory is megabytes: 669
Best Path till now cost : 7.0 >> [source:0:10:38, gnhi:0:10:38, sde:0:10:43, patl:0:10:45]
Start Used memory is megabytes: 669
Best Path till now cost : 9.0 >> [source:0:10:38, gnhi:0:10:38, sde:0:10:43, patl:0:10:45, bta:0:10:47]
Start Used memory is megabytes: 669
Best Path till now cost : 9.0 >> [source:0:10:38, gnhi:0:10:38, sde:0:10:43, patl:0:10:45, bta:0:10:47, dest]
Start Used memory is megabytes: 669
Accepted Path found :[source:0:10:38, gnhi:0:10:38, sde:0:10:43, patl:0:10:45, bta:0:10:47, dest] cost: 9.0
Heap Empty [[source:0:10:38, gnhi:0:10:38, sde:0:10:43, patl:0:10:45, bta:0:10:47, dest]]
Rejected paths:0
Duration: 8692 ms
1	9.0
---------------------------------------------------------------------------------------------------------
Accepted Path Found : [source, pnbe:0:10:19, scy:0:10:22, pws:0:10:25, dnr:0:10:29, neo:0:10:35, gnhi:0:10:38, sde:0:10:43, patl:0:10:45, bta:0:10:47, dest] cost: 28.0
---------------------------------------------------------------------------------------------------------
2018/02/18 22:14:31
Avg speed: 60.0
Mode: Single Day
Train Day: 0
Max ratio: 1.3
***********************************************************************************
[60.0, 60.0, 66.5, 69.1, 71.7, 71.7]
Station size: 4
Initializing graph
Adding edge bw stations source->gnhi 2018/02/18 22:14:31
Start Used memory is megabytes: 908
Adding edge bw stations gnhi->sde 2018/02/18 22:14:31
Start Used memory is megabytes: 911
Adding edge bw stations sde->patl 2018/02/18 22:14:34
Start Used memory is megabytes: 837
Adding edge bw stations patl->bta 2018/02/18 22:14:36
Start Used memory is megabytes: 1049
Adding edge bw stations bta->dest 2018/02/18 22:14:39
Start Used memory is megabytes: 377
Edge size: 209821
Finding shortest path bw : source:0:2:37 >> dest
Best Path till now cost : 0.0 >> [source:0:2:37, gnhi:0:2:37]
Start Used memory is megabytes: 377
Best Path till now cost : 5.0 >> [source:0:2:37, gnhi:0:2:37, sde:0:2:42]
Start Used memory is megabytes: 377
Best Path till now cost : 7.0 >> [source:0:2:37, gnhi:0:2:37, sde:0:2:42, patl:0:2:44]
Start Used memory is megabytes: 377
Best Path till now cost : 9.0 >> [source:0:2:37, gnhi:0:2:37, sde:0:2:42, patl:0:2:44, bta:0:2:46]
Start Used memory is megabytes: 377
Best Path till now cost : 9.0 >> [source:0:2:37, gnhi:0:2:37, sde:0:2:42, patl:0:2:44, bta:0:2:46, dest]
Start Used memory is megabytes: 377
Accepted Path found :[source:0:2:37, gnhi:0:2:37, sde:0:2:42, patl:0:2:44, bta:0:2:46, dest] cost: 9.0
Heap Empty [[source:0:2:37, gnhi:0:2:37, sde:0:2:42, patl:0:2:44, bta:0:2:46, dest]]
Rejected paths:0
Duration: 8594 ms
1	9.0
---------------------------------------------------------------------------------------------------------
Accepted Path Found : [source, pnbe:0:2:18, scy:0:2:21, pws:0:2:24, dnr:0:2:28, neo:0:2:34, gnhi:0:2:37, sde:0:2:42, patl:0:2:44, bta:0:2:46, dest] cost: 28.0
---------------------------------------------------------------------------------------------------------
2018/02/18 22:14:39
Avg speed: 60.0
Mode: Single Day
Train Day: 0
Max ratio: 1.3
***********************************************************************************
[60.0, 60.0, 66.5, 69.1, 71.7, 71.7]
Station size: 4
Initializing graph
Adding edge bw stations source->gnhi 2018/02/18 22:14:40
Start Used memory is megabytes: 616
Adding edge bw stations gnhi->sde 2018/02/18 22:14:40
Start Used memory is megabytes: 619
Adding edge bw stations sde->patl 2018/02/18 22:14:43
Start Used memory is megabytes: 546
Adding edge bw stations patl->bta 2018/02/18 22:14:45
Start Used memory is megabytes: 761
Adding edge bw stations bta->dest 2018/02/18 22:14:48
Start Used memory is megabytes: 968
Edge size: 209821
Finding shortest path bw : source:0:20:3 >> dest
Best Path till now cost : 0.0 >> [source:0:20:3, gnhi:0:20:3]
Start Used memory is megabytes: 969
Best Path till now cost : 5.0 >> [source:0:20:3, gnhi:0:20:3, sde:0:20:8]
Start Used memory is megabytes: 969
Best Path till now cost : 7.0 >> [source:0:20:3, gnhi:0:20:3, sde:0:20:8, patl:0:20:10]
Start Used memory is megabytes: 969
Best Path till now cost : 9.0 >> [source:0:20:3, gnhi:0:20:3, sde:0:20:8, patl:0:20:10, bta:0:20:12]
Start Used memory is megabytes: 969
Best Path till now cost : 9.0 >> [source:0:20:3, gnhi:0:20:3, sde:0:20:8, patl:0:20:10, bta:0:20:12, dest]
Start Used memory is megabytes: 969
Accepted Path found :[source:0:20:3, gnhi:0:20:3, sde:0:20:8, patl:0:20:10, bta:0:20:12, dest] cost: 9.0
Heap Empty [[source:0:20:3, gnhi:0:20:3, sde:0:20:8, patl:0:20:10, bta:0:20:12, dest]]
Rejected paths:0
Duration: 8969 ms
1	9.0
---------------------------------------------------------------------------------------------------------
Accepted Path Found : [source, pnbe:0:19:44, scy:0:19:47, pws:0:19:50, dnr:0:19:54, neo:0:20:0, gnhi:0:20:3, sde:0:20:8, patl:0:20:10, bta:0:20:12, dest] cost: 28.0
---------------------------------------------------------------------------------------------------------
2018/02/18 22:14:48
Avg speed: 60.0
Mode: Single Day
Train Day: 0
Max ratio: 1.3
***********************************************************************************
[60.0, 60.0, 66.5, 69.1, 71.7, 71.7]
Station size: 4
Initializing graph
Adding edge bw stations source->gnhi 2018/02/18 22:14:49
Start Used memory is megabytes: 329
Adding edge bw stations gnhi->sde 2018/02/18 22:14:49
Start Used memory is megabytes: 332
Adding edge bw stations sde->patl 2018/02/18 22:14:51
Start Used memory is megabytes: 258
Adding edge bw stations patl->bta 2018/02/18 22:14:54
Start Used memory is megabytes: 470
Adding edge bw stations bta->dest 2018/02/18 22:14:57
Start Used memory is megabytes: 678
Edge size: 209821
Finding shortest path bw : source:0:14:41 >> dest
Best Path till now cost : 0.0 >> [source:0:14:41, gnhi:0:14:41]
Start Used memory is megabytes: 678
Best Path till now cost : 5.0 >> [source:0:14:41, gnhi:0:14:41, sde:0:14:46]
Start Used memory is megabytes: 678
Best Path till now cost : 7.0 >> [source:0:14:41, gnhi:0:14:41, sde:0:14:46, patl:0:14:48]
Start Used memory is megabytes: 679
Best Path till now cost : 9.0 >> [source:0:14:41, gnhi:0:14:41, sde:0:14:46, patl:0:14:48, bta:0:14:50]
Start Used memory is megabytes: 679
Best Path till now cost : 9.0 >> [source:0:14:41, gnhi:0:14:41, sde:0:14:46, patl:0:14:48, bta:0:14:50, dest]
Start Used memory is megabytes: 679
Accepted Path found :[source:0:14:41, gnhi:0:14:41, sde:0:14:46, patl:0:14:48, bta:0:14:50, dest] cost: 9.0
Heap Empty [[source:0:14:41, gnhi:0:14:41, sde:0:14:46, patl:0:14:48, bta:0:14:50, dest]]
Rejected paths:0
Duration: 8652 ms
1	9.0
---------------------------------------------------------------------------------------------------------
Accepted Path Found : [source, pnbe:0:14:22, scy:0:14:25, pws:0:14:28, dnr:0:14:32, neo:0:14:38, gnhi:0:14:41, sde:0:14:46, patl:0:14:48, bta:0:14:50, dest] cost: 28.0
---------------------------------------------------------------------------------------------------------
2018/02/18 22:14:57
Avg speed: 60.0
Mode: Single Day
Train Day: 0
Max ratio: 1.3
***********************************************************************************
[60.0, 60.0, 66.5, 69.1, 71.7, 71.7]
Station size: 4
Initializing graph
Adding edge bw stations source->gnhi 2018/02/18 22:14:57
Start Used memory is megabytes: 918
Adding edge bw stations gnhi->sde 2018/02/18 22:14:57
Start Used memory is megabytes: 920
Adding edge bw stations sde->patl 2018/02/18 22:15:00
Start Used memory is megabytes: 848
Adding edge bw stations patl->bta 2018/02/18 22:15:03
Start Used memory is megabytes: 1061
Adding edge bw stations bta->dest 2018/02/18 22:15:05
Start Used memory is megabytes: 390
Edge size: 209821
Finding shortest path bw : source:0:7:31 >> dest
Best Path till now cost : 0.0 >> [source:0:7:31, gnhi:0:7:31]
Start Used memory is megabytes: 391
Best Path till now cost : 5.0 >> [source:0:7:31, gnhi:0:7:31, sde:0:7:36]
Start Used memory is megabytes: 391
Best Path till now cost : 7.0 >> [source:0:7:31, gnhi:0:7:31, sde:0:7:36, patl:0:7:38]
Start Used memory is megabytes: 391
Best Path till now cost : 9.0 >> [source:0:7:31, gnhi:0:7:31, sde:0:7:36, patl:0:7:38, bta:0:7:40]
Start Used memory is megabytes: 391
Best Path till now cost : 9.0 >> [source:0:7:31, gnhi:0:7:31, sde:0:7:36, patl:0:7:38, bta:0:7:40, dest]
Start Used memory is megabytes: 391
Accepted Path found :[source:0:7:31, gnhi:0:7:31, sde:0:7:36, patl:0:7:38, bta:0:7:40, dest] cost: 9.0
Heap Empty [[source:0:7:31, gnhi:0:7:31, sde:0:7:36, patl:0:7:38, bta:0:7:40, dest]]
Rejected paths:0
Duration: 8615 ms
1	9.0
---------------------------------------------------------------------------------------------------------
Accepted Path Found : [source, pnbe:0:7:12, scy:0:7:15, pws:0:7:18, dnr:0:7:22, neo:0:7:28, gnhi:0:7:31, sde:0:7:36, patl:0:7:38, bta:0:7:40, dest] cost: 28.0
---------------------------------------------------------------------------------------------------------
2018/02/18 22:15:05
Avg speed: 60.0
Mode: Single Day
Train Day: 0
Max ratio: 1.3
***********************************************************************************
[60.0, 60.0, 66.5, 69.1, 71.7, 71.7]
Station size: 4
Initializing graph
Adding edge bw stations source->gnhi 2018/02/18 22:15:06
Start Used memory is megabytes: 630
Adding edge bw stations gnhi->sde 2018/02/18 22:15:06
Start Used memory is megabytes: 632
Adding edge bw stations sde->patl 2018/02/18 22:15:08
Start Used memory is megabytes: 558
Adding edge bw stations patl->bta 2018/02/18 22:15:11
Start Used memory is megabytes: 770
Adding edge bw stations bta->dest 2018/02/18 22:15:14
Start Used memory is megabytes: 979
Edge size: 209821
Finding shortest path bw : source:0:6:2 >> dest
Best Path till now cost : 0.0 >> [source:0:6:2, gnhi:0:6:2]
Start Used memory is megabytes: 980
Best Path till now cost : 5.0 >> [source:0:6:2, gnhi:0:6:2, sde:0:6:7]
Start Used memory is megabytes: 980
Best Path till now cost : 7.0 >> [source:0:6:2, gnhi:0:6:2, sde:0:6:7, patl:0:6:9]
Start Used memory is megabytes: 980
Best Path till now cost : 9.0 >> [source:0:6:2, gnhi:0:6:2, sde:0:6:7, patl:0:6:9, bta:0:6:11]
Start Used memory is megabytes: 980
Best Path till now cost : 9.0 >> [source:0:6:2, gnhi:0:6:2, sde:0:6:7, patl:0:6:9, bta:0:6:11, dest]
Start Used memory is megabytes: 980
Accepted Path found :[source:0:6:2, gnhi:0:6:2, sde:0:6:7, patl:0:6:9, bta:0:6:11, dest] cost: 9.0
Heap Empty [[source:0:6:2, gnhi:0:6:2, sde:0:6:7, patl:0:6:9, bta:0:6:11, dest]]
Rejected paths:0
Duration: 8726 ms
1	9.0
---------------------------------------------------------------------------------------------------------
Accepted Path Found : [source, pnbe:0:5:43, scy:0:5:46, pws:0:5:49, dnr:0:5:53, neo:0:5:59, gnhi:0:6:2, sde:0:6:7, patl:0:6:9, bta:0:6:11, dest] cost: 28.0
---------------------------------------------------------------------------------------------------------
2018/02/18 22:15:14
Avg speed: 60.0
Mode: Single Day
Train Day: 0
Max ratio: 1.3
***********************************************************************************
[60.0, 60.0, 66.5, 69.1, 71.7, 71.7]
Station size: 4
Initializing graph
Adding edge bw stations source->gnhi 2018/02/18 22:15:14
Start Used memory is megabytes: 339
Adding edge bw stations gnhi->sde 2018/02/18 22:15:14
Start Used memory is megabytes: 342
Adding edge bw stations sde->patl 2018/02/18 22:15:17
Start Used memory is megabytes: 1147
Adding edge bw stations patl->bta 2018/02/18 22:15:20
Start Used memory is megabytes: 478
Adding edge bw stations bta->dest 2018/02/18 22:15:23
Start Used memory is megabytes: 687
Edge size: 209821
Finding shortest path bw : source:0:20:52 >> dest
Best Path till now cost : 0.0 >> [source:0:20:52, gnhi:0:20:52]
Start Used memory is megabytes: 688
Best Path till now cost : 5.0 >> [source:0:20:52, gnhi:0:20:52, sde:0:20:57]
Start Used memory is megabytes: 688
Best Path till now cost : 7.0 >> [source:0:20:52, gnhi:0:20:52, sde:0:20:57, patl:0:20:59]
Start Used memory is megabytes: 688
Best Path till now cost : 9.0 >> [source:0:20:52, gnhi:0:20:52, sde:0:20:57, patl:0:20:59, bta:0:21:1]
Start Used memory is megabytes: 688
Best Path till now cost : 9.0 >> [source:0:20:52, gnhi:0:20:52, sde:0:20:57, patl:0:20:59, bta:0:21:1, dest]
Start Used memory is megabytes: 688
Accepted Path found :[source:0:20:52, gnhi:0:20:52, sde:0:20:57, patl:0:20:59, bta:0:21:1, dest] cost: 9.0
Heap Empty [[source:0:20:52, gnhi:0:20:52, sde:0:20:57, patl:0:20:59, bta:0:21:1, dest]]
Rejected paths:0
Duration: 8721 ms
1	9.0
---------------------------------------------------------------------------------------------------------
Accepted Path Found : [source, pnbe:0:20:33, scy:0:20:36, pws:0:20:39, dnr:0:20:43, neo:0:20:49, gnhi:0:20:52, sde:0:20:57, patl:0:20:59, bta:0:21:1, dest] cost: 28.0
---------------------------------------------------------------------------------------------------------
2018/02/18 22:15:23
Avg speed: 60.0
Mode: Single Day
Train Day: 0
Max ratio: 1.3
***********************************************************************************
[60.0, 60.0, 66.5, 69.1, 71.7, 71.7]
Station size: 4
Initializing graph
Adding edge bw stations source->gnhi 2018/02/18 22:15:23
Start Used memory is megabytes: 927
Adding edge bw stations gnhi->sde 2018/02/18 22:15:23
Start Used memory is megabytes: 930
Adding edge bw stations sde->patl 2018/02/18 22:15:26
Start Used memory is megabytes: 858
Adding edge bw stations patl->bta 2018/02/18 22:15:29
Start Used memory is megabytes: 1070
Adding edge bw stations bta->dest 2018/02/18 22:15:32
Start Used memory is megabytes: 399
Edge size: 209821
Finding shortest path bw : source:0:4:36 >> dest
Best Path till now cost : 0.0 >> [source:0:4:36, gnhi:0:4:36]
Start Used memory is megabytes: 399
Best Path till now cost : 5.0 >> [source:0:4:36, gnhi:0:4:36, sde:0:4:41]
Start Used memory is megabytes: 400
Best Path till now cost : 7.0 >> [source:0:4:36, gnhi:0:4:36, sde:0:4:41, patl:0:4:43]
Start Used memory is megabytes: 400
Best Path till now cost : 9.0 >> [source:0:4:36, gnhi:0:4:36, sde:0:4:41, patl:0:4:43, bta:0:4:45]
Start Used memory is megabytes: 400
Best Path till now cost : 9.0 >> [source:0:4:36, gnhi:0:4:36, sde:0:4:41, patl:0:4:43, bta:0:4:45, dest]
Start Used memory is megabytes: 400
Accepted Path found :[source:0:4:36, gnhi:0:4:36, sde:0:4:41, patl:0:4:43, bta:0:4:45, dest] cost: 9.0
Heap Empty [[source:0:4:36, gnhi:0:4:36, sde:0:4:41, patl:0:4:43, bta:0:4:45, dest]]
Rejected paths:0
Duration: 8764 ms
1	9.0
---------------------------------------------------------------------------------------------------------
Accepted Path Found : [source, pnbe:0:4:17, scy:0:4:20, pws:0:4:23, dnr:0:4:27, neo:0:4:33, gnhi:0:4:36, sde:0:4:41, patl:0:4:43, bta:0:4:45, dest] cost: 28.0

Path Found : [source, pnbe:0:5:24, scy:0:5:27, pws:0:5:30, dnr:0:5:34, neo:0:5:40, gnhi:0:5:43, sde:0:5:48, patl:0:5:50, bta:0:5:52, dest] cost: 28.0
Path Found : [source, pnbe:0:4:17, scy:0:4:20, pws:0:4:23, dnr:0:4:27, neo:0:4:33, gnhi:0:4:36, sde:0:4:41, patl:0:4:43, bta:0:4:45, dest] cost: 28.0
Path Found : [source, pnbe:0:20:33, scy:0:20:36, pws:0:20:39, dnr:0:20:43, neo:0:20:49, gnhi:0:20:52, sde:0:20:57, patl:0:20:59, bta:0:21:1, dest] cost: 28.0
Path Found : [source, pnbe:0:5:43, scy:0:5:46, pws:0:5:49, dnr:0:5:53, neo:0:5:59, gnhi:0:6:2, sde:0:6:7, patl:0:6:9, bta:0:6:11, dest] cost: 28.0
Path Found : [source, pnbe:0:7:12, scy:0:7:15, pws:0:7:18, dnr:0:7:22, neo:0:7:28, gnhi:0:7:31, sde:0:7:36, patl:0:7:38, bta:0:7:40, dest] cost: 28.0
Path Found : [source, pnbe:0:14:22, scy:0:14:25, pws:0:14:28, dnr:0:14:32, neo:0:14:38, gnhi:0:14:41, sde:0:14:46, patl:0:14:48, bta:0:14:50, dest] cost: 28.0
Path Found : [source, pnbe:0:19:44, scy:0:19:47, pws:0:19:50, dnr:0:19:54, neo:0:20:0, gnhi:0:20:3, sde:0:20:8, patl:0:20:10, bta:0:20:12, dest] cost: 28.0
Path Found : [source, pnbe:0:2:18, scy:0:2:21, pws:0:2:24, dnr:0:2:28, neo:0:2:34, gnhi:0:2:37, sde:0:2:42, patl:0:2:44, bta:0:2:46, dest] cost: 28.0
Path Found : [source, pnbe:0:10:19, scy:0:10:22, pws:0:10:25, dnr:0:10:29, neo:0:10:35, gnhi:0:10:38, sde:0:10:43, patl:0:10:45, bta:0:10:47, dest] cost: 28.0
Path Found : [source, pnbe:0:8:7, scy:0:8:10, pws:0:8:13, dnr:0:8:17, neo:0:8:23, gnhi:0:8:26, sde:0:8:31, patl:0:8:33, bta:0:8:35, dest] cost: 28.0
