---------------------------------------------------------------------------------------------------------
2018/03/09 10:46:49
Avg speed: 60.0
Mode: Single Day
Train Day: 1
Max ratio: 1.3
***********************************************************************************
[0.0, 0.0, 3.9000000000000004, 7.800000000000001, 13.0, 20.8, 24.7, 29.900000000000002, 32.5, 35.1, 42.9, 46.800000000000004, 52.0, 63.7, 68.9, 76.7, 85.8, 87.10000000000001, 92.3, 97.5, 100.10000000000001, 105.3, 110.5, 117.0, 132.6, 141.70000000000002, 149.5, 153.4, 165.1, 167.70000000000002, 175.5, 179.4, 184.6, 189.8, 195.0, 200.20000000000002, 209.3, 218.4, 224.9, 234.0, 243.1, 252.20000000000002, 261.3, 275.6, 275.6]
Station size: 43
Initializing graph
Adding edge bw stations source->pnbe 2018/03/09 10:46:54
Start Used memory is megabytes: 825
Adding edge bw stations pnbe->scy 2018/03/09 10:46:54
Start Used memory is megabytes: 825
Adding edge bw stations scy->pws 2018/03/09 10:46:56
Start Used memory is megabytes: 212
Adding edge bw stations pws->dnr 2018/03/09 10:46:57
Start Used memory is megabytes: 213
Adding edge bw stations dnr->neo 2018/03/09 10:46:58
Start Used memory is megabytes: 955
Adding edge bw stations neo->gnhi 2018/03/09 10:46:59
Start Used memory is megabytes: 648
Adding edge bw stations gnhi->sde 2018/03/09 10:47:00
Start Used memory is megabytes: 647
Adding edge bw stations sde->patl 2018/03/09 10:47:01
Start Used memory is megabytes: 552
Adding edge bw stations patl->bta 2018/03/09 10:47:03
Start Used memory is megabytes: 662
Adding edge bw stations bta->pail 2018/03/09 10:47:04
Start Used memory is megabytes: 721
Adding edge bw stations pail->kwr 2018/03/09 10:47:05
Start Used memory is megabytes: 311
Adding edge bw stations kwr->kua 2018/03/09 10:47:06
Start Used memory is megabytes: 204
Adding edge bw stations kua->ara 2018/03/09 10:47:06
Start Used memory is megabytes: 898
Adding edge bw stations ara->jgwl 2018/03/09 10:47:07
Start Used memory is megabytes: 1093
Adding edge bw stations jgwl->krs 2018/03/09 10:47:08
Start Used memory is megabytes: 886
Adding edge bw stations krs->xsan 2018/03/09 10:47:09
Start Used memory is megabytes: 480
Adding edge bw stations xsan->rnte 2018/03/09 10:47:09
Start Used memory is megabytes: 863
Adding edge bw stations rnte->bea 2018/03/09 10:47:10
Start Used memory is megabytes: 931
Adding edge bw stations bea->asjp 2018/03/09 10:47:11
Start Used memory is megabytes: 692
Adding edge bw stations asjp->byn 2018/03/09 10:47:12
Start Used memory is megabytes: 440
Adding edge bw stations byn->skri 2018/03/09 10:47:13
Start Used memory is megabytes: 376
Adding edge bw stations skri->rpr 2018/03/09 10:47:14
Start Used memory is megabytes: 1036
Adding edge bw stations rpr->vkdh 2018/03/09 10:47:15
Start Used memory is megabytes: 765
Adding edge bw stations vkdh->dure 2018/03/09 10:47:16
Start Used memory is megabytes: 373
Adding edge bw stations dure->bue 2018/03/09 10:47:16
Start Used memory is megabytes: 1169
Adding edge bw stations bue->ndon 2018/03/09 10:47:17
Start Used memory is megabytes: 578
Adding edge bw stations ndon->bxr 2018/03/09 10:47:18
Start Used memory is megabytes: 1019
Adding edge bw stations bxr->pwxp 2018/03/09 10:47:19
Start Used memory is megabytes: 805
Adding edge bw stations pwxp->csa 2018/03/09 10:47:19
Start Used memory is megabytes: 946
Adding edge bw stations csa->bqw 2018/03/09 10:47:20
Start Used memory is megabytes: 814
Adding edge bw stations bqw->gmr 2018/03/09 10:47:21
Start Used memory is megabytes: 282
Adding edge bw stations gmr->kkrh 2018/03/09 10:47:22
Start Used memory is megabytes: 1004
Adding edge bw stations kkrh->bwh 2018/03/09 10:47:23
Start Used memory is megabytes: 654
Adding edge bw stations bwh->usk 2018/03/09 10:47:23
Start Used memory is megabytes: 296
Adding edge bw stations usk->dln 2018/03/09 10:47:24
Start Used memory is megabytes: 909
Adding edge bw stations dln->drv 2018/03/09 10:47:25
Start Used memory is megabytes: 542
Adding edge bw stations drv->zna 2018/03/09 10:47:26
Start Used memory is megabytes: 849
Adding edge bw stations zna->bhcl 2018/03/09 10:47:26
Start Used memory is megabytes: 1154
Adding edge bw stations bhcl->dha 2018/03/09 10:47:27
Start Used memory is megabytes: 670
Adding edge bw stations dha->tlam 2018/03/09 10:47:28
Start Used memory is megabytes: 968
Adding edge bw stations tlam->sld 2018/03/09 10:47:29
Start Used memory is megabytes: 1268
Adding edge bw stations sld->kca 2018/03/09 10:47:29
Start Used memory is megabytes: 570
Adding edge bw stations kca->mgs 2018/03/09 10:47:30
Start Used memory is megabytes: 860
Adding edge bw stations mgs->dest 2018/03/09 10:47:30
Start Used memory is megabytes: 750
Edge size: 794101
Finding shortest path bw : source >> dest
Best Path till now cost : 0.0 >> [source, pnbe:1:12:21]
Start Used memory is megabytes: 751
Best Path till now cost : 3.0 >> [source, pnbe:1:17:36, scy:1:17:39]
Start Used memory is megabytes: 755
Best Path till now cost : 6.0 >> [source, pnbe:1:15:56, scy:1:15:59, pws:1:16:2]
Start Used memory is megabytes: 760
Best Path till now cost : 10.0 >> [source, pnbe:1:7:20, scy:1:7:23, pws:1:7:26, dnr:1:7:30]
Start Used memory is megabytes: 766
Best Path till now cost : 16.0 >> [source, pnbe:1:15:51, scy:1:15:54, pws:1:15:57, dnr:1:16:1, neo:1:16:7]
Start Used memory is megabytes: 784
Best Path till now cost : 19.0 >> [source, pnbe:1:8:47, scy:1:8:50, pws:1:8:53, dnr:1:8:57, neo:1:9:3, gnhi:1:9:6]
Start Used memory is megabytes: 809
Best Path till now cost : 23.0 >> [source, pnbe:1:8:47, scy:1:8:50, pws:1:8:53, dnr:1:8:57, neo:1:9:3, gnhi:1:9:6, sde:1:9:10]
Start Used memory is megabytes: 847
Best Path till now cost : 25.0 >> [source, pnbe:1:8:47, scy:1:8:50, pws:1:8:53, dnr:1:8:57, neo:1:9:3, gnhi:1:9:6, sde:1:9:10, patl:1:9:12]
Start Used memory is megabytes: 867
Best Path till now cost : 27.0 >> [source, pnbe:1:12:45, scy:1:12:48, pws:1:12:51, dnr:1:12:55, neo:1:13:1, gnhi:1:13:4, sde:1:13:8, patl:1:13:10, bta:1:13:12]
Start Used memory is megabytes: 905
Best Path till now cost : 33.0 >> [source, pnbe:1:1:35, scy:1:1:38, pws:1:1:41, dnr:1:1:45, neo:1:1:51, gnhi:1:1:54, sde:1:1:58, patl:1:2:0, bta:1:2:2, pail:1:2:8]
Start Used memory is megabytes: 974
Best Path till now cost : 36.0 >> [source, pnbe:1:1:51, scy:1:1:54, pws:1:1:57, dnr:1:2:1, neo:1:2:7, gnhi:1:2:10, sde:1:2:14, patl:1:2:16, bta:1:2:18, pail:1:2:24, kwr:1:2:27]
Start Used memory is megabytes: 1009
Best Path till now cost : 40.0 >> [source, pnbe:1:19:51, scy:1:19:54, pws:1:19:57, dnr:1:20:1, neo:1:20:7, gnhi:1:20:10, sde:1:20:14, patl:1:20:16, bta:1:20:18, pail:1:20:24, kwr:1:20:27, kua:1:20:31]
Start Used memory is megabytes: 1051
Best Path till now cost : 49.0 >> [source, pnbe:1:9:0, scy:1:9:3, pws:1:9:6, dnr:1:9:10, neo:1:9:16, gnhi:1:9:19, sde:1:9:23, patl:1:9:25, bta:1:9:27, pail:1:9:33, kwr:1:9:36, kua:1:9:40, ara:1:9:49]
Start Used memory is megabytes: 1122
Best Path till now cost : 53.0 >> [source, pnbe:1:9:0, scy:1:9:3, pws:1:9:6, dnr:1:9:10, neo:1:9:16, gnhi:1:9:19, sde:1:9:23, patl:1:9:25, bta:1:9:27, pail:1:9:33, kwr:1:9:36, kua:1:9:40, ara:1:9:49, jgwl:1:9:53]
Start Used memory is megabytes: 1155
Best Path till now cost : 59.0 >> [source, pnbe:1:9:0, scy:1:9:3, pws:1:9:6, dnr:1:9:10, neo:1:9:16, gnhi:1:9:19, sde:1:9:23, patl:1:9:25, bta:1:9:27, pail:1:9:33, kwr:1:9:36, kua:1:9:40, ara:1:9:49, jgwl:1:9:53, krs:1:9:59]
Start Used memory is megabytes: 1198
Best Path till now cost : 66.0 >> [source, pnbe:1:20:31, scy:1:20:34, pws:1:20:37, dnr:1:20:41, neo:1:20:47, gnhi:1:20:50, sde:1:20:54, patl:1:20:56, bta:1:20:58, pail:1:21:4, kwr:1:21:7, kua:1:21:11, ara:1:21:20, jgwl:1:21:24, krs:1:21:30, xsan:1:21:37]
Start Used memory is megabytes: 1258
Best Path till now cost : 67.0 >> [source, pnbe:1:21:6, scy:1:21:9, pws:1:21:12, dnr:1:21:16, neo:1:21:22, gnhi:1:21:25, sde:1:21:29, patl:1:21:31, bta:1:21:33, pail:1:21:39, kwr:1:21:42, kua:1:21:46, ara:1:21:55, jgwl:1:21:59, krs:1:22:5, xsan:1:22:12, rnte:1:22:13]
Start Used memory is megabytes: 1273
Best Path till now cost : 71.0 >> [source, pnbe:1:23:9, scy:1:23:12, pws:1:23:15, dnr:1:23:19, neo:1:23:25, gnhi:1:23:28, sde:1:23:32, patl:1:23:34, bta:1:23:36, pail:1:23:42, kwr:1:23:45, kua:1:23:49, ara:1:23:58, jgwl:1:0:2, krs:1:0:8, xsan:1:0:15, rnte:1:0:16, bea:1:0:20]
Start Used memory is megabytes: 351
Best Path till now cost : 75.0 >> [source, pnbe:1:22:48, scy:1:22:51, pws:1:22:54, dnr:1:22:58, neo:1:23:4, gnhi:1:23:7, sde:1:23:11, patl:1:23:13, bta:1:23:15, pail:1:23:21, kwr:1:23:24, kua:1:23:28, ara:1:23:37, jgwl:1:23:41, krs:1:23:47, xsan:1:23:54, rnte:1:23:55, bea:1:23:59, asjp:1:0:3]
Start Used memory is megabytes: 397
Best Path till now cost : 77.0 >> [source, pnbe:1:21:6, scy:1:21:9, pws:1:21:12, dnr:1:21:16, neo:1:21:22, gnhi:1:21:25, sde:1:21:29, patl:1:21:31, bta:1:21:33, pail:1:21:39, kwr:1:21:42, kua:1:21:46, ara:1:21:55, jgwl:1:21:59, krs:1:22:5, xsan:1:22:12, rnte:1:22:13, bea:1:22:17, asjp:1:22:21, byn:1:22:23]
Start Used memory is megabytes: 433
Best Path till now cost : 81.0 >> [source, pnbe:1:17:42, scy:1:17:45, pws:1:17:48, dnr:1:17:52, neo:1:17:58, gnhi:1:18:1, sde:1:18:5, patl:1:18:7, bta:1:18:9, pail:1:18:15, kwr:1:18:18, kua:1:18:22, ara:1:18:31, jgwl:1:18:35, krs:1:18:41, xsan:1:18:48, rnte:1:18:49, bea:1:18:53, asjp:1:18:57, byn:1:18:59, skri:1:19:3]
Start Used memory is megabytes: 493
Best Path till now cost : 85.0 >> [source, pnbe:1:17:42, scy:1:17:45, pws:1:17:48, dnr:1:17:52, neo:1:17:58, gnhi:1:18:1, sde:1:18:5, patl:1:18:7, bta:1:18:9, pail:1:18:15, kwr:1:18:18, kua:1:18:22, ara:1:18:31, jgwl:1:18:35, krs:1:18:41, xsan:1:18:48, rnte:1:18:49, bea:1:18:53, asjp:1:18:57, byn:1:18:59, skri:1:19:3, rpr:1:19:7]
Start Used memory is megabytes: 566
Best Path till now cost : 90.0 >> [source, pnbe:1:13:28, scy:1:13:31, pws:1:13:34, dnr:1:13:38, neo:1:13:44, gnhi:1:13:47, sde:1:13:51, patl:1:13:53, bta:1:13:55, pail:1:14:1, kwr:1:14:4, kua:1:14:8, ara:1:14:17, jgwl:1:14:21, krs:1:14:27, xsan:1:14:34, rnte:1:14:35, bea:1:14:39, asjp:1:14:43, byn:1:14:45, skri:1:14:49, rpr:1:14:53, vkdh:1:14:58]
Start Used memory is megabytes: 652
Best Path till now cost : 102.0 >> [source, pnbe:1:16:26, scy:1:16:29, pws:1:16:32, dnr:1:16:36, neo:1:16:42, gnhi:1:16:45, sde:1:16:49, patl:1:16:51, bta:1:16:53, pail:1:16:59, kwr:1:17:2, kua:1:17:6, ara:1:17:15, jgwl:1:17:19, krs:1:17:25, xsan:1:17:32, rnte:1:17:33, bea:1:17:37, asjp:1:17:41, byn:1:17:43, skri:1:17:47, rpr:1:17:51, vkdh:1:17:56, dure:1:18:8]
Start Used memory is megabytes: 806
Best Path till now cost : 109.0 >> [source, pnbe:1:16:26, scy:1:16:29, pws:1:16:32, dnr:1:16:36, neo:1:16:42, gnhi:1:16:45, sde:1:16:49, patl:1:16:51, bta:1:16:53, pail:1:16:59, kwr:1:17:2, kua:1:17:6, ara:1:17:15, jgwl:1:17:19, krs:1:17:25, xsan:1:17:32, rnte:1:17:33, bea:1:17:37, asjp:1:17:41, byn:1:17:43, skri:1:17:47, rpr:1:17:51, vkdh:1:17:56, dure:1:18:8, bue:1:18:15]
Start Used memory is megabytes: 859
Best Path till now cost : 115.0 >> [source, pnbe:1:16:26, scy:1:16:29, pws:1:16:32, dnr:1:16:36, neo:1:16:42, gnhi:1:16:45, sde:1:16:49, patl:1:16:51, bta:1:16:53, pail:1:16:59, kwr:1:17:2, kua:1:17:6, ara:1:17:15, jgwl:1:17:19, krs:1:17:25, xsan:1:17:32, rnte:1:17:33, bea:1:17:37, asjp:1:17:41, byn:1:17:43, skri:1:17:47, rpr:1:17:51, vkdh:1:17:56, dure:1:18:8, bue:1:18:15, ndon:1:18:21]
Start Used memory is megabytes: 894
Best Path till now cost : 118.0 >> [source, pnbe:1:16:32, scy:1:16:35, pws:1:16:38, dnr:1:16:42, neo:1:16:48, gnhi:1:16:51, sde:1:16:55, patl:1:16:57, bta:1:16:59, pail:1:17:5, kwr:1:17:8, kua:1:17:12, ara:1:17:21, jgwl:1:17:25, krs:1:17:31, xsan:1:17:38, rnte:1:17:39, bea:1:17:43, asjp:1:17:47, byn:1:17:49, skri:1:17:53, rpr:1:17:57, vkdh:1:18:2, dure:1:18:14, bue:1:18:21, ndon:1:18:27, bxr:1:18:30]
Start Used memory is megabytes: 918
Best Path till now cost : 127.0 >> [source, pnbe:1:20:26, scy:1:20:29, pws:1:20:32, dnr:1:20:36, neo:1:20:42, gnhi:1:20:45, sde:1:20:49, patl:1:20:51, bta:1:20:53, pail:1:20:59, kwr:1:21:2, kua:1:21:6, ara:1:21:15, jgwl:1:21:19, krs:1:21:25, xsan:1:21:32, rnte:1:21:33, bea:1:21:37, asjp:1:21:41, byn:1:21:43, skri:1:21:47, rpr:1:21:51, vkdh:1:21:56, dure:1:22:8, bue:1:22:15, ndon:1:22:21, bxr:1:22:24, pwxp:1:22:33]
Start Used memory is megabytes: 983
Best Path till now cost : 129.0 >> [source, pnbe:1:14:40, scy:1:14:43, pws:1:14:46, dnr:1:14:50, neo:1:14:56, gnhi:1:14:59, sde:1:15:3, patl:1:15:5, bta:1:15:7, pail:1:15:13, kwr:1:15:16, kua:1:15:20, ara:1:15:29, jgwl:1:15:33, krs:1:15:39, xsan:1:15:46, rnte:1:15:47, bea:1:15:51, asjp:1:15:55, byn:1:15:57, skri:1:16:1, rpr:1:16:5, vkdh:1:16:10, dure:1:16:22, bue:1:16:29, ndon:1:16:35, bxr:1:16:38, pwxp:1:16:47, csa:1:16:49]
Start Used memory is megabytes: 1004
Best Path till now cost : 135.0 >> [source, pnbe:1:20:30, scy:1:20:33, pws:1:20:36, dnr:1:20:40, neo:1:20:46, gnhi:1:20:49, sde:1:20:53, patl:1:20:55, bta:1:20:57, pail:1:21:3, kwr:1:21:6, kua:1:21:10, ara:1:21:19, jgwl:1:21:23, krs:1:21:29, xsan:1:21:36, rnte:1:21:37, bea:1:21:41, asjp:1:21:45, byn:1:21:47, skri:1:21:51, rpr:1:21:55, vkdh:1:22:0, dure:1:22:12, bue:1:22:19, ndon:1:22:25, bxr:1:22:28, pwxp:1:22:37, csa:1:22:39, bqw:1:22:45]
Start Used memory is megabytes: 1056
Best Path till now cost : 138.0 >> [source, pnbe:1:17:41, scy:1:17:44, pws:1:17:47, dnr:1:17:51, neo:1:17:57, gnhi:1:18:0, sde:1:18:4, patl:1:18:6, bta:1:18:8, pail:1:18:14, kwr:1:18:17, kua:1:18:21, ara:1:18:30, jgwl:1:18:34, krs:1:18:40, xsan:1:18:47, rnte:1:18:48, bea:1:18:52, asjp:1:18:56, byn:1:18:58, skri:1:19:2, rpr:1:19:6, vkdh:1:19:11, dure:1:19:23, bue:1:19:30, ndon:1:19:36, bxr:1:19:39, pwxp:1:19:48, csa:1:19:50, bqw:1:19:56, gmr:1:19:59]
Start Used memory is megabytes: 1096
Best Path till now cost : 142.0 >> [source, pnbe:1:17:41, scy:1:17:44, pws:1:17:47, dnr:1:17:51, neo:1:17:57, gnhi:1:18:0, sde:1:18:4, patl:1:18:6, bta:1:18:8, pail:1:18:14, kwr:1:18:17, kua:1:18:21, ara:1:18:30, jgwl:1:18:34, krs:1:18:40, xsan:1:18:47, rnte:1:18:48, bea:1:18:52, asjp:1:18:56, byn:1:18:58, skri:1:19:2, rpr:1:19:6, vkdh:1:19:11, dure:1:19:23, bue:1:19:30, ndon:1:19:36, bxr:1:19:39, pwxp:1:19:48, csa:1:19:50, bqw:1:19:56, gmr:1:19:59, kkrh:1:20:3]
Start Used memory is megabytes: 1142
Best Path till now cost : 146.0 >> [source, pnbe:1:20:28, scy:1:20:31, pws:1:20:34, dnr:1:20:38, neo:1:20:44, gnhi:1:20:47, sde:1:20:51, patl:1:20:53, bta:1:20:55, pail:1:21:1, kwr:1:21:4, kua:1:21:8, ara:1:21:17, jgwl:1:21:21, krs:1:21:27, xsan:1:21:34, rnte:1:21:35, bea:1:21:39, asjp:1:21:43, byn:1:21:45, skri:1:21:49, rpr:1:21:53, vkdh:1:21:58, dure:1:22:10, bue:1:22:17, ndon:1:22:23, bxr:1:22:26, pwxp:1:22:35, csa:1:22:37, bqw:1:22:43, gmr:1:22:46, kkrh:1:22:50, bwh:1:22:54]
Start Used memory is megabytes: 1183
Best Path till now cost : 150.0 >> [source, pnbe:1:17:9, scy:1:17:12, pws:1:17:15, dnr:1:17:19, neo:1:17:25, gnhi:1:17:28, sde:1:17:32, patl:1:17:34, bta:1:17:36, pail:1:17:42, kwr:1:17:45, kua:1:17:49, ara:1:17:58, jgwl:1:18:2, krs:1:18:8, xsan:1:18:15, rnte:1:18:16, bea:1:18:20, asjp:1:18:24, byn:1:18:26, skri:1:18:30, rpr:1:18:34, vkdh:1:18:39, dure:1:18:51, bue:1:18:58, ndon:1:19:4, bxr:1:19:7, pwxp:1:19:16, csa:1:19:18, bqw:1:19:24, gmr:1:19:27, kkrh:1:19:31, bwh:1:19:35, usk:1:19:39]
Start Used memory is megabytes: 1234
Best Path till now cost : 154.0 >> [source, pnbe:1:17:13, scy:1:17:16, pws:1:17:19, dnr:1:17:23, neo:1:17:29, gnhi:1:17:32, sde:1:17:36, patl:1:17:38, bta:1:17:40, pail:1:17:46, kwr:1:17:49, kua:1:17:53, ara:1:18:2, jgwl:1:18:6, krs:1:18:12, xsan:1:18:19, rnte:1:18:20, bea:1:18:24, asjp:1:18:28, byn:1:18:30, skri:1:18:34, rpr:1:18:38, vkdh:1:18:43, dure:1:18:55, bue:1:19:2, ndon:1:19:8, bxr:1:19:11, pwxp:1:19:20, csa:1:19:22, bqw:1:19:28, gmr:1:19:31, kkrh:1:19:35, bwh:1:19:39, usk:1:19:43, dln:1:19:47]
Start Used memory is megabytes: 1286
Best Path till now cost : 161.0 >> [source, pnbe:1:17:15, scy:1:17:18, pws:1:17:21, dnr:1:17:25, neo:1:17:31, gnhi:1:17:34, sde:1:17:38, patl:1:17:40, bta:1:17:42, pail:1:17:48, kwr:1:17:51, kua:1:17:55, ara:1:18:4, jgwl:1:18:8, krs:1:18:14, xsan:1:18:21, rnte:1:18:22, bea:1:18:26, asjp:1:18:30, byn:1:18:32, skri:1:18:36, rpr:1:18:40, vkdh:1:18:45, dure:1:18:57, bue:1:19:4, ndon:1:19:10, bxr:1:19:13, pwxp:1:19:22, csa:1:19:24, bqw:1:19:30, gmr:1:19:33, kkrh:1:19:37, bwh:1:19:41, usk:1:19:45, dln:1:19:49, drv:1:19:56]
Start Used memory is megabytes: 406
Best Path till now cost : 168.0 >> [source, pnbe:1:13:27, scy:1:13:30, pws:1:13:33, dnr:1:13:37, neo:1:13:43, gnhi:1:13:46, sde:1:13:50, patl:1:13:52, bta:1:13:54, pail:1:14:0, kwr:1:14:3, kua:1:14:7, ara:1:14:16, jgwl:1:14:20, krs:1:14:26, xsan:1:14:33, rnte:1:14:34, bea:1:14:38, asjp:1:14:42, byn:1:14:44, skri:1:14:48, rpr:1:14:52, vkdh:1:14:57, dure:1:15:9, bue:1:15:16, ndon:1:15:22, bxr:1:15:25, pwxp:1:15:34, csa:1:15:36, bqw:1:15:42, gmr:1:15:45, kkrh:1:15:49, bwh:1:15:53, usk:1:15:57, dln:1:16:1, drv:1:16:8, zna:1:16:15]
Start Used memory is megabytes: 496
Best Path till now cost : 173.0 >> [source, pnbe:1:20:58, scy:1:21:1, pws:1:21:4, dnr:1:21:8, neo:1:21:14, gnhi:1:21:17, sde:1:21:21, patl:1:21:23, bta:1:21:25, pail:1:21:31, kwr:1:21:34, kua:1:21:38, ara:1:21:47, jgwl:1:21:51, krs:1:21:57, xsan:1:22:4, rnte:1:22:5, bea:1:22:9, asjp:1:22:13, byn:1:22:15, skri:1:22:19, rpr:1:22:23, vkdh:1:22:28, dure:1:22:40, bue:1:22:47, ndon:1:22:53, bxr:1:22:56, pwxp:1:23:5, csa:1:23:7, bqw:1:23:13, gmr:1:23:16, kkrh:1:23:20, bwh:1:23:24, usk:1:23:28, dln:1:23:32, drv:1:23:39, zna:1:23:46, bhcl:1:23:51]
Start Used memory is megabytes: 561
Best Path till now cost : 180.0 >> [source, pnbe:1:20:58, scy:1:21:1, pws:1:21:4, dnr:1:21:8, neo:1:21:14, gnhi:1:21:17, sde:1:21:21, patl:1:21:23, bta:1:21:25, pail:1:21:31, kwr:1:21:34, kua:1:21:38, ara:1:21:47, jgwl:1:21:51, krs:1:21:57, xsan:1:22:4, rnte:1:22:5, bea:1:22:9, asjp:1:22:13, byn:1:22:15, skri:1:22:19, rpr:1:22:23, vkdh:1:22:28, dure:1:22:40, bue:1:22:47, ndon:1:22:53, bxr:1:22:56, pwxp:1:23:5, csa:1:23:7, bqw:1:23:13, gmr:1:23:16, kkrh:1:23:20, bwh:1:23:24, usk:1:23:28, dln:1:23:32, drv:1:23:39, zna:1:23:46, bhcl:1:23:51, dha:1:23:58]
Start Used memory is megabytes: 643
Best Path till now cost : 187.0 >> [source, pnbe:1:17:12, scy:1:17:15, pws:1:17:18, dnr:1:17:22, neo:1:17:28, gnhi:1:17:31, sde:1:17:35, patl:1:17:37, bta:1:17:39, pail:1:17:45, kwr:1:17:48, kua:1:17:52, ara:1:18:1, jgwl:1:18:5, krs:1:18:11, xsan:1:18:18, rnte:1:18:19, bea:1:18:23, asjp:1:18:27, byn:1:18:29, skri:1:18:33, rpr:1:18:37, vkdh:1:18:42, dure:1:18:54, bue:1:19:1, ndon:1:19:7, bxr:1:19:10, pwxp:1:19:19, csa:1:19:21, bqw:1:19:27, gmr:1:19:30, kkrh:1:19:34, bwh:1:19:38, usk:1:19:42, dln:1:19:46, drv:1:19:53, zna:1:20:0, bhcl:1:20:5, dha:1:20:12, tlam:1:20:19]
Start Used memory is megabytes: 711
Best Path till now cost : 194.0 >> [source, pnbe:1:17:29, scy:1:17:32, pws:1:17:35, dnr:1:17:39, neo:1:17:45, gnhi:1:17:48, sde:1:17:52, patl:1:17:54, bta:1:17:56, pail:1:18:2, kwr:1:18:5, kua:1:18:9, ara:1:18:18, jgwl:1:18:22, krs:1:18:28, xsan:1:18:35, rnte:1:18:36, bea:1:18:40, asjp:1:18:44, byn:1:18:46, skri:1:18:50, rpr:1:18:54, vkdh:1:18:59, dure:1:19:11, bue:1:19:18, ndon:1:19:24, bxr:1:19:27, pwxp:1:19:36, csa:1:19:38, bqw:1:19:44, gmr:1:19:47, kkrh:1:19:51, bwh:1:19:55, usk:1:19:59, dln:1:20:3, drv:1:20:10, zna:1:20:17, bhcl:1:20:22, dha:1:20:29, tlam:1:20:36, sld:1:20:43]
Start Used memory is megabytes: 774
Best Path till now cost : 201.0 >> [source, pnbe:1:18:47, scy:1:18:50, pws:1:18:53, dnr:1:18:57, neo:1:19:3, gnhi:1:19:6, sde:1:19:10, patl:1:19:12, bta:1:19:14, pail:1:19:20, kwr:1:19:23, kua:1:19:27, ara:1:19:36, jgwl:1:19:40, krs:1:19:46, xsan:1:19:53, rnte:1:19:54, bea:1:19:58, asjp:1:20:2, byn:1:20:4, skri:1:20:8, rpr:1:20:12, vkdh:1:20:17, dure:1:20:29, bue:1:20:36, ndon:1:20:42, bxr:1:20:45, pwxp:1:20:54, csa:1:20:56, bqw:1:21:2, gmr:1:21:5, kkrh:1:21:9, bwh:1:21:13, usk:1:21:17, dln:1:21:21, drv:1:21:28, zna:1:21:35, bhcl:1:21:40, dha:1:21:47, tlam:1:21:54, sld:1:22:1, kca:1:22:8]
Start Used memory is megabytes: 838
Best Path till now cost : 212.0 >> [source, pnbe:1:13:23, scy:1:13:26, pws:1:13:29, dnr:1:13:33, neo:1:13:39, gnhi:1:13:42, sde:1:13:46, patl:1:13:48, bta:1:13:50, pail:1:13:56, kwr:1:13:59, kua:1:14:3, ara:1:14:12, jgwl:1:14:16, krs:1:14:22, xsan:1:14:29, rnte:1:14:30, bea:1:14:34, asjp:1:14:38, byn:1:14:40, skri:1:14:44, rpr:1:14:48, vkdh:1:14:53, dure:1:15:5, bue:1:15:12, ndon:1:15:18, bxr:1:15:21, pwxp:1:15:30, csa:1:15:32, bqw:1:15:38, gmr:1:15:41, kkrh:1:15:45, bwh:1:15:49, usk:1:15:53, dln:1:15:57, drv:1:16:4, zna:1:16:11, bhcl:1:16:16, dha:1:16:23, tlam:1:16:30, sld:1:16:37, kca:1:16:44, mgs:1:16:55]
Start Used memory is megabytes: 923
Best Path till now cost : 212.0 >> [source, pnbe:1:20:58, scy:1:21:1, pws:1:21:4, dnr:1:21:8, neo:1:21:14, gnhi:1:21:17, sde:1:21:21, patl:1:21:23, bta:1:21:25, pail:1:21:31, kwr:1:21:34, kua:1:21:38, ara:1:21:47, jgwl:1:21:51, krs:1:21:57, xsan:1:22:4, rnte:1:22:5, bea:1:22:9, asjp:1:22:13, byn:1:22:15, skri:1:22:19, rpr:1:22:23, vkdh:1:22:28, dure:1:22:40, bue:1:22:47, ndon:1:22:53, bxr:1:22:56, pwxp:1:23:5, csa:1:23:7, bqw:1:23:13, gmr:1:23:16, kkrh:1:23:20, bwh:1:23:24, usk:1:23:28, dln:1:23:32, drv:1:23:39, zna:1:23:46, bhcl:1:23:51, dha:1:23:58, tlam:1:0:5, sld:1:0:12, kca:1:0:19, mgs:1:0:30, dest]
Start Used memory is megabytes: 924
Accepted Path found :[source, pnbe:1:20:58, scy:1:21:1, pws:1:21:4, dnr:1:21:8, neo:1:21:14, gnhi:1:21:17, sde:1:21:21, patl:1:21:23, bta:1:21:25, pail:1:21:31, kwr:1:21:34, kua:1:21:38, ara:1:21:47, jgwl:1:21:51, krs:1:21:57, xsan:1:22:4, rnte:1:22:5, bea:1:22:9, asjp:1:22:13, byn:1:22:15, skri:1:22:19, rpr:1:22:23, vkdh:1:22:28, dure:1:22:40, bue:1:22:47, ndon:1:22:53, bxr:1:22:56, pwxp:1:23:5, csa:1:23:7, bqw:1:23:13, gmr:1:23:16, kkrh:1:23:20, bwh:1:23:24, usk:1:23:28, dln:1:23:32, drv:1:23:39, zna:1:23:46, bhcl:1:23:51, dha:1:23:58, tlam:1:0:5, sld:1:0:12, kca:1:0:19, mgs:1:0:30, dest] cost: 212.0
Accepted Path found :[source, pnbe:1:13:24, scy:1:13:27, pws:1:13:30, dnr:1:13:34, neo:1:13:40, gnhi:1:13:43, sde:1:13:47, patl:1:13:49, bta:1:13:51, pail:1:13:57, kwr:1:14:0, kua:1:14:4, ara:1:14:13, jgwl:1:14:17, krs:1:14:23, xsan:1:14:30, rnte:1:14:31, bea:1:14:35, asjp:1:14:39, byn:1:14:41, skri:1:14:45, rpr:1:14:49, vkdh:1:14:54, dure:1:15:6, bue:1:15:13, ndon:1:15:19, bxr:1:15:22, pwxp:1:15:31, csa:1:15:33, bqw:1:15:39, gmr:1:15:42, kkrh:1:15:46, bwh:1:15:50, usk:1:15:54, dln:1:15:58, drv:1:16:5, zna:1:16:12, bhcl:1:16:17, dha:1:16:24, tlam:1:16:31, sld:1:16:38, kca:1:16:45, mgs:1:16:56, dest] cost: 212.0
Accepted Path found :[source, pnbe:1:12:48, scy:1:12:51, pws:1:12:54, dnr:1:12:58, neo:1:13:4, gnhi:1:13:7, sde:1:13:11, patl:1:13:13, bta:1:13:15, pail:1:13:21, kwr:1:13:24, kua:1:13:28, ara:1:13:37, jgwl:1:13:41, krs:1:13:47, xsan:1:13:54, rnte:1:13:55, bea:1:13:59, asjp:1:14:3, byn:1:14:5, skri:1:14:9, rpr:1:14:13, vkdh:1:14:18, dure:1:14:30, bue:1:14:37, ndon:1:14:43, bxr:1:14:46, pwxp:1:14:55, csa:1:14:57, bqw:1:15:3, gmr:1:15:6, kkrh:1:15:10, bwh:1:15:14, usk:1:15:18, dln:1:15:22, drv:1:15:29, zna:1:15:36, bhcl:1:15:41, dha:1:15:48, tlam:1:15:55, sld:1:16:2, kca:1:16:9, mgs:1:16:20, dest] cost: 212.0
Accepted Path found :[source, pnbe:1:18:42, scy:1:18:45, pws:1:18:48, dnr:1:18:52, neo:1:18:58, gnhi:1:19:1, sde:1:19:5, patl:1:19:7, bta:1:19:9, pail:1:19:15, kwr:1:19:18, kua:1:19:22, ara:1:19:31, jgwl:1:19:35, krs:1:19:41, xsan:1:19:48, rnte:1:19:49, bea:1:19:53, asjp:1:19:57, byn:1:19:59, skri:1:20:3, rpr:1:20:7, vkdh:1:20:12, dure:1:20:24, bue:1:20:31, ndon:1:20:37, bxr:1:20:40, pwxp:1:20:49, csa:1:20:51, bqw:1:20:57, gmr:1:21:0, kkrh:1:21:4, bwh:1:21:8, usk:1:21:12, dln:1:21:16, drv:1:21:23, zna:1:21:30, bhcl:1:21:35, dha:1:21:42, tlam:1:21:49, sld:1:21:56, kca:1:22:3, mgs:1:22:14, dest] cost: 212.0
Accepted Path found :[source, pnbe:1:13:41, scy:1:13:44, pws:1:13:47, dnr:1:13:51, neo:1:13:57, gnhi:1:14:0, sde:1:14:4, patl:1:14:6, bta:1:14:8, pail:1:14:14, kwr:1:14:17, kua:1:14:21, ara:1:14:30, jgwl:1:14:34, krs:1:14:40, xsan:1:14:47, rnte:1:14:48, bea:1:14:52, asjp:1:14:56, byn:1:14:58, skri:1:15:2, rpr:1:15:6, vkdh:1:15:11, dure:1:15:23, bue:1:15:30, ndon:1:15:36, bxr:1:15:39, pwxp:1:15:48, csa:1:15:50, bqw:1:15:56, gmr:1:15:59, kkrh:1:16:3, bwh:1:16:7, usk:1:16:11, dln:1:16:15, drv:1:16:22, zna:1:16:29, bhcl:1:16:34, dha:1:16:41, tlam:1:16:48, sld:1:16:55, kca:1:17:2, mgs:1:17:13, dest] cost: 212.0
Accepted Path found :[source, pnbe:1:17:31, scy:1:17:34, pws:1:17:37, dnr:1:17:41, neo:1:17:47, gnhi:1:17:50, sde:1:17:54, patl:1:17:56, bta:1:17:58, pail:1:18:4, kwr:1:18:7, kua:1:18:11, ara:1:18:20, jgwl:1:18:24, krs:1:18:30, xsan:1:18:37, rnte:1:18:38, bea:1:18:42, asjp:1:18:46, byn:1:18:48, skri:1:18:52, rpr:1:18:56, vkdh:1:19:1, dure:1:19:13, bue:1:19:20, ndon:1:19:26, bxr:1:19:29, pwxp:1:19:38, csa:1:19:40, bqw:1:19:46, gmr:1:19:50, kkrh:1:19:54, bwh:1:19:58, usk:1:20:2, dln:1:20:6, drv:1:20:13, zna:1:20:20, bhcl:1:20:26, dha:1:20:33, tlam:1:20:40, sld:1:20:47, kca:1:20:54, mgs:1:21:5, dest] cost: 214.0
Accepted Path found :[source, pnbe:1:20:39, scy:1:20:42, pws:1:20:45, dnr:1:20:49, neo:1:20:55, gnhi:1:20:58, sde:1:21:2, patl:1:21:4, bta:1:21:6, pail:1:21:12, kwr:1:21:15, kua:1:21:19, ara:1:21:28, jgwl:1:21:32, krs:1:21:38, xsan:1:21:45, rnte:1:21:46, bea:1:21:50, asjp:1:21:55, byn:1:21:59, skri:1:22:3, rpr:1:22:7, vkdh:1:22:12, dure:1:22:24, bue:1:22:31, ndon:1:22:37, bxr:1:22:40, pwxp:1:22:49, csa:1:22:51, bqw:1:22:57, gmr:1:23:0, kkrh:1:23:4, bwh:1:23:8, usk:1:23:12, dln:1:23:16, drv:1:23:23, zna:1:23:30, bhcl:1:23:35, dha:1:23:42, tlam:1:23:49, sld:1:23:56, kca:1:0:3, mgs:1:0:14, dest] cost: 215.0
Accepted Path found :[source, pnbe:1:17:14, scy:1:17:17, pws:1:17:20, dnr:1:17:24, neo:1:17:30, gnhi:1:17:33, sde:1:17:37, patl:1:17:39, bta:1:17:41, pail:1:17:47, kwr:1:17:50, kua:1:17:54, ara:1:18:3, jgwl:1:18:7, krs:1:18:13, xsan:1:18:20, rnte:1:18:21, bea:1:18:25, asjp:1:18:29, byn:1:18:31, skri:1:18:35, rpr:1:18:39, vkdh:1:18:44, dure:1:18:56, bue:1:19:3, ndon:1:19:9, bxr:1:19:12, pwxp:1:19:21, csa:1:19:23, bqw:1:19:29, gmr:1:19:32, kkrh:1:19:36, bwh:1:19:40, usk:1:19:44, dln:1:19:48, drv:1:19:55, zna:1:20:2, bhcl:1:20:7, dha:1:20:14, tlam:1:20:21, sld:1:20:33, kca:1:20:40, mgs:1:20:51, dest] cost: 217.0
Accepted Path found :[source, pnbe:1:14:12, scy:1:14:15, pws:1:14:18, dnr:1:14:23, neo:1:14:29, gnhi:1:14:32, sde:1:14:36, patl:1:14:38, bta:1:14:40, pail:1:14:47, kwr:1:14:51, kua:1:14:56, ara:1:15:5, jgwl:1:15:9, krs:1:15:15, xsan:1:15:22, rnte:1:15:23, bea:1:15:27, asjp:1:15:31, byn:1:15:33, skri:1:15:37, rpr:1:15:41, vkdh:1:15:46, dure:1:15:58, bue:1:16:5, ndon:1:16:11, bxr:1:16:14, pwxp:1:16:23, csa:1:16:25, bqw:1:16:31, gmr:1:16:34, kkrh:1:16:38, bwh:1:16:42, usk:1:16:47, dln:1:16:51, drv:1:16:58, zna:1:17:5, bhcl:1:17:10, dha:1:17:17, tlam:1:17:24, sld:1:17:31, kca:1:17:38, mgs:1:17:49, dest] cost: 217.0
Accepted Path found :[source, pnbe:1:14:47, scy:1:14:50, pws:1:14:53, dnr:1:14:57, neo:1:15:3, gnhi:1:15:6, sde:1:15:10, patl:1:15:12, bta:1:15:14, pail:1:15:20, kwr:1:15:23, kua:1:15:27, ara:1:15:36, jgwl:1:15:40, krs:1:15:46, xsan:1:15:53, rnte:1:15:54, bea:1:15:58, asjp:1:16:2, byn:1:16:4, skri:1:16:8, rpr:1:16:12, vkdh:1:16:17, dure:1:16:29, bue:1:16:36, ndon:1:16:42, bxr:1:16:45, pwxp:1:16:55, csa:1:16:57, bqw:1:17:3, gmr:1:17:6, kkrh:1:17:11, bwh:1:17:18, usk:1:17:23, dln:1:17:27, drv:1:17:34, zna:1:17:41, bhcl:1:17:46, dha:1:17:53, tlam:1:18:0, sld:1:18:7, kca:1:18:14, mgs:1:18:25, dest] cost: 218.0
Heap Number of paths found [[source, pnbe:1:20:58, scy:1:21:1, pws:1:21:4, dnr:1:21:8, neo:1:21:14, gnhi:1:21:17, sde:1:21:21, patl:1:21:23, bta:1:21:25, pail:1:21:31, kwr:1:21:34, kua:1:21:38, ara:1:21:47, jgwl:1:21:51, krs:1:21:57, xsan:1:22:4, rnte:1:22:5, bea:1:22:9, asjp:1:22:13, byn:1:22:15, skri:1:22:19, rpr:1:22:23, vkdh:1:22:28, dure:1:22:40, bue:1:22:47, ndon:1:22:53, bxr:1:22:56, pwxp:1:23:5, csa:1:23:7, bqw:1:23:13, gmr:1:23:16, kkrh:1:23:20, bwh:1:23:24, usk:1:23:28, dln:1:23:32, drv:1:23:39, zna:1:23:46, bhcl:1:23:51, dha:1:23:58, tlam:1:0:5, sld:1:0:12, kca:1:0:19, mgs:1:0:30, dest], [source, pnbe:1:13:24, scy:1:13:27, pws:1:13:30, dnr:1:13:34, neo:1:13:40, gnhi:1:13:43, sde:1:13:47, patl:1:13:49, bta:1:13:51, pail:1:13:57, kwr:1:14:0, kua:1:14:4, ara:1:14:13, jgwl:1:14:17, krs:1:14:23, xsan:1:14:30, rnte:1:14:31, bea:1:14:35, asjp:1:14:39, byn:1:14:41, skri:1:14:45, rpr:1:14:49, vkdh:1:14:54, dure:1:15:6, bue:1:15:13, ndon:1:15:19, bxr:1:15:22, pwxp:1:15:31, csa:1:15:33, bqw:1:15:39, gmr:1:15:42, kkrh:1:15:46, bwh:1:15:50, usk:1:15:54, dln:1:15:58, drv:1:16:5, zna:1:16:12, bhcl:1:16:17, dha:1:16:24, tlam:1:16:31, sld:1:16:38, kca:1:16:45, mgs:1:16:56, dest], [source, pnbe:1:12:48, scy:1:12:51, pws:1:12:54, dnr:1:12:58, neo:1:13:4, gnhi:1:13:7, sde:1:13:11, patl:1:13:13, bta:1:13:15, pail:1:13:21, kwr:1:13:24, kua:1:13:28, ara:1:13:37, jgwl:1:13:41, krs:1:13:47, xsan:1:13:54, rnte:1:13:55, bea:1:13:59, asjp:1:14:3, byn:1:14:5, skri:1:14:9, rpr:1:14:13, vkdh:1:14:18, dure:1:14:30, bue:1:14:37, ndon:1:14:43, bxr:1:14:46, pwxp:1:14:55, csa:1:14:57, bqw:1:15:3, gmr:1:15:6, kkrh:1:15:10, bwh:1:15:14, usk:1:15:18, dln:1:15:22, drv:1:15:29, zna:1:15:36, bhcl:1:15:41, dha:1:15:48, tlam:1:15:55, sld:1:16:2, kca:1:16:9, mgs:1:16:20, dest], [source, pnbe:1:18:42, scy:1:18:45, pws:1:18:48, dnr:1:18:52, neo:1:18:58, gnhi:1:19:1, sde:1:19:5, patl:1:19:7, bta:1:19:9, pail:1:19:15, kwr:1:19:18, kua:1:19:22, ara:1:19:31, jgwl:1:19:35, krs:1:19:41, xsan:1:19:48, rnte:1:19:49, bea:1:19:53, asjp:1:19:57, byn:1:19:59, skri:1:20:3, rpr:1:20:7, vkdh:1:20:12, dure:1:20:24, bue:1:20:31, ndon:1:20:37, bxr:1:20:40, pwxp:1:20:49, csa:1:20:51, bqw:1:20:57, gmr:1:21:0, kkrh:1:21:4, bwh:1:21:8, usk:1:21:12, dln:1:21:16, drv:1:21:23, zna:1:21:30, bhcl:1:21:35, dha:1:21:42, tlam:1:21:49, sld:1:21:56, kca:1:22:3, mgs:1:22:14, dest], [source, pnbe:1:13:41, scy:1:13:44, pws:1:13:47, dnr:1:13:51, neo:1:13:57, gnhi:1:14:0, sde:1:14:4, patl:1:14:6, bta:1:14:8, pail:1:14:14, kwr:1:14:17, kua:1:14:21, ara:1:14:30, jgwl:1:14:34, krs:1:14:40, xsan:1:14:47, rnte:1:14:48, bea:1:14:52, asjp:1:14:56, byn:1:14:58, skri:1:15:2, rpr:1:15:6, vkdh:1:15:11, dure:1:15:23, bue:1:15:30, ndon:1:15:36, bxr:1:15:39, pwxp:1:15:48, csa:1:15:50, bqw:1:15:56, gmr:1:15:59, kkrh:1:16:3, bwh:1:16:7, usk:1:16:11, dln:1:16:15, drv:1:16:22, zna:1:16:29, bhcl:1:16:34, dha:1:16:41, tlam:1:16:48, sld:1:16:55, kca:1:17:2, mgs:1:17:13, dest], [source, pnbe:1:17:31, scy:1:17:34, pws:1:17:37, dnr:1:17:41, neo:1:17:47, gnhi:1:17:50, sde:1:17:54, patl:1:17:56, bta:1:17:58, pail:1:18:4, kwr:1:18:7, kua:1:18:11, ara:1:18:20, jgwl:1:18:24, krs:1:18:30, xsan:1:18:37, rnte:1:18:38, bea:1:18:42, asjp:1:18:46, byn:1:18:48, skri:1:18:52, rpr:1:18:56, vkdh:1:19:1, dure:1:19:13, bue:1:19:20, ndon:1:19:26, bxr:1:19:29, pwxp:1:19:38, csa:1:19:40, bqw:1:19:46, gmr:1:19:50, kkrh:1:19:54, bwh:1:19:58, usk:1:20:2, dln:1:20:6, drv:1:20:13, zna:1:20:20, bhcl:1:20:26, dha:1:20:33, tlam:1:20:40, sld:1:20:47, kca:1:20:54, mgs:1:21:5, dest], [source, pnbe:1:20:39, scy:1:20:42, pws:1:20:45, dnr:1:20:49, neo:1:20:55, gnhi:1:20:58, sde:1:21:2, patl:1:21:4, bta:1:21:6, pail:1:21:12, kwr:1:21:15, kua:1:21:19, ara:1:21:28, jgwl:1:21:32, krs:1:21:38, xsan:1:21:45, rnte:1:21:46, bea:1:21:50, asjp:1:21:55, byn:1:21:59, skri:1:22:3, rpr:1:22:7, vkdh:1:22:12, dure:1:22:24, bue:1:22:31, ndon:1:22:37, bxr:1:22:40, pwxp:1:22:49, csa:1:22:51, bqw:1:22:57, gmr:1:23:0, kkrh:1:23:4, bwh:1:23:8, usk:1:23:12, dln:1:23:16, drv:1:23:23, zna:1:23:30, bhcl:1:23:35, dha:1:23:42, tlam:1:23:49, sld:1:23:56, kca:1:0:3, mgs:1:0:14, dest], [source, pnbe:1:17:14, scy:1:17:17, pws:1:17:20, dnr:1:17:24, neo:1:17:30, gnhi:1:17:33, sde:1:17:37, patl:1:17:39, bta:1:17:41, pail:1:17:47, kwr:1:17:50, kua:1:17:54, ara:1:18:3, jgwl:1:18:7, krs:1:18:13, xsan:1:18:20, rnte:1:18:21, bea:1:18:25, asjp:1:18:29, byn:1:18:31, skri:1:18:35, rpr:1:18:39, vkdh:1:18:44, dure:1:18:56, bue:1:19:3, ndon:1:19:9, bxr:1:19:12, pwxp:1:19:21, csa:1:19:23, bqw:1:19:29, gmr:1:19:32, kkrh:1:19:36, bwh:1:19:40, usk:1:19:44, dln:1:19:48, drv:1:19:55, zna:1:20:2, bhcl:1:20:7, dha:1:20:14, tlam:1:20:21, sld:1:20:33, kca:1:20:40, mgs:1:20:51, dest], [source, pnbe:1:14:12, scy:1:14:15, pws:1:14:18, dnr:1:14:23, neo:1:14:29, gnhi:1:14:32, sde:1:14:36, patl:1:14:38, bta:1:14:40, pail:1:14:47, kwr:1:14:51, kua:1:14:56, ara:1:15:5, jgwl:1:15:9, krs:1:15:15, xsan:1:15:22, rnte:1:15:23, bea:1:15:27, asjp:1:15:31, byn:1:15:33, skri:1:15:37, rpr:1:15:41, vkdh:1:15:46, dure:1:15:58, bue:1:16:5, ndon:1:16:11, bxr:1:16:14, pwxp:1:16:23, csa:1:16:25, bqw:1:16:31, gmr:1:16:34, kkrh:1:16:38, bwh:1:16:42, usk:1:16:47, dln:1:16:51, drv:1:16:58, zna:1:17:5, bhcl:1:17:10, dha:1:17:17, tlam:1:17:24, sld:1:17:31, kca:1:17:38, mgs:1:17:49, dest], [source, pnbe:1:14:47, scy:1:14:50, pws:1:14:53, dnr:1:14:57, neo:1:15:3, gnhi:1:15:6, sde:1:15:10, patl:1:15:12, bta:1:15:14, pail:1:15:20, kwr:1:15:23, kua:1:15:27, ara:1:15:36, jgwl:1:15:40, krs:1:15:46, xsan:1:15:53, rnte:1:15:54, bea:1:15:58, asjp:1:16:2, byn:1:16:4, skri:1:16:8, rpr:1:16:12, vkdh:1:16:17, dure:1:16:29, bue:1:16:36, ndon:1:16:42, bxr:1:16:45, pwxp:1:16:55, csa:1:16:57, bqw:1:17:3, gmr:1:17:6, kkrh:1:17:11, bwh:1:17:18, usk:1:17:23, dln:1:17:27, drv:1:17:34, zna:1:17:41, bhcl:1:17:46, dha:1:17:53, tlam:1:18:0, sld:1:18:7, kca:1:18:14, mgs:1:18:25, dest]]
Rejected paths:515
Duration: 47494 ms
10	212.0	212.0	212.0	212.0	212.0	214.0	215.0	217.0	217.0	218.0
---------------------------------------------------------------------------------------------------------
10
[source, pnbe:1:20:58, scy:1:21:1, pws:1:21:4, dnr:1:21:8, neo:1:21:14, gnhi:1:21:17, sde:1:21:21, patl:1:21:23, bta:1:21:25, pail:1:21:31, kwr:1:21:34, kua:1:21:38, ara:1:21:47, jgwl:1:21:51, krs:1:21:57, xsan:1:22:4, rnte:1:22:5, bea:1:22:9, asjp:1:22:13, byn:1:22:15, skri:1:22:19, rpr:1:22:23, vkdh:1:22:28, dure:1:22:40, bue:1:22:47, ndon:1:22:53, bxr:1:22:56, pwxp:1:23:5, csa:1:23:7, bqw:1:23:13, gmr:1:23:16, kkrh:1:23:20, bwh:1:23:24, usk:1:23:28, dln:1:23:32, drv:1:23:39, zna:1:23:46, bhcl:1:23:51, dha:1:23:58, tlam:1:0:5, sld:1:0:12, kca:1:0:19, mgs:1:0:30, dest] cost: 212.0
[source, pnbe:1:13:24, scy:1:13:27, pws:1:13:30, dnr:1:13:34, neo:1:13:40, gnhi:1:13:43, sde:1:13:47, patl:1:13:49, bta:1:13:51, pail:1:13:57, kwr:1:14:0, kua:1:14:4, ara:1:14:13, jgwl:1:14:17, krs:1:14:23, xsan:1:14:30, rnte:1:14:31, bea:1:14:35, asjp:1:14:39, byn:1:14:41, skri:1:14:45, rpr:1:14:49, vkdh:1:14:54, dure:1:15:6, bue:1:15:13, ndon:1:15:19, bxr:1:15:22, pwxp:1:15:31, csa:1:15:33, bqw:1:15:39, gmr:1:15:42, kkrh:1:15:46, bwh:1:15:50, usk:1:15:54, dln:1:15:58, drv:1:16:5, zna:1:16:12, bhcl:1:16:17, dha:1:16:24, tlam:1:16:31, sld:1:16:38, kca:1:16:45, mgs:1:16:56, dest] cost: 212.0
[source, pnbe:1:12:48, scy:1:12:51, pws:1:12:54, dnr:1:12:58, neo:1:13:4, gnhi:1:13:7, sde:1:13:11, patl:1:13:13, bta:1:13:15, pail:1:13:21, kwr:1:13:24, kua:1:13:28, ara:1:13:37, jgwl:1:13:41, krs:1:13:47, xsan:1:13:54, rnte:1:13:55, bea:1:13:59, asjp:1:14:3, byn:1:14:5, skri:1:14:9, rpr:1:14:13, vkdh:1:14:18, dure:1:14:30, bue:1:14:37, ndon:1:14:43, bxr:1:14:46, pwxp:1:14:55, csa:1:14:57, bqw:1:15:3, gmr:1:15:6, kkrh:1:15:10, bwh:1:15:14, usk:1:15:18, dln:1:15:22, drv:1:15:29, zna:1:15:36, bhcl:1:15:41, dha:1:15:48, tlam:1:15:55, sld:1:16:2, kca:1:16:9, mgs:1:16:20, dest] cost: 212.0
[source, pnbe:1:18:42, scy:1:18:45, pws:1:18:48, dnr:1:18:52, neo:1:18:58, gnhi:1:19:1, sde:1:19:5, patl:1:19:7, bta:1:19:9, pail:1:19:15, kwr:1:19:18, kua:1:19:22, ara:1:19:31, jgwl:1:19:35, krs:1:19:41, xsan:1:19:48, rnte:1:19:49, bea:1:19:53, asjp:1:19:57, byn:1:19:59, skri:1:20:3, rpr:1:20:7, vkdh:1:20:12, dure:1:20:24, bue:1:20:31, ndon:1:20:37, bxr:1:20:40, pwxp:1:20:49, csa:1:20:51, bqw:1:20:57, gmr:1:21:0, kkrh:1:21:4, bwh:1:21:8, usk:1:21:12, dln:1:21:16, drv:1:21:23, zna:1:21:30, bhcl:1:21:35, dha:1:21:42, tlam:1:21:49, sld:1:21:56, kca:1:22:3, mgs:1:22:14, dest] cost: 212.0
[source, pnbe:1:13:41, scy:1:13:44, pws:1:13:47, dnr:1:13:51, neo:1:13:57, gnhi:1:14:0, sde:1:14:4, patl:1:14:6, bta:1:14:8, pail:1:14:14, kwr:1:14:17, kua:1:14:21, ara:1:14:30, jgwl:1:14:34, krs:1:14:40, xsan:1:14:47, rnte:1:14:48, bea:1:14:52, asjp:1:14:56, byn:1:14:58, skri:1:15:2, rpr:1:15:6, vkdh:1:15:11, dure:1:15:23, bue:1:15:30, ndon:1:15:36, bxr:1:15:39, pwxp:1:15:48, csa:1:15:50, bqw:1:15:56, gmr:1:15:59, kkrh:1:16:3, bwh:1:16:7, usk:1:16:11, dln:1:16:15, drv:1:16:22, zna:1:16:29, bhcl:1:16:34, dha:1:16:41, tlam:1:16:48, sld:1:16:55, kca:1:17:2, mgs:1:17:13, dest] cost: 212.0
[source, pnbe:1:17:31, scy:1:17:34, pws:1:17:37, dnr:1:17:41, neo:1:17:47, gnhi:1:17:50, sde:1:17:54, patl:1:17:56, bta:1:17:58, pail:1:18:4, kwr:1:18:7, kua:1:18:11, ara:1:18:20, jgwl:1:18:24, krs:1:18:30, xsan:1:18:37, rnte:1:18:38, bea:1:18:42, asjp:1:18:46, byn:1:18:48, skri:1:18:52, rpr:1:18:56, vkdh:1:19:1, dure:1:19:13, bue:1:19:20, ndon:1:19:26, bxr:1:19:29, pwxp:1:19:38, csa:1:19:40, bqw:1:19:46, gmr:1:19:50, kkrh:1:19:54, bwh:1:19:58, usk:1:20:2, dln:1:20:6, drv:1:20:13, zna:1:20:20, bhcl:1:20:26, dha:1:20:33, tlam:1:20:40, sld:1:20:47, kca:1:20:54, mgs:1:21:5, dest] cost: 214.0
[source, pnbe:1:20:39, scy:1:20:42, pws:1:20:45, dnr:1:20:49, neo:1:20:55, gnhi:1:20:58, sde:1:21:2, patl:1:21:4, bta:1:21:6, pail:1:21:12, kwr:1:21:15, kua:1:21:19, ara:1:21:28, jgwl:1:21:32, krs:1:21:38, xsan:1:21:45, rnte:1:21:46, bea:1:21:50, asjp:1:21:55, byn:1:21:59, skri:1:22:3, rpr:1:22:7, vkdh:1:22:12, dure:1:22:24, bue:1:22:31, ndon:1:22:37, bxr:1:22:40, pwxp:1:22:49, csa:1:22:51, bqw:1:22:57, gmr:1:23:0, kkrh:1:23:4, bwh:1:23:8, usk:1:23:12, dln:1:23:16, drv:1:23:23, zna:1:23:30, bhcl:1:23:35, dha:1:23:42, tlam:1:23:49, sld:1:23:56, kca:1:0:3, mgs:1:0:14, dest] cost: 215.0
[source, pnbe:1:17:14, scy:1:17:17, pws:1:17:20, dnr:1:17:24, neo:1:17:30, gnhi:1:17:33, sde:1:17:37, patl:1:17:39, bta:1:17:41, pail:1:17:47, kwr:1:17:50, kua:1:17:54, ara:1:18:3, jgwl:1:18:7, krs:1:18:13, xsan:1:18:20, rnte:1:18:21, bea:1:18:25, asjp:1:18:29, byn:1:18:31, skri:1:18:35, rpr:1:18:39, vkdh:1:18:44, dure:1:18:56, bue:1:19:3, ndon:1:19:9, bxr:1:19:12, pwxp:1:19:21, csa:1:19:23, bqw:1:19:29, gmr:1:19:32, kkrh:1:19:36, bwh:1:19:40, usk:1:19:44, dln:1:19:48, drv:1:19:55, zna:1:20:2, bhcl:1:20:7, dha:1:20:14, tlam:1:20:21, sld:1:20:33, kca:1:20:40, mgs:1:20:51, dest] cost: 217.0
[source, pnbe:1:14:12, scy:1:14:15, pws:1:14:18, dnr:1:14:23, neo:1:14:29, gnhi:1:14:32, sde:1:14:36, patl:1:14:38, bta:1:14:40, pail:1:14:47, kwr:1:14:51, kua:1:14:56, ara:1:15:5, jgwl:1:15:9, krs:1:15:15, xsan:1:15:22, rnte:1:15:23, bea:1:15:27, asjp:1:15:31, byn:1:15:33, skri:1:15:37, rpr:1:15:41, vkdh:1:15:46, dure:1:15:58, bue:1:16:5, ndon:1:16:11, bxr:1:16:14, pwxp:1:16:23, csa:1:16:25, bqw:1:16:31, gmr:1:16:34, kkrh:1:16:38, bwh:1:16:42, usk:1:16:47, dln:1:16:51, drv:1:16:58, zna:1:17:5, bhcl:1:17:10, dha:1:17:17, tlam:1:17:24, sld:1:17:31, kca:1:17:38, mgs:1:17:49, dest] cost: 217.0
[source, pnbe:1:14:47, scy:1:14:50, pws:1:14:53, dnr:1:14:57, neo:1:15:3, gnhi:1:15:6, sde:1:15:10, patl:1:15:12, bta:1:15:14, pail:1:15:20, kwr:1:15:23, kua:1:15:27, ara:1:15:36, jgwl:1:15:40, krs:1:15:46, xsan:1:15:53, rnte:1:15:54, bea:1:15:58, asjp:1:16:2, byn:1:16:4, skri:1:16:8, rpr:1:16:12, vkdh:1:16:17, dure:1:16:29, bue:1:16:36, ndon:1:16:42, bxr:1:16:45, pwxp:1:16:55, csa:1:16:57, bqw:1:17:3, gmr:1:17:6, kkrh:1:17:11, bwh:1:17:18, usk:1:17:23, dln:1:17:27, drv:1:17:34, zna:1:17:41, bhcl:1:17:46, dha:1:17:53, tlam:1:18:0, sld:1:18:7, kca:1:18:14, mgs:1:18:25, dest] cost: 218.0
