---------------------------------------------------------------------------------------------------------
2018/03/09 10:47:37
Avg speed: 60.0
Mode: Single Day
Train Day: 2
Max ratio: 1.3
***********************************************************************************
[0.0, 0.0, 3.9000000000000004, 7.800000000000001, 13.0, 20.8, 24.7, 29.900000000000002, 32.5, 35.1, 42.9, 46.800000000000004, 52.0, 63.7, 68.9, 76.7, 85.8, 87.10000000000001, 92.3, 97.5, 100.10000000000001, 105.3, 110.5, 117.0, 132.6, 141.70000000000002, 149.5, 153.4, 165.1, 167.70000000000002, 175.5, 179.4, 184.6, 189.8, 195.0, 200.20000000000002, 209.3, 218.4, 224.9, 234.0, 243.1, 252.20000000000002, 261.3, 275.6, 275.6]
Station size: 43
Initializing graph
Adding edge bw stations source->pnbe 2018/03/09 10:47:41
Start Used memory is megabytes: 1211
Adding edge bw stations pnbe->scy 2018/03/09 10:47:41
Start Used memory is megabytes: 1212
Adding edge bw stations scy->pws 2018/03/09 10:47:43
Start Used memory is megabytes: 897
Adding edge bw stations pws->dnr 2018/03/09 10:47:44
Start Used memory is megabytes: 584
Adding edge bw stations dnr->neo 2018/03/09 10:47:45
Start Used memory is megabytes: 1159
Adding edge bw stations neo->gnhi 2018/03/09 10:47:46
Start Used memory is megabytes: 527
Adding edge bw stations gnhi->sde 2018/03/09 10:47:47
Start Used memory is megabytes: 1202
Adding edge bw stations sde->patl 2018/03/09 10:47:48
Start Used memory is megabytes: 770
Adding edge bw stations patl->bta 2018/03/09 10:47:49
Start Used memory is megabytes: 523
Adding edge bw stations bta->pail 2018/03/09 10:47:50
Start Used memory is megabytes: 1291
Adding edge bw stations pail->kwr 2018/03/09 10:47:51
Start Used memory is megabytes: 607
Adding edge bw stations kwr->kua 2018/03/09 10:47:52
Start Used memory is megabytes: 1233
Adding edge bw stations kua->ara 2018/03/09 10:47:53
Start Used memory is megabytes: 684
Adding edge bw stations ara->jgwl 2018/03/09 10:47:54
Start Used memory is megabytes: 688
Adding edge bw stations jgwl->krs 2018/03/09 10:47:54
Start Used memory is megabytes: 1188
Adding edge bw stations krs->xsan 2018/03/09 10:47:55
Start Used memory is megabytes: 407
Adding edge bw stations xsan->rnte 2018/03/09 10:47:56
Start Used memory is megabytes: 611
Adding edge bw stations rnte->bea 2018/03/09 10:47:58
Start Used memory is megabytes: 1409
Adding edge bw stations bea->asjp 2018/03/09 10:48:00
Start Used memory is megabytes: 828
Adding edge bw stations asjp->byn 2018/03/09 10:48:01
Start Used memory is megabytes: 1329
Adding edge bw stations byn->skri 2018/03/09 10:48:02
Start Used memory is megabytes: 947
Adding edge bw stations skri->rpr 2018/03/09 10:48:03
Start Used memory is megabytes: 1449
Adding edge bw stations rpr->vkdh 2018/03/09 10:48:04
Start Used memory is megabytes: 870
Adding edge bw stations vkdh->dure 2018/03/09 10:48:05
Start Used memory is megabytes: 1273
Adding edge bw stations dure->bue 2018/03/09 10:48:06
Start Used memory is megabytes: 982
Adding edge bw stations bue->ndon 2018/03/09 10:48:06
Start Used memory is megabytes: 1187
Adding edge bw stations ndon->bxr 2018/03/09 10:48:07
Start Used memory is megabytes: 411
Adding edge bw stations bxr->pwxp 2018/03/09 10:48:08
Start Used memory is megabytes: 1013
Adding edge bw stations pwxp->csa 2018/03/09 10:48:09
Start Used memory is megabytes: 1018
Adding edge bw stations csa->bqw 2018/03/09 10:48:10
Start Used memory is megabytes: 636
Adding edge bw stations bqw->gmr 2018/03/09 10:48:11
Start Used memory is megabytes: 941
Adding edge bw stations gmr->kkrh 2018/03/09 10:48:12
Start Used memory is megabytes: 460
Adding edge bw stations kkrh->bwh 2018/03/09 10:48:13
Start Used memory is megabytes: 962
Adding edge bw stations bwh->usk 2018/03/09 10:48:13
Start Used memory is megabytes: 1463
Adding edge bw stations usk->dln 2018/03/09 10:48:14
Start Used memory is megabytes: 878
Adding edge bw stations dln->drv 2018/03/09 10:48:15
Start Used memory is megabytes: 1375
Adding edge bw stations drv->zna 2018/03/09 10:48:16
Start Used memory is megabytes: 489
Adding edge bw stations zna->bhcl 2018/03/09 10:48:17
Start Used memory is megabytes: 686
Adding edge bw stations bhcl->dha 2018/03/09 10:48:18
Start Used memory is megabytes: 1080
Adding edge bw stations dha->tlam 2018/03/09 10:48:18
Start Used memory is megabytes: 1276
Adding edge bw stations tlam->sld 2018/03/09 10:48:19
Start Used memory is megabytes: 1472
Adding edge bw stations sld->kca 2018/03/09 10:48:20
Start Used memory is megabytes: 570
Adding edge bw stations kca->mgs 2018/03/09 10:48:20
Start Used memory is megabytes: 761
Adding edge bw stations mgs->dest 2018/03/09 10:48:21
Start Used memory is megabytes: 555
Edge size: 794522
Finding shortest path bw : source >> dest
Best Path till now cost : 0.0 >> [source, pnbe:2:16:39]
Start Used memory is megabytes: 555
Best Path till now cost : 3.0 >> [source, pnbe:2:17:36, scy:2:17:39]
Start Used memory is megabytes: 560
Best Path till now cost : 6.0 >> [source, pnbe:2:0:11, scy:2:0:14, pws:2:0:17]
Start Used memory is megabytes: 564
Best Path till now cost : 10.0 >> [source, pnbe:2:20:58, scy:2:21:1, pws:2:21:4, dnr:2:21:8]
Start Used memory is megabytes: 571
Best Path till now cost : 16.0 >> [source, pnbe:2:5:5, scy:2:5:8, pws:2:5:11, dnr:2:5:15, neo:2:5:21]
Start Used memory is megabytes: 589
Best Path till now cost : 19.0 >> [source, pnbe:2:0:13, scy:2:0:16, pws:2:0:19, dnr:2:0:23, neo:2:0:29, gnhi:2:0:32]
Start Used memory is megabytes: 615
Best Path till now cost : 23.0 >> [source, pnbe:2:20:36, scy:2:20:39, pws:2:20:42, dnr:2:20:46, neo:2:20:52, gnhi:2:20:55, sde:2:20:59]
Start Used memory is megabytes: 654
Best Path till now cost : 25.0 >> [source, pnbe:2:1:13, scy:2:1:16, pws:2:1:19, dnr:2:1:23, neo:2:1:29, gnhi:2:1:32, sde:2:1:36, patl:2:1:38]
Start Used memory is megabytes: 684
Best Path till now cost : 27.0 >> [source, pnbe:2:3:2, scy:2:3:5, pws:2:3:8, dnr:2:3:12, neo:2:3:18, gnhi:2:3:21, sde:2:3:25, patl:2:3:27, bta:2:3:29]
Start Used memory is megabytes: 717
Best Path till now cost : 33.0 >> [source, pnbe:2:10:19, scy:2:10:22, pws:2:10:25, dnr:2:10:29, neo:2:10:35, gnhi:2:10:38, sde:2:10:42, patl:2:10:44, bta:2:10:46, pail:2:10:52]
Start Used memory is megabytes: 792
Best Path till now cost : 36.0 >> [source, pnbe:2:10:19, scy:2:10:22, pws:2:10:25, dnr:2:10:29, neo:2:10:35, gnhi:2:10:38, sde:2:10:42, patl:2:10:44, bta:2:10:46, pail:2:10:52, kwr:2:10:55]
Start Used memory is megabytes: 829
Best Path till now cost : 40.0 >> [source, pnbe:2:13:14, scy:2:13:17, pws:2:13:20, dnr:2:13:24, neo:2:13:30, gnhi:2:13:33, sde:2:13:37, patl:2:13:39, bta:2:13:41, pail:2:13:47, kwr:2:13:50, kua:2:13:54]
Start Used memory is megabytes: 871
Best Path till now cost : 49.0 >> [source, pnbe:2:13:14, scy:2:13:17, pws:2:13:20, dnr:2:13:24, neo:2:13:30, gnhi:2:13:33, sde:2:13:37, patl:2:13:39, bta:2:13:41, pail:2:13:47, kwr:2:13:50, kua:2:13:54, ara:2:14:3]
Start Used memory is megabytes: 943
Best Path till now cost : 53.0 >> [source, pnbe:2:13:40, scy:2:13:43, pws:2:13:46, dnr:2:13:50, neo:2:13:56, gnhi:2:13:59, sde:2:14:3, patl:2:14:5, bta:2:14:7, pail:2:14:13, kwr:2:14:16, kua:2:14:20, ara:2:14:29, jgwl:2:14:33]
Start Used memory is megabytes: 978
Best Path till now cost : 59.0 >> [source, pnbe:2:1:5, scy:2:1:8, pws:2:1:11, dnr:2:1:15, neo:2:1:21, gnhi:2:1:24, sde:2:1:28, patl:2:1:30, bta:2:1:32, pail:2:1:38, kwr:2:1:41, kua:2:1:45, ara:2:1:54, jgwl:2:1:58, krs:2:2:4]
Start Used memory is megabytes: 1022
Best Path till now cost : 66.0 >> [source, pnbe:2:1:5, scy:2:1:8, pws:2:1:11, dnr:2:1:15, neo:2:1:21, gnhi:2:1:24, sde:2:1:28, patl:2:1:30, bta:2:1:32, pail:2:1:38, kwr:2:1:41, kua:2:1:45, ara:2:1:54, jgwl:2:1:58, krs:2:2:4, xsan:2:2:11]
Start Used memory is megabytes: 1080
Best Path till now cost : 67.0 >> [source, pnbe:2:13:31, scy:2:13:34, pws:2:13:37, dnr:2:13:41, neo:2:13:47, gnhi:2:13:50, sde:2:13:54, patl:2:13:56, bta:2:13:58, pail:2:14:4, kwr:2:14:7, kua:2:14:11, ara:2:14:20, jgwl:2:14:24, krs:2:14:30, xsan:2:14:37, rnte:2:14:38]
Start Used memory is megabytes: 1095
Best Path till now cost : 71.0 >> [source, pnbe:2:2:19, scy:2:2:22, pws:2:2:25, dnr:2:2:29, neo:2:2:35, gnhi:2:2:38, sde:2:2:42, patl:2:2:44, bta:2:2:46, pail:2:2:52, kwr:2:2:55, kua:2:2:59, ara:2:3:8, jgwl:2:3:12, krs:2:3:18, xsan:2:3:25, rnte:2:3:26, bea:2:3:30]
Start Used memory is megabytes: 1145
Best Path till now cost : 75.0 >> [source, pnbe:2:1:20, scy:2:1:23, pws:2:1:26, dnr:2:1:30, neo:2:1:36, gnhi:2:1:39, sde:2:1:43, patl:2:1:45, bta:2:1:47, pail:2:1:53, kwr:2:1:56, kua:2:2:0, ara:2:2:9, jgwl:2:2:13, krs:2:2:19, xsan:2:2:26, rnte:2:2:27, bea:2:2:31, asjp:2:2:35]
Start Used memory is megabytes: 1195
Best Path till now cost : 77.0 >> [source, pnbe:2:8:4, scy:2:8:7, pws:2:8:10, dnr:2:8:14, neo:2:8:20, gnhi:2:8:23, sde:2:8:27, patl:2:8:29, bta:2:8:31, pail:2:8:37, kwr:2:8:40, kua:2:8:44, ara:2:8:53, jgwl:2:8:57, krs:2:9:3, xsan:2:9:10, rnte:2:9:11, bea:2:9:15, asjp:2:9:19, byn:2:9:21]
Start Used memory is megabytes: 1232
Best Path till now cost : 81.0 >> [source, pnbe:2:8:4, scy:2:8:7, pws:2:8:10, dnr:2:8:14, neo:2:8:20, gnhi:2:8:23, sde:2:8:27, patl:2:8:29, bta:2:8:31, pail:2:8:37, kwr:2:8:40, kua:2:8:44, ara:2:8:53, jgwl:2:8:57, krs:2:9:3, xsan:2:9:10, rnte:2:9:11, bea:2:9:15, asjp:2:9:19, byn:2:9:21, skri:2:9:25]
Start Used memory is megabytes: 1295
Best Path till now cost : 85.0 >> [source, pnbe:2:1:44, scy:2:1:47, pws:2:1:50, dnr:2:1:54, neo:2:2:0, gnhi:2:2:3, sde:2:2:7, patl:2:2:9, bta:2:2:11, pail:2:2:17, kwr:2:2:20, kua:2:2:24, ara:2:2:33, jgwl:2:2:37, krs:2:2:43, xsan:2:2:50, rnte:2:2:51, bea:2:2:55, asjp:2:2:59, byn:2:3:1, skri:2:3:5, rpr:2:3:9]
Start Used memory is megabytes: 1363
Best Path till now cost : 90.0 >> [source, pnbe:2:21:9, scy:2:21:12, pws:2:21:15, dnr:2:21:19, neo:2:21:25, gnhi:2:21:28, sde:2:21:32, patl:2:21:34, bta:2:21:36, pail:2:21:42, kwr:2:21:45, kua:2:21:49, ara:2:21:58, jgwl:2:22:2, krs:2:22:8, xsan:2:22:15, rnte:2:22:16, bea:2:22:20, asjp:2:22:24, byn:2:22:26, skri:2:22:30, rpr:2:22:34, vkdh:2:22:39]
Start Used memory is megabytes: 1450
Best Path till now cost : 102.0 >> [source, pnbe:2:1:44, scy:2:1:47, pws:2:1:50, dnr:2:1:54, neo:2:2:0, gnhi:2:2:3, sde:2:2:7, patl:2:2:9, bta:2:2:11, pail:2:2:17, kwr:2:2:20, kua:2:2:24, ara:2:2:33, jgwl:2:2:37, krs:2:2:43, xsan:2:2:50, rnte:2:2:51, bea:2:2:55, asjp:2:2:59, byn:2:3:1, skri:2:3:5, rpr:2:3:9, vkdh:2:3:14, dure:2:3:26]
Start Used memory is megabytes: 550
Best Path till now cost : 109.0 >> [source, pnbe:2:1:40, scy:2:1:43, pws:2:1:46, dnr:2:1:50, neo:2:1:56, gnhi:2:1:59, sde:2:2:3, patl:2:2:5, bta:2:2:7, pail:2:2:13, kwr:2:2:16, kua:2:2:20, ara:2:2:29, jgwl:2:2:33, krs:2:2:39, xsan:2:2:46, rnte:2:2:47, bea:2:2:51, asjp:2:2:55, byn:2:2:57, skri:2:3:1, rpr:2:3:5, vkdh:2:3:10, dure:2:3:22, bue:2:3:29]
Start Used memory is megabytes: 601
Best Path till now cost : 115.0 >> [source, pnbe:2:1:44, scy:2:1:47, pws:2:1:50, dnr:2:1:54, neo:2:2:0, gnhi:2:2:3, sde:2:2:7, patl:2:2:9, bta:2:2:11, pail:2:2:17, kwr:2:2:20, kua:2:2:24, ara:2:2:33, jgwl:2:2:37, krs:2:2:43, xsan:2:2:50, rnte:2:2:51, bea:2:2:55, asjp:2:2:59, byn:2:3:1, skri:2:3:5, rpr:2:3:9, vkdh:2:3:14, dure:2:3:26, bue:2:3:33, ndon:2:3:39]
Start Used memory is megabytes: 639
Best Path till now cost : 118.0 >> [source, pnbe:2:16:46, scy:2:16:49, pws:2:16:52, dnr:2:16:56, neo:2:17:2, gnhi:2:17:5, sde:2:17:9, patl:2:17:11, bta:2:17:13, pail:2:17:19, kwr:2:17:22, kua:2:17:26, ara:2:17:35, jgwl:2:17:39, krs:2:17:45, xsan:2:17:52, rnte:2:17:53, bea:2:17:57, asjp:2:18:1, byn:2:18:3, skri:2:18:7, rpr:2:18:11, vkdh:2:18:16, dure:2:18:28, bue:2:18:35, ndon:2:18:41, bxr:2:18:44]
Start Used memory is megabytes: 665
Best Path till now cost : 127.0 >> [source, pnbe:2:22:51, scy:2:22:54, pws:2:22:57, dnr:2:23:1, neo:2:23:7, gnhi:2:23:10, sde:2:23:14, patl:2:23:16, bta:2:23:18, pail:2:23:24, kwr:2:23:27, kua:2:23:31, ara:2:23:40, jgwl:2:23:44, krs:2:23:50, xsan:2:23:57, rnte:2:23:58, bea:2:0:2, asjp:2:0:6, byn:2:0:8, skri:2:0:12, rpr:2:0:16, vkdh:2:0:21, dure:2:0:33, bue:2:0:40, ndon:2:0:46, bxr:2:0:49, pwxp:2:0:58]
Start Used memory is megabytes: 730
Best Path till now cost : 129.0 >> [source, pnbe:2:18:42, scy:2:18:45, pws:2:18:48, dnr:2:18:52, neo:2:18:58, gnhi:2:19:1, sde:2:19:5, patl:2:19:7, bta:2:19:9, pail:2:19:15, kwr:2:19:18, kua:2:19:22, ara:2:19:31, jgwl:2:19:35, krs:2:19:41, xsan:2:19:48, rnte:2:19:49, bea:2:19:53, asjp:2:19:57, byn:2:19:59, skri:2:20:3, rpr:2:20:7, vkdh:2:20:12, dure:2:20:24, bue:2:20:31, ndon:2:20:37, bxr:2:20:40, pwxp:2:20:49, csa:2:20:51]
Start Used memory is megabytes: 756
Best Path till now cost : 135.0 >> [source, pnbe:2:17:15, scy:2:17:18, pws:2:17:21, dnr:2:17:25, neo:2:17:31, gnhi:2:17:34, sde:2:17:38, patl:2:17:40, bta:2:17:42, pail:2:17:48, kwr:2:17:51, kua:2:17:55, ara:2:18:4, jgwl:2:18:8, krs:2:18:14, xsan:2:18:21, rnte:2:18:22, bea:2:18:26, asjp:2:18:30, byn:2:18:32, skri:2:18:36, rpr:2:18:40, vkdh:2:18:45, dure:2:18:57, bue:2:19:4, ndon:2:19:10, bxr:2:19:13, pwxp:2:19:22, csa:2:19:24, bqw:2:19:30]
Start Used memory is megabytes: 813
Best Path till now cost : 138.0 >> [source, pnbe:2:18:42, scy:2:18:45, pws:2:18:48, dnr:2:18:52, neo:2:18:58, gnhi:2:19:1, sde:2:19:5, patl:2:19:7, bta:2:19:9, pail:2:19:15, kwr:2:19:18, kua:2:19:22, ara:2:19:31, jgwl:2:19:35, krs:2:19:41, xsan:2:19:48, rnte:2:19:49, bea:2:19:53, asjp:2:19:57, byn:2:19:59, skri:2:20:3, rpr:2:20:7, vkdh:2:20:12, dure:2:20:24, bue:2:20:31, ndon:2:20:37, bxr:2:20:40, pwxp:2:20:49, csa:2:20:51, bqw:2:20:57, gmr:2:21:0]
Start Used memory is megabytes: 853
Best Path till now cost : 142.0 >> [source, pnbe:2:17:15, scy:2:17:18, pws:2:17:21, dnr:2:17:25, neo:2:17:31, gnhi:2:17:34, sde:2:17:38, patl:2:17:40, bta:2:17:42, pail:2:17:48, kwr:2:17:51, kua:2:17:55, ara:2:18:4, jgwl:2:18:8, krs:2:18:14, xsan:2:18:21, rnte:2:18:22, bea:2:18:26, asjp:2:18:30, byn:2:18:32, skri:2:18:36, rpr:2:18:40, vkdh:2:18:45, dure:2:18:57, bue:2:19:4, ndon:2:19:10, bxr:2:19:13, pwxp:2:19:22, csa:2:19:24, bqw:2:19:30, gmr:2:19:33, kkrh:2:19:37]
Start Used memory is megabytes: 898
Best Path till now cost : 146.0 >> [source, pnbe:2:21:15, scy:2:21:18, pws:2:21:21, dnr:2:21:25, neo:2:21:31, gnhi:2:21:34, sde:2:21:38, patl:2:21:40, bta:2:21:42, pail:2:21:48, kwr:2:21:51, kua:2:21:55, ara:2:22:4, jgwl:2:22:8, krs:2:22:14, xsan:2:22:21, rnte:2:22:22, bea:2:22:26, asjp:2:22:30, byn:2:22:32, skri:2:22:36, rpr:2:22:40, vkdh:2:22:45, dure:2:22:57, bue:2:23:4, ndon:2:23:10, bxr:2:23:13, pwxp:2:23:22, csa:2:23:24, bqw:2:23:30, gmr:2:23:33, kkrh:2:23:37, bwh:2:23:41]
Start Used memory is megabytes: 948
Best Path till now cost : 150.0 >> [source, pnbe:2:13:24, scy:2:13:27, pws:2:13:30, dnr:2:13:34, neo:2:13:40, gnhi:2:13:43, sde:2:13:47, patl:2:13:49, bta:2:13:51, pail:2:13:57, kwr:2:14:0, kua:2:14:4, ara:2:14:13, jgwl:2:14:17, krs:2:14:23, xsan:2:14:30, rnte:2:14:31, bea:2:14:35, asjp:2:14:39, byn:2:14:41, skri:2:14:45, rpr:2:14:49, vkdh:2:14:54, dure:2:15:6, bue:2:15:13, ndon:2:15:19, bxr:2:15:22, pwxp:2:15:31, csa:2:15:33, bqw:2:15:39, gmr:2:15:42, kkrh:2:15:46, bwh:2:15:50, usk:2:15:54]
Start Used memory is megabytes: 1004
Best Path till now cost : 154.0 >> [source, pnbe:2:23:15, scy:2:23:18, pws:2:23:21, dnr:2:23:25, neo:2:23:31, gnhi:2:23:34, sde:2:23:38, patl:2:23:40, bta:2:23:42, pail:2:23:48, kwr:2:23:51, kua:2:23:55, ara:2:0:4, jgwl:2:0:8, krs:2:0:14, xsan:2:0:21, rnte:2:0:22, bea:2:0:26, asjp:2:0:30, byn:2:0:32, skri:2:0:36, rpr:2:0:40, vkdh:2:0:45, dure:2:0:57, bue:2:1:4, ndon:2:1:10, bxr:2:1:13, pwxp:2:1:22, csa:2:1:24, bqw:2:1:30, gmr:2:1:33, kkrh:2:1:37, bwh:2:1:41, usk:2:1:45, dln:2:1:49]
Start Used memory is megabytes: 1058
Best Path till now cost : 161.0 >> [source, pnbe:2:20:31, scy:2:20:34, pws:2:20:37, dnr:2:20:41, neo:2:20:47, gnhi:2:20:50, sde:2:20:54, patl:2:20:56, bta:2:20:58, pail:2:21:4, kwr:2:21:7, kua:2:21:11, ara:2:21:20, jgwl:2:21:24, krs:2:21:30, xsan:2:21:37, rnte:2:21:38, bea:2:21:42, asjp:2:21:46, byn:2:21:48, skri:2:21:52, rpr:2:21:56, vkdh:2:22:1, dure:2:22:13, bue:2:22:20, ndon:2:22:26, bxr:2:22:29, pwxp:2:22:38, csa:2:22:40, bqw:2:22:46, gmr:2:22:49, kkrh:2:22:53, bwh:2:22:57, usk:2:23:1, dln:2:23:5, drv:2:23:12]
Start Used memory is megabytes: 1148
Best Path till now cost : 168.0 >> [source, pnbe:2:20:31, scy:2:20:34, pws:2:20:37, dnr:2:20:41, neo:2:20:47, gnhi:2:20:50, sde:2:20:54, patl:2:20:56, bta:2:20:58, pail:2:21:4, kwr:2:21:7, kua:2:21:11, ara:2:21:20, jgwl:2:21:24, krs:2:21:30, xsan:2:21:37, rnte:2:21:38, bea:2:21:42, asjp:2:21:46, byn:2:21:48, skri:2:21:52, rpr:2:21:56, vkdh:2:22:1, dure:2:22:13, bue:2:22:20, ndon:2:22:26, bxr:2:22:29, pwxp:2:22:38, csa:2:22:40, bqw:2:22:46, gmr:2:22:49, kkrh:2:22:53, bwh:2:22:57, usk:2:23:1, dln:2:23:5, drv:2:23:12, zna:2:23:19]
Start Used memory is megabytes: 1238
Best Path till now cost : 173.0 >> [source, pnbe:2:13:24, scy:2:13:27, pws:2:13:30, dnr:2:13:34, neo:2:13:40, gnhi:2:13:43, sde:2:13:47, patl:2:13:49, bta:2:13:51, pail:2:13:57, kwr:2:14:0, kua:2:14:4, ara:2:14:13, jgwl:2:14:17, krs:2:14:23, xsan:2:14:30, rnte:2:14:31, bea:2:14:35, asjp:2:14:39, byn:2:14:41, skri:2:14:45, rpr:2:14:49, vkdh:2:14:54, dure:2:15:6, bue:2:15:13, ndon:2:15:19, bxr:2:15:22, pwxp:2:15:31, csa:2:15:33, bqw:2:15:39, gmr:2:15:42, kkrh:2:15:46, bwh:2:15:50, usk:2:15:54, dln:2:15:58, drv:2:16:5, zna:2:16:12, bhcl:2:16:17]
Start Used memory is megabytes: 1299
Best Path till now cost : 180.0 >> [source, pnbe:2:1:6, scy:2:1:9, pws:2:1:12, dnr:2:1:16, neo:2:1:22, gnhi:2:1:25, sde:2:1:29, patl:2:1:31, bta:2:1:33, pail:2:1:39, kwr:2:1:42, kua:2:1:46, ara:2:1:55, jgwl:2:1:59, krs:2:2:5, xsan:2:2:12, rnte:2:2:13, bea:2:2:17, asjp:2:2:21, byn:2:2:23, skri:2:2:27, rpr:2:2:31, vkdh:2:2:36, dure:2:2:48, bue:2:2:55, ndon:2:3:1, bxr:2:3:4, pwxp:2:3:13, csa:2:3:15, bqw:2:3:21, gmr:2:3:24, kkrh:2:3:28, bwh:2:3:32, usk:2:3:36, dln:2:3:40, drv:2:3:47, zna:2:3:54, bhcl:2:3:59, dha:2:4:6]
Start Used memory is megabytes: 1377
Best Path till now cost : 187.0 >> [source, pnbe:2:0:49, scy:2:0:52, pws:2:0:55, dnr:2:0:59, neo:2:1:5, gnhi:2:1:8, sde:2:1:12, patl:2:1:14, bta:2:1:16, pail:2:1:22, kwr:2:1:25, kua:2:1:29, ara:2:1:38, jgwl:2:1:42, krs:2:1:48, xsan:2:1:55, rnte:2:1:56, bea:2:2:0, asjp:2:2:4, byn:2:2:6, skri:2:2:10, rpr:2:2:14, vkdh:2:2:19, dure:2:2:31, bue:2:2:38, ndon:2:2:44, bxr:2:2:47, pwxp:2:2:56, csa:2:2:58, bqw:2:3:4, gmr:2:3:7, kkrh:2:3:11, bwh:2:3:15, usk:2:3:19, dln:2:3:23, drv:2:3:30, zna:2:3:37, bhcl:2:3:42, dha:2:3:49, tlam:2:3:56]
Start Used memory is megabytes: 1443
Best Path till now cost : 194.0 >> [source, pnbe:2:20:58, scy:2:21:1, pws:2:21:4, dnr:2:21:8, neo:2:21:14, gnhi:2:21:17, sde:2:21:21, patl:2:21:23, bta:2:21:25, pail:2:21:31, kwr:2:21:34, kua:2:21:38, ara:2:21:47, jgwl:2:21:51, krs:2:21:57, xsan:2:22:4, rnte:2:22:5, bea:2:22:9, asjp:2:22:13, byn:2:22:15, skri:2:22:19, rpr:2:22:23, vkdh:2:22:28, dure:2:22:40, bue:2:22:47, ndon:2:22:53, bxr:2:22:56, pwxp:2:23:5, csa:2:23:7, bqw:2:23:13, gmr:2:23:16, kkrh:2:23:20, bwh:2:23:24, usk:2:23:28, dln:2:23:32, drv:2:23:39, zna:2:23:46, bhcl:2:23:51, dha:2:23:58, tlam:2:0:5, sld:2:0:12]
Start Used memory is megabytes: 1508
Best Path till now cost : 201.0 >> [source, pnbe:2:20:28, scy:2:20:31, pws:2:20:34, dnr:2:20:38, neo:2:20:44, gnhi:2:20:47, sde:2:20:51, patl:2:20:53, bta:2:20:55, pail:2:21:1, kwr:2:21:4, kua:2:21:8, ara:2:21:17, jgwl:2:21:21, krs:2:21:27, xsan:2:21:34, rnte:2:21:35, bea:2:21:39, asjp:2:21:43, byn:2:21:45, skri:2:21:49, rpr:2:21:53, vkdh:2:21:58, dure:2:22:10, bue:2:22:17, ndon:2:22:23, bxr:2:22:26, pwxp:2:22:35, csa:2:22:37, bqw:2:22:43, gmr:2:22:46, kkrh:2:22:50, bwh:2:22:54, usk:2:22:58, dln:2:23:2, drv:2:23:9, zna:2:23:16, bhcl:2:23:21, dha:2:23:28, tlam:2:23:35, sld:2:23:42, kca:2:23:49]
Start Used memory is megabytes: 511
Best Path till now cost : 212.0 >> [source, pnbe:2:20:28, scy:2:20:31, pws:2:20:34, dnr:2:20:38, neo:2:20:44, gnhi:2:20:47, sde:2:20:51, patl:2:20:53, bta:2:20:55, pail:2:21:1, kwr:2:21:4, kua:2:21:8, ara:2:21:17, jgwl:2:21:21, krs:2:21:27, xsan:2:21:34, rnte:2:21:35, bea:2:21:39, asjp:2:21:43, byn:2:21:45, skri:2:21:49, rpr:2:21:53, vkdh:2:21:58, dure:2:22:10, bue:2:22:17, ndon:2:22:23, bxr:2:22:26, pwxp:2:22:35, csa:2:22:37, bqw:2:22:43, gmr:2:22:46, kkrh:2:22:50, bwh:2:22:54, usk:2:22:58, dln:2:23:2, drv:2:23:9, zna:2:23:16, bhcl:2:23:21, dha:2:23:28, tlam:2:23:35, sld:2:23:42, kca:2:23:49, mgs:2:0:0]
Start Used memory is megabytes: 590
Best Path till now cost : 212.0 >> [source, pnbe:2:20:29, scy:2:20:32, pws:2:20:35, dnr:2:20:39, neo:2:20:45, gnhi:2:20:48, sde:2:20:52, patl:2:20:54, bta:2:20:56, pail:2:21:2, kwr:2:21:5, kua:2:21:9, ara:2:21:18, jgwl:2:21:22, krs:2:21:28, xsan:2:21:35, rnte:2:21:36, bea:2:21:40, asjp:2:21:44, byn:2:21:46, skri:2:21:50, rpr:2:21:54, vkdh:2:21:59, dure:2:22:11, bue:2:22:18, ndon:2:22:24, bxr:2:22:27, pwxp:2:22:36, csa:2:22:38, bqw:2:22:44, gmr:2:22:47, kkrh:2:22:51, bwh:2:22:55, usk:2:22:59, dln:2:23:3, drv:2:23:10, zna:2:23:17, bhcl:2:23:22, dha:2:23:29, tlam:2:23:36, sld:2:23:43, kca:2:23:50, mgs:2:0:1, dest]
Start Used memory is megabytes: 591
Accepted Path found :[source, pnbe:2:20:29, scy:2:20:32, pws:2:20:35, dnr:2:20:39, neo:2:20:45, gnhi:2:20:48, sde:2:20:52, patl:2:20:54, bta:2:20:56, pail:2:21:2, kwr:2:21:5, kua:2:21:9, ara:2:21:18, jgwl:2:21:22, krs:2:21:28, xsan:2:21:35, rnte:2:21:36, bea:2:21:40, asjp:2:21:44, byn:2:21:46, skri:2:21:50, rpr:2:21:54, vkdh:2:21:59, dure:2:22:11, bue:2:22:18, ndon:2:22:24, bxr:2:22:27, pwxp:2:22:36, csa:2:22:38, bqw:2:22:44, gmr:2:22:47, kkrh:2:22:51, bwh:2:22:55, usk:2:22:59, dln:2:23:3, drv:2:23:10, zna:2:23:17, bhcl:2:23:22, dha:2:23:29, tlam:2:23:36, sld:2:23:43, kca:2:23:50, mgs:2:0:1, dest] cost: 212.0
Accepted Path found :[source, pnbe:2:13:23, scy:2:13:26, pws:2:13:29, dnr:2:13:33, neo:2:13:39, gnhi:2:13:42, sde:2:13:46, patl:2:13:48, bta:2:13:50, pail:2:13:56, kwr:2:13:59, kua:2:14:3, ara:2:14:12, jgwl:2:14:16, krs:2:14:22, xsan:2:14:29, rnte:2:14:30, bea:2:14:34, asjp:2:14:38, byn:2:14:40, skri:2:14:44, rpr:2:14:48, vkdh:2:14:53, dure:2:15:5, bue:2:15:12, ndon:2:15:18, bxr:2:15:21, pwxp:2:15:30, csa:2:15:32, bqw:2:15:38, gmr:2:15:41, kkrh:2:15:45, bwh:2:15:49, usk:2:15:53, dln:2:15:57, drv:2:16:4, zna:2:16:11, bhcl:2:16:16, dha:2:16:23, tlam:2:16:30, sld:2:16:37, kca:2:16:44, mgs:2:16:55, dest] cost: 212.0
Accepted Path found :[source, pnbe:2:20:58, scy:2:21:1, pws:2:21:4, dnr:2:21:8, neo:2:21:14, gnhi:2:21:17, sde:2:21:21, patl:2:21:23, bta:2:21:25, pail:2:21:31, kwr:2:21:34, kua:2:21:38, ara:2:21:47, jgwl:2:21:51, krs:2:21:57, xsan:2:22:4, rnte:2:22:5, bea:2:22:9, asjp:2:22:13, byn:2:22:15, skri:2:22:19, rpr:2:22:23, vkdh:2:22:28, dure:2:22:40, bue:2:22:47, ndon:2:22:53, bxr:2:22:56, pwxp:2:23:5, csa:2:23:7, bqw:2:23:13, gmr:2:23:16, kkrh:2:23:20, bwh:2:23:24, usk:2:23:28, dln:2:23:32, drv:2:23:39, zna:2:23:46, bhcl:2:23:51, dha:2:23:58, tlam:2:0:5, sld:2:0:12, kca:2:0:19, mgs:2:0:30, dest] cost: 212.0
Accepted Path found :[source, pnbe:2:18:41, scy:2:18:44, pws:2:18:47, dnr:2:18:51, neo:2:18:57, gnhi:2:19:0, sde:2:19:4, patl:2:19:6, bta:2:19:8, pail:2:19:14, kwr:2:19:17, kua:2:19:21, ara:2:19:30, jgwl:2:19:34, krs:2:19:40, xsan:2:19:47, rnte:2:19:48, bea:2:19:52, asjp:2:19:56, byn:2:19:58, skri:2:20:2, rpr:2:20:6, vkdh:2:20:11, dure:2:20:23, bue:2:20:30, ndon:2:20:36, bxr:2:20:39, pwxp:2:20:48, csa:2:20:50, bqw:2:20:56, gmr:2:20:59, kkrh:2:21:3, bwh:2:21:7, usk:2:21:11, dln:2:21:15, drv:2:21:23, zna:2:21:30, bhcl:2:21:35, dha:2:21:42, tlam:2:21:49, sld:2:21:56, kca:2:22:3, mgs:2:22:14, dest] cost: 213.0
Accepted Path found :[source, pnbe:2:17:31, scy:2:17:34, pws:2:17:37, dnr:2:17:41, neo:2:17:47, gnhi:2:17:50, sde:2:17:54, patl:2:17:56, bta:2:17:58, pail:2:18:4, kwr:2:18:7, kua:2:18:11, ara:2:18:20, jgwl:2:18:24, krs:2:18:30, xsan:2:18:37, rnte:2:18:38, bea:2:18:42, asjp:2:18:46, byn:2:18:48, skri:2:18:52, rpr:2:18:56, vkdh:2:19:1, dure:2:19:13, bue:2:19:20, ndon:2:19:26, bxr:2:19:29, pwxp:2:19:38, csa:2:19:40, bqw:2:19:46, gmr:2:19:49, kkrh:2:19:53, bwh:2:19:57, usk:2:20:1, dln:2:20:6, drv:2:20:13, zna:2:20:20, bhcl:2:20:25, dha:2:20:32, tlam:2:20:39, sld:2:20:47, kca:2:20:54, mgs:2:21:5, dest] cost: 214.0
Accepted Path found :[source, pnbe:2:17:14, scy:2:17:17, pws:2:17:20, dnr:2:17:24, neo:2:17:30, gnhi:2:17:33, sde:2:17:37, patl:2:17:39, bta:2:17:41, pail:2:17:47, kwr:2:17:50, kua:2:17:54, ara:2:18:3, jgwl:2:18:7, krs:2:18:13, xsan:2:18:20, rnte:2:18:21, bea:2:18:25, asjp:2:18:29, byn:2:18:31, skri:2:18:35, rpr:2:18:39, vkdh:2:18:44, dure:2:18:56, bue:2:19:3, ndon:2:19:9, bxr:2:19:12, pwxp:2:19:21, csa:2:19:23, bqw:2:19:29, gmr:2:19:32, kkrh:2:19:36, bwh:2:19:40, usk:2:19:44, dln:2:19:48, drv:2:19:55, zna:2:20:2, bhcl:2:20:7, dha:2:20:14, tlam:2:20:23, sld:2:20:31, kca:2:20:40, mgs:2:20:51, dest] cost: 217.0
Accepted Path found :[source, pnbe:2:14:47, scy:2:14:50, pws:2:14:53, dnr:2:14:57, neo:2:15:3, gnhi:2:15:6, sde:2:15:10, patl:2:15:12, bta:2:15:14, pail:2:15:20, kwr:2:15:23, kua:2:15:27, ara:2:15:36, jgwl:2:15:40, krs:2:15:46, xsan:2:15:53, rnte:2:15:54, bea:2:15:58, asjp:2:16:2, byn:2:16:4, skri:2:16:8, rpr:2:16:12, vkdh:2:16:17, dure:2:16:29, bue:2:16:37, ndon:2:16:43, bxr:2:16:46, pwxp:2:16:55, csa:2:16:57, bqw:2:17:3, gmr:2:17:6, kkrh:2:17:12, bwh:2:17:17, usk:2:17:23, dln:2:17:27, drv:2:17:34, zna:2:17:41, bhcl:2:17:46, dha:2:17:53, tlam:2:18:0, sld:2:18:7, kca:2:18:14, mgs:2:18:25, dest] cost: 218.0
Accepted Path found :[source, pnbe:2:19:42, scy:2:19:45, pws:2:19:48, dnr:2:19:52, neo:2:19:58, gnhi:2:20:1, sde:2:20:5, patl:2:20:7, bta:2:20:9, pail:2:20:15, kwr:2:20:18, kua:2:20:22, ara:2:20:31, jgwl:2:20:40, krs:2:20:46, xsan:2:20:54, rnte:2:20:55, bea:2:20:59, asjp:2:21:3, byn:2:21:5, skri:2:21:9, rpr:2:21:13, vkdh:2:21:18, dure:2:21:31, bue:2:21:38, ndon:2:21:44, bxr:2:21:48, pwxp:2:21:57, csa:2:21:59, bqw:2:22:5, gmr:2:22:8, kkrh:2:22:12, bwh:2:22:16, usk:2:22:20, dln:2:22:24, drv:2:22:31, zna:2:22:38, bhcl:2:22:43, dha:2:22:50, tlam:2:22:57, sld:2:23:4, kca:2:23:11, mgs:2:23:22, dest] cost: 220.0
Accepted Path found :[source, pnbe:2:0:55, scy:2:0:58, pws:2:1:1, dnr:2:1:5, neo:2:1:11, gnhi:2:1:14, sde:2:1:18, patl:2:1:20, bta:2:1:22, pail:2:1:28, kwr:2:1:31, kua:2:1:35, ara:2:1:44, jgwl:2:1:48, krs:2:1:54, xsan:2:2:1, rnte:2:2:2, bea:2:2:6, asjp:2:2:10, byn:2:2:12, skri:2:2:16, rpr:2:2:20, vkdh:2:2:25, dure:2:2:37, bue:2:2:44, ndon:2:2:50, bxr:2:2:53, pwxp:2:3:2, csa:2:3:4, bqw:2:3:10, gmr:2:3:13, kkrh:2:3:17, bwh:2:3:21, usk:2:3:25, dln:2:3:29, drv:2:3:36, zna:2:3:43, bhcl:2:3:48, dha:2:3:55, tlam:2:4:8, sld:2:4:19, kca:2:4:26, mgs:2:4:37, dest] cost: 222.0
Accepted Path found :[source, pnbe:2:21:46, scy:2:21:49, pws:2:21:52, dnr:2:21:56, neo:2:22:2, gnhi:2:22:5, sde:2:22:9, patl:2:22:11, bta:2:22:13, pail:2:22:19, kwr:2:22:22, kua:2:22:26, ara:2:22:35, jgwl:2:22:39, krs:2:22:45, xsan:2:22:52, rnte:2:22:58, bea:2:23:2, asjp:2:23:6, byn:2:23:8, skri:2:23:12, rpr:2:23:16, vkdh:2:23:21, dure:2:23:33, bue:2:23:40, ndon:2:23:46, bxr:2:23:49, pwxp:2:23:58, csa:2:0:0, bqw:2:0:6, gmr:2:0:9, kkrh:2:0:13, bwh:2:0:17, usk:2:0:21, dln:2:0:25, drv:2:0:32, zna:2:0:39, bhcl:2:0:44, dha:2:0:51, tlam:2:0:58, sld:2:1:8, kca:2:1:18, mgs:2:1:29, dest] cost: 223.0
Heap Number of paths found [[source, pnbe:2:20:29, scy:2:20:32, pws:2:20:35, dnr:2:20:39, neo:2:20:45, gnhi:2:20:48, sde:2:20:52, patl:2:20:54, bta:2:20:56, pail:2:21:2, kwr:2:21:5, kua:2:21:9, ara:2:21:18, jgwl:2:21:22, krs:2:21:28, xsan:2:21:35, rnte:2:21:36, bea:2:21:40, asjp:2:21:44, byn:2:21:46, skri:2:21:50, rpr:2:21:54, vkdh:2:21:59, dure:2:22:11, bue:2:22:18, ndon:2:22:24, bxr:2:22:27, pwxp:2:22:36, csa:2:22:38, bqw:2:22:44, gmr:2:22:47, kkrh:2:22:51, bwh:2:22:55, usk:2:22:59, dln:2:23:3, drv:2:23:10, zna:2:23:17, bhcl:2:23:22, dha:2:23:29, tlam:2:23:36, sld:2:23:43, kca:2:23:50, mgs:2:0:1, dest], [source, pnbe:2:13:23, scy:2:13:26, pws:2:13:29, dnr:2:13:33, neo:2:13:39, gnhi:2:13:42, sde:2:13:46, patl:2:13:48, bta:2:13:50, pail:2:13:56, kwr:2:13:59, kua:2:14:3, ara:2:14:12, jgwl:2:14:16, krs:2:14:22, xsan:2:14:29, rnte:2:14:30, bea:2:14:34, asjp:2:14:38, byn:2:14:40, skri:2:14:44, rpr:2:14:48, vkdh:2:14:53, dure:2:15:5, bue:2:15:12, ndon:2:15:18, bxr:2:15:21, pwxp:2:15:30, csa:2:15:32, bqw:2:15:38, gmr:2:15:41, kkrh:2:15:45, bwh:2:15:49, usk:2:15:53, dln:2:15:57, drv:2:16:4, zna:2:16:11, bhcl:2:16:16, dha:2:16:23, tlam:2:16:30, sld:2:16:37, kca:2:16:44, mgs:2:16:55, dest], [source, pnbe:2:20:58, scy:2:21:1, pws:2:21:4, dnr:2:21:8, neo:2:21:14, gnhi:2:21:17, sde:2:21:21, patl:2:21:23, bta:2:21:25, pail:2:21:31, kwr:2:21:34, kua:2:21:38, ara:2:21:47, jgwl:2:21:51, krs:2:21:57, xsan:2:22:4, rnte:2:22:5, bea:2:22:9, asjp:2:22:13, byn:2:22:15, skri:2:22:19, rpr:2:22:23, vkdh:2:22:28, dure:2:22:40, bue:2:22:47, ndon:2:22:53, bxr:2:22:56, pwxp:2:23:5, csa:2:23:7, bqw:2:23:13, gmr:2:23:16, kkrh:2:23:20, bwh:2:23:24, usk:2:23:28, dln:2:23:32, drv:2:23:39, zna:2:23:46, bhcl:2:23:51, dha:2:23:58, tlam:2:0:5, sld:2:0:12, kca:2:0:19, mgs:2:0:30, dest], [source, pnbe:2:18:41, scy:2:18:44, pws:2:18:47, dnr:2:18:51, neo:2:18:57, gnhi:2:19:0, sde:2:19:4, patl:2:19:6, bta:2:19:8, pail:2:19:14, kwr:2:19:17, kua:2:19:21, ara:2:19:30, jgwl:2:19:34, krs:2:19:40, xsan:2:19:47, rnte:2:19:48, bea:2:19:52, asjp:2:19:56, byn:2:19:58, skri:2:20:2, rpr:2:20:6, vkdh:2:20:11, dure:2:20:23, bue:2:20:30, ndon:2:20:36, bxr:2:20:39, pwxp:2:20:48, csa:2:20:50, bqw:2:20:56, gmr:2:20:59, kkrh:2:21:3, bwh:2:21:7, usk:2:21:11, dln:2:21:15, drv:2:21:23, zna:2:21:30, bhcl:2:21:35, dha:2:21:42, tlam:2:21:49, sld:2:21:56, kca:2:22:3, mgs:2:22:14, dest], [source, pnbe:2:17:31, scy:2:17:34, pws:2:17:37, dnr:2:17:41, neo:2:17:47, gnhi:2:17:50, sde:2:17:54, patl:2:17:56, bta:2:17:58, pail:2:18:4, kwr:2:18:7, kua:2:18:11, ara:2:18:20, jgwl:2:18:24, krs:2:18:30, xsan:2:18:37, rnte:2:18:38, bea:2:18:42, asjp:2:18:46, byn:2:18:48, skri:2:18:52, rpr:2:18:56, vkdh:2:19:1, dure:2:19:13, bue:2:19:20, ndon:2:19:26, bxr:2:19:29, pwxp:2:19:38, csa:2:19:40, bqw:2:19:46, gmr:2:19:49, kkrh:2:19:53, bwh:2:19:57, usk:2:20:1, dln:2:20:6, drv:2:20:13, zna:2:20:20, bhcl:2:20:25, dha:2:20:32, tlam:2:20:39, sld:2:20:47, kca:2:20:54, mgs:2:21:5, dest], [source, pnbe:2:17:14, scy:2:17:17, pws:2:17:20, dnr:2:17:24, neo:2:17:30, gnhi:2:17:33, sde:2:17:37, patl:2:17:39, bta:2:17:41, pail:2:17:47, kwr:2:17:50, kua:2:17:54, ara:2:18:3, jgwl:2:18:7, krs:2:18:13, xsan:2:18:20, rnte:2:18:21, bea:2:18:25, asjp:2:18:29, byn:2:18:31, skri:2:18:35, rpr:2:18:39, vkdh:2:18:44, dure:2:18:56, bue:2:19:3, ndon:2:19:9, bxr:2:19:12, pwxp:2:19:21, csa:2:19:23, bqw:2:19:29, gmr:2:19:32, kkrh:2:19:36, bwh:2:19:40, usk:2:19:44, dln:2:19:48, drv:2:19:55, zna:2:20:2, bhcl:2:20:7, dha:2:20:14, tlam:2:20:23, sld:2:20:31, kca:2:20:40, mgs:2:20:51, dest], [source, pnbe:2:14:47, scy:2:14:50, pws:2:14:53, dnr:2:14:57, neo:2:15:3, gnhi:2:15:6, sde:2:15:10, patl:2:15:12, bta:2:15:14, pail:2:15:20, kwr:2:15:23, kua:2:15:27, ara:2:15:36, jgwl:2:15:40, krs:2:15:46, xsan:2:15:53, rnte:2:15:54, bea:2:15:58, asjp:2:16:2, byn:2:16:4, skri:2:16:8, rpr:2:16:12, vkdh:2:16:17, dure:2:16:29, bue:2:16:37, ndon:2:16:43, bxr:2:16:46, pwxp:2:16:55, csa:2:16:57, bqw:2:17:3, gmr:2:17:6, kkrh:2:17:12, bwh:2:17:17, usk:2:17:23, dln:2:17:27, drv:2:17:34, zna:2:17:41, bhcl:2:17:46, dha:2:17:53, tlam:2:18:0, sld:2:18:7, kca:2:18:14, mgs:2:18:25, dest], [source, pnbe:2:19:42, scy:2:19:45, pws:2:19:48, dnr:2:19:52, neo:2:19:58, gnhi:2:20:1, sde:2:20:5, patl:2:20:7, bta:2:20:9, pail:2:20:15, kwr:2:20:18, kua:2:20:22, ara:2:20:31, jgwl:2:20:40, krs:2:20:46, xsan:2:20:54, rnte:2:20:55, bea:2:20:59, asjp:2:21:3, byn:2:21:5, skri:2:21:9, rpr:2:21:13, vkdh:2:21:18, dure:2:21:31, bue:2:21:38, ndon:2:21:44, bxr:2:21:48, pwxp:2:21:57, csa:2:21:59, bqw:2:22:5, gmr:2:22:8, kkrh:2:22:12, bwh:2:22:16, usk:2:22:20, dln:2:22:24, drv:2:22:31, zna:2:22:38, bhcl:2:22:43, dha:2:22:50, tlam:2:22:57, sld:2:23:4, kca:2:23:11, mgs:2:23:22, dest], [source, pnbe:2:0:55, scy:2:0:58, pws:2:1:1, dnr:2:1:5, neo:2:1:11, gnhi:2:1:14, sde:2:1:18, patl:2:1:20, bta:2:1:22, pail:2:1:28, kwr:2:1:31, kua:2:1:35, ara:2:1:44, jgwl:2:1:48, krs:2:1:54, xsan:2:2:1, rnte:2:2:2, bea:2:2:6, asjp:2:2:10, byn:2:2:12, skri:2:2:16, rpr:2:2:20, vkdh:2:2:25, dure:2:2:37, bue:2:2:44, ndon:2:2:50, bxr:2:2:53, pwxp:2:3:2, csa:2:3:4, bqw:2:3:10, gmr:2:3:13, kkrh:2:3:17, bwh:2:3:21, usk:2:3:25, dln:2:3:29, drv:2:3:36, zna:2:3:43, bhcl:2:3:48, dha:2:3:55, tlam:2:4:8, sld:2:4:19, kca:2:4:26, mgs:2:4:37, dest], [source, pnbe:2:21:46, scy:2:21:49, pws:2:21:52, dnr:2:21:56, neo:2:22:2, gnhi:2:22:5, sde:2:22:9, patl:2:22:11, bta:2:22:13, pail:2:22:19, kwr:2:22:22, kua:2:22:26, ara:2:22:35, jgwl:2:22:39, krs:2:22:45, xsan:2:22:52, rnte:2:22:58, bea:2:23:2, asjp:2:23:6, byn:2:23:8, skri:2:23:12, rpr:2:23:16, vkdh:2:23:21, dure:2:23:33, bue:2:23:40, ndon:2:23:46, bxr:2:23:49, pwxp:2:23:58, csa:2:0:0, bqw:2:0:6, gmr:2:0:9, kkrh:2:0:13, bwh:2:0:17, usk:2:0:21, dln:2:0:25, drv:2:0:32, zna:2:0:39, bhcl:2:0:44, dha:2:0:51, tlam:2:0:58, sld:2:1:8, kca:2:1:18, mgs:2:1:29, dest]]
Rejected paths:977
Duration: 51017 ms
10	212.0	212.0	212.0	213.0	214.0	217.0	218.0	220.0	222.0	223.0
---------------------------------------------------------------------------------------------------------
10
[source, pnbe:2:20:29, scy:2:20:32, pws:2:20:35, dnr:2:20:39, neo:2:20:45, gnhi:2:20:48, sde:2:20:52, patl:2:20:54, bta:2:20:56, pail:2:21:2, kwr:2:21:5, kua:2:21:9, ara:2:21:18, jgwl:2:21:22, krs:2:21:28, xsan:2:21:35, rnte:2:21:36, bea:2:21:40, asjp:2:21:44, byn:2:21:46, skri:2:21:50, rpr:2:21:54, vkdh:2:21:59, dure:2:22:11, bue:2:22:18, ndon:2:22:24, bxr:2:22:27, pwxp:2:22:36, csa:2:22:38, bqw:2:22:44, gmr:2:22:47, kkrh:2:22:51, bwh:2:22:55, usk:2:22:59, dln:2:23:3, drv:2:23:10, zna:2:23:17, bhcl:2:23:22, dha:2:23:29, tlam:2:23:36, sld:2:23:43, kca:2:23:50, mgs:2:0:1, dest] cost: 212.0
[source, pnbe:2:13:23, scy:2:13:26, pws:2:13:29, dnr:2:13:33, neo:2:13:39, gnhi:2:13:42, sde:2:13:46, patl:2:13:48, bta:2:13:50, pail:2:13:56, kwr:2:13:59, kua:2:14:3, ara:2:14:12, jgwl:2:14:16, krs:2:14:22, xsan:2:14:29, rnte:2:14:30, bea:2:14:34, asjp:2:14:38, byn:2:14:40, skri:2:14:44, rpr:2:14:48, vkdh:2:14:53, dure:2:15:5, bue:2:15:12, ndon:2:15:18, bxr:2:15:21, pwxp:2:15:30, csa:2:15:32, bqw:2:15:38, gmr:2:15:41, kkrh:2:15:45, bwh:2:15:49, usk:2:15:53, dln:2:15:57, drv:2:16:4, zna:2:16:11, bhcl:2:16:16, dha:2:16:23, tlam:2:16:30, sld:2:16:37, kca:2:16:44, mgs:2:16:55, dest] cost: 212.0
[source, pnbe:2:20:58, scy:2:21:1, pws:2:21:4, dnr:2:21:8, neo:2:21:14, gnhi:2:21:17, sde:2:21:21, patl:2:21:23, bta:2:21:25, pail:2:21:31, kwr:2:21:34, kua:2:21:38, ara:2:21:47, jgwl:2:21:51, krs:2:21:57, xsan:2:22:4, rnte:2:22:5, bea:2:22:9, asjp:2:22:13, byn:2:22:15, skri:2:22:19, rpr:2:22:23, vkdh:2:22:28, dure:2:22:40, bue:2:22:47, ndon:2:22:53, bxr:2:22:56, pwxp:2:23:5, csa:2:23:7, bqw:2:23:13, gmr:2:23:16, kkrh:2:23:20, bwh:2:23:24, usk:2:23:28, dln:2:23:32, drv:2:23:39, zna:2:23:46, bhcl:2:23:51, dha:2:23:58, tlam:2:0:5, sld:2:0:12, kca:2:0:19, mgs:2:0:30, dest] cost: 212.0
[source, pnbe:2:18:41, scy:2:18:44, pws:2:18:47, dnr:2:18:51, neo:2:18:57, gnhi:2:19:0, sde:2:19:4, patl:2:19:6, bta:2:19:8, pail:2:19:14, kwr:2:19:17, kua:2:19:21, ara:2:19:30, jgwl:2:19:34, krs:2:19:40, xsan:2:19:47, rnte:2:19:48, bea:2:19:52, asjp:2:19:56, byn:2:19:58, skri:2:20:2, rpr:2:20:6, vkdh:2:20:11, dure:2:20:23, bue:2:20:30, ndon:2:20:36, bxr:2:20:39, pwxp:2:20:48, csa:2:20:50, bqw:2:20:56, gmr:2:20:59, kkrh:2:21:3, bwh:2:21:7, usk:2:21:11, dln:2:21:15, drv:2:21:23, zna:2:21:30, bhcl:2:21:35, dha:2:21:42, tlam:2:21:49, sld:2:21:56, kca:2:22:3, mgs:2:22:14, dest] cost: 213.0
[source, pnbe:2:17:31, scy:2:17:34, pws:2:17:37, dnr:2:17:41, neo:2:17:47, gnhi:2:17:50, sde:2:17:54, patl:2:17:56, bta:2:17:58, pail:2:18:4, kwr:2:18:7, kua:2:18:11, ara:2:18:20, jgwl:2:18:24, krs:2:18:30, xsan:2:18:37, rnte:2:18:38, bea:2:18:42, asjp:2:18:46, byn:2:18:48, skri:2:18:52, rpr:2:18:56, vkdh:2:19:1, dure:2:19:13, bue:2:19:20, ndon:2:19:26, bxr:2:19:29, pwxp:2:19:38, csa:2:19:40, bqw:2:19:46, gmr:2:19:49, kkrh:2:19:53, bwh:2:19:57, usk:2:20:1, dln:2:20:6, drv:2:20:13, zna:2:20:20, bhcl:2:20:25, dha:2:20:32, tlam:2:20:39, sld:2:20:47, kca:2:20:54, mgs:2:21:5, dest] cost: 214.0
[source, pnbe:2:17:14, scy:2:17:17, pws:2:17:20, dnr:2:17:24, neo:2:17:30, gnhi:2:17:33, sde:2:17:37, patl:2:17:39, bta:2:17:41, pail:2:17:47, kwr:2:17:50, kua:2:17:54, ara:2:18:3, jgwl:2:18:7, krs:2:18:13, xsan:2:18:20, rnte:2:18:21, bea:2:18:25, asjp:2:18:29, byn:2:18:31, skri:2:18:35, rpr:2:18:39, vkdh:2:18:44, dure:2:18:56, bue:2:19:3, ndon:2:19:9, bxr:2:19:12, pwxp:2:19:21, csa:2:19:23, bqw:2:19:29, gmr:2:19:32, kkrh:2:19:36, bwh:2:19:40, usk:2:19:44, dln:2:19:48, drv:2:19:55, zna:2:20:2, bhcl:2:20:7, dha:2:20:14, tlam:2:20:23, sld:2:20:31, kca:2:20:40, mgs:2:20:51, dest] cost: 217.0
[source, pnbe:2:14:47, scy:2:14:50, pws:2:14:53, dnr:2:14:57, neo:2:15:3, gnhi:2:15:6, sde:2:15:10, patl:2:15:12, bta:2:15:14, pail:2:15:20, kwr:2:15:23, kua:2:15:27, ara:2:15:36, jgwl:2:15:40, krs:2:15:46, xsan:2:15:53, rnte:2:15:54, bea:2:15:58, asjp:2:16:2, byn:2:16:4, skri:2:16:8, rpr:2:16:12, vkdh:2:16:17, dure:2:16:29, bue:2:16:37, ndon:2:16:43, bxr:2:16:46, pwxp:2:16:55, csa:2:16:57, bqw:2:17:3, gmr:2:17:6, kkrh:2:17:12, bwh:2:17:17, usk:2:17:23, dln:2:17:27, drv:2:17:34, zna:2:17:41, bhcl:2:17:46, dha:2:17:53, tlam:2:18:0, sld:2:18:7, kca:2:18:14, mgs:2:18:25, dest] cost: 218.0
[source, pnbe:2:19:42, scy:2:19:45, pws:2:19:48, dnr:2:19:52, neo:2:19:58, gnhi:2:20:1, sde:2:20:5, patl:2:20:7, bta:2:20:9, pail:2:20:15, kwr:2:20:18, kua:2:20:22, ara:2:20:31, jgwl:2:20:40, krs:2:20:46, xsan:2:20:54, rnte:2:20:55, bea:2:20:59, asjp:2:21:3, byn:2:21:5, skri:2:21:9, rpr:2:21:13, vkdh:2:21:18, dure:2:21:31, bue:2:21:38, ndon:2:21:44, bxr:2:21:48, pwxp:2:21:57, csa:2:21:59, bqw:2:22:5, gmr:2:22:8, kkrh:2:22:12, bwh:2:22:16, usk:2:22:20, dln:2:22:24, drv:2:22:31, zna:2:22:38, bhcl:2:22:43, dha:2:22:50, tlam:2:22:57, sld:2:23:4, kca:2:23:11, mgs:2:23:22, dest] cost: 220.0
[source, pnbe:2:0:55, scy:2:0:58, pws:2:1:1, dnr:2:1:5, neo:2:1:11, gnhi:2:1:14, sde:2:1:18, patl:2:1:20, bta:2:1:22, pail:2:1:28, kwr:2:1:31, kua:2:1:35, ara:2:1:44, jgwl:2:1:48, krs:2:1:54, xsan:2:2:1, rnte:2:2:2, bea:2:2:6, asjp:2:2:10, byn:2:2:12, skri:2:2:16, rpr:2:2:20, vkdh:2:2:25, dure:2:2:37, bue:2:2:44, ndon:2:2:50, bxr:2:2:53, pwxp:2:3:2, csa:2:3:4, bqw:2:3:10, gmr:2:3:13, kkrh:2:3:17, bwh:2:3:21, usk:2:3:25, dln:2:3:29, drv:2:3:36, zna:2:3:43, bhcl:2:3:48, dha:2:3:55, tlam:2:4:8, sld:2:4:19, kca:2:4:26, mgs:2:4:37, dest] cost: 222.0
[source, pnbe:2:21:46, scy:2:21:49, pws:2:21:52, dnr:2:21:56, neo:2:22:2, gnhi:2:22:5, sde:2:22:9, patl:2:22:11, bta:2:22:13, pail:2:22:19, kwr:2:22:22, kua:2:22:26, ara:2:22:35, jgwl:2:22:39, krs:2:22:45, xsan:2:22:52, rnte:2:22:58, bea:2:23:2, asjp:2:23:6, byn:2:23:8, skri:2:23:12, rpr:2:23:16, vkdh:2:23:21, dure:2:23:33, bue:2:23:40, ndon:2:23:46, bxr:2:23:49, pwxp:2:23:58, csa:2:0:0, bqw:2:0:6, gmr:2:0:9, kkrh:2:0:13, bwh:2:0:17, usk:2:0:21, dln:2:0:25, drv:2:0:32, zna:2:0:39, bhcl:2:0:44, dha:2:0:51, tlam:2:0:58, sld:2:1:8, kca:2:1:18, mgs:2:1:29, dest] cost: 223.0
